4.2927 	DEBUG 	Fullscreen settings ignored as running in pilot mode.
4.2941 	INFO 	Loaded monitor calibration from ['2024_06_26 12:00']
4.4167 	EXP 	Created window1 = Window(allowGUI=True, allowStencil=False, autoLog=True, backendConf=UNKNOWN, backgroundFit=<method-wrapper '__getattribute__' of attributeSetter object at 0x00000261B327BB20>, backgroundImage=<method-wrapper '__getattribute__' of attributeSetter object at 0x00000261B327BAC0>, bitsMode=UNKNOWN, blendMode='avg', bpc=(8, 8, 8), color=array([0, 0, 0]), colorSpace='rgb', depthBits=8, fullscr=<method-wrapper '__getattribute__' of attributeSetter object at 0x00000261B327B910>, gamma=None, gammaErrorPolicy='raise', infoMsg=UNKNOWN, lms=UNKNOWN, monitor=<psychopy.monitors.calibTools.Monitor object at 0x00000261B45ED070>, multiSample=False, name='window1', numSamples=2, pos=[560.0, 240.0], screen=1, size=array([800, 600]), stencilBits=0, stereo=False, title='PsychoPy', units='height', useFBO=True, useRetina=False, viewOri=0.0, viewPos=None, viewScale=None, waitBlanking=True, winType='pyglet')
4.4168 	EXP 	window1: backgroundImage = ''
4.4168 	EXP 	window1: backgroundFit = 'none'
4.4169 	EXP 	window1: mouseVisible = <method-wrapper '__getattribute__' of attributeSetter object at 0x00000261B327BC40>
4.4170 	EXP 	window1: mouseVisible = <method-wrapper '__getattribute__' of attributeSetter object at 0x00000261B327BC40>
4.4182 	EXP 	window1: mouseVisible = <method-wrapper '__getattribute__' of attributeSetter object at 0x00000261B327BC40>
4.4185 	EXP 	window1: mouseVisible = <method-wrapper '__getattribute__' of attributeSetter object at 0x00000261B327BC40>
4.4212 	DEBUG 	TextBox2 loaded 1 chars with 0 blanks and 1 valid
4.4221 	DEBUG 	TextBox2 loaded 1 chars with 0 blanks and 1 valid
4.4229 	DEBUG 	TextBox2 loaded 1 chars with 0 blanks and 1 valid
4.4237 	DEBUG 	TextBox2 loaded 1 chars with 0 blanks and 1 valid
4.4246 	DEBUG 	TextBox2 loaded 1 chars with 0 blanks and 1 valid
4.4252 	DEBUG 	TextBox2 loaded 1 chars with 0 blanks and 1 valid
4.4260 	DEBUG 	TextBox2 loaded 1 chars with 0 blanks and 1 valid
4.4269 	DEBUG 	TextBox2 loaded 1 chars with 0 blanks and 1 valid
4.4274 	DEBUG 	TextBox2 loaded 1 chars with 0 blanks and 1 valid
4.4280 	DEBUG 	TextBox2 loaded 1 chars with 0 blanks and 1 valid
4.4287 	DEBUG 	TextBox2 loaded 1 chars with 0 blanks and 1 valid
4.4295 	DEBUG 	TextBox2 loaded 1 chars with 0 blanks and 1 valid
4.4303 	DEBUG 	TextBox2 loaded 1 chars with 0 blanks and 1 valid
4.4310 	DEBUG 	TextBox2 loaded 1 chars with 0 blanks and 1 valid
4.4317 	DEBUG 	TextBox2 loaded 1 chars with 0 blanks and 1 valid
4.4325 	DEBUG 	TextBox2 loaded 1 chars with 0 blanks and 1 valid
4.4332 	DEBUG 	TextBox2 loaded 1 chars with 0 blanks and 1 valid
4.4339 	DEBUG 	TextBox2 loaded 1 chars with 0 blanks and 1 valid
4.4345 	DEBUG 	TextBox2 loaded 1 chars with 0 blanks and 1 valid
4.4354 	DEBUG 	TextBox2 loaded 1 chars with 0 blanks and 1 valid
4.4360 	DEBUG 	TextBox2 loaded 1 chars with 0 blanks and 1 valid
4.4363 	DEBUG 	Uploading Texture Font fontname to graphics card
4.4376 	DEBUG 	Upload of Texture Font fontname complete
4.4385 	EXP 	window1: mouseVisible = <method-wrapper '__getattribute__' of attributeSetter object at 0x00000261B327BC40>
4.4386 	EXP 	window1: mouseVisible = <method-wrapper '__getattribute__' of attributeSetter object at 0x00000261B327BC40>
4.4389 	EXP 	window1: mouseVisible = <method-wrapper '__getattribute__' of attributeSetter object at 0x00000261B327BC40>
4.4392 	EXP 	window1: mouseVisible = <method-wrapper '__getattribute__' of attributeSetter object at 0x00000261B327BC40>
4.4412 	DEBUG 	TextBox2 loaded 1 chars with 0 blanks and 1 valid
4.4422 	DEBUG 	TextBox2 loaded 1 chars with 0 blanks and 1 valid
4.4430 	DEBUG 	TextBox2 loaded 1 chars with 0 blanks and 1 valid
4.4432 	DEBUG 	Uploading Texture Font fontname to graphics card
4.4442 	DEBUG 	Upload of Texture Font fontname complete
4.4451 	EXP 	window1: Attempting to measure frame rate of screen (1) ...
4.4452 	EXP 	window1: recordFrameIntervals = False
4.6417 	EXP 	window1: recordFrameIntervals = True
5.1399 	EXP 	Screen (1) actual frame rate measured at 59.63Hz
5.1399 	EXP 	window1: recordFrameIntervals = False
5.1400 	EXP 	window1: mouseVisible = False
5.1403 	EXP 	window1: mouseVisible = False
5.1405 	EXP 	window1: mouseVisible = False
5.1413 	EXP 	window1: mouseVisible = False
5.1420 	EXP 	window1: mouseVisible = False
5.1470 	DEBUG 	TextBox2 loaded 1 chars with 0 blanks and 1 valid
5.1485 	DEBUG 	TextBox2 loaded 1 chars with 0 blanks and 1 valid
5.1501 	DEBUG 	TextBox2 loaded 1 chars with 0 blanks and 1 valid
5.1520 	DEBUG 	TextBox2 loaded 1 chars with 0 blanks and 1 valid
5.1537 	DEBUG 	TextBox2 loaded 1 chars with 0 blanks and 1 valid
5.1555 	DEBUG 	TextBox2 loaded 1 chars with 0 blanks and 1 valid
5.1568 	DEBUG 	TextBox2 loaded 1 chars with 0 blanks and 1 valid
5.1586 	DEBUG 	TextBox2 loaded 1 chars with 0 blanks and 1 valid
5.1604 	DEBUG 	TextBox2 loaded 1 chars with 0 blanks and 1 valid
5.1622 	DEBUG 	TextBox2 loaded 1 chars with 0 blanks and 1 valid
5.1626 	DEBUG 	Uploading Texture Font fontname to graphics card
5.1636 	DEBUG 	Upload of Texture Font fontname complete
5.1654 	EXP 	window1: mouseVisible = False
5.1656 	EXP 	window1: mouseVisible = False
5.1664 	EXP 	window1: mouseVisible = False
5.1671 	EXP 	window1: mouseVisible = False
5.1754 	WARNING 	launchHubServer: If using the iohub mouse or eyetracker devices, fullScr should be True.
6.4393 	INFO 	keyboard.Keyboard is using iohub backend.
6.4394 	INFO 	keyboard.Keyboard is using iohub backend.
6.4394 	EXP 	Gratings_vis_devJG_v0.4: status = STARTED
6.4397 	EXP 	window1: mouseVisible = False
6.4763 	EXP 	Created text_waiting_message = TextStim(__class__=<class 'psychopy.visual.text.TextStim'>, alignHoriz=method-wrapper(...), alignText='center', alignVert=method-wrapper(...), anchorHoriz='center', anchorVert='center', antialias=True, autoDraw=False, autoLog=True, bold=False, color=array([1., 1., 1.]), colorSpace='rgb', contrast=1.0, depth=0.0, draggable=False, flipHoriz=False, flipVert=False, font='Arial', fontFiles=[], height=0.05, italic=False, languageStyle='LTR', name='text_waiting_message', opacity=1.0, ori=0.0, pos=array([0., 0.]), rgb=UNKNOWN, text=str(...), units='height', win=Window(...), wrapWidth=1)
6.4783 	EXP 	window1: mouseVisible = False
6.4792 	EXP 	Created stim_grayScreen = ImageStim(__class__=<class 'psychopy.visual.image.ImageStim'>, anchor=('center', 'center'), autoLog=True, color=array([0., 0., 0.]), colorSpace='rgb', contrast=1.0, depth=-1.0, draggable=False, flipHoriz=False, flipVert=False, image=None, interpolate=True, mask=None, maskParams=None, name='stim_grayScreen', opacity=1.0, ori=0.0, pos=array([0., 0.]), size=array([1., 1.]), texRes=128.0, units='height', win=Window(...))
6.4792 	EXP 	window1: mouseVisible = False
6.4799 	EXP 	Created stim_grating = GratingStim(__class__=<class 'psychopy.visual.grating.GratingStim'>, anchor='center', autoDraw=False, autoLog=True, blendmode='avg', color=array([1., 1., 1.]), colorSpace='rgb', contrast=1.0, depth=-2.0, draggable=False, interpolate=True, mask=None, maskParams=None, name='stim_grating', opacity=1.0, ori=1.0, phase=array([1., 1.]), pos=array([0., 0.]), rgbPedestal=array([0., 0., 0.]), sf=array([4., 4.]), size=array([2., 2.]), tex='sin', texRes=256.0, units='height', win=Window(...))
6.4978 	EXP 	window1: mouseVisible = True
6.4994 	DEBUG 	Saving data for Gratings_vis_devJG_v0.4 ExperimentHandler
6.5002 	INFO 	saved data to C:\dev\sipefield-gratings\PsychoPy\PsychoPy_visual_stimulus\data/01_Gratings_vis_devJG_v0.4_2024-07-16_15h22.57.156.psydat
6.5009 	INFO 	saved data to 'C:\\dev\\sipefield-gratings\\PsychoPy\\PsychoPy_visual_stimulus\\data/01_Gratings_vis_devJG_v0.4_2024-07-16_15h22.57.156.csv'
