3.7471 	DEBUG 	Fullscreen settings ignored as running in pilot mode.
3.7481 	INFO 	Loaded monitor calibration from ['2024_07_15 15:58']
3.8511 	EXP 	Created window1 = Window(allowGUI=True, allowStencil=False, autoLog=True, backendConf=UNKNOWN, backgroundFit=<method-wrapper '__getattribute__' of attributeSetter object at 0x000001C8BF7A1A60>, backgroundImage=<method-wrapper '__getattribute__' of attributeSetter object at 0x000001C8BF7A1A00>, bitsMode=UNKNOWN, blendMode='avg', bpc=(8, 8, 8), color=array([0, 0, 0]), colorSpace='rgb', depthBits=8, fullscr=<method-wrapper '__getattribute__' of attributeSetter object at 0x000001C8BF7A1850>, gamma=None, gammaErrorPolicy='raise', infoMsg=UNKNOWN, lms=UNKNOWN, monitor=<psychopy.monitors.calibTools.Monitor object at 0x000001C8BFF57D60>, multiSample=False, name='window1', numSamples=2, pos=[1520.0, 780.0], screen=1, size=array([800, 600]), stencilBits=0, stereo=False, title='PsychoPy', units='height', useFBO=True, useRetina=False, viewOri=0.0, viewPos=None, viewScale=None, waitBlanking=True, winType='pyglet')
3.8512 	EXP 	window1: backgroundImage = ''
3.8512 	EXP 	window1: backgroundFit = 'none'
3.8513 	EXP 	window1: mouseVisible = <method-wrapper '__getattribute__' of attributeSetter object at 0x000001C8BF7A1B80>
3.8514 	EXP 	window1: mouseVisible = <method-wrapper '__getattribute__' of attributeSetter object at 0x000001C8BF7A1B80>
3.8524 	EXP 	window1: mouseVisible = <method-wrapper '__getattribute__' of attributeSetter object at 0x000001C8BF7A1B80>
3.8527 	EXP 	window1: mouseVisible = <method-wrapper '__getattribute__' of attributeSetter object at 0x000001C8BF7A1B80>
3.8554 	DEBUG 	TextBox2 loaded 1 chars with 0 blanks and 1 valid
3.8561 	DEBUG 	TextBox2 loaded 1 chars with 0 blanks and 1 valid
3.8567 	DEBUG 	TextBox2 loaded 1 chars with 0 blanks and 1 valid
3.8575 	DEBUG 	TextBox2 loaded 1 chars with 0 blanks and 1 valid
3.8582 	DEBUG 	TextBox2 loaded 1 chars with 0 blanks and 1 valid
3.8587 	DEBUG 	TextBox2 loaded 1 chars with 0 blanks and 1 valid
3.8593 	DEBUG 	TextBox2 loaded 1 chars with 0 blanks and 1 valid
3.8601 	DEBUG 	TextBox2 loaded 1 chars with 0 blanks and 1 valid
3.8605 	DEBUG 	TextBox2 loaded 1 chars with 0 blanks and 1 valid
3.8610 	DEBUG 	TextBox2 loaded 1 chars with 0 blanks and 1 valid
3.8616 	DEBUG 	TextBox2 loaded 1 chars with 0 blanks and 1 valid
3.8622 	DEBUG 	TextBox2 loaded 1 chars with 0 blanks and 1 valid
3.8628 	DEBUG 	TextBox2 loaded 1 chars with 0 blanks and 1 valid
3.8635 	DEBUG 	TextBox2 loaded 1 chars with 0 blanks and 1 valid
3.8641 	DEBUG 	TextBox2 loaded 1 chars with 0 blanks and 1 valid
3.8647 	DEBUG 	TextBox2 loaded 1 chars with 0 blanks and 1 valid
3.8653 	DEBUG 	TextBox2 loaded 1 chars with 0 blanks and 1 valid
3.8658 	DEBUG 	TextBox2 loaded 1 chars with 0 blanks and 1 valid
3.8663 	DEBUG 	TextBox2 loaded 1 chars with 0 blanks and 1 valid
3.8671 	DEBUG 	TextBox2 loaded 1 chars with 0 blanks and 1 valid
3.8676 	DEBUG 	TextBox2 loaded 1 chars with 0 blanks and 1 valid
3.8678 	DEBUG 	Uploading Texture Font fontname to graphics card
3.8710 	DEBUG 	Upload of Texture Font fontname complete
3.8719 	EXP 	window1: mouseVisible = <method-wrapper '__getattribute__' of attributeSetter object at 0x000001C8BF7A1B80>
3.8720 	EXP 	window1: mouseVisible = <method-wrapper '__getattribute__' of attributeSetter object at 0x000001C8BF7A1B80>
3.8723 	EXP 	window1: mouseVisible = <method-wrapper '__getattribute__' of attributeSetter object at 0x000001C8BF7A1B80>
3.8726 	EXP 	window1: mouseVisible = <method-wrapper '__getattribute__' of attributeSetter object at 0x000001C8BF7A1B80>
3.8747 	DEBUG 	TextBox2 loaded 1 chars with 0 blanks and 1 valid
3.8755 	DEBUG 	TextBox2 loaded 1 chars with 0 blanks and 1 valid
3.8763 	DEBUG 	TextBox2 loaded 1 chars with 0 blanks and 1 valid
3.8765 	DEBUG 	Uploading Texture Font fontname to graphics card
3.8780 	DEBUG 	Upload of Texture Font fontname complete
3.8792 	EXP 	window1: Attempting to measure frame rate of screen (1) ...
3.8793 	EXP 	window1: recordFrameIntervals = False
4.0528 	EXP 	window1: recordFrameIntervals = True
4.2339 	EXP 	Screen (1) actual frame rate measured at 60.67Hz
4.2339 	EXP 	window1: recordFrameIntervals = False
4.2340 	EXP 	window1: mouseVisible = False
4.2344 	EXP 	window1: mouseVisible = False
4.2346 	EXP 	window1: mouseVisible = False
4.2351 	EXP 	window1: mouseVisible = False
4.2356 	EXP 	window1: mouseVisible = False
4.2390 	DEBUG 	TextBox2 loaded 1 chars with 0 blanks and 1 valid
4.2397 	DEBUG 	TextBox2 loaded 1 chars with 0 blanks and 1 valid
4.2406 	DEBUG 	TextBox2 loaded 1 chars with 0 blanks and 1 valid
4.2415 	DEBUG 	TextBox2 loaded 1 chars with 0 blanks and 1 valid
4.2422 	DEBUG 	TextBox2 loaded 1 chars with 0 blanks and 1 valid
4.2430 	DEBUG 	TextBox2 loaded 1 chars with 0 blanks and 1 valid
4.2436 	DEBUG 	TextBox2 loaded 1 chars with 0 blanks and 1 valid
4.2443 	DEBUG 	TextBox2 loaded 1 chars with 0 blanks and 1 valid
4.2451 	DEBUG 	TextBox2 loaded 1 chars with 0 blanks and 1 valid
4.2459 	DEBUG 	TextBox2 loaded 1 chars with 0 blanks and 1 valid
4.2460 	DEBUG 	Uploading Texture Font fontname to graphics card
4.2464 	DEBUG 	Upload of Texture Font fontname complete
4.2472 	EXP 	window1: mouseVisible = False
4.2473 	EXP 	window1: mouseVisible = False
4.2477 	EXP 	window1: mouseVisible = False
4.2480 	EXP 	window1: mouseVisible = False
4.2575 	WARNING 	launchHubServer: If using the iohub mouse or eyetracker devices, fullScr should be True.
5.3940 	INFO 	keyboard.Keyboard is using iohub backend.
5.3940 	INFO 	keyboard.Keyboard is using iohub backend.
5.3940 	EXP 	Gratings_vis_devJG_v0.4: status = STARTED
5.3942 	EXP 	window1: mouseVisible = False
5.5750 	EXP 	Created text_waiting_message = TextStim(__class__=<class 'psychopy.visual.text.TextStim'>, alignHoriz=method-wrapper(...), alignText='center', alignVert=method-wrapper(...), anchorHoriz='center', anchorVert='center', antialias=True, autoDraw=False, autoLog=True, bold=False, color=array([1., 1., 1.]), colorSpace='rgb', contrast=1.0, depth=0.0, draggable=False, flipHoriz=False, flipVert=False, font='Arial', fontFiles=[], height=0.05, italic=False, languageStyle='LTR', name='text_waiting_message', opacity=1.0, ori=0.0, pos=array([0., 0.]), rgb=UNKNOWN, text=str(...), units='height', win=Window(...), wrapWidth=1)
5.5751 	EXP 	window1: mouseVisible = False
5.5763 	EXP 	Created stim_grayScreen = ImageStim(__class__=<class 'psychopy.visual.image.ImageStim'>, anchor=('center', 'center'), autoLog=True, color=array([0., 0., 0.]), colorSpace='rgb', contrast=1.0, depth=-1.0, draggable=False, flipHoriz=False, flipVert=False, image=None, interpolate=True, mask=None, maskParams=None, name='stim_grayScreen', opacity=1.0, ori=0.0, pos=array([0., 0.]), size=array([1., 1.]), texRes=128.0, units='height', win=Window(...))
5.5764 	EXP 	window1: mouseVisible = False
5.5771 	EXP 	Created stim_grating = GratingStim(__class__=<class 'psychopy.visual.grating.GratingStim'>, anchor='center', autoDraw=False, autoLog=True, blendmode='avg', color=array([1., 1., 1.]), colorSpace='rgb', contrast=1.0, depth=-2.0, draggable=False, interpolate=True, mask=None, maskParams=None, name='stim_grating', opacity=1.0, ori=1.0, phase=array([1., 1.]), pos=array([0., 0.]), rgbPedestal=array([0., 0., 0.]), sf=array([4., 4.]), size=array([2., 2.]), tex='sin', texRes=256.0, units='height', win=Window(...))
0.0432 	INFO 	Keyboard events cleared
0.0430 	EXP 	text_waiting_message: autoDraw = True
11.0206 	EXP 	window1: mouseVisible = True
11.0219 	DEBUG 	Saving data for Gratings_vis_devJG_v0.4 ExperimentHandler
11.0223 	INFO 	saved data to C:\dev\sipefield-gratings\PsychoPy\PsychoPy_visual_stimulus\data/01_Gratings_vis_devJG_v0.4_2024-07-15_18h43.16.974.psydat
11.0226 	INFO 	saved data to 'C:\\dev\\sipefield-gratings\\PsychoPy\\PsychoPy_visual_stimulus\\data/01_Gratings_vis_devJG_v0.4_2024-07-15_18h43.16.974.csv'
