4.6972 	DEBUG 	Fullscreen settings ignored as running in pilot mode.
4.6982 	INFO 	Loaded monitor calibration from ['2024_06_26 12:00']
4.8103 	EXP 	Created window1 = Window(allowGUI=True, allowStencil=False, autoLog=True, backendConf=UNKNOWN, backgroundFit=<method-wrapper '__getattribute__' of attributeSetter object at 0x0000013B0003B910>, backgroundImage=<method-wrapper '__getattribute__' of attributeSetter object at 0x0000013B0003B8B0>, bitsMode=UNKNOWN, blendMode='avg', bpc=(8, 8, 8), color=array([0, 0, 0]), colorSpace='rgb', depthBits=8, fullscr=<method-wrapper '__getattribute__' of attributeSetter object at 0x0000013B0003B700>, gamma=None, gammaErrorPolicy='raise', infoMsg=UNKNOWN, lms=UNKNOWN, monitor=<psychopy.monitors.calibTools.Monitor object at 0x0000013B008FAE20>, multiSample=False, name='window1', numSamples=2, pos=[560.0, 240.0], screen=1, size=array([800, 600]), stencilBits=0, stereo=False, title='PsychoPy', units='height', useFBO=True, useRetina=False, viewOri=0.0, viewPos=None, viewScale=None, waitBlanking=True, winType='pyglet')
4.8103 	EXP 	window1: backgroundImage = ''
4.8103 	EXP 	window1: backgroundFit = 'none'
4.8107 	EXP 	window1: mouseVisible = <method-wrapper '__getattribute__' of attributeSetter object at 0x0000013B0003BA30>
4.8108 	EXP 	window1: mouseVisible = <method-wrapper '__getattribute__' of attributeSetter object at 0x0000013B0003BA30>
4.8120 	EXP 	window1: mouseVisible = <method-wrapper '__getattribute__' of attributeSetter object at 0x0000013B0003BA30>
4.8124 	EXP 	window1: mouseVisible = <method-wrapper '__getattribute__' of attributeSetter object at 0x0000013B0003BA30>
4.8152 	DEBUG 	TextBox2 loaded 1 chars with 0 blanks and 1 valid
4.8161 	DEBUG 	TextBox2 loaded 1 chars with 0 blanks and 1 valid
4.8169 	DEBUG 	TextBox2 loaded 1 chars with 0 blanks and 1 valid
4.8178 	DEBUG 	TextBox2 loaded 1 chars with 0 blanks and 1 valid
4.8187 	DEBUG 	TextBox2 loaded 1 chars with 0 blanks and 1 valid
4.8194 	DEBUG 	TextBox2 loaded 1 chars with 0 blanks and 1 valid
4.8201 	DEBUG 	TextBox2 loaded 1 chars with 0 blanks and 1 valid
4.8210 	DEBUG 	TextBox2 loaded 1 chars with 0 blanks and 1 valid
4.8215 	DEBUG 	TextBox2 loaded 1 chars with 0 blanks and 1 valid
4.8221 	DEBUG 	TextBox2 loaded 1 chars with 0 blanks and 1 valid
4.8229 	DEBUG 	TextBox2 loaded 1 chars with 0 blanks and 1 valid
4.8236 	DEBUG 	TextBox2 loaded 1 chars with 0 blanks and 1 valid
4.8244 	DEBUG 	TextBox2 loaded 1 chars with 0 blanks and 1 valid
4.8251 	DEBUG 	TextBox2 loaded 1 chars with 0 blanks and 1 valid
4.8259 	DEBUG 	TextBox2 loaded 1 chars with 0 blanks and 1 valid
4.8267 	DEBUG 	TextBox2 loaded 1 chars with 0 blanks and 1 valid
4.8275 	DEBUG 	TextBox2 loaded 1 chars with 0 blanks and 1 valid
4.8282 	DEBUG 	TextBox2 loaded 1 chars with 0 blanks and 1 valid
4.8288 	DEBUG 	TextBox2 loaded 1 chars with 0 blanks and 1 valid
4.8297 	DEBUG 	TextBox2 loaded 1 chars with 0 blanks and 1 valid
4.8303 	DEBUG 	TextBox2 loaded 1 chars with 0 blanks and 1 valid
4.8306 	DEBUG 	Uploading Texture Font fontname to graphics card
4.8316 	DEBUG 	Upload of Texture Font fontname complete
4.8324 	EXP 	window1: mouseVisible = <method-wrapper '__getattribute__' of attributeSetter object at 0x0000013B0003BA30>
4.8324 	EXP 	window1: mouseVisible = <method-wrapper '__getattribute__' of attributeSetter object at 0x0000013B0003BA30>
4.8328 	EXP 	window1: mouseVisible = <method-wrapper '__getattribute__' of attributeSetter object at 0x0000013B0003BA30>
4.8330 	EXP 	window1: mouseVisible = <method-wrapper '__getattribute__' of attributeSetter object at 0x0000013B0003BA30>
4.8351 	DEBUG 	TextBox2 loaded 1 chars with 0 blanks and 1 valid
4.8360 	DEBUG 	TextBox2 loaded 1 chars with 0 blanks and 1 valid
4.8369 	DEBUG 	TextBox2 loaded 1 chars with 0 blanks and 1 valid
4.8371 	DEBUG 	Uploading Texture Font fontname to graphics card
4.8380 	DEBUG 	Upload of Texture Font fontname complete
4.8390 	EXP 	window1: Attempting to measure frame rate of screen (1) ...
4.8390 	EXP 	window1: recordFrameIntervals = False
5.0357 	EXP 	window1: recordFrameIntervals = True
5.2851 	EXP 	Screen (1) actual frame rate measured at 60.81Hz
5.2851 	EXP 	window1: recordFrameIntervals = False
5.2852 	EXP 	window1: mouseVisible = False
5.2854 	EXP 	window1: mouseVisible = False
5.2856 	EXP 	window1: mouseVisible = False
5.2862 	EXP 	window1: mouseVisible = False
5.2865 	EXP 	window1: mouseVisible = False
5.2891 	DEBUG 	TextBox2 loaded 1 chars with 0 blanks and 1 valid
5.2905 	DEBUG 	TextBox2 loaded 1 chars with 0 blanks and 1 valid
5.2918 	DEBUG 	TextBox2 loaded 1 chars with 0 blanks and 1 valid
5.2929 	DEBUG 	TextBox2 loaded 1 chars with 0 blanks and 1 valid
5.2940 	DEBUG 	TextBox2 loaded 1 chars with 0 blanks and 1 valid
5.2951 	DEBUG 	TextBox2 loaded 1 chars with 0 blanks and 1 valid
5.2961 	DEBUG 	TextBox2 loaded 1 chars with 0 blanks and 1 valid
5.2975 	DEBUG 	TextBox2 loaded 1 chars with 0 blanks and 1 valid
5.2987 	DEBUG 	TextBox2 loaded 1 chars with 0 blanks and 1 valid
5.2997 	DEBUG 	TextBox2 loaded 1 chars with 0 blanks and 1 valid
5.3000 	DEBUG 	Uploading Texture Font fontname to graphics card
5.3009 	DEBUG 	Upload of Texture Font fontname complete
5.3022 	EXP 	window1: mouseVisible = False
5.3023 	EXP 	window1: mouseVisible = False
5.3027 	EXP 	window1: mouseVisible = False
5.3029 	EXP 	window1: mouseVisible = False
5.3080 	WARNING 	launchHubServer: If using the iohub mouse or eyetracker devices, fullScr should be True.
6.5639 	INFO 	keyboard.Keyboard is using iohub backend.
6.5640 	INFO 	keyboard.Keyboard is using iohub backend.
6.5640 	EXP 	Gratings_vis_devJG_v0.4: status = STARTED
6.5642 	EXP 	window1: mouseVisible = False
6.5907 	EXP 	Created text_waiting_message = TextStim(__class__=<class 'psychopy.visual.text.TextStim'>, alignHoriz=method-wrapper(...), alignText='center', alignVert=method-wrapper(...), anchorHoriz='center', anchorVert='center', antialias=True, autoDraw=False, autoLog=True, bold=False, color=array([1., 1., 1.]), colorSpace='rgb', contrast=1.0, depth=0.0, draggable=False, flipHoriz=False, flipVert=False, font='Arial', fontFiles=[], height=0.05, italic=False, languageStyle='LTR', name='text_waiting_message', opacity=1.0, ori=0.0, pos=array([0., 0.]), rgb=UNKNOWN, text=str(...), units='height', win=Window(...), wrapWidth=1)
6.5930 	EXP 	window1: mouseVisible = False
6.5938 	EXP 	Created stim_grayScreen = ImageStim(__class__=<class 'psychopy.visual.image.ImageStim'>, anchor=('center', 'center'), autoLog=True, color=array([0., 0., 0.]), colorSpace='rgb', contrast=1.0, depth=-1.0, draggable=False, flipHoriz=False, flipVert=False, image=None, interpolate=True, mask=None, maskParams=None, name='stim_grayScreen', opacity=1.0, ori=0.0, pos=array([0., 0.]), size=array([1., 1.]), texRes=128.0, units='height', win=Window(...))
6.5939 	EXP 	window1: mouseVisible = False
6.5949 	EXP 	Created stim_grating = GratingStim(__class__=<class 'psychopy.visual.grating.GratingStim'>, anchor='center', autoDraw=False, autoLog=True, blendmode='avg', color=array([1., 1., 1.]), colorSpace='rgb', contrast=1.0, depth=-2.0, draggable=False, interpolate=True, mask=None, maskParams=None, name='stim_grating', opacity=1.0, ori=1.0, phase=array([1., 1.]), pos=array([0., 0.]), rgbPedestal=array([0., 0., 0.]), sf=array([4., 4.]), size=array([2., 2.]), tex='sin', texRes=256.0, units='height', win=Window(...))
0.0231 	EXP 	window1: mouseVisible = True
0.0258 	DEBUG 	Saving data for Gratings_vis_devJG_v0.4 ExperimentHandler
0.0267 	INFO 	saved data to C:\dev\sipefield-gratings\PsychoPy\PsychoPy_visual_stimulus\data/01_Gratings_vis_devJG_v0.4_2024-07-16_15h43.38.623.psydat
0.0277 	INFO 	saved data to 'C:\\dev\\sipefield-gratings\\PsychoPy\\PsychoPy_visual_stimulus\\data/01_Gratings_vis_devJG_v0.4_2024-07-16_15h43.38.623.csv'
