4.6811 	DEBUG 	Fullscreen settings ignored as running in pilot mode.
4.6824 	INFO 	Loaded monitor calibration from ['2024_06_26 12:00']
4.8117 	EXP 	Created window1 = Window(allowGUI=True, allowStencil=False, autoLog=True, backendConf=UNKNOWN, backgroundFit=<method-wrapper '__getattribute__' of attributeSetter object at 0x0000021FFB9CBA30>, backgroundImage=<method-wrapper '__getattribute__' of attributeSetter object at 0x0000021FFB9CB9D0>, bitsMode=UNKNOWN, blendMode='avg', bpc=(8, 8, 8), color=array([0, 0, 0]), colorSpace='rgb', depthBits=8, fullscr=<method-wrapper '__getattribute__' of attributeSetter object at 0x0000021FFB9CB820>, gamma=None, gammaErrorPolicy='raise', infoMsg=UNKNOWN, lms=UNKNOWN, monitor=<psychopy.monitors.calibTools.Monitor object at 0x0000021FFCD79F40>, multiSample=False, name='window1', numSamples=2, pos=[560.0, 240.0], screen=1, size=array([800, 600]), stencilBits=0, stereo=False, title='PsychoPy', units='height', useFBO=True, useRetina=False, viewOri=0.0, viewPos=None, viewScale=None, waitBlanking=True, winType='pyglet')
4.8117 	EXP 	window1: backgroundImage = ''
4.8117 	EXP 	window1: backgroundFit = 'none'
4.8118 	EXP 	window1: mouseVisible = <method-wrapper '__getattribute__' of attributeSetter object at 0x0000021FFB9CBB50>
4.8120 	EXP 	window1: mouseVisible = <method-wrapper '__getattribute__' of attributeSetter object at 0x0000021FFB9CBB50>
4.8132 	EXP 	window1: mouseVisible = <method-wrapper '__getattribute__' of attributeSetter object at 0x0000021FFB9CBB50>
4.8135 	EXP 	window1: mouseVisible = <method-wrapper '__getattribute__' of attributeSetter object at 0x0000021FFB9CBB50>
4.8161 	DEBUG 	TextBox2 loaded 1 chars with 0 blanks and 1 valid
4.8170 	DEBUG 	TextBox2 loaded 1 chars with 0 blanks and 1 valid
4.8178 	DEBUG 	TextBox2 loaded 1 chars with 0 blanks and 1 valid
4.8187 	DEBUG 	TextBox2 loaded 1 chars with 0 blanks and 1 valid
4.8195 	DEBUG 	TextBox2 loaded 1 chars with 0 blanks and 1 valid
4.8202 	DEBUG 	TextBox2 loaded 1 chars with 0 blanks and 1 valid
4.8209 	DEBUG 	TextBox2 loaded 1 chars with 0 blanks and 1 valid
4.8218 	DEBUG 	TextBox2 loaded 1 chars with 0 blanks and 1 valid
4.8224 	DEBUG 	TextBox2 loaded 1 chars with 0 blanks and 1 valid
4.8229 	DEBUG 	TextBox2 loaded 1 chars with 0 blanks and 1 valid
4.8237 	DEBUG 	TextBox2 loaded 1 chars with 0 blanks and 1 valid
4.8245 	DEBUG 	TextBox2 loaded 1 chars with 0 blanks and 1 valid
4.8254 	DEBUG 	TextBox2 loaded 1 chars with 0 blanks and 1 valid
4.8262 	DEBUG 	TextBox2 loaded 1 chars with 0 blanks and 1 valid
4.8269 	DEBUG 	TextBox2 loaded 1 chars with 0 blanks and 1 valid
4.8278 	DEBUG 	TextBox2 loaded 1 chars with 0 blanks and 1 valid
4.8291 	DEBUG 	TextBox2 loaded 1 chars with 0 blanks and 1 valid
4.8298 	DEBUG 	TextBox2 loaded 1 chars with 0 blanks and 1 valid
4.8304 	DEBUG 	TextBox2 loaded 1 chars with 0 blanks and 1 valid
4.8314 	DEBUG 	TextBox2 loaded 1 chars with 0 blanks and 1 valid
4.8320 	DEBUG 	TextBox2 loaded 1 chars with 0 blanks and 1 valid
4.8323 	DEBUG 	Uploading Texture Font fontname to graphics card
4.8335 	DEBUG 	Upload of Texture Font fontname complete
4.8343 	EXP 	window1: mouseVisible = <method-wrapper '__getattribute__' of attributeSetter object at 0x0000021FFB9CBB50>
4.8344 	EXP 	window1: mouseVisible = <method-wrapper '__getattribute__' of attributeSetter object at 0x0000021FFB9CBB50>
4.8347 	EXP 	window1: mouseVisible = <method-wrapper '__getattribute__' of attributeSetter object at 0x0000021FFB9CBB50>
4.8350 	EXP 	window1: mouseVisible = <method-wrapper '__getattribute__' of attributeSetter object at 0x0000021FFB9CBB50>
4.8370 	DEBUG 	TextBox2 loaded 1 chars with 0 blanks and 1 valid
4.8380 	DEBUG 	TextBox2 loaded 1 chars with 0 blanks and 1 valid
4.8388 	DEBUG 	TextBox2 loaded 1 chars with 0 blanks and 1 valid
4.8390 	DEBUG 	Uploading Texture Font fontname to graphics card
4.8398 	DEBUG 	Upload of Texture Font fontname complete
4.8408 	EXP 	window1: Attempting to measure frame rate of screen (1) ...
4.8408 	EXP 	window1: recordFrameIntervals = False
5.0307 	EXP 	window1: recordFrameIntervals = True
5.2304 	EXP 	Screen (1) actual frame rate measured at 59.61Hz
5.2305 	EXP 	window1: recordFrameIntervals = False
5.2306 	EXP 	window1: mouseVisible = False
5.2310 	EXP 	window1: mouseVisible = False
5.2311 	EXP 	window1: mouseVisible = False
5.2320 	EXP 	window1: mouseVisible = False
5.2327 	EXP 	window1: mouseVisible = False
5.2371 	DEBUG 	TextBox2 loaded 1 chars with 0 blanks and 1 valid
5.2379 	DEBUG 	TextBox2 loaded 1 chars with 0 blanks and 1 valid
5.2390 	DEBUG 	TextBox2 loaded 1 chars with 0 blanks and 1 valid
5.2402 	DEBUG 	TextBox2 loaded 1 chars with 0 blanks and 1 valid
5.2416 	DEBUG 	TextBox2 loaded 1 chars with 0 blanks and 1 valid
5.2429 	DEBUG 	TextBox2 loaded 1 chars with 0 blanks and 1 valid
5.2438 	DEBUG 	TextBox2 loaded 1 chars with 0 blanks and 1 valid
5.2453 	DEBUG 	TextBox2 loaded 1 chars with 0 blanks and 1 valid
5.2468 	DEBUG 	TextBox2 loaded 1 chars with 0 blanks and 1 valid
5.2479 	DEBUG 	TextBox2 loaded 1 chars with 0 blanks and 1 valid
5.2481 	DEBUG 	Uploading Texture Font fontname to graphics card
5.2487 	DEBUG 	Upload of Texture Font fontname complete
5.2505 	EXP 	window1: mouseVisible = False
5.2506 	EXP 	window1: mouseVisible = False
5.2509 	EXP 	window1: mouseVisible = False
5.2512 	EXP 	window1: mouseVisible = False
5.2557 	WARNING 	launchHubServer: If using the iohub mouse or eyetracker devices, fullScr should be True.
6.6139 	INFO 	keyboard.Keyboard is using iohub backend.
6.6139 	INFO 	keyboard.Keyboard is using iohub backend.
6.6139 	EXP 	Gratings_vis_devJG_v0.4: status = STARTED
6.6142 	EXP 	window1: mouseVisible = False
6.6446 	EXP 	Created text_waiting_message = TextStim(__class__=<class 'psychopy.visual.text.TextStim'>, alignHoriz=method-wrapper(...), alignText='center', alignVert=method-wrapper(...), anchorHoriz='center', anchorVert='center', antialias=True, autoDraw=False, autoLog=True, bold=False, color=array([1., 1., 1.]), colorSpace='rgb', contrast=1.0, depth=0.0, draggable=False, flipHoriz=False, flipVert=False, font='Arial', fontFiles=[], height=0.05, italic=False, languageStyle='LTR', name='text_waiting_message', opacity=1.0, ori=0.0, pos=array([0., 0.]), rgb=UNKNOWN, text=str(...), units='height', win=Window(...), wrapWidth=1)
6.6466 	EXP 	window1: mouseVisible = False
6.6475 	EXP 	Created stim_grayScreen = ImageStim(__class__=<class 'psychopy.visual.image.ImageStim'>, anchor=('center', 'center'), autoLog=True, color=array([0., 0., 0.]), colorSpace='rgb', contrast=1.0, depth=-1.0, draggable=False, flipHoriz=False, flipVert=False, image=None, interpolate=True, mask=None, maskParams=None, name='stim_grayScreen', opacity=1.0, ori=0.0, pos=array([0., 0.]), size=array([1., 1.]), texRes=128.0, units='height', win=Window(...))
6.6476 	EXP 	window1: mouseVisible = False
6.6482 	EXP 	Created stim_grating = GratingStim(__class__=<class 'psychopy.visual.grating.GratingStim'>, anchor='center', autoDraw=False, autoLog=True, blendmode='avg', color=array([1., 1., 1.]), colorSpace='rgb', contrast=1.0, depth=-2.0, draggable=False, interpolate=True, mask=None, maskParams=None, name='stim_grating', opacity=1.0, ori=1.0, phase=array([1., 1.]), pos=array([0., 0.]), rgbPedestal=array([0., 0., 0.]), sf=array([4., 4.]), size=array([2., 2.]), tex='sin', texRes=256.0, units='height', win=Window(...))
0.0349 	INFO 	Keyboard events cleared
0.0348 	EXP 	text_waiting_message: autoDraw = True
6.7318 	EXP 	window1: mouseVisible = True
6.7331 	DEBUG 	Saving data for Gratings_vis_devJG_v0.4 ExperimentHandler
6.7339 	INFO 	saved data to C:\dev\sipefield-gratings\PsychoPy\PsychoPy_visual_stimulus\data/01_Gratings_vis_devJG_v0.4_2024-07-16_15h44.13.401.psydat
6.7346 	INFO 	saved data to 'C:\\dev\\sipefield-gratings\\PsychoPy\\PsychoPy_visual_stimulus\\data/01_Gratings_vis_devJG_v0.4_2024-07-16_15h44.13.401.csv'
