4.2690 	DEBUG 	Fullscreen settings ignored as running in pilot mode.
4.2702 	INFO 	Loaded monitor calibration from ['2024_06_26 12:00']
4.3936 	EXP 	Created window1 = Window(allowGUI=True, allowStencil=False, autoLog=True, backendConf=UNKNOWN, backgroundFit=<method-wrapper '__getattribute__' of attributeSetter object at 0x0000021D67DA8A00>, backgroundImage=<method-wrapper '__getattribute__' of attributeSetter object at 0x0000021D67DA89A0>, bitsMode=UNKNOWN, blendMode='avg', bpc=(8, 8, 8), color=array([0, 0, 0]), colorSpace='rgb', depthBits=8, fullscr=<method-wrapper '__getattribute__' of attributeSetter object at 0x0000021D67DA87F0>, gamma=None, gammaErrorPolicy='raise', infoMsg=UNKNOWN, lms=UNKNOWN, monitor=<psychopy.monitors.calibTools.Monitor object at 0x0000021D69171220>, multiSample=False, name='window1', numSamples=2, pos=[560.0, 240.0], screen=1, size=array([800, 600]), stencilBits=0, stereo=False, title='PsychoPy', units='height', useFBO=True, useRetina=False, viewOri=0.0, viewPos=None, viewScale=None, waitBlanking=True, winType='pyglet')
4.3936 	EXP 	window1: backgroundImage = ''
4.3936 	EXP 	window1: backgroundFit = 'none'
4.3937 	EXP 	window1: mouseVisible = <method-wrapper '__getattribute__' of attributeSetter object at 0x0000021D67DA8B20>
4.3939 	EXP 	window1: mouseVisible = <method-wrapper '__getattribute__' of attributeSetter object at 0x0000021D67DA8B20>
4.3951 	EXP 	window1: mouseVisible = <method-wrapper '__getattribute__' of attributeSetter object at 0x0000021D67DA8B20>
4.3954 	EXP 	window1: mouseVisible = <method-wrapper '__getattribute__' of attributeSetter object at 0x0000021D67DA8B20>
4.3981 	DEBUG 	TextBox2 loaded 1 chars with 0 blanks and 1 valid
4.3989 	DEBUG 	TextBox2 loaded 1 chars with 0 blanks and 1 valid
4.3997 	DEBUG 	TextBox2 loaded 1 chars with 0 blanks and 1 valid
4.4008 	DEBUG 	TextBox2 loaded 1 chars with 0 blanks and 1 valid
4.4017 	DEBUG 	TextBox2 loaded 1 chars with 0 blanks and 1 valid
4.4024 	DEBUG 	TextBox2 loaded 1 chars with 0 blanks and 1 valid
4.4032 	DEBUG 	TextBox2 loaded 1 chars with 0 blanks and 1 valid
4.4040 	DEBUG 	TextBox2 loaded 1 chars with 0 blanks and 1 valid
4.4046 	DEBUG 	TextBox2 loaded 1 chars with 0 blanks and 1 valid
4.4051 	DEBUG 	TextBox2 loaded 1 chars with 0 blanks and 1 valid
4.4059 	DEBUG 	TextBox2 loaded 1 chars with 0 blanks and 1 valid
4.4067 	DEBUG 	TextBox2 loaded 1 chars with 0 blanks and 1 valid
4.4074 	DEBUG 	TextBox2 loaded 1 chars with 0 blanks and 1 valid
4.4082 	DEBUG 	TextBox2 loaded 1 chars with 0 blanks and 1 valid
4.4089 	DEBUG 	TextBox2 loaded 1 chars with 0 blanks and 1 valid
4.4097 	DEBUG 	TextBox2 loaded 1 chars with 0 blanks and 1 valid
4.4106 	DEBUG 	TextBox2 loaded 1 chars with 0 blanks and 1 valid
4.4112 	DEBUG 	TextBox2 loaded 1 chars with 0 blanks and 1 valid
4.4119 	DEBUG 	TextBox2 loaded 1 chars with 0 blanks and 1 valid
4.4128 	DEBUG 	TextBox2 loaded 1 chars with 0 blanks and 1 valid
4.4134 	DEBUG 	TextBox2 loaded 1 chars with 0 blanks and 1 valid
4.4137 	DEBUG 	Uploading Texture Font fontname to graphics card
4.4155 	DEBUG 	Upload of Texture Font fontname complete
4.4163 	EXP 	window1: mouseVisible = <method-wrapper '__getattribute__' of attributeSetter object at 0x0000021D67DA8B20>
4.4164 	EXP 	window1: mouseVisible = <method-wrapper '__getattribute__' of attributeSetter object at 0x0000021D67DA8B20>
4.4167 	EXP 	window1: mouseVisible = <method-wrapper '__getattribute__' of attributeSetter object at 0x0000021D67DA8B20>
4.4170 	EXP 	window1: mouseVisible = <method-wrapper '__getattribute__' of attributeSetter object at 0x0000021D67DA8B20>
4.4190 	DEBUG 	TextBox2 loaded 1 chars with 0 blanks and 1 valid
4.4199 	DEBUG 	TextBox2 loaded 1 chars with 0 blanks and 1 valid
4.4207 	DEBUG 	TextBox2 loaded 1 chars with 0 blanks and 1 valid
4.4209 	DEBUG 	Uploading Texture Font fontname to graphics card
4.4219 	DEBUG 	Upload of Texture Font fontname complete
4.4229 	EXP 	window1: Attempting to measure frame rate of screen (1) ...
4.4230 	EXP 	window1: recordFrameIntervals = False
4.6146 	EXP 	window1: recordFrameIntervals = True
4.6821 	WARNING 	t of last frame was 20.80ms (=1/48)
4.9961 	EXP 	Screen (1) actual frame rate measured at 59.53Hz
4.9962 	EXP 	window1: recordFrameIntervals = False
4.9963 	EXP 	window1: mouseVisible = False
4.9970 	EXP 	window1: mouseVisible = False
4.9973 	EXP 	window1: mouseVisible = False
4.9986 	EXP 	window1: mouseVisible = False
4.9995 	EXP 	window1: mouseVisible = False
5.0046 	DEBUG 	TextBox2 loaded 1 chars with 0 blanks and 1 valid
5.0059 	DEBUG 	TextBox2 loaded 1 chars with 0 blanks and 1 valid
5.0075 	DEBUG 	TextBox2 loaded 1 chars with 0 blanks and 1 valid
5.0093 	DEBUG 	TextBox2 loaded 1 chars with 0 blanks and 1 valid
5.0111 	DEBUG 	TextBox2 loaded 1 chars with 0 blanks and 1 valid
5.0129 	DEBUG 	TextBox2 loaded 1 chars with 0 blanks and 1 valid
5.0143 	DEBUG 	TextBox2 loaded 1 chars with 0 blanks and 1 valid
5.0159 	DEBUG 	TextBox2 loaded 1 chars with 0 blanks and 1 valid
5.0178 	DEBUG 	TextBox2 loaded 1 chars with 0 blanks and 1 valid
5.0194 	DEBUG 	TextBox2 loaded 1 chars with 0 blanks and 1 valid
5.0198 	DEBUG 	Uploading Texture Font fontname to graphics card
5.0207 	DEBUG 	Upload of Texture Font fontname complete
5.0225 	EXP 	window1: mouseVisible = False
5.0226 	EXP 	window1: mouseVisible = False
5.0234 	EXP 	window1: mouseVisible = False
5.0241 	EXP 	window1: mouseVisible = False
5.0325 	WARNING 	launchHubServer: If using the iohub mouse or eyetracker devices, fullScr should be True.
6.3195 	INFO 	keyboard.Keyboard is using iohub backend.
6.3195 	INFO 	keyboard.Keyboard is using iohub backend.
6.3195 	EXP 	Gratings_vis_devJG_v0.4: status = STARTED
6.3198 	EXP 	window1: mouseVisible = False
6.3495 	EXP 	Created text_waiting_message = TextStim(__class__=<class 'psychopy.visual.text.TextStim'>, alignHoriz=method-wrapper(...), alignText='center', alignVert=method-wrapper(...), anchorHoriz='center', anchorVert='center', antialias=True, autoDraw=False, autoLog=True, bold=False, color=array([1., 1., 1.]), colorSpace='rgb', contrast=1.0, depth=0.0, draggable=False, flipHoriz=False, flipVert=False, font='Arial', fontFiles=[], height=0.05, italic=False, languageStyle='LTR', name='text_waiting_message', opacity=1.0, ori=0.0, pos=array([0., 0.]), rgb=UNKNOWN, text=str(...), units='height', win=Window(...), wrapWidth=1)
6.3496 	EXP 	window1: mouseVisible = False
6.3504 	EXP 	Created stim_grayScreen = ImageStim(__class__=<class 'psychopy.visual.image.ImageStim'>, anchor=('center', 'center'), autoLog=True, color=array([0., 0., 0.]), colorSpace='rgb', contrast=1.0, depth=-1.0, draggable=False, flipHoriz=False, flipVert=False, image=None, interpolate=True, mask=None, maskParams=None, name='stim_grayScreen', opacity=1.0, ori=0.0, pos=array([0., 0.]), size=array([1., 1.]), texRes=128.0, units='height', win=Window(...))
6.3505 	EXP 	window1: mouseVisible = False
6.3511 	EXP 	Created stim_grating = GratingStim(__class__=<class 'psychopy.visual.grating.GratingStim'>, anchor='center', autoDraw=False, autoLog=True, blendmode='avg', color=array([1., 1., 1.]), colorSpace='rgb', contrast=1.0, depth=-2.0, draggable=False, interpolate=True, mask=None, maskParams=None, name='stim_grating', opacity=1.0, ori=1.0, phase=array([1., 1.]), pos=array([0., 0.]), rgbPedestal=array([0., 0., 0.]), sf=array([4., 4.]), size=array([2., 2.]), tex='sin', texRes=256.0, units='height', win=Window(...))
0.0282 	INFO 	Keyboard events cleared
0.0280 	EXP 	text_waiting_message: autoDraw = True
0.5496 	DATA 	Keypress: lwindows
0.6640 	DATA 	Keypress: lshift
0.7834 	EXP 	Created sequence: sequential, trialTypes=1, nReps=1, seed=None
0.7835 	EXP 	New trial (rep=0, index=0): None
0.7982 	EXP 	text_waiting_message: autoDraw = False
0.7982 	EXP 	stim_grating: ori = 0.0
0.7982 	EXP 	stim_grayScreen: autoDraw = True
0.8640 	DATA 	Keypress: left
3.7827 	EXP 	stim_grating: autoDraw = True
3.7827 	EXP 	stim_grating: tex = 'sin'
5.8156 	EXP 	stim_grayScreen: autoDraw = False
5.8156 	EXP 	stim_grating: autoDraw = False
5.8168 	EXP 	Gratings_vis_devJG_v0.4: status = STOPPED
5.8184 	INFO 	saved data to C:\dev\sipefield-gratings\PsychoPy\PsychoPy_visual_stimulus\data/01_Gratings_vis_devJG_v0.4_2024-07-17_00h06.44.485.psydat
5.8467 	EXP 	window1: mouseVisible = True
6.4321 	DEBUG 	Saving data for Gratings_vis_devJG_v0.4 ExperimentHandler
