4.3232 	DEBUG 	Fullscreen settings ignored as running in pilot mode.
4.3239 	INFO 	Loaded monitor calibration from ['2024_06_26 12:00']
4.4181 	EXP 	Created window1 = Window(allowGUI=True, allowStencil=False, autoLog=True, backendConf=UNKNOWN, backgroundFit=<method-wrapper '__getattribute__' of attributeSetter object at 0x0000023AE2617BB0>, backgroundImage=<method-wrapper '__getattribute__' of attributeSetter object at 0x0000023AE2617B50>, bitsMode=UNKNOWN, blendMode='avg', bpc=(8, 8, 8), color=array([0, 0, 0]), colorSpace='rgb', depthBits=8, fullscr=<method-wrapper '__getattribute__' of attributeSetter object at 0x0000023AE26179A0>, gamma=None, gammaErrorPolicy='raise', infoMsg=UNKNOWN, lms=UNKNOWN, monitor=<psychopy.monitors.calibTools.Monitor object at 0x0000023AE39CF130>, multiSample=False, name='window1', numSamples=2, pos=[560.0, 240.0], screen=1, size=array([800, 600]), stencilBits=0, stereo=False, title='PsychoPy', units='height', useFBO=True, useRetina=False, viewOri=0.0, viewPos=None, viewScale=None, waitBlanking=True, winType='pyglet')
4.4182 	EXP 	window1: backgroundImage = ''
4.4182 	EXP 	window1: backgroundFit = 'none'
4.4183 	EXP 	window1: mouseVisible = <method-wrapper '__getattribute__' of attributeSetter object at 0x0000023AE2617CD0>
4.4184 	EXP 	window1: mouseVisible = <method-wrapper '__getattribute__' of attributeSetter object at 0x0000023AE2617CD0>
4.4196 	EXP 	window1: mouseVisible = <method-wrapper '__getattribute__' of attributeSetter object at 0x0000023AE2617CD0>
4.4199 	EXP 	window1: mouseVisible = <method-wrapper '__getattribute__' of attributeSetter object at 0x0000023AE2617CD0>
4.4225 	DEBUG 	TextBox2 loaded 1 chars with 0 blanks and 1 valid
4.4234 	DEBUG 	TextBox2 loaded 1 chars with 0 blanks and 1 valid
4.4242 	DEBUG 	TextBox2 loaded 1 chars with 0 blanks and 1 valid
4.4251 	DEBUG 	TextBox2 loaded 1 chars with 0 blanks and 1 valid
4.4259 	DEBUG 	TextBox2 loaded 1 chars with 0 blanks and 1 valid
4.4266 	DEBUG 	TextBox2 loaded 1 chars with 0 blanks and 1 valid
4.4273 	DEBUG 	TextBox2 loaded 1 chars with 0 blanks and 1 valid
4.4282 	DEBUG 	TextBox2 loaded 1 chars with 0 blanks and 1 valid
4.4288 	DEBUG 	TextBox2 loaded 1 chars with 0 blanks and 1 valid
4.4293 	DEBUG 	TextBox2 loaded 1 chars with 0 blanks and 1 valid
4.4301 	DEBUG 	TextBox2 loaded 1 chars with 0 blanks and 1 valid
4.4310 	DEBUG 	TextBox2 loaded 1 chars with 0 blanks and 1 valid
4.4319 	DEBUG 	TextBox2 loaded 1 chars with 0 blanks and 1 valid
4.4328 	DEBUG 	TextBox2 loaded 1 chars with 0 blanks and 1 valid
4.4335 	DEBUG 	TextBox2 loaded 1 chars with 0 blanks and 1 valid
4.4343 	DEBUG 	TextBox2 loaded 1 chars with 0 blanks and 1 valid
4.4351 	DEBUG 	TextBox2 loaded 1 chars with 0 blanks and 1 valid
4.4357 	DEBUG 	TextBox2 loaded 1 chars with 0 blanks and 1 valid
4.4363 	DEBUG 	TextBox2 loaded 1 chars with 0 blanks and 1 valid
4.4372 	DEBUG 	TextBox2 loaded 1 chars with 0 blanks and 1 valid
4.4379 	DEBUG 	TextBox2 loaded 1 chars with 0 blanks and 1 valid
4.4382 	DEBUG 	Uploading Texture Font fontname to graphics card
4.4391 	DEBUG 	Upload of Texture Font fontname complete
4.4399 	EXP 	window1: mouseVisible = <method-wrapper '__getattribute__' of attributeSetter object at 0x0000023AE2617CD0>
4.4399 	EXP 	window1: mouseVisible = <method-wrapper '__getattribute__' of attributeSetter object at 0x0000023AE2617CD0>
4.4403 	EXP 	window1: mouseVisible = <method-wrapper '__getattribute__' of attributeSetter object at 0x0000023AE2617CD0>
4.4405 	EXP 	window1: mouseVisible = <method-wrapper '__getattribute__' of attributeSetter object at 0x0000023AE2617CD0>
4.4425 	DEBUG 	TextBox2 loaded 1 chars with 0 blanks and 1 valid
4.4435 	DEBUG 	TextBox2 loaded 1 chars with 0 blanks and 1 valid
4.4444 	DEBUG 	TextBox2 loaded 1 chars with 0 blanks and 1 valid
4.4445 	DEBUG 	Uploading Texture Font fontname to graphics card
4.4453 	DEBUG 	Upload of Texture Font fontname complete
4.4464 	EXP 	window1: Attempting to measure frame rate of screen (1) ...
4.4464 	EXP 	window1: recordFrameIntervals = False
4.6377 	EXP 	window1: recordFrameIntervals = True
4.7926 	WARNING 	t of last frame was 21.09ms (=1/47)
5.0391 	EXP 	Screen (1) actual frame rate measured at 60.73Hz
5.0392 	EXP 	window1: recordFrameIntervals = False
5.0393 	EXP 	window1: mouseVisible = False
5.0401 	EXP 	window1: mouseVisible = False
5.0405 	EXP 	window1: mouseVisible = False
5.0420 	EXP 	window1: mouseVisible = False
5.0431 	EXP 	window1: mouseVisible = False
5.0481 	DEBUG 	TextBox2 loaded 1 chars with 0 blanks and 1 valid
5.0494 	DEBUG 	TextBox2 loaded 1 chars with 0 blanks and 1 valid
5.0510 	DEBUG 	TextBox2 loaded 1 chars with 0 blanks and 1 valid
5.0528 	DEBUG 	TextBox2 loaded 1 chars with 0 blanks and 1 valid
5.0546 	DEBUG 	TextBox2 loaded 1 chars with 0 blanks and 1 valid
5.0563 	DEBUG 	TextBox2 loaded 1 chars with 0 blanks and 1 valid
5.0576 	DEBUG 	TextBox2 loaded 1 chars with 0 blanks and 1 valid
5.0592 	DEBUG 	TextBox2 loaded 1 chars with 0 blanks and 1 valid
5.0610 	DEBUG 	TextBox2 loaded 1 chars with 0 blanks and 1 valid
5.0627 	DEBUG 	TextBox2 loaded 1 chars with 0 blanks and 1 valid
5.0631 	DEBUG 	Uploading Texture Font fontname to graphics card
5.0640 	DEBUG 	Upload of Texture Font fontname complete
5.0656 	EXP 	window1: mouseVisible = False
5.0658 	EXP 	window1: mouseVisible = False
5.0665 	EXP 	window1: mouseVisible = False
5.0672 	EXP 	window1: mouseVisible = False
5.0753 	WARNING 	launchHubServer: If using the iohub mouse or eyetracker devices, fullScr should be True.
6.3492 	INFO 	keyboard.Keyboard is using iohub backend.
6.3493 	INFO 	keyboard.Keyboard is using iohub backend.
6.3493 	EXP 	Gratings_vis_devJG_v0.4: status = STARTED
6.3495 	EXP 	window1: mouseVisible = False
6.3806 	EXP 	Created text_waiting_message = TextStim(__class__=<class 'psychopy.visual.text.TextStim'>, alignHoriz=method-wrapper(...), alignText='center', alignVert=method-wrapper(...), anchorHoriz='center', anchorVert='center', antialias=True, autoDraw=False, autoLog=True, bold=False, color=array([1., 1., 1.]), colorSpace='rgb', contrast=1.0, depth=0.0, draggable=False, flipHoriz=False, flipVert=False, font='Arial', fontFiles=[], height=0.05, italic=False, languageStyle='LTR', name='text_waiting_message', opacity=1.0, ori=0.0, pos=array([0., 0.]), rgb=UNKNOWN, text=str(...), units='height', win=Window(...), wrapWidth=1)
6.3939 	EXP 	window1: mouseVisible = True
6.3953 	DEBUG 	Saving data for Gratings_vis_devJG_v0.4 ExperimentHandler
6.3960 	INFO 	saved data to C:\dev\sipefield-gratings\PsychoPy\PsychoPy_visual_stimulus\data/01_Gratings_vis_devJG_v0.4_2024-07-16_15h14.05.931.psydat
6.3968 	INFO 	saved data to 'C:\\dev\\sipefield-gratings\\PsychoPy\\PsychoPy_visual_stimulus\\data/01_Gratings_vis_devJG_v0.4_2024-07-16_15h14.05.931.csv'
