4.2925 	DEBUG 	Fullscreen settings ignored as running in pilot mode.
4.2936 	INFO 	Loaded monitor calibration from ['2024_06_26 12:00']
4.4596 	EXP 	Created window1 = Window(allowGUI=True, allowStencil=False, autoLog=True, backendConf=UNKNOWN, backgroundFit=<method-wrapper '__getattribute__' of attributeSetter object at 0x00000277BCC5A9A0>, backgroundImage=<method-wrapper '__getattribute__' of attributeSetter object at 0x00000277BCC5A940>, bitsMode=UNKNOWN, blendMode='avg', bpc=(8, 8, 8), color=array([0, 0, 0]), colorSpace='rgb', depthBits=8, fullscr=<method-wrapper '__getattribute__' of attributeSetter object at 0x00000277BCC5A790>, gamma=None, gammaErrorPolicy='raise', infoMsg=UNKNOWN, lms=UNKNOWN, monitor=<psychopy.monitors.calibTools.Monitor object at 0x00000277BDFE2190>, multiSample=False, name='window1', numSamples=2, pos=[560.0, 240.0], screen=1, size=array([800, 600]), stencilBits=0, stereo=False, title='PsychoPy', units='height', useFBO=True, useRetina=False, viewOri=0.0, viewPos=None, viewScale=None, waitBlanking=True, winType='pyglet')
4.4596 	EXP 	window1: backgroundImage = ''
4.4596 	EXP 	window1: backgroundFit = 'none'
4.4597 	EXP 	window1: mouseVisible = <method-wrapper '__getattribute__' of attributeSetter object at 0x00000277BCC5AAC0>
4.4599 	EXP 	window1: mouseVisible = <method-wrapper '__getattribute__' of attributeSetter object at 0x00000277BCC5AAC0>
4.4611 	EXP 	window1: mouseVisible = <method-wrapper '__getattribute__' of attributeSetter object at 0x00000277BCC5AAC0>
4.4614 	EXP 	window1: mouseVisible = <method-wrapper '__getattribute__' of attributeSetter object at 0x00000277BCC5AAC0>
4.4641 	DEBUG 	TextBox2 loaded 1 chars with 0 blanks and 1 valid
4.4649 	DEBUG 	TextBox2 loaded 1 chars with 0 blanks and 1 valid
4.4658 	DEBUG 	TextBox2 loaded 1 chars with 0 blanks and 1 valid
4.4667 	DEBUG 	TextBox2 loaded 1 chars with 0 blanks and 1 valid
4.4677 	DEBUG 	TextBox2 loaded 1 chars with 0 blanks and 1 valid
4.4684 	DEBUG 	TextBox2 loaded 1 chars with 0 blanks and 1 valid
4.4692 	DEBUG 	TextBox2 loaded 1 chars with 0 blanks and 1 valid
4.4701 	DEBUG 	TextBox2 loaded 1 chars with 0 blanks and 1 valid
4.4707 	DEBUG 	TextBox2 loaded 1 chars with 0 blanks and 1 valid
4.4712 	DEBUG 	TextBox2 loaded 1 chars with 0 blanks and 1 valid
4.4720 	DEBUG 	TextBox2 loaded 1 chars with 0 blanks and 1 valid
4.4728 	DEBUG 	TextBox2 loaded 1 chars with 0 blanks and 1 valid
4.4735 	DEBUG 	TextBox2 loaded 1 chars with 0 blanks and 1 valid
4.4743 	DEBUG 	TextBox2 loaded 1 chars with 0 blanks and 1 valid
4.4750 	DEBUG 	TextBox2 loaded 1 chars with 0 blanks and 1 valid
4.4759 	DEBUG 	TextBox2 loaded 1 chars with 0 blanks and 1 valid
4.4767 	DEBUG 	TextBox2 loaded 1 chars with 0 blanks and 1 valid
4.4773 	DEBUG 	TextBox2 loaded 1 chars with 0 blanks and 1 valid
4.4780 	DEBUG 	TextBox2 loaded 1 chars with 0 blanks and 1 valid
4.4789 	DEBUG 	TextBox2 loaded 1 chars with 0 blanks and 1 valid
4.4795 	DEBUG 	TextBox2 loaded 1 chars with 0 blanks and 1 valid
4.4798 	DEBUG 	Uploading Texture Font fontname to graphics card
4.4820 	DEBUG 	Upload of Texture Font fontname complete
4.4829 	EXP 	window1: mouseVisible = <method-wrapper '__getattribute__' of attributeSetter object at 0x00000277BCC5AAC0>
4.4829 	EXP 	window1: mouseVisible = <method-wrapper '__getattribute__' of attributeSetter object at 0x00000277BCC5AAC0>
4.4833 	EXP 	window1: mouseVisible = <method-wrapper '__getattribute__' of attributeSetter object at 0x00000277BCC5AAC0>
4.4835 	EXP 	window1: mouseVisible = <method-wrapper '__getattribute__' of attributeSetter object at 0x00000277BCC5AAC0>
4.4856 	DEBUG 	TextBox2 loaded 1 chars with 0 blanks and 1 valid
4.4866 	DEBUG 	TextBox2 loaded 1 chars with 0 blanks and 1 valid
4.4875 	DEBUG 	TextBox2 loaded 1 chars with 0 blanks and 1 valid
4.4877 	DEBUG 	Uploading Texture Font fontname to graphics card
4.4885 	DEBUG 	Upload of Texture Font fontname complete
4.4896 	EXP 	window1: Attempting to measure frame rate of screen (1) ...
4.4896 	EXP 	window1: recordFrameIntervals = False
4.6863 	EXP 	window1: recordFrameIntervals = True
5.0366 	EXP 	Screen (1) actual frame rate measured at 60.02Hz
5.0367 	EXP 	window1: recordFrameIntervals = False
5.0368 	EXP 	window1: mouseVisible = False
5.0379 	EXP 	window1: mouseVisible = False
5.0384 	EXP 	window1: mouseVisible = False
5.0410 	EXP 	window1: mouseVisible = False
5.0426 	EXP 	window1: mouseVisible = False
5.0491 	DEBUG 	TextBox2 loaded 1 chars with 0 blanks and 1 valid
5.0507 	DEBUG 	TextBox2 loaded 1 chars with 0 blanks and 1 valid
5.0523 	DEBUG 	TextBox2 loaded 1 chars with 0 blanks and 1 valid
5.0540 	DEBUG 	TextBox2 loaded 1 chars with 0 blanks and 1 valid
5.0556 	DEBUG 	TextBox2 loaded 1 chars with 0 blanks and 1 valid
5.0572 	DEBUG 	TextBox2 loaded 1 chars with 0 blanks and 1 valid
5.0584 	DEBUG 	TextBox2 loaded 1 chars with 0 blanks and 1 valid
5.0599 	DEBUG 	TextBox2 loaded 1 chars with 0 blanks and 1 valid
5.0617 	DEBUG 	TextBox2 loaded 1 chars with 0 blanks and 1 valid
5.0634 	DEBUG 	TextBox2 loaded 1 chars with 0 blanks and 1 valid
5.0637 	DEBUG 	Uploading Texture Font fontname to graphics card
5.0646 	DEBUG 	Upload of Texture Font fontname complete
5.0663 	EXP 	window1: mouseVisible = False
5.0664 	EXP 	window1: mouseVisible = False
5.0672 	EXP 	window1: mouseVisible = False
5.0678 	EXP 	window1: mouseVisible = False
5.0757 	WARNING 	launchHubServer: If using the iohub mouse or eyetracker devices, fullScr should be True.
6.4441 	INFO 	keyboard.Keyboard is using iohub backend.
6.4441 	INFO 	keyboard.Keyboard is using iohub backend.
6.4441 	EXP 	Gratings_vis_devJG_v0.4: status = STARTED
6.4444 	EXP 	window1: mouseVisible = False
6.4795 	EXP 	Created text_waiting_message = TextStim(__class__=<class 'psychopy.visual.text.TextStim'>, alignHoriz=method-wrapper(...), alignText='center', alignVert=method-wrapper(...), anchorHoriz='center', anchorVert='center', antialias=True, autoDraw=False, autoLog=True, bold=False, color=array([1., 1., 1.]), colorSpace='rgb', contrast=1.0, depth=0.0, draggable=False, flipHoriz=False, flipVert=False, font='Arial', fontFiles=[], height=0.05, italic=False, languageStyle='LTR', name='text_waiting_message', opacity=1.0, ori=0.0, pos=array([0., 0.]), rgb=UNKNOWN, text=str(...), units='height', win=Window(...), wrapWidth=1)
6.4796 	EXP 	window1: mouseVisible = False
6.4804 	EXP 	Created stim_grayScreen = ImageStim(__class__=<class 'psychopy.visual.image.ImageStim'>, anchor=('center', 'center'), autoLog=True, color=array([0., 0., 0.]), colorSpace='rgb', contrast=1.0, depth=-1.0, draggable=False, flipHoriz=False, flipVert=False, image=None, interpolate=True, mask=None, maskParams=None, name='stim_grayScreen', opacity=1.0, ori=0.0, pos=array([0., 0.]), size=array([1., 1.]), texRes=128.0, units='height', win=Window(...))
6.4805 	EXP 	window1: mouseVisible = False
6.4811 	EXP 	Created stim_grating = GratingStim(__class__=<class 'psychopy.visual.grating.GratingStim'>, anchor='center', autoDraw=False, autoLog=True, blendmode='avg', color=array([1., 1., 1.]), colorSpace='rgb', contrast=1.0, depth=-2.0, draggable=False, interpolate=True, mask=None, maskParams=None, name='stim_grating', opacity=1.0, ori=1.0, phase=array([1., 1.]), pos=array([0., 0.]), rgbPedestal=array([0., 0., 0.]), sf=array([4., 4.]), size=array([2., 2.]), tex='sin', texRes=256.0, units='height', win=Window(...))
0.0229 	INFO 	Keyboard events cleared
0.0227 	EXP 	text_waiting_message: autoDraw = True
18.2792 	DATA 	Keypress: lwindows
18.3414 	DATA 	Keypress: lshift
18.4927 	EXP 	Created sequence: sequential, trialTypes=1, nReps=3, seed=None
18.4929 	EXP 	New trial (rep=0, index=0): None
18.5065 	EXP 	text_waiting_message: autoDraw = False
18.5065 	EXP 	stim_grating: ori = 0.0
18.5065 	EXP 	stim_grayScreen: autoDraw = True
18.5781 	DATA 	Keypress: left
21.5245 	EXP 	stim_grating: autoDraw = True
21.5245 	EXP 	stim_grating: tex = 'sin'
23.4934 	EXP 	New trial (rep=1, index=0): None
23.5081 	EXP 	stim_grayScreen: autoDraw = False
23.5081 	EXP 	stim_grating: autoDraw = False
23.5081 	EXP 	stim_grating: ori = 45.0
23.5081 	EXP 	stim_grayScreen: autoDraw = True
26.4952 	EXP 	stim_grating: autoDraw = True
28.4991 	EXP 	New trial (rep=2, index=0): None
28.5125 	EXP 	stim_grayScreen: autoDraw = False
28.5125 	EXP 	stim_grating: autoDraw = False
28.5125 	EXP 	stim_grating: ori = 90.0
28.5125 	EXP 	stim_grayScreen: autoDraw = True
31.4994 	EXP 	stim_grating: autoDraw = True
33.5554 	INFO 	saved data to C:\dev\sipefield-gratings\PsychoPy\PsychoPy_visual_stimulus\data/01_Gratings_vis_devJG_v0.4_2024-07-16_16h29.08.481trials.csv
33.5677 	EXP 	stim_grayScreen: autoDraw = False
33.5677 	EXP 	stim_grating: autoDraw = False
33.5689 	EXP 	Gratings_vis_devJG_v0.4: status = STOPPED
33.5969 	INFO 	saved data to 'C:\\dev\\sipefield-gratings\\PsychoPy\\PsychoPy_visual_stimulus\\data/01_Gratings_vis_devJG_v0.4_2024-07-16_16h29.08.481.csv'
33.5976 	INFO 	saved data to C:\dev\sipefield-gratings\PsychoPy\PsychoPy_visual_stimulus\data/01_Gratings_vis_devJG_v0.4_2024-07-16_16h29.08.481.psydat
33.6268 	EXP 	window1: mouseVisible = True
33.8571 	DEBUG 	Saving data for Gratings_vis_devJG_v0.4 ExperimentHandler
