4.3370 	DEBUG 	Fullscreen settings ignored as running in pilot mode.
4.3381 	INFO 	Loaded monitor calibration from ['2024_06_26 12:00']
4.4683 	EXP 	Created window1 = Window(allowGUI=True, allowStencil=False, autoLog=True, backendConf=UNKNOWN, backgroundFit=<method-wrapper '__getattribute__' of attributeSetter object at 0x0000025F8EDF8A90>, backgroundImage=<method-wrapper '__getattribute__' of attributeSetter object at 0x0000025F8EDF8A30>, bitsMode=UNKNOWN, blendMode='avg', bpc=(8, 8, 8), color=array([0, 0, 0]), colorSpace='rgb', depthBits=8, fullscr=<method-wrapper '__getattribute__' of attributeSetter object at 0x0000025F8EDF8880>, gamma=None, gammaErrorPolicy='raise', infoMsg=UNKNOWN, lms=UNKNOWN, monitor=<psychopy.monitors.calibTools.Monitor object at 0x0000025F901812B0>, multiSample=False, name='window1', numSamples=2, pos=[560.0, 240.0], screen=1, size=array([800, 600]), stencilBits=0, stereo=False, title='PsychoPy', units='height', useFBO=True, useRetina=False, viewOri=0.0, viewPos=None, viewScale=None, waitBlanking=True, winType='pyglet')
4.4683 	EXP 	window1: backgroundImage = ''
4.4683 	EXP 	window1: backgroundFit = 'none'
4.4685 	EXP 	window1: mouseVisible = <method-wrapper '__getattribute__' of attributeSetter object at 0x0000025F8EDF8BB0>
4.4686 	EXP 	window1: mouseVisible = <method-wrapper '__getattribute__' of attributeSetter object at 0x0000025F8EDF8BB0>
4.4697 	EXP 	window1: mouseVisible = <method-wrapper '__getattribute__' of attributeSetter object at 0x0000025F8EDF8BB0>
4.4700 	EXP 	window1: mouseVisible = <method-wrapper '__getattribute__' of attributeSetter object at 0x0000025F8EDF8BB0>
4.4726 	DEBUG 	TextBox2 loaded 1 chars with 0 blanks and 1 valid
4.4734 	DEBUG 	TextBox2 loaded 1 chars with 0 blanks and 1 valid
4.4743 	DEBUG 	TextBox2 loaded 1 chars with 0 blanks and 1 valid
4.4753 	DEBUG 	TextBox2 loaded 1 chars with 0 blanks and 1 valid
4.4762 	DEBUG 	TextBox2 loaded 1 chars with 0 blanks and 1 valid
4.4768 	DEBUG 	TextBox2 loaded 1 chars with 0 blanks and 1 valid
4.4776 	DEBUG 	TextBox2 loaded 1 chars with 0 blanks and 1 valid
4.4785 	DEBUG 	TextBox2 loaded 1 chars with 0 blanks and 1 valid
4.4790 	DEBUG 	TextBox2 loaded 1 chars with 0 blanks and 1 valid
4.4796 	DEBUG 	TextBox2 loaded 1 chars with 0 blanks and 1 valid
4.4804 	DEBUG 	TextBox2 loaded 1 chars with 0 blanks and 1 valid
4.4812 	DEBUG 	TextBox2 loaded 1 chars with 0 blanks and 1 valid
4.4820 	DEBUG 	TextBox2 loaded 1 chars with 0 blanks and 1 valid
4.4828 	DEBUG 	TextBox2 loaded 1 chars with 0 blanks and 1 valid
4.4835 	DEBUG 	TextBox2 loaded 1 chars with 0 blanks and 1 valid
4.4843 	DEBUG 	TextBox2 loaded 1 chars with 0 blanks and 1 valid
4.4851 	DEBUG 	TextBox2 loaded 1 chars with 0 blanks and 1 valid
4.4857 	DEBUG 	TextBox2 loaded 1 chars with 0 blanks and 1 valid
4.4863 	DEBUG 	TextBox2 loaded 1 chars with 0 blanks and 1 valid
4.4872 	DEBUG 	TextBox2 loaded 1 chars with 0 blanks and 1 valid
4.4878 	DEBUG 	TextBox2 loaded 1 chars with 0 blanks and 1 valid
4.4881 	DEBUG 	Uploading Texture Font fontname to graphics card
4.4901 	DEBUG 	Upload of Texture Font fontname complete
4.4910 	EXP 	window1: mouseVisible = <method-wrapper '__getattribute__' of attributeSetter object at 0x0000025F8EDF8BB0>
4.4911 	EXP 	window1: mouseVisible = <method-wrapper '__getattribute__' of attributeSetter object at 0x0000025F8EDF8BB0>
4.4914 	EXP 	window1: mouseVisible = <method-wrapper '__getattribute__' of attributeSetter object at 0x0000025F8EDF8BB0>
4.4917 	EXP 	window1: mouseVisible = <method-wrapper '__getattribute__' of attributeSetter object at 0x0000025F8EDF8BB0>
4.4937 	DEBUG 	TextBox2 loaded 1 chars with 0 blanks and 1 valid
4.4946 	DEBUG 	TextBox2 loaded 1 chars with 0 blanks and 1 valid
4.4955 	DEBUG 	TextBox2 loaded 1 chars with 0 blanks and 1 valid
4.4957 	DEBUG 	Uploading Texture Font fontname to graphics card
4.4967 	DEBUG 	Upload of Texture Font fontname complete
4.4977 	EXP 	window1: Attempting to measure frame rate of screen (1) ...
4.4977 	EXP 	window1: recordFrameIntervals = False
4.7251 	EXP 	window1: recordFrameIntervals = True
4.9927 	EXP 	Screen (1) actual frame rate measured at 60.68Hz
4.9927 	EXP 	window1: recordFrameIntervals = False
4.9928 	EXP 	window1: mouseVisible = False
4.9934 	EXP 	window1: mouseVisible = False
4.9937 	EXP 	window1: mouseVisible = False
4.9955 	EXP 	window1: mouseVisible = False
4.9972 	EXP 	window1: mouseVisible = False
5.0029 	DEBUG 	TextBox2 loaded 1 chars with 0 blanks and 1 valid
5.0043 	DEBUG 	TextBox2 loaded 1 chars with 0 blanks and 1 valid
5.0059 	DEBUG 	TextBox2 loaded 1 chars with 0 blanks and 1 valid
5.0078 	DEBUG 	TextBox2 loaded 1 chars with 0 blanks and 1 valid
5.0096 	DEBUG 	TextBox2 loaded 1 chars with 0 blanks and 1 valid
5.0114 	DEBUG 	TextBox2 loaded 1 chars with 0 blanks and 1 valid
5.0127 	DEBUG 	TextBox2 loaded 1 chars with 0 blanks and 1 valid
5.0144 	DEBUG 	TextBox2 loaded 1 chars with 0 blanks and 1 valid
5.0162 	DEBUG 	TextBox2 loaded 1 chars with 0 blanks and 1 valid
5.0179 	DEBUG 	TextBox2 loaded 1 chars with 0 blanks and 1 valid
5.0183 	DEBUG 	Uploading Texture Font fontname to graphics card
5.0191 	DEBUG 	Upload of Texture Font fontname complete
5.0209 	EXP 	window1: mouseVisible = False
5.0210 	EXP 	window1: mouseVisible = False
5.0218 	EXP 	window1: mouseVisible = False
5.0225 	EXP 	window1: mouseVisible = False
5.0311 	WARNING 	launchHubServer: If using the iohub mouse or eyetracker devices, fullScr should be True.
6.3122 	INFO 	keyboard.Keyboard is using iohub backend.
6.3123 	INFO 	keyboard.Keyboard is using iohub backend.
6.3123 	EXP 	Gratings_vis_devJG_v0.4: status = STARTED
6.3124 	EXP 	window1: mouseVisible = False
6.3368 	EXP 	Created text_waiting_message = TextStim(__class__=<class 'psychopy.visual.text.TextStim'>, alignHoriz=method-wrapper(...), alignText='center', alignVert=method-wrapper(...), anchorHoriz='center', anchorVert='center', antialias=True, autoDraw=False, autoLog=True, bold=False, color=array([1., 1., 1.]), colorSpace='rgb', contrast=1.0, depth=0.0, draggable=False, flipHoriz=False, flipVert=False, font='Arial', fontFiles=[], height=0.05, italic=False, languageStyle='LTR', name='text_waiting_message', opacity=1.0, ori=0.0, pos=array([0., 0.]), rgb=UNKNOWN, text=str(...), units='height', win=Window(...), wrapWidth=1)
6.3369 	EXP 	window1: mouseVisible = False
6.3377 	EXP 	Created stim_grayScreen = ImageStim(__class__=<class 'psychopy.visual.image.ImageStim'>, anchor=('center', 'center'), autoLog=True, color=array([0., 0., 0.]), colorSpace='rgb', contrast=1.0, depth=-1.0, draggable=False, flipHoriz=False, flipVert=False, image=None, interpolate=True, mask=None, maskParams=None, name='stim_grayScreen', opacity=1.0, ori=0.0, pos=array([0., 0.]), size=array([1., 1.]), texRes=128.0, units='height', win=Window(...))
6.3377 	EXP 	window1: mouseVisible = False
6.3384 	EXP 	Created stim_grating = GratingStim(__class__=<class 'psychopy.visual.grating.GratingStim'>, anchor='center', autoDraw=False, autoLog=True, blendmode='avg', color=array([1., 1., 1.]), colorSpace='rgb', contrast=1.0, depth=-2.0, draggable=False, interpolate=True, mask=None, maskParams=None, name='stim_grating', opacity=1.0, ori=1.0, phase=array([1., 1.]), pos=array([0., 0.]), rgbPedestal=array([0., 0., 0.]), sf=array([4., 4.]), size=array([2., 2.]), tex='sin', texRes=256.0, units='height', win=Window(...))
0.0234 	INFO 	Keyboard events cleared
0.0233 	EXP 	text_waiting_message: autoDraw = True
0.0983 	DATA 	Keypress: lwindows
0.1749 	DATA 	Keypress: lshift
0.2763 	EXP 	Created sequence: sequential, trialTypes=1, nReps=3, seed=None
0.2765 	EXP 	New trial (rep=0, index=0): None
0.2924 	EXP 	text_waiting_message: autoDraw = False
0.2924 	EXP 	stim_grating: ori = 0.0
0.2924 	EXP 	stim_grayScreen: autoDraw = True
0.3400 	DATA 	Keypress: left
3.2756 	EXP 	stim_grating: autoDraw = True
3.2756 	EXP 	stim_grating: tex = 'sin'
5.2797 	EXP 	New trial (rep=1, index=0): None
5.2931 	EXP 	stim_grayScreen: autoDraw = False
5.2931 	EXP 	stim_grating: autoDraw = False
5.2931 	EXP 	stim_grating: ori = 45.0
5.2931 	EXP 	stim_grayScreen: autoDraw = True
8.2799 	EXP 	stim_grating: autoDraw = True
10.2841 	EXP 	New trial (rep=2, index=0): None
10.2971 	EXP 	stim_grayScreen: autoDraw = False
10.2971 	EXP 	stim_grating: autoDraw = False
10.2971 	EXP 	stim_grating: ori = 90.0
10.2971 	EXP 	stim_grayScreen: autoDraw = True
13.2839 	EXP 	stim_grating: autoDraw = True
15.2984 	INFO 	saved data to C:\dev\sipefield-gratings\PsychoPy\PsychoPy_visual_stimulus\data/01_Gratings_vis_devJG_v0.4_2024-07-16_23h06.14.047trials.csv
15.3133 	EXP 	window1: mouseVisible = True
15.3149 	DEBUG 	Saving data for Gratings_vis_devJG_v0.4 ExperimentHandler
15.3162 	INFO 	saved data to C:\dev\sipefield-gratings\PsychoPy\PsychoPy_visual_stimulus\data/01_Gratings_vis_devJG_v0.4_2024-07-16_23h06.14.047.psydat
15.3296 	INFO 	saved data to 'C:\\dev\\sipefield-gratings\\PsychoPy\\PsychoPy_visual_stimulus\\data/01_Gratings_vis_devJG_v0.4_2024-07-16_23h06.14.047.csv'
