4.4022 	DEBUG 	Fullscreen settings ignored as running in pilot mode.
4.4038 	INFO 	Loaded monitor calibration from ['2024_06_26 12:00']
4.5363 	EXP 	Created window1 = Window(allowGUI=True, allowStencil=False, autoLog=True, backendConf=UNKNOWN, backgroundFit=<method-wrapper '__getattribute__' of attributeSetter object at 0x000001E88ADBBA60>, backgroundImage=<method-wrapper '__getattribute__' of attributeSetter object at 0x000001E88ADBBA00>, bitsMode=UNKNOWN, blendMode='avg', bpc=(8, 8, 8), color=array([0, 0, 0]), colorSpace='rgb', depthBits=8, fullscr=<method-wrapper '__getattribute__' of attributeSetter object at 0x000001E88ADBB850>, gamma=None, gammaErrorPolicy='raise', infoMsg=UNKNOWN, lms=UNKNOWN, monitor=<psychopy.monitors.calibTools.Monitor object at 0x000001E88C16BFA0>, multiSample=False, name='window1', numSamples=2, pos=[560.0, 240.0], screen=1, size=array([800, 600]), stencilBits=0, stereo=False, title='PsychoPy', units='height', useFBO=True, useRetina=False, viewOri=0.0, viewPos=None, viewScale=None, waitBlanking=True, winType='pyglet')
4.5363 	EXP 	window1: backgroundImage = ''
4.5363 	EXP 	window1: backgroundFit = 'none'
4.5364 	EXP 	window1: mouseVisible = <method-wrapper '__getattribute__' of attributeSetter object at 0x000001E88ADBBB80>
4.5365 	EXP 	window1: mouseVisible = <method-wrapper '__getattribute__' of attributeSetter object at 0x000001E88ADBBB80>
4.5377 	EXP 	window1: mouseVisible = <method-wrapper '__getattribute__' of attributeSetter object at 0x000001E88ADBBB80>
4.5380 	EXP 	window1: mouseVisible = <method-wrapper '__getattribute__' of attributeSetter object at 0x000001E88ADBBB80>
4.5409 	DEBUG 	TextBox2 loaded 1 chars with 0 blanks and 1 valid
4.5417 	DEBUG 	TextBox2 loaded 1 chars with 0 blanks and 1 valid
4.5425 	DEBUG 	TextBox2 loaded 1 chars with 0 blanks and 1 valid
4.5434 	DEBUG 	TextBox2 loaded 1 chars with 0 blanks and 1 valid
4.5442 	DEBUG 	TextBox2 loaded 1 chars with 0 blanks and 1 valid
4.5449 	DEBUG 	TextBox2 loaded 1 chars with 0 blanks and 1 valid
4.5456 	DEBUG 	TextBox2 loaded 1 chars with 0 blanks and 1 valid
4.5465 	DEBUG 	TextBox2 loaded 1 chars with 0 blanks and 1 valid
4.5471 	DEBUG 	TextBox2 loaded 1 chars with 0 blanks and 1 valid
4.5476 	DEBUG 	TextBox2 loaded 1 chars with 0 blanks and 1 valid
4.5484 	DEBUG 	TextBox2 loaded 1 chars with 0 blanks and 1 valid
4.5492 	DEBUG 	TextBox2 loaded 1 chars with 0 blanks and 1 valid
4.5499 	DEBUG 	TextBox2 loaded 1 chars with 0 blanks and 1 valid
4.5507 	DEBUG 	TextBox2 loaded 1 chars with 0 blanks and 1 valid
4.5514 	DEBUG 	TextBox2 loaded 1 chars with 0 blanks and 1 valid
4.5521 	DEBUG 	TextBox2 loaded 1 chars with 0 blanks and 1 valid
4.5529 	DEBUG 	TextBox2 loaded 1 chars with 0 blanks and 1 valid
4.5536 	DEBUG 	TextBox2 loaded 1 chars with 0 blanks and 1 valid
4.5543 	DEBUG 	TextBox2 loaded 1 chars with 0 blanks and 1 valid
4.5553 	DEBUG 	TextBox2 loaded 1 chars with 0 blanks and 1 valid
4.5560 	DEBUG 	TextBox2 loaded 1 chars with 0 blanks and 1 valid
4.5563 	DEBUG 	Uploading Texture Font fontname to graphics card
4.5573 	DEBUG 	Upload of Texture Font fontname complete
4.5581 	EXP 	window1: mouseVisible = <method-wrapper '__getattribute__' of attributeSetter object at 0x000001E88ADBBB80>
4.5582 	EXP 	window1: mouseVisible = <method-wrapper '__getattribute__' of attributeSetter object at 0x000001E88ADBBB80>
4.5585 	EXP 	window1: mouseVisible = <method-wrapper '__getattribute__' of attributeSetter object at 0x000001E88ADBBB80>
4.5588 	EXP 	window1: mouseVisible = <method-wrapper '__getattribute__' of attributeSetter object at 0x000001E88ADBBB80>
4.5608 	DEBUG 	TextBox2 loaded 1 chars with 0 blanks and 1 valid
4.5618 	DEBUG 	TextBox2 loaded 1 chars with 0 blanks and 1 valid
4.5626 	DEBUG 	TextBox2 loaded 1 chars with 0 blanks and 1 valid
4.5628 	DEBUG 	Uploading Texture Font fontname to graphics card
4.5637 	DEBUG 	Upload of Texture Font fontname complete
4.5647 	EXP 	window1: Attempting to measure frame rate of screen (1) ...
4.5647 	EXP 	window1: recordFrameIntervals = False
4.7556 	EXP 	window1: recordFrameIntervals = True
4.9408 	EXP 	Screen (1) actual frame rate measured at 59.38Hz
4.9409 	EXP 	window1: recordFrameIntervals = False
4.9409 	EXP 	window1: mouseVisible = False
4.9412 	EXP 	window1: mouseVisible = False
4.9413 	EXP 	window1: mouseVisible = False
4.9417 	EXP 	window1: mouseVisible = False
4.9420 	EXP 	window1: mouseVisible = False
4.9447 	DEBUG 	TextBox2 loaded 1 chars with 0 blanks and 1 valid
4.9458 	DEBUG 	TextBox2 loaded 1 chars with 0 blanks and 1 valid
4.9470 	DEBUG 	TextBox2 loaded 1 chars with 0 blanks and 1 valid
4.9487 	DEBUG 	TextBox2 loaded 1 chars with 0 blanks and 1 valid
4.9503 	DEBUG 	TextBox2 loaded 1 chars with 0 blanks and 1 valid
4.9516 	DEBUG 	TextBox2 loaded 1 chars with 0 blanks and 1 valid
4.9527 	DEBUG 	TextBox2 loaded 1 chars with 0 blanks and 1 valid
4.9542 	DEBUG 	TextBox2 loaded 1 chars with 0 blanks and 1 valid
4.9559 	DEBUG 	TextBox2 loaded 1 chars with 0 blanks and 1 valid
4.9571 	DEBUG 	TextBox2 loaded 1 chars with 0 blanks and 1 valid
4.9573 	DEBUG 	Uploading Texture Font fontname to graphics card
4.9582 	DEBUG 	Upload of Texture Font fontname complete
4.9591 	EXP 	window1: mouseVisible = False
4.9593 	EXP 	window1: mouseVisible = False
4.9598 	EXP 	window1: mouseVisible = False
4.9601 	EXP 	window1: mouseVisible = False
4.9653 	WARNING 	launchHubServer: If using the iohub mouse or eyetracker devices, fullScr should be True.
6.2248 	INFO 	keyboard.Keyboard is using iohub backend.
6.2249 	INFO 	keyboard.Keyboard is using iohub backend.
6.2249 	EXP 	Gratings_vis_devJG_v0.4: status = STARTED
6.2251 	EXP 	window1: mouseVisible = False
6.2511 	EXP 	Created text_waiting_message = TextStim(__class__=<class 'psychopy.visual.text.TextStim'>, alignHoriz=method-wrapper(...), alignText='center', alignVert=method-wrapper(...), anchorHoriz='center', anchorVert='center', antialias=True, autoDraw=False, autoLog=True, bold=False, color=array([1., 1., 1.]), colorSpace='rgb', contrast=1.0, depth=0.0, draggable=False, flipHoriz=False, flipVert=False, font='Arial', fontFiles=[], height=0.05, italic=False, languageStyle='LTR', name='text_waiting_message', opacity=1.0, ori=0.0, pos=array([0., 0.]), rgb=UNKNOWN, text=str(...), units='height', win=Window(...), wrapWidth=1)
6.2512 	EXP 	window1: mouseVisible = False
6.2525 	EXP 	Created stim_grayScreen = ImageStim(__class__=<class 'psychopy.visual.image.ImageStim'>, anchor=('center', 'center'), autoLog=True, color=array([0., 0., 0.]), colorSpace='rgb', contrast=1.0, depth=-1.0, draggable=False, flipHoriz=False, flipVert=False, image=None, interpolate=True, mask=None, maskParams=None, name='stim_grayScreen', opacity=1.0, ori=0.0, pos=array([0., 0.]), size=array([1., 1.]), texRes=128.0, units='height', win=Window(...))
6.2526 	EXP 	window1: mouseVisible = False
6.2532 	EXP 	Created stim_grating = GratingStim(__class__=<class 'psychopy.visual.grating.GratingStim'>, anchor='center', autoDraw=False, autoLog=True, blendmode='avg', color=array([1., 1., 1.]), colorSpace='rgb', contrast=1.0, depth=-2.0, draggable=False, interpolate=True, mask=None, maskParams=None, name='stim_grating', opacity=1.0, ori=1.0, phase=array([1., 1.]), pos=array([0., 0.]), rgbPedestal=array([0., 0., 0.]), sf=array([4., 4.]), size=array([2., 2.]), tex='sin', texRes=256.0, units='height', win=Window(...))
0.0382 	INFO 	Keyboard events cleared
0.0381 	EXP 	text_waiting_message: autoDraw = True
9.8175 	DATA 	Keypress: lwindows
9.8474 	DATA 	Keypress: lshift
9.9644 	EXP 	Created sequence: sequential, trialTypes=1, nReps=10, seed=None
9.9646 	EXP 	New trial (rep=0, index=0): None
9.9809 	EXP 	window1: mouseVisible = True
9.9822 	DEBUG 	Saving data for Gratings_vis_devJG_v0.4 ExperimentHandler
9.9834 	INFO 	saved data to C:\dev\sipefield-gratings\PsychoPy\PsychoPy_visual_stimulus\data/01_Gratings_vis_devJG_v0.4_2024-07-16_15h50.23.777.psydat
9.9843 	INFO 	saved data to 'C:\\dev\\sipefield-gratings\\PsychoPy\\PsychoPy_visual_stimulus\\data/01_Gratings_vis_devJG_v0.4_2024-07-16_15h50.23.777.csv'
