4.3801 	DEBUG 	Fullscreen settings ignored as running in pilot mode.
4.3812 	INFO 	Loaded monitor calibration from ['2024_06_26 12:00']
4.4981 	EXP 	Created window1 = Window(allowGUI=True, allowStencil=False, autoLog=True, backendConf=UNKNOWN, backgroundFit=<method-wrapper '__getattribute__' of attributeSetter object at 0x000002675E927B20>, backgroundImage=<method-wrapper '__getattribute__' of attributeSetter object at 0x000002675E927AC0>, bitsMode=UNKNOWN, blendMode='avg', bpc=(8, 8, 8), color=array([0, 0, 0]), colorSpace='rgb', depthBits=8, fullscr=<method-wrapper '__getattribute__' of attributeSetter object at 0x000002675E927910>, gamma=None, gammaErrorPolicy='raise', infoMsg=UNKNOWN, lms=UNKNOWN, monitor=<psychopy.monitors.calibTools.Monitor object at 0x000002675FC9D070>, multiSample=False, name='window1', numSamples=2, pos=[560.0, 240.0], screen=1, size=array([800, 600]), stencilBits=0, stereo=False, title='PsychoPy', units='height', useFBO=True, useRetina=False, viewOri=0.0, viewPos=None, viewScale=None, waitBlanking=True, winType='pyglet')
4.4982 	EXP 	window1: backgroundImage = ''
4.4982 	EXP 	window1: backgroundFit = 'none'
4.4983 	EXP 	window1: mouseVisible = <method-wrapper '__getattribute__' of attributeSetter object at 0x000002675E927C40>
4.4984 	EXP 	window1: mouseVisible = <method-wrapper '__getattribute__' of attributeSetter object at 0x000002675E927C40>
4.4997 	EXP 	window1: mouseVisible = <method-wrapper '__getattribute__' of attributeSetter object at 0x000002675E927C40>
4.5000 	EXP 	window1: mouseVisible = <method-wrapper '__getattribute__' of attributeSetter object at 0x000002675E927C40>
4.5026 	DEBUG 	TextBox2 loaded 1 chars with 0 blanks and 1 valid
4.5034 	DEBUG 	TextBox2 loaded 1 chars with 0 blanks and 1 valid
4.5042 	DEBUG 	TextBox2 loaded 1 chars with 0 blanks and 1 valid
4.5051 	DEBUG 	TextBox2 loaded 1 chars with 0 blanks and 1 valid
4.5060 	DEBUG 	TextBox2 loaded 1 chars with 0 blanks and 1 valid
4.5066 	DEBUG 	TextBox2 loaded 1 chars with 0 blanks and 1 valid
4.5074 	DEBUG 	TextBox2 loaded 1 chars with 0 blanks and 1 valid
4.5083 	DEBUG 	TextBox2 loaded 1 chars with 0 blanks and 1 valid
4.5088 	DEBUG 	TextBox2 loaded 1 chars with 0 blanks and 1 valid
4.5094 	DEBUG 	TextBox2 loaded 1 chars with 0 blanks and 1 valid
4.5102 	DEBUG 	TextBox2 loaded 1 chars with 0 blanks and 1 valid
4.5111 	DEBUG 	TextBox2 loaded 1 chars with 0 blanks and 1 valid
4.5119 	DEBUG 	TextBox2 loaded 1 chars with 0 blanks and 1 valid
4.5127 	DEBUG 	TextBox2 loaded 1 chars with 0 blanks and 1 valid
4.5134 	DEBUG 	TextBox2 loaded 1 chars with 0 blanks and 1 valid
4.5142 	DEBUG 	TextBox2 loaded 1 chars with 0 blanks and 1 valid
4.5150 	DEBUG 	TextBox2 loaded 1 chars with 0 blanks and 1 valid
4.5156 	DEBUG 	TextBox2 loaded 1 chars with 0 blanks and 1 valid
4.5162 	DEBUG 	TextBox2 loaded 1 chars with 0 blanks and 1 valid
4.5171 	DEBUG 	TextBox2 loaded 1 chars with 0 blanks and 1 valid
4.5178 	DEBUG 	TextBox2 loaded 1 chars with 0 blanks and 1 valid
4.5181 	DEBUG 	Uploading Texture Font fontname to graphics card
4.5189 	DEBUG 	Upload of Texture Font fontname complete
4.5197 	EXP 	window1: mouseVisible = <method-wrapper '__getattribute__' of attributeSetter object at 0x000002675E927C40>
4.5198 	EXP 	window1: mouseVisible = <method-wrapper '__getattribute__' of attributeSetter object at 0x000002675E927C40>
4.5201 	EXP 	window1: mouseVisible = <method-wrapper '__getattribute__' of attributeSetter object at 0x000002675E927C40>
4.5204 	EXP 	window1: mouseVisible = <method-wrapper '__getattribute__' of attributeSetter object at 0x000002675E927C40>
4.5224 	DEBUG 	TextBox2 loaded 1 chars with 0 blanks and 1 valid
4.5233 	DEBUG 	TextBox2 loaded 1 chars with 0 blanks and 1 valid
4.5242 	DEBUG 	TextBox2 loaded 1 chars with 0 blanks and 1 valid
4.5243 	DEBUG 	Uploading Texture Font fontname to graphics card
4.5252 	DEBUG 	Upload of Texture Font fontname complete
4.5264 	EXP 	window1: Attempting to measure frame rate of screen (1) ...
4.5264 	EXP 	window1: recordFrameIntervals = False
4.7289 	EXP 	window1: recordFrameIntervals = True
5.0783 	EXP 	Screen (1) actual frame rate measured at 59.82Hz
5.0784 	EXP 	window1: recordFrameIntervals = False
5.0784 	EXP 	window1: mouseVisible = False
5.0788 	EXP 	window1: mouseVisible = False
5.0790 	EXP 	window1: mouseVisible = False
5.0800 	EXP 	window1: mouseVisible = False
5.0808 	EXP 	window1: mouseVisible = False
5.0857 	DEBUG 	TextBox2 loaded 1 chars with 0 blanks and 1 valid
5.0869 	DEBUG 	TextBox2 loaded 1 chars with 0 blanks and 1 valid
5.0885 	DEBUG 	TextBox2 loaded 1 chars with 0 blanks and 1 valid
5.0903 	DEBUG 	TextBox2 loaded 1 chars with 0 blanks and 1 valid
5.0922 	DEBUG 	TextBox2 loaded 1 chars with 0 blanks and 1 valid
5.0941 	DEBUG 	TextBox2 loaded 1 chars with 0 blanks and 1 valid
5.0956 	DEBUG 	TextBox2 loaded 1 chars with 0 blanks and 1 valid
5.0974 	DEBUG 	TextBox2 loaded 1 chars with 0 blanks and 1 valid
5.0996 	DEBUG 	TextBox2 loaded 1 chars with 0 blanks and 1 valid
5.1014 	DEBUG 	TextBox2 loaded 1 chars with 0 blanks and 1 valid
5.1018 	DEBUG 	Uploading Texture Font fontname to graphics card
5.1027 	DEBUG 	Upload of Texture Font fontname complete
5.1045 	EXP 	window1: mouseVisible = False
5.1047 	EXP 	window1: mouseVisible = False
5.1054 	EXP 	window1: mouseVisible = False
5.1061 	EXP 	window1: mouseVisible = False
5.1151 	WARNING 	launchHubServer: If using the iohub mouse or eyetracker devices, fullScr should be True.
6.4000 	INFO 	keyboard.Keyboard is using iohub backend.
6.4001 	INFO 	keyboard.Keyboard is using iohub backend.
6.4001 	EXP 	Gratings_vis_devJG_v0.4: status = STARTED
6.4004 	EXP 	window1: mouseVisible = False
6.4387 	EXP 	Created text_waiting_message = TextStim(__class__=<class 'psychopy.visual.text.TextStim'>, alignHoriz=method-wrapper(...), alignText='center', alignVert=method-wrapper(...), anchorHoriz='center', anchorVert='center', antialias=True, autoDraw=False, autoLog=True, bold=False, color=array([1., 1., 1.]), colorSpace='rgb', contrast=1.0, depth=0.0, draggable=False, flipHoriz=False, flipVert=False, font='Arial', fontFiles=[], height=0.05, italic=False, languageStyle='LTR', name='text_waiting_message', opacity=1.0, ori=0.0, pos=array([0., 0.]), rgb=UNKNOWN, text=str(...), units='height', win=Window(...), wrapWidth=1)
6.4509 	EXP 	window1: mouseVisible = True
6.4530 	DEBUG 	Saving data for Gratings_vis_devJG_v0.4 ExperimentHandler
6.4541 	INFO 	saved data to C:\dev\sipefield-gratings\PsychoPy\PsychoPy_visual_stimulus\data/01_Gratings_vis_devJG_v0.4_2024-07-16_15h21.25.304.psydat
6.4556 	INFO 	saved data to 'C:\\dev\\sipefield-gratings\\PsychoPy\\PsychoPy_visual_stimulus\\data/01_Gratings_vis_devJG_v0.4_2024-07-16_15h21.25.304.csv'
