4.5551 	DEBUG 	Fullscreen settings ignored as running in pilot mode.
4.5565 	INFO 	Loaded monitor calibration from ['2024_06_26 12:00']
4.6928 	EXP 	Created window1 = Window(allowGUI=True, allowStencil=False, autoLog=True, backendConf=UNKNOWN, backgroundFit=<method-wrapper '__getattribute__' of attributeSetter object at 0x0000019E4A11A9D0>, backgroundImage=<method-wrapper '__getattribute__' of attributeSetter object at 0x0000019E4A11A970>, bitsMode=UNKNOWN, blendMode='avg', bpc=(8, 8, 8), color=array([0, 0, 0]), colorSpace='rgb', depthBits=8, fullscr=<method-wrapper '__getattribute__' of attributeSetter object at 0x0000019E4A11A7C0>, gamma=None, gammaErrorPolicy='raise', infoMsg=UNKNOWN, lms=UNKNOWN, monitor=<psychopy.monitors.calibTools.Monitor object at 0x0000019E4B4A21C0>, multiSample=False, name='window1', numSamples=2, pos=[560.0, 240.0], screen=1, size=array([800, 600]), stencilBits=0, stereo=False, title='PsychoPy', units='height', useFBO=True, useRetina=False, viewOri=0.0, viewPos=None, viewScale=None, waitBlanking=True, winType='pyglet')
4.6928 	EXP 	window1: backgroundImage = ''
4.6928 	EXP 	window1: backgroundFit = 'none'
4.6929 	EXP 	window1: mouseVisible = <method-wrapper '__getattribute__' of attributeSetter object at 0x0000019E4A11AAF0>
4.6930 	EXP 	window1: mouseVisible = <method-wrapper '__getattribute__' of attributeSetter object at 0x0000019E4A11AAF0>
4.6942 	EXP 	window1: mouseVisible = <method-wrapper '__getattribute__' of attributeSetter object at 0x0000019E4A11AAF0>
4.6945 	EXP 	window1: mouseVisible = <method-wrapper '__getattribute__' of attributeSetter object at 0x0000019E4A11AAF0>
4.6972 	DEBUG 	TextBox2 loaded 1 chars with 0 blanks and 1 valid
4.6980 	DEBUG 	TextBox2 loaded 1 chars with 0 blanks and 1 valid
4.6988 	DEBUG 	TextBox2 loaded 1 chars with 0 blanks and 1 valid
4.6997 	DEBUG 	TextBox2 loaded 1 chars with 0 blanks and 1 valid
4.7006 	DEBUG 	TextBox2 loaded 1 chars with 0 blanks and 1 valid
4.7012 	DEBUG 	TextBox2 loaded 1 chars with 0 blanks and 1 valid
4.7020 	DEBUG 	TextBox2 loaded 1 chars with 0 blanks and 1 valid
4.7029 	DEBUG 	TextBox2 loaded 1 chars with 0 blanks and 1 valid
4.7034 	DEBUG 	TextBox2 loaded 1 chars with 0 blanks and 1 valid
4.7040 	DEBUG 	TextBox2 loaded 1 chars with 0 blanks and 1 valid
4.7047 	DEBUG 	TextBox2 loaded 1 chars with 0 blanks and 1 valid
4.7055 	DEBUG 	TextBox2 loaded 1 chars with 0 blanks and 1 valid
4.7062 	DEBUG 	TextBox2 loaded 1 chars with 0 blanks and 1 valid
4.7070 	DEBUG 	TextBox2 loaded 1 chars with 0 blanks and 1 valid
4.7077 	DEBUG 	TextBox2 loaded 1 chars with 0 blanks and 1 valid
4.7085 	DEBUG 	TextBox2 loaded 1 chars with 0 blanks and 1 valid
4.7096 	DEBUG 	TextBox2 loaded 1 chars with 0 blanks and 1 valid
4.7104 	DEBUG 	TextBox2 loaded 1 chars with 0 blanks and 1 valid
4.7111 	DEBUG 	TextBox2 loaded 1 chars with 0 blanks and 1 valid
4.7120 	DEBUG 	TextBox2 loaded 1 chars with 0 blanks and 1 valid
4.7126 	DEBUG 	TextBox2 loaded 1 chars with 0 blanks and 1 valid
4.7129 	DEBUG 	Uploading Texture Font fontname to graphics card
4.7156 	DEBUG 	Upload of Texture Font fontname complete
4.7164 	EXP 	window1: mouseVisible = <method-wrapper '__getattribute__' of attributeSetter object at 0x0000019E4A11AAF0>
4.7165 	EXP 	window1: mouseVisible = <method-wrapper '__getattribute__' of attributeSetter object at 0x0000019E4A11AAF0>
4.7169 	EXP 	window1: mouseVisible = <method-wrapper '__getattribute__' of attributeSetter object at 0x0000019E4A11AAF0>
4.7171 	EXP 	window1: mouseVisible = <method-wrapper '__getattribute__' of attributeSetter object at 0x0000019E4A11AAF0>
4.7192 	DEBUG 	TextBox2 loaded 1 chars with 0 blanks and 1 valid
4.7202 	DEBUG 	TextBox2 loaded 1 chars with 0 blanks and 1 valid
4.7211 	DEBUG 	TextBox2 loaded 1 chars with 0 blanks and 1 valid
4.7213 	DEBUG 	Uploading Texture Font fontname to graphics card
4.7219 	DEBUG 	Upload of Texture Font fontname complete
4.7231 	EXP 	window1: Attempting to measure frame rate of screen (1) ...
4.7232 	EXP 	window1: recordFrameIntervals = False
4.9276 	EXP 	window1: recordFrameIntervals = True
5.1108 	EXP 	Screen (1) actual frame rate measured at 59.59Hz
5.1109 	EXP 	window1: recordFrameIntervals = False
5.1109 	EXP 	window1: mouseVisible = False
5.1114 	EXP 	window1: mouseVisible = False
5.1117 	EXP 	window1: mouseVisible = False
5.1131 	EXP 	window1: mouseVisible = False
5.1143 	EXP 	window1: mouseVisible = False
5.1195 	DEBUG 	TextBox2 loaded 1 chars with 0 blanks and 1 valid
5.1208 	DEBUG 	TextBox2 loaded 1 chars with 0 blanks and 1 valid
5.1223 	DEBUG 	TextBox2 loaded 1 chars with 0 blanks and 1 valid
5.1241 	DEBUG 	TextBox2 loaded 1 chars with 0 blanks and 1 valid
5.1261 	DEBUG 	TextBox2 loaded 1 chars with 0 blanks and 1 valid
5.1278 	DEBUG 	TextBox2 loaded 1 chars with 0 blanks and 1 valid
5.1291 	DEBUG 	TextBox2 loaded 1 chars with 0 blanks and 1 valid
5.1308 	DEBUG 	TextBox2 loaded 1 chars with 0 blanks and 1 valid
5.1325 	DEBUG 	TextBox2 loaded 1 chars with 0 blanks and 1 valid
5.1341 	DEBUG 	TextBox2 loaded 1 chars with 0 blanks and 1 valid
5.1345 	DEBUG 	Uploading Texture Font fontname to graphics card
5.1353 	DEBUG 	Upload of Texture Font fontname complete
5.1369 	EXP 	window1: mouseVisible = False
5.1370 	EXP 	window1: mouseVisible = False
5.1377 	EXP 	window1: mouseVisible = False
5.1384 	EXP 	window1: mouseVisible = False
5.1468 	WARNING 	launchHubServer: If using the iohub mouse or eyetracker devices, fullScr should be True.
6.4229 	INFO 	keyboard.Keyboard is using iohub backend.
6.4230 	INFO 	keyboard.Keyboard is using iohub backend.
6.4230 	EXP 	Gratings_vis_devJG_v0.4: status = STARTED
6.4233 	EXP 	window1: mouseVisible = False
6.4568 	EXP 	Created text_waiting_message = TextStim(__class__=<class 'psychopy.visual.text.TextStim'>, alignHoriz=method-wrapper(...), alignText='center', alignVert=method-wrapper(...), anchorHoriz='center', anchorVert='center', antialias=True, autoDraw=False, autoLog=True, bold=False, color=array([1., 1., 1.]), colorSpace='rgb', contrast=1.0, depth=0.0, draggable=False, flipHoriz=False, flipVert=False, font='Arial', fontFiles=[], height=0.05, italic=False, languageStyle='LTR', name='text_waiting_message', opacity=1.0, ori=0.0, pos=array([0., 0.]), rgb=UNKNOWN, text=str(...), units='height', win=Window(...), wrapWidth=1)
6.4569 	EXP 	window1: mouseVisible = False
6.4577 	EXP 	Created stim_grayScreen = ImageStim(__class__=<class 'psychopy.visual.image.ImageStim'>, anchor=('center', 'center'), autoLog=True, color=array([0., 0., 0.]), colorSpace='rgb', contrast=1.0, depth=-1.0, draggable=False, flipHoriz=False, flipVert=False, image=None, interpolate=True, mask=None, maskParams=None, name='stim_grayScreen', opacity=1.0, ori=0.0, pos=array([0., 0.]), size=array([1., 1.]), texRes=128.0, units='height', win=Window(...))
6.4578 	EXP 	window1: mouseVisible = False
6.4584 	EXP 	Created stim_grating = GratingStim(__class__=<class 'psychopy.visual.grating.GratingStim'>, anchor='center', autoDraw=False, autoLog=True, blendmode='avg', color=array([1., 1., 1.]), colorSpace='rgb', contrast=1.0, depth=-2.0, draggable=False, interpolate=True, mask=None, maskParams=None, name='stim_grating', opacity=1.0, ori=1.0, phase=array([1., 1.]), pos=array([0., 0.]), rgbPedestal=array([0., 0., 0.]), sf=array([4., 4.]), size=array([2., 2.]), tex='sin', texRes=256.0, units='height', win=Window(...))
0.0382 	INFO 	Keyboard events cleared
0.0380 	EXP 	text_waiting_message: autoDraw = True
39.9265 	DATA 	Keypress: lwindows
40.0403 	DATA 	Keypress: lshift
40.1572 	EXP 	Created sequence: sequential, trialTypes=1, nReps=10, seed=None
40.1574 	EXP 	New trial (rep=0, index=0): None
40.1732 	EXP 	text_waiting_message: autoDraw = False
40.1732 	EXP 	stim_grating: ori = 0.0
40.1732 	EXP 	stim_grayScreen: autoDraw = True
40.1928 	EXP 	window1: mouseVisible = True
40.1946 	DEBUG 	Saving data for Gratings_vis_devJG_v0.4 ExperimentHandler
40.1959 	INFO 	saved data to C:\dev\sipefield-gratings\PsychoPy\PsychoPy_visual_stimulus\data/01_Gratings_vis_devJG_v0.4_2024-07-16_16h27.53.642.psydat
40.1969 	INFO 	saved data to 'C:\\dev\\sipefield-gratings\\PsychoPy\\PsychoPy_visual_stimulus\\data/01_Gratings_vis_devJG_v0.4_2024-07-16_16h27.53.642.csv'
