4.4552 	DEBUG 	Fullscreen settings ignored as running in pilot mode.
4.4568 	INFO 	Loaded monitor calibration from ['2024_06_26 12:00']
4.5895 	EXP 	Created window1 = Window(allowGUI=True, allowStencil=False, autoLog=True, backendConf=UNKNOWN, backgroundFit=<method-wrapper '__getattribute__' of attributeSetter object at 0x000001B8256BAA30>, backgroundImage=<method-wrapper '__getattribute__' of attributeSetter object at 0x000001B8256BA9D0>, bitsMode=UNKNOWN, blendMode='avg', bpc=(8, 8, 8), color=array([0, 0, 0]), colorSpace='rgb', depthBits=8, fullscr=<method-wrapper '__getattribute__' of attributeSetter object at 0x000001B8256BA820>, gamma=None, gammaErrorPolicy='raise', infoMsg=UNKNOWN, lms=UNKNOWN, monitor=<psychopy.monitors.calibTools.Monitor object at 0x000001B826A41310>, multiSample=False, name='window1', numSamples=2, pos=[560.0, 240.0], screen=1, size=array([800, 600]), stencilBits=0, stereo=False, title='PsychoPy', units='height', useFBO=True, useRetina=False, viewOri=0.0, viewPos=None, viewScale=None, waitBlanking=True, winType='pyglet')
4.5895 	EXP 	window1: backgroundImage = ''
4.5895 	EXP 	window1: backgroundFit = 'none'
4.5896 	EXP 	window1: mouseVisible = <method-wrapper '__getattribute__' of attributeSetter object at 0x000001B8256BAB50>
4.5897 	EXP 	window1: mouseVisible = <method-wrapper '__getattribute__' of attributeSetter object at 0x000001B8256BAB50>
4.5910 	EXP 	window1: mouseVisible = <method-wrapper '__getattribute__' of attributeSetter object at 0x000001B8256BAB50>
4.5913 	EXP 	window1: mouseVisible = <method-wrapper '__getattribute__' of attributeSetter object at 0x000001B8256BAB50>
4.5941 	DEBUG 	TextBox2 loaded 1 chars with 0 blanks and 1 valid
4.5949 	DEBUG 	TextBox2 loaded 1 chars with 0 blanks and 1 valid
4.5957 	DEBUG 	TextBox2 loaded 1 chars with 0 blanks and 1 valid
4.5967 	DEBUG 	TextBox2 loaded 1 chars with 0 blanks and 1 valid
4.5976 	DEBUG 	TextBox2 loaded 1 chars with 0 blanks and 1 valid
4.5983 	DEBUG 	TextBox2 loaded 1 chars with 0 blanks and 1 valid
4.5991 	DEBUG 	TextBox2 loaded 1 chars with 0 blanks and 1 valid
4.6000 	DEBUG 	TextBox2 loaded 1 chars with 0 blanks and 1 valid
4.6005 	DEBUG 	TextBox2 loaded 1 chars with 0 blanks and 1 valid
4.6011 	DEBUG 	TextBox2 loaded 1 chars with 0 blanks and 1 valid
4.6019 	DEBUG 	TextBox2 loaded 1 chars with 0 blanks and 1 valid
4.6027 	DEBUG 	TextBox2 loaded 1 chars with 0 blanks and 1 valid
4.6035 	DEBUG 	TextBox2 loaded 1 chars with 0 blanks and 1 valid
4.6042 	DEBUG 	TextBox2 loaded 1 chars with 0 blanks and 1 valid
4.6050 	DEBUG 	TextBox2 loaded 1 chars with 0 blanks and 1 valid
4.6061 	DEBUG 	TextBox2 loaded 1 chars with 0 blanks and 1 valid
4.6071 	DEBUG 	TextBox2 loaded 1 chars with 0 blanks and 1 valid
4.6078 	DEBUG 	TextBox2 loaded 1 chars with 0 blanks and 1 valid
4.6085 	DEBUG 	TextBox2 loaded 1 chars with 0 blanks and 1 valid
4.6094 	DEBUG 	TextBox2 loaded 1 chars with 0 blanks and 1 valid
4.6100 	DEBUG 	TextBox2 loaded 1 chars with 0 blanks and 1 valid
4.6103 	DEBUG 	Uploading Texture Font fontname to graphics card
4.6129 	DEBUG 	Upload of Texture Font fontname complete
4.6138 	EXP 	window1: mouseVisible = <method-wrapper '__getattribute__' of attributeSetter object at 0x000001B8256BAB50>
4.6139 	EXP 	window1: mouseVisible = <method-wrapper '__getattribute__' of attributeSetter object at 0x000001B8256BAB50>
4.6142 	EXP 	window1: mouseVisible = <method-wrapper '__getattribute__' of attributeSetter object at 0x000001B8256BAB50>
4.6145 	EXP 	window1: mouseVisible = <method-wrapper '__getattribute__' of attributeSetter object at 0x000001B8256BAB50>
4.6166 	DEBUG 	TextBox2 loaded 1 chars with 0 blanks and 1 valid
4.6176 	DEBUG 	TextBox2 loaded 1 chars with 0 blanks and 1 valid
4.6185 	DEBUG 	TextBox2 loaded 1 chars with 0 blanks and 1 valid
4.6187 	DEBUG 	Uploading Texture Font fontname to graphics card
4.6195 	DEBUG 	Upload of Texture Font fontname complete
4.6207 	EXP 	window1: Attempting to measure frame rate of screen (1) ...
4.6207 	EXP 	window1: recordFrameIntervals = False
4.8400 	EXP 	window1: recordFrameIntervals = True
5.0235 	EXP 	Screen (1) actual frame rate measured at 59.92Hz
5.0236 	EXP 	window1: recordFrameIntervals = False
5.0236 	EXP 	window1: mouseVisible = False
5.0238 	EXP 	window1: mouseVisible = False
5.0239 	EXP 	window1: mouseVisible = False
5.0242 	EXP 	window1: mouseVisible = False
5.0245 	EXP 	window1: mouseVisible = False
5.0268 	DEBUG 	TextBox2 loaded 1 chars with 0 blanks and 1 valid
5.0276 	DEBUG 	TextBox2 loaded 1 chars with 0 blanks and 1 valid
5.0285 	DEBUG 	TextBox2 loaded 1 chars with 0 blanks and 1 valid
5.0296 	DEBUG 	TextBox2 loaded 1 chars with 0 blanks and 1 valid
5.0305 	DEBUG 	TextBox2 loaded 1 chars with 0 blanks and 1 valid
5.0315 	DEBUG 	TextBox2 loaded 1 chars with 0 blanks and 1 valid
5.0323 	DEBUG 	TextBox2 loaded 1 chars with 0 blanks and 1 valid
5.0332 	DEBUG 	TextBox2 loaded 1 chars with 0 blanks and 1 valid
5.0342 	DEBUG 	TextBox2 loaded 1 chars with 0 blanks and 1 valid
5.0351 	DEBUG 	TextBox2 loaded 1 chars with 0 blanks and 1 valid
5.0353 	DEBUG 	Uploading Texture Font fontname to graphics card
5.0361 	DEBUG 	Upload of Texture Font fontname complete
5.0370 	EXP 	window1: mouseVisible = False
5.0371 	EXP 	window1: mouseVisible = False
5.0374 	EXP 	window1: mouseVisible = False
5.0377 	EXP 	window1: mouseVisible = False
5.0421 	WARNING 	launchHubServer: If using the iohub mouse or eyetracker devices, fullScr should be True.
6.3210 	INFO 	keyboard.Keyboard is using iohub backend.
6.3210 	INFO 	keyboard.Keyboard is using iohub backend.
6.3211 	EXP 	Gratings_vis_devJG_v0.4: status = STARTED
6.3213 	EXP 	window1: mouseVisible = False
6.3545 	EXP 	Created text_waiting_message = TextStim(__class__=<class 'psychopy.visual.text.TextStim'>, alignHoriz=method-wrapper(...), alignText='center', alignVert=method-wrapper(...), anchorHoriz='center', anchorVert='center', antialias=True, autoDraw=False, autoLog=True, bold=False, color=array([1., 1., 1.]), colorSpace='rgb', contrast=1.0, depth=0.0, draggable=False, flipHoriz=False, flipVert=False, font='Arial', fontFiles=[], height=0.05, italic=False, languageStyle='LTR', name='text_waiting_message', opacity=1.0, ori=0.0, pos=array([0., 0.]), rgb=UNKNOWN, text=str(...), units='height', win=Window(...), wrapWidth=1)
6.3546 	EXP 	window1: mouseVisible = False
6.3554 	EXP 	Created stim_grayScreen = ImageStim(__class__=<class 'psychopy.visual.image.ImageStim'>, anchor=('center', 'center'), autoLog=True, color=array([0., 0., 0.]), colorSpace='rgb', contrast=1.0, depth=-1.0, draggable=False, flipHoriz=False, flipVert=False, image=None, interpolate=True, mask=None, maskParams=None, name='stim_grayScreen', opacity=1.0, ori=0.0, pos=array([0., 0.]), size=array([1., 1.]), texRes=128.0, units='height', win=Window(...))
6.3554 	EXP 	window1: mouseVisible = False
6.3561 	EXP 	Created stim_grating = GratingStim(__class__=<class 'psychopy.visual.grating.GratingStim'>, anchor='center', autoDraw=False, autoLog=True, blendmode='avg', color=array([1., 1., 1.]), colorSpace='rgb', contrast=1.0, depth=-2.0, draggable=False, interpolate=True, mask=None, maskParams=None, name='stim_grating', opacity=1.0, ori=1.0, phase=array([1., 1.]), pos=array([0., 0.]), rgbPedestal=array([0., 0., 0.]), sf=array([4., 4.]), size=array([2., 2.]), tex='sin', texRes=256.0, units='height', win=Window(...))
0.0826 	INFO 	Keyboard events cleared
0.0824 	EXP 	text_waiting_message: autoDraw = True
7.9534 	DATA 	Keypress: lwindows
8.0974 	DATA 	Keypress: lshift
8.2143 	EXP 	Created sequence: sequential, trialTypes=1, nReps=3, seed=None
8.2145 	EXP 	New trial (rep=0, index=0): None
8.2299 	EXP 	text_waiting_message: autoDraw = False
8.2299 	EXP 	stim_grating: ori = 0.0
8.2299 	EXP 	stim_grayScreen: autoDraw = True
8.3277 	DATA 	Keypress: left
11.2460 	EXP 	stim_grating: autoDraw = True
11.2460 	EXP 	stim_grating: tex = 'sin'
13.2168 	EXP 	New trial (rep=1, index=0): None
13.2299 	EXP 	stim_grayScreen: autoDraw = False
13.2299 	EXP 	stim_grating: autoDraw = False
13.2299 	EXP 	stim_grating: ori = 45.0
13.2299 	EXP 	stim_grayScreen: autoDraw = True
16.2168 	EXP 	stim_grating: autoDraw = True
18.2218 	EXP 	New trial (rep=2, index=0): None
18.2361 	EXP 	stim_grayScreen: autoDraw = False
18.2361 	EXP 	stim_grating: autoDraw = False
18.2361 	EXP 	stim_grating: ori = 90.0
18.2361 	EXP 	stim_grayScreen: autoDraw = True
21.2218 	EXP 	stim_grating: autoDraw = True
23.2408 	INFO 	saved data to C:\dev\sipefield-gratings\PsychoPy\PsychoPy_visual_stimulus\data/01_Gratings_vis_devJG_v0.4_2024-07-16_17h04.20.336trials.csv
23.2535 	EXP 	stim_grayScreen: autoDraw = False
23.2535 	EXP 	stim_grating: autoDraw = False
23.2546 	EXP 	Gratings_vis_devJG_v0.4: status = STOPPED
23.2577 	INFO 	saved data to 'C:\\dev\\sipefield-gratings\\PsychoPy\\PsychoPy_visual_stimulus\\data/01_Gratings_vis_devJG_v0.4_2024-07-16_17h04.20.336.csv'
23.2583 	INFO 	saved data to C:\dev\sipefield-gratings\PsychoPy\PsychoPy_visual_stimulus\data/01_Gratings_vis_devJG_v0.4_2024-07-16_17h04.20.336.psydat
23.2855 	EXP 	window1: mouseVisible = True
23.4271 	DEBUG 	Saving data for Gratings_vis_devJG_v0.4 ExperimentHandler
