4.1341 	DEBUG 	Fullscreen settings ignored as running in pilot mode.
4.1352 	INFO 	Loaded monitor calibration from ['2024_06_26 12:00']
4.2888 	EXP 	Created window1 = Window(allowGUI=True, allowStencil=False, autoLog=True, backendConf=UNKNOWN, backgroundFit=<method-wrapper '__getattribute__' of attributeSetter object at 0x0000025FF727B9D0>, backgroundImage=<method-wrapper '__getattribute__' of attributeSetter object at 0x0000025FF727B970>, bitsMode=UNKNOWN, blendMode='avg', bpc=(8, 8, 8), color=array([0, 0, 0]), colorSpace='rgb', depthBits=8, fullscr=<method-wrapper '__getattribute__' of attributeSetter object at 0x0000025FF727B7C0>, gamma=None, gammaErrorPolicy='raise', infoMsg=UNKNOWN, lms=UNKNOWN, monitor=<psychopy.monitors.calibTools.Monitor object at 0x0000025FF86011F0>, multiSample=False, name='window1', numSamples=2, pos=[560.0, 240.0], screen=1, size=array([800, 600]), stencilBits=0, stereo=False, title='PsychoPy', units='height', useFBO=True, useRetina=False, viewOri=0.0, viewPos=None, viewScale=None, waitBlanking=True, winType='pyglet')
4.2888 	EXP 	window1: backgroundImage = ''
4.2888 	EXP 	window1: backgroundFit = 'none'
4.2891 	EXP 	window1: mouseVisible = <method-wrapper '__getattribute__' of attributeSetter object at 0x0000025FF727BAF0>
4.2893 	EXP 	window1: mouseVisible = <method-wrapper '__getattribute__' of attributeSetter object at 0x0000025FF727BAF0>
4.2906 	EXP 	window1: mouseVisible = <method-wrapper '__getattribute__' of attributeSetter object at 0x0000025FF727BAF0>
4.2910 	EXP 	window1: mouseVisible = <method-wrapper '__getattribute__' of attributeSetter object at 0x0000025FF727BAF0>
4.2940 	DEBUG 	TextBox2 loaded 1 chars with 0 blanks and 1 valid
4.2949 	DEBUG 	TextBox2 loaded 1 chars with 0 blanks and 1 valid
4.2962 	DEBUG 	TextBox2 loaded 1 chars with 0 blanks and 1 valid
4.2972 	DEBUG 	TextBox2 loaded 1 chars with 0 blanks and 1 valid
4.2982 	DEBUG 	TextBox2 loaded 1 chars with 0 blanks and 1 valid
4.2989 	DEBUG 	TextBox2 loaded 1 chars with 0 blanks and 1 valid
4.2998 	DEBUG 	TextBox2 loaded 1 chars with 0 blanks and 1 valid
4.3008 	DEBUG 	TextBox2 loaded 1 chars with 0 blanks and 1 valid
4.3019 	DEBUG 	TextBox2 loaded 1 chars with 0 blanks and 1 valid
4.3029 	DEBUG 	TextBox2 loaded 1 chars with 0 blanks and 1 valid
4.3039 	DEBUG 	TextBox2 loaded 1 chars with 0 blanks and 1 valid
4.3048 	DEBUG 	TextBox2 loaded 1 chars with 0 blanks and 1 valid
4.3057 	DEBUG 	TextBox2 loaded 1 chars with 0 blanks and 1 valid
4.3066 	DEBUG 	TextBox2 loaded 1 chars with 0 blanks and 1 valid
4.3074 	DEBUG 	TextBox2 loaded 1 chars with 0 blanks and 1 valid
4.3083 	DEBUG 	TextBox2 loaded 1 chars with 0 blanks and 1 valid
4.3092 	DEBUG 	TextBox2 loaded 1 chars with 0 blanks and 1 valid
4.3099 	DEBUG 	TextBox2 loaded 1 chars with 0 blanks and 1 valid
4.3106 	DEBUG 	TextBox2 loaded 1 chars with 0 blanks and 1 valid
4.3116 	DEBUG 	TextBox2 loaded 1 chars with 0 blanks and 1 valid
4.3124 	DEBUG 	TextBox2 loaded 1 chars with 0 blanks and 1 valid
4.3129 	DEBUG 	Uploading Texture Font fontname to graphics card
4.3149 	DEBUG 	Upload of Texture Font fontname complete
4.3158 	EXP 	window1: mouseVisible = <method-wrapper '__getattribute__' of attributeSetter object at 0x0000025FF727BAF0>
4.3159 	EXP 	window1: mouseVisible = <method-wrapper '__getattribute__' of attributeSetter object at 0x0000025FF727BAF0>
4.3162 	EXP 	window1: mouseVisible = <method-wrapper '__getattribute__' of attributeSetter object at 0x0000025FF727BAF0>
4.3165 	EXP 	window1: mouseVisible = <method-wrapper '__getattribute__' of attributeSetter object at 0x0000025FF727BAF0>
4.3189 	DEBUG 	TextBox2 loaded 1 chars with 0 blanks and 1 valid
4.3199 	DEBUG 	TextBox2 loaded 1 chars with 0 blanks and 1 valid
4.3209 	DEBUG 	TextBox2 loaded 1 chars with 0 blanks and 1 valid
4.3211 	DEBUG 	Uploading Texture Font fontname to graphics card
4.3223 	DEBUG 	Upload of Texture Font fontname complete
4.3234 	EXP 	window1: Attempting to measure frame rate of screen (1) ...
4.3234 	EXP 	window1: recordFrameIntervals = False
4.5291 	EXP 	window1: recordFrameIntervals = True
4.7130 	EXP 	Screen (1) actual frame rate measured at 59.81Hz
4.7130 	EXP 	window1: recordFrameIntervals = False
4.7130 	EXP 	window1: mouseVisible = False
4.7132 	EXP 	window1: mouseVisible = False
4.7133 	EXP 	window1: mouseVisible = False
4.7137 	EXP 	window1: mouseVisible = False
4.7140 	EXP 	window1: mouseVisible = False
4.7165 	DEBUG 	TextBox2 loaded 1 chars with 0 blanks and 1 valid
4.7176 	DEBUG 	TextBox2 loaded 1 chars with 0 blanks and 1 valid
4.7188 	DEBUG 	TextBox2 loaded 1 chars with 0 blanks and 1 valid
4.7199 	DEBUG 	TextBox2 loaded 1 chars with 0 blanks and 1 valid
4.7209 	DEBUG 	TextBox2 loaded 1 chars with 0 blanks and 1 valid
4.7219 	DEBUG 	TextBox2 loaded 1 chars with 0 blanks and 1 valid
4.7226 	DEBUG 	TextBox2 loaded 1 chars with 0 blanks and 1 valid
4.7236 	DEBUG 	TextBox2 loaded 1 chars with 0 blanks and 1 valid
4.7248 	DEBUG 	TextBox2 loaded 1 chars with 0 blanks and 1 valid
4.7258 	DEBUG 	TextBox2 loaded 1 chars with 0 blanks and 1 valid
4.7260 	DEBUG 	Uploading Texture Font fontname to graphics card
4.7268 	DEBUG 	Upload of Texture Font fontname complete
4.7277 	EXP 	window1: mouseVisible = False
4.7277 	EXP 	window1: mouseVisible = False
4.7280 	EXP 	window1: mouseVisible = False
4.7283 	EXP 	window1: mouseVisible = False
4.7329 	WARNING 	launchHubServer: If using the iohub mouse or eyetracker devices, fullScr should be True.
5.9878 	INFO 	keyboard.Keyboard is using iohub backend.
5.9878 	INFO 	keyboard.Keyboard is using iohub backend.
5.9879 	EXP 	Gratings_vis_devJG_v0.4: status = STARTED
5.9880 	EXP 	window1: mouseVisible = False
6.0095 	EXP 	Created text_waiting_message = TextStim(__class__=<class 'psychopy.visual.text.TextStim'>, alignHoriz=method-wrapper(...), alignText='center', alignVert=method-wrapper(...), anchorHoriz='center', anchorVert='center', antialias=True, autoDraw=False, autoLog=True, bold=False, color=array([1., 1., 1.]), colorSpace='rgb', contrast=1.0, depth=0.0, draggable=False, flipHoriz=False, flipVert=False, font='Arial', fontFiles=[], height=0.05, italic=False, languageStyle='LTR', name='text_waiting_message', opacity=1.0, ori=0.0, pos=array([0., 0.]), rgb=UNKNOWN, text=str(...), units='height', win=Window(...), wrapWidth=1)
6.0096 	EXP 	window1: mouseVisible = False
6.0104 	EXP 	Created stim_grayScreen = ImageStim(__class__=<class 'psychopy.visual.image.ImageStim'>, anchor=('center', 'center'), autoLog=True, color=array([0., 0., 0.]), colorSpace='rgb', contrast=1.0, depth=-1.0, draggable=False, flipHoriz=False, flipVert=False, image=None, interpolate=True, mask=None, maskParams=None, name='stim_grayScreen', opacity=1.0, ori=0.0, pos=array([0., 0.]), size=array([1., 1.]), texRes=128.0, units='height', win=Window(...))
6.0105 	EXP 	window1: mouseVisible = False
6.0112 	EXP 	Created stim_grating = GratingStim(__class__=<class 'psychopy.visual.grating.GratingStim'>, anchor='center', autoDraw=False, autoLog=True, blendmode='avg', color=array([1., 1., 1.]), colorSpace='rgb', contrast=1.0, depth=-2.0, draggable=False, interpolate=True, mask=None, maskParams=None, name='stim_grating', opacity=1.0, ori=1.0, phase=array([1., 1.]), pos=array([0., 0.]), rgbPedestal=array([0., 0., 0.]), sf=array([4., 4.]), size=array([2., 2.]), tex='sin', texRes=256.0, units='height', win=Window(...))
0.0375 	INFO 	Keyboard events cleared
0.0374 	EXP 	text_waiting_message: autoDraw = True
11.9180 	DATA 	Keypress: lwindows
12.0334 	DATA 	Keypress: lshift
12.1319 	EXP 	Created sequence: sequential, trialTypes=1, nReps=3, seed=None
12.1320 	EXP 	New trial (rep=0, index=0): None
12.1490 	EXP 	text_waiting_message: autoDraw = False
12.1490 	EXP 	stim_grating: ori = 0.0
12.1490 	EXP 	stim_grayScreen: autoDraw = True
12.2153 	DATA 	Keypress: left
15.1342 	EXP 	stim_grating: autoDraw = True
15.1342 	EXP 	stim_grating: tex = 'sin'
17.1380 	EXP 	New trial (rep=1, index=0): None
17.1511 	EXP 	stim_grayScreen: autoDraw = False
17.1511 	EXP 	stim_grating: autoDraw = False
17.1511 	EXP 	stim_grating: ori = 45.0
17.1511 	EXP 	stim_grayScreen: autoDraw = True
20.1386 	EXP 	stim_grating: autoDraw = True
22.1404 	EXP 	New trial (rep=2, index=0): None
22.1550 	EXP 	stim_grayScreen: autoDraw = False
22.1550 	EXP 	stim_grating: autoDraw = False
22.1550 	EXP 	stim_grating: ori = 90.0
22.1550 	EXP 	stim_grayScreen: autoDraw = True
25.1421 	EXP 	stim_grating: autoDraw = True
27.1820 	EXP 	window1: mouseVisible = True
27.1844 	DEBUG 	Saving data for Gratings_vis_devJG_v0.4 ExperimentHandler
27.1854 	INFO 	saved data to C:\dev\sipefield-gratings\PsychoPy\PsychoPy_visual_stimulus\data/01_Gratings_vis_devJG_v0.4_2024-07-16_23h31.12.260.psydat
