4.3613 	DEBUG 	Fullscreen settings ignored as running in pilot mode.
4.3627 	INFO 	Loaded monitor calibration from ['2024_06_26 12:00']
4.4726 	EXP 	Created window1 = Window(allowGUI=True, allowStencil=False, autoLog=True, backendConf=UNKNOWN, backgroundFit=<method-wrapper '__getattribute__' of attributeSetter object at 0x000002370C3CAA00>, backgroundImage=<method-wrapper '__getattribute__' of attributeSetter object at 0x000002370C3CA9A0>, bitsMode=UNKNOWN, blendMode='avg', bpc=(8, 8, 8), color=array([0, 0, 0]), colorSpace='rgb', depthBits=8, fullscr=<method-wrapper '__getattribute__' of attributeSetter object at 0x000002370C3CA7F0>, gamma=None, gammaErrorPolicy='raise', infoMsg=UNKNOWN, lms=UNKNOWN, monitor=<psychopy.monitors.calibTools.Monitor object at 0x000002370D749F40>, multiSample=False, name='window1', numSamples=2, pos=[560.0, 240.0], screen=1, size=array([800, 600]), stencilBits=0, stereo=False, title='PsychoPy', units='height', useFBO=True, useRetina=False, viewOri=0.0, viewPos=None, viewScale=None, waitBlanking=True, winType='pyglet')
4.4726 	EXP 	window1: backgroundImage = ''
4.4726 	EXP 	window1: backgroundFit = 'none'
4.4727 	EXP 	window1: mouseVisible = <method-wrapper '__getattribute__' of attributeSetter object at 0x000002370C3CAB20>
4.4728 	EXP 	window1: mouseVisible = <method-wrapper '__getattribute__' of attributeSetter object at 0x000002370C3CAB20>
4.4740 	EXP 	window1: mouseVisible = <method-wrapper '__getattribute__' of attributeSetter object at 0x000002370C3CAB20>
4.4743 	EXP 	window1: mouseVisible = <method-wrapper '__getattribute__' of attributeSetter object at 0x000002370C3CAB20>
4.4769 	DEBUG 	TextBox2 loaded 1 chars with 0 blanks and 1 valid
4.4777 	DEBUG 	TextBox2 loaded 1 chars with 0 blanks and 1 valid
4.4786 	DEBUG 	TextBox2 loaded 1 chars with 0 blanks and 1 valid
4.4796 	DEBUG 	TextBox2 loaded 1 chars with 0 blanks and 1 valid
4.4806 	DEBUG 	TextBox2 loaded 1 chars with 0 blanks and 1 valid
4.4816 	DEBUG 	TextBox2 loaded 1 chars with 0 blanks and 1 valid
4.4825 	DEBUG 	TextBox2 loaded 1 chars with 0 blanks and 1 valid
4.4835 	DEBUG 	TextBox2 loaded 1 chars with 0 blanks and 1 valid
4.4841 	DEBUG 	TextBox2 loaded 1 chars with 0 blanks and 1 valid
4.4847 	DEBUG 	TextBox2 loaded 1 chars with 0 blanks and 1 valid
4.4855 	DEBUG 	TextBox2 loaded 1 chars with 0 blanks and 1 valid
4.4863 	DEBUG 	TextBox2 loaded 1 chars with 0 blanks and 1 valid
4.4870 	DEBUG 	TextBox2 loaded 1 chars with 0 blanks and 1 valid
4.4878 	DEBUG 	TextBox2 loaded 1 chars with 0 blanks and 1 valid
4.4885 	DEBUG 	TextBox2 loaded 1 chars with 0 blanks and 1 valid
4.4893 	DEBUG 	TextBox2 loaded 1 chars with 0 blanks and 1 valid
4.4900 	DEBUG 	TextBox2 loaded 1 chars with 0 blanks and 1 valid
4.4907 	DEBUG 	TextBox2 loaded 1 chars with 0 blanks and 1 valid
4.4913 	DEBUG 	TextBox2 loaded 1 chars with 0 blanks and 1 valid
4.4922 	DEBUG 	TextBox2 loaded 1 chars with 0 blanks and 1 valid
4.4928 	DEBUG 	TextBox2 loaded 1 chars with 0 blanks and 1 valid
4.4931 	DEBUG 	Uploading Texture Font fontname to graphics card
4.4941 	DEBUG 	Upload of Texture Font fontname complete
4.4949 	EXP 	window1: mouseVisible = <method-wrapper '__getattribute__' of attributeSetter object at 0x000002370C3CAB20>
4.4950 	EXP 	window1: mouseVisible = <method-wrapper '__getattribute__' of attributeSetter object at 0x000002370C3CAB20>
4.4953 	EXP 	window1: mouseVisible = <method-wrapper '__getattribute__' of attributeSetter object at 0x000002370C3CAB20>
4.4956 	EXP 	window1: mouseVisible = <method-wrapper '__getattribute__' of attributeSetter object at 0x000002370C3CAB20>
4.4977 	DEBUG 	TextBox2 loaded 1 chars with 0 blanks and 1 valid
4.4987 	DEBUG 	TextBox2 loaded 1 chars with 0 blanks and 1 valid
4.4996 	DEBUG 	TextBox2 loaded 1 chars with 0 blanks and 1 valid
4.4998 	DEBUG 	Uploading Texture Font fontname to graphics card
4.5013 	DEBUG 	Upload of Texture Font fontname complete
4.5023 	EXP 	window1: Attempting to measure frame rate of screen (1) ...
4.5023 	EXP 	window1: recordFrameIntervals = False
4.6984 	EXP 	window1: recordFrameIntervals = True
4.8821 	EXP 	Screen (1) actual frame rate measured at 59.82Hz
4.8821 	EXP 	window1: recordFrameIntervals = False
4.8821 	EXP 	window1: mouseVisible = False
4.8823 	EXP 	window1: mouseVisible = False
4.8825 	EXP 	window1: mouseVisible = False
4.8829 	EXP 	window1: mouseVisible = False
4.8832 	EXP 	window1: mouseVisible = False
4.8856 	DEBUG 	TextBox2 loaded 1 chars with 0 blanks and 1 valid
4.8864 	DEBUG 	TextBox2 loaded 1 chars with 0 blanks and 1 valid
4.8872 	DEBUG 	TextBox2 loaded 1 chars with 0 blanks and 1 valid
4.8882 	DEBUG 	TextBox2 loaded 1 chars with 0 blanks and 1 valid
4.8892 	DEBUG 	TextBox2 loaded 1 chars with 0 blanks and 1 valid
4.8902 	DEBUG 	TextBox2 loaded 1 chars with 0 blanks and 1 valid
4.8912 	DEBUG 	TextBox2 loaded 1 chars with 0 blanks and 1 valid
4.8921 	DEBUG 	TextBox2 loaded 1 chars with 0 blanks and 1 valid
4.8931 	DEBUG 	TextBox2 loaded 1 chars with 0 blanks and 1 valid
4.8942 	DEBUG 	TextBox2 loaded 1 chars with 0 blanks and 1 valid
4.8944 	DEBUG 	Uploading Texture Font fontname to graphics card
4.8952 	DEBUG 	Upload of Texture Font fontname complete
4.8961 	EXP 	window1: mouseVisible = False
4.8961 	EXP 	window1: mouseVisible = False
4.8964 	EXP 	window1: mouseVisible = False
4.8967 	EXP 	window1: mouseVisible = False
4.9011 	WARNING 	launchHubServer: If using the iohub mouse or eyetracker devices, fullScr should be True.
6.1738 	INFO 	keyboard.Keyboard is using iohub backend.
6.1738 	INFO 	keyboard.Keyboard is using iohub backend.
6.1738 	EXP 	Gratings_vis_devJG_v0.4: status = STARTED
6.1741 	EXP 	window1: mouseVisible = False
6.2014 	EXP 	Created text_waiting_message = TextStim(__class__=<class 'psychopy.visual.text.TextStim'>, alignHoriz=method-wrapper(...), alignText='center', alignVert=method-wrapper(...), anchorHoriz='center', anchorVert='center', antialias=True, autoDraw=False, autoLog=True, bold=False, color=array([1., 1., 1.]), colorSpace='rgb', contrast=1.0, depth=0.0, draggable=False, flipHoriz=False, flipVert=False, font='Arial', fontFiles=[], height=0.05, italic=False, languageStyle='LTR', name='text_waiting_message', opacity=1.0, ori=0.0, pos=array([0., 0.]), rgb=UNKNOWN, text=str(...), units='height', win=Window(...), wrapWidth=1)
6.2036 	EXP 	window1: mouseVisible = False
6.2045 	EXP 	Created stim_grayScreen = ImageStim(__class__=<class 'psychopy.visual.image.ImageStim'>, anchor=('center', 'center'), autoLog=True, color=array([0., 0., 0.]), colorSpace='rgb', contrast=1.0, depth=-1.0, draggable=False, flipHoriz=False, flipVert=False, image=None, interpolate=True, mask=None, maskParams=None, name='stim_grayScreen', opacity=1.0, ori=0.0, pos=array([0., 0.]), size=array([1., 1.]), texRes=128.0, units='height', win=Window(...))
6.2045 	EXP 	window1: mouseVisible = False
6.2051 	EXP 	Created stim_grating = GratingStim(__class__=<class 'psychopy.visual.grating.GratingStim'>, anchor='center', autoDraw=False, autoLog=True, blendmode='avg', color=array([1., 1., 1.]), colorSpace='rgb', contrast=1.0, depth=-2.0, draggable=False, interpolate=True, mask=None, maskParams=None, name='stim_grating', opacity=1.0, ori=1.0, phase=array([1., 1.]), pos=array([0., 0.]), rgbPedestal=array([0., 0., 0.]), sf=array([4., 4.]), size=array([2., 2.]), tex='sin', texRes=256.0, units='height', win=Window(...))
0.0255 	EXP 	window1: mouseVisible = True
0.0280 	DEBUG 	Saving data for Gratings_vis_devJG_v0.4 ExperimentHandler
0.0294 	INFO 	saved data to C:\dev\sipefield-gratings\PsychoPy\PsychoPy_visual_stimulus\data/01_Gratings_vis_devJG_v0.4_2024-07-16_15h42.24.907.psydat
0.0306 	INFO 	saved data to 'C:\\dev\\sipefield-gratings\\PsychoPy\\PsychoPy_visual_stimulus\\data/01_Gratings_vis_devJG_v0.4_2024-07-16_15h42.24.907.csv'
