5.4931 	DEBUG 	Fullscreen settings ignored as running in pilot mode.
5.4945 	INFO 	Loaded monitor calibration from ['2024_06_26 12:00']
5.6396 	EXP 	Created window1 = Window(allowGUI=True, allowStencil=False, autoLog=True, backendConf=UNKNOWN, backgroundFit=<method-wrapper '__getattribute__' of attributeSetter object at 0x000002A45F0A5D90>, backgroundImage=<method-wrapper '__getattribute__' of attributeSetter object at 0x000002A45F0A5D30>, bitsMode=UNKNOWN, blendMode='avg', bpc=(8, 8, 8), color=array([0, 0, 0]), colorSpace='rgb', depthBits=8, fullscr=<method-wrapper '__getattribute__' of attributeSetter object at 0x000002A45F0A5B80>, gamma=None, gammaErrorPolicy='raise', infoMsg=UNKNOWN, lms=UNKNOWN, monitor=<psychopy.monitors.calibTools.Monitor object at 0x000002A45FA6DFA0>, multiSample=False, name='window1', numSamples=2, pos=[560.0, 240.0], screen=1, size=array([800, 600]), stencilBits=0, stereo=False, title='PsychoPy', units='height', useFBO=True, useRetina=False, viewOri=0.0, viewPos=None, viewScale=None, waitBlanking=True, winType='pyglet')
5.6396 	EXP 	window1: backgroundImage = ''
5.6396 	EXP 	window1: backgroundFit = 'none'
5.6397 	EXP 	window1: mouseVisible = <method-wrapper '__getattribute__' of attributeSetter object at 0x000002A45F0A5EB0>
5.6398 	EXP 	window1: mouseVisible = <method-wrapper '__getattribute__' of attributeSetter object at 0x000002A45F0A5EB0>
5.6411 	EXP 	window1: mouseVisible = <method-wrapper '__getattribute__' of attributeSetter object at 0x000002A45F0A5EB0>
5.6414 	EXP 	window1: mouseVisible = <method-wrapper '__getattribute__' of attributeSetter object at 0x000002A45F0A5EB0>
5.6442 	DEBUG 	TextBox2 loaded 1 chars with 0 blanks and 1 valid
5.6451 	DEBUG 	TextBox2 loaded 1 chars with 0 blanks and 1 valid
5.6459 	DEBUG 	TextBox2 loaded 1 chars with 0 blanks and 1 valid
5.6469 	DEBUG 	TextBox2 loaded 1 chars with 0 blanks and 1 valid
5.6477 	DEBUG 	TextBox2 loaded 1 chars with 0 blanks and 1 valid
5.6488 	DEBUG 	TextBox2 loaded 1 chars with 0 blanks and 1 valid
5.6497 	DEBUG 	TextBox2 loaded 1 chars with 0 blanks and 1 valid
5.6507 	DEBUG 	TextBox2 loaded 1 chars with 0 blanks and 1 valid
5.6514 	DEBUG 	TextBox2 loaded 1 chars with 0 blanks and 1 valid
5.6520 	DEBUG 	TextBox2 loaded 1 chars with 0 blanks and 1 valid
5.6528 	DEBUG 	TextBox2 loaded 1 chars with 0 blanks and 1 valid
5.6536 	DEBUG 	TextBox2 loaded 1 chars with 0 blanks and 1 valid
5.6544 	DEBUG 	TextBox2 loaded 1 chars with 0 blanks and 1 valid
5.6553 	DEBUG 	TextBox2 loaded 1 chars with 0 blanks and 1 valid
5.6560 	DEBUG 	TextBox2 loaded 1 chars with 0 blanks and 1 valid
5.6569 	DEBUG 	TextBox2 loaded 1 chars with 0 blanks and 1 valid
5.6577 	DEBUG 	TextBox2 loaded 1 chars with 0 blanks and 1 valid
5.6583 	DEBUG 	TextBox2 loaded 1 chars with 0 blanks and 1 valid
5.6590 	DEBUG 	TextBox2 loaded 1 chars with 0 blanks and 1 valid
5.6599 	DEBUG 	TextBox2 loaded 1 chars with 0 blanks and 1 valid
5.6607 	DEBUG 	TextBox2 loaded 1 chars with 0 blanks and 1 valid
5.6611 	DEBUG 	Uploading Texture Font fontname to graphics card
5.6621 	DEBUG 	Upload of Texture Font fontname complete
5.6629 	EXP 	window1: mouseVisible = <method-wrapper '__getattribute__' of attributeSetter object at 0x000002A45F0A5EB0>
5.6630 	EXP 	window1: mouseVisible = <method-wrapper '__getattribute__' of attributeSetter object at 0x000002A45F0A5EB0>
5.6633 	EXP 	window1: mouseVisible = <method-wrapper '__getattribute__' of attributeSetter object at 0x000002A45F0A5EB0>
5.6636 	EXP 	window1: mouseVisible = <method-wrapper '__getattribute__' of attributeSetter object at 0x000002A45F0A5EB0>
5.6666 	DEBUG 	TextBox2 loaded 1 chars with 0 blanks and 1 valid
5.6675 	DEBUG 	TextBox2 loaded 1 chars with 0 blanks and 1 valid
5.6685 	DEBUG 	TextBox2 loaded 1 chars with 0 blanks and 1 valid
5.6687 	DEBUG 	Uploading Texture Font fontname to graphics card
5.6699 	DEBUG 	Upload of Texture Font fontname complete
5.6709 	EXP 	window1: Attempting to measure frame rate of screen (1) ...
5.6709 	EXP 	window1: recordFrameIntervals = False
5.8820 	EXP 	window1: recordFrameIntervals = True
6.0670 	EXP 	Screen (1) actual frame rate measured at 59.75Hz
6.0670 	EXP 	window1: recordFrameIntervals = False
6.0672 	EXP 	window1: mouseVisible = False
6.0676 	EXP 	window1: mouseVisible = False
6.0678 	EXP 	window1: mouseVisible = False
6.0684 	EXP 	window1: mouseVisible = False
6.0688 	EXP 	window1: mouseVisible = False
6.0720 	DEBUG 	TextBox2 loaded 1 chars with 0 blanks and 1 valid
6.0730 	DEBUG 	TextBox2 loaded 1 chars with 0 blanks and 1 valid
6.0741 	DEBUG 	TextBox2 loaded 1 chars with 0 blanks and 1 valid
6.0752 	DEBUG 	TextBox2 loaded 1 chars with 0 blanks and 1 valid
6.0768 	DEBUG 	TextBox2 loaded 1 chars with 0 blanks and 1 valid
6.0782 	DEBUG 	TextBox2 loaded 1 chars with 0 blanks and 1 valid
6.0791 	DEBUG 	TextBox2 loaded 1 chars with 0 blanks and 1 valid
6.0802 	DEBUG 	TextBox2 loaded 1 chars with 0 blanks and 1 valid
6.0813 	DEBUG 	TextBox2 loaded 1 chars with 0 blanks and 1 valid
6.0825 	DEBUG 	TextBox2 loaded 1 chars with 0 blanks and 1 valid
6.0828 	DEBUG 	Uploading Texture Font fontname to graphics card
6.0837 	DEBUG 	Upload of Texture Font fontname complete
6.0846 	EXP 	window1: mouseVisible = False
6.0848 	EXP 	window1: mouseVisible = False
6.0856 	EXP 	window1: mouseVisible = False
6.0860 	EXP 	window1: mouseVisible = False
6.0993 	WARNING 	launchHubServer: If using the iohub mouse or eyetracker devices, fullScr should be True.
8.1707 	INFO 	keyboard.Keyboard is using iohub backend.
8.1707 	INFO 	keyboard.Keyboard is using iohub backend.
8.1707 	EXP 	Gratings_vis_devJG_v0.4: status = STARTED
8.1709 	EXP 	window1: mouseVisible = False
8.2076 	EXP 	Created text_waiting_message = TextStim(__class__=<class 'psychopy.visual.text.TextStim'>, alignHoriz=method-wrapper(...), alignText='center', alignVert=method-wrapper(...), anchorHoriz='center', anchorVert='center', antialias=True, autoDraw=False, autoLog=True, bold=False, color=array([1., 1., 1.]), colorSpace='rgb', contrast=1.0, depth=0.0, draggable=False, flipHoriz=False, flipVert=False, font='Arial', fontFiles=[], height=0.05, italic=False, languageStyle='LTR', name='text_waiting_message', opacity=1.0, ori=0.0, pos=array([0., 0.]), rgb=UNKNOWN, text=str(...), units='height', win=Window(...), wrapWidth=1)
8.2083 	EXP 	window1: mouseVisible = False
8.2092 	EXP 	Created stim_grayScreen = ImageStim(__class__=<class 'psychopy.visual.image.ImageStim'>, anchor=('center', 'center'), autoLog=True, color=array([0., 0., 0.]), colorSpace='rgb', contrast=1.0, depth=-1.0, draggable=False, flipHoriz=False, flipVert=False, image=None, interpolate=True, mask=None, maskParams=None, name='stim_grayScreen', opacity=1.0, ori=0.0, pos=array([0., 0.]), size=array([1., 1.]), texRes=128.0, units='height', win=Window(...))
8.2093 	EXP 	window1: mouseVisible = False
8.2103 	EXP 	Created stim_grating = GratingStim(__class__=<class 'psychopy.visual.grating.GratingStim'>, anchor='center', autoDraw=False, autoLog=True, blendmode='avg', color=array([1., 1., 1.]), colorSpace='rgb', contrast=1.0, depth=-2.0, draggable=False, interpolate=True, mask=None, maskParams=None, name='stim_grating', opacity=1.0, ori=1.0, phase=array([1., 1.]), pos=array([0., 0.]), rgbPedestal=array([0., 0., 0.]), sf=array([4., 4.]), size=array([2., 2.]), tex='sin', texRes=256.0, units='height', win=Window(...))
8.2240 	EXP 	window1: mouseVisible = True
8.2260 	DEBUG 	Saving data for Gratings_vis_devJG_v0.4 ExperimentHandler
8.2272 	INFO 	saved data to C:\dev\sipefield-gratings\PsychoPy\PsychoPy_visual_stimulus\data/01_Gratings_vis_devJG_v0.4_2024-07-16_14h56.08.084.psydat
8.2280 	INFO 	saved data to 'C:\\dev\\sipefield-gratings\\PsychoPy\\PsychoPy_visual_stimulus\\data/01_Gratings_vis_devJG_v0.4_2024-07-16_14h56.08.084.csv'
