4.1810 	DEBUG 	Fullscreen settings ignored as running in pilot mode.
4.1823 	INFO 	Loaded monitor calibration from ['2024_06_26 12:00']
4.3563 	EXP 	Created window1 = Window(allowGUI=True, allowStencil=False, autoLog=True, backendConf=UNKNOWN, backgroundFit=<method-wrapper '__getattribute__' of attributeSetter object at 0x0000018EEC60BA90>, backgroundImage=<method-wrapper '__getattribute__' of attributeSetter object at 0x0000018EEC60BA30>, bitsMode=UNKNOWN, blendMode='avg', bpc=(8, 8, 8), color=array([0, 0, 0]), colorSpace='rgb', depthBits=8, fullscr=<method-wrapper '__getattribute__' of attributeSetter object at 0x0000018EEC60B880>, gamma=None, gammaErrorPolicy='raise', infoMsg=UNKNOWN, lms=UNKNOWN, monitor=<psychopy.monitors.calibTools.Monitor object at 0x0000018EED98F250>, multiSample=False, name='window1', numSamples=2, pos=[560.0, 240.0], screen=1, size=array([800, 600]), stencilBits=0, stereo=False, title='PsychoPy', units='height', useFBO=True, useRetina=False, viewOri=0.0, viewPos=None, viewScale=None, waitBlanking=True, winType='pyglet')
4.3563 	EXP 	window1: backgroundImage = ''
4.3563 	EXP 	window1: backgroundFit = 'none'
4.3565 	EXP 	window1: mouseVisible = <method-wrapper '__getattribute__' of attributeSetter object at 0x0000018EEC60BBB0>
4.3566 	EXP 	window1: mouseVisible = <method-wrapper '__getattribute__' of attributeSetter object at 0x0000018EEC60BBB0>
4.3578 	EXP 	window1: mouseVisible = <method-wrapper '__getattribute__' of attributeSetter object at 0x0000018EEC60BBB0>
4.3581 	EXP 	window1: mouseVisible = <method-wrapper '__getattribute__' of attributeSetter object at 0x0000018EEC60BBB0>
4.3607 	DEBUG 	TextBox2 loaded 1 chars with 0 blanks and 1 valid
4.3615 	DEBUG 	TextBox2 loaded 1 chars with 0 blanks and 1 valid
4.3623 	DEBUG 	TextBox2 loaded 1 chars with 0 blanks and 1 valid
4.3632 	DEBUG 	TextBox2 loaded 1 chars with 0 blanks and 1 valid
4.3641 	DEBUG 	TextBox2 loaded 1 chars with 0 blanks and 1 valid
4.3647 	DEBUG 	TextBox2 loaded 1 chars with 0 blanks and 1 valid
4.3655 	DEBUG 	TextBox2 loaded 1 chars with 0 blanks and 1 valid
4.3665 	DEBUG 	TextBox2 loaded 1 chars with 0 blanks and 1 valid
4.3671 	DEBUG 	TextBox2 loaded 1 chars with 0 blanks and 1 valid
4.3677 	DEBUG 	TextBox2 loaded 1 chars with 0 blanks and 1 valid
4.3685 	DEBUG 	TextBox2 loaded 1 chars with 0 blanks and 1 valid
4.3693 	DEBUG 	TextBox2 loaded 1 chars with 0 blanks and 1 valid
4.3700 	DEBUG 	TextBox2 loaded 1 chars with 0 blanks and 1 valid
4.3708 	DEBUG 	TextBox2 loaded 1 chars with 0 blanks and 1 valid
4.3715 	DEBUG 	TextBox2 loaded 1 chars with 0 blanks and 1 valid
4.3723 	DEBUG 	TextBox2 loaded 1 chars with 0 blanks and 1 valid
4.3731 	DEBUG 	TextBox2 loaded 1 chars with 0 blanks and 1 valid
4.3737 	DEBUG 	TextBox2 loaded 1 chars with 0 blanks and 1 valid
4.3744 	DEBUG 	TextBox2 loaded 1 chars with 0 blanks and 1 valid
4.3752 	DEBUG 	TextBox2 loaded 1 chars with 0 blanks and 1 valid
4.3759 	DEBUG 	TextBox2 loaded 1 chars with 0 blanks and 1 valid
4.3762 	DEBUG 	Uploading Texture Font fontname to graphics card
4.3771 	DEBUG 	Upload of Texture Font fontname complete
4.3779 	EXP 	window1: mouseVisible = <method-wrapper '__getattribute__' of attributeSetter object at 0x0000018EEC60BBB0>
4.3780 	EXP 	window1: mouseVisible = <method-wrapper '__getattribute__' of attributeSetter object at 0x0000018EEC60BBB0>
4.3783 	EXP 	window1: mouseVisible = <method-wrapper '__getattribute__' of attributeSetter object at 0x0000018EEC60BBB0>
4.3786 	EXP 	window1: mouseVisible = <method-wrapper '__getattribute__' of attributeSetter object at 0x0000018EEC60BBB0>
4.3806 	DEBUG 	TextBox2 loaded 1 chars with 0 blanks and 1 valid
4.3815 	DEBUG 	TextBox2 loaded 1 chars with 0 blanks and 1 valid
4.3825 	DEBUG 	TextBox2 loaded 1 chars with 0 blanks and 1 valid
4.3826 	DEBUG 	Uploading Texture Font fontname to graphics card
4.3835 	DEBUG 	Upload of Texture Font fontname complete
4.3845 	EXP 	window1: Attempting to measure frame rate of screen (1) ...
4.3845 	EXP 	window1: recordFrameIntervals = False
4.5853 	EXP 	window1: recordFrameIntervals = True
4.7687 	EXP 	Screen (1) actual frame rate measured at 59.35Hz
4.7687 	EXP 	window1: recordFrameIntervals = False
4.7688 	EXP 	window1: mouseVisible = False
4.7696 	EXP 	window1: mouseVisible = False
4.7699 	EXP 	window1: mouseVisible = False
4.7713 	EXP 	window1: mouseVisible = False
4.7724 	EXP 	window1: mouseVisible = False
4.7774 	DEBUG 	TextBox2 loaded 1 chars with 0 blanks and 1 valid
4.7789 	DEBUG 	TextBox2 loaded 1 chars with 0 blanks and 1 valid
4.7809 	DEBUG 	TextBox2 loaded 1 chars with 0 blanks and 1 valid
4.7827 	DEBUG 	TextBox2 loaded 1 chars with 0 blanks and 1 valid
4.7846 	DEBUG 	TextBox2 loaded 1 chars with 0 blanks and 1 valid
4.7864 	DEBUG 	TextBox2 loaded 1 chars with 0 blanks and 1 valid
4.7877 	DEBUG 	TextBox2 loaded 1 chars with 0 blanks and 1 valid
4.7893 	DEBUG 	TextBox2 loaded 1 chars with 0 blanks and 1 valid
4.7910 	DEBUG 	TextBox2 loaded 1 chars with 0 blanks and 1 valid
4.7927 	DEBUG 	TextBox2 loaded 1 chars with 0 blanks and 1 valid
4.7931 	DEBUG 	Uploading Texture Font fontname to graphics card
4.7939 	DEBUG 	Upload of Texture Font fontname complete
4.7955 	EXP 	window1: mouseVisible = False
4.7957 	EXP 	window1: mouseVisible = False
4.7964 	EXP 	window1: mouseVisible = False
4.7970 	EXP 	window1: mouseVisible = False
4.8052 	WARNING 	launchHubServer: If using the iohub mouse or eyetracker devices, fullScr should be True.
6.1932 	INFO 	keyboard.Keyboard is using iohub backend.
6.1933 	INFO 	keyboard.Keyboard is using iohub backend.
6.1933 	EXP 	Gratings_vis_devJG_v0.4: status = STARTED
6.1935 	EXP 	window1: mouseVisible = False
6.2321 	EXP 	Created text_waiting_message = TextStim(__class__=<class 'psychopy.visual.text.TextStim'>, alignHoriz=method-wrapper(...), alignText='center', alignVert=method-wrapper(...), anchorHoriz='center', anchorVert='center', antialias=True, autoDraw=False, autoLog=True, bold=False, color=array([1., 1., 1.]), colorSpace='rgb', contrast=1.0, depth=0.0, draggable=False, flipHoriz=False, flipVert=False, font='Arial', fontFiles=[], height=0.05, italic=False, languageStyle='LTR', name='text_waiting_message', opacity=1.0, ori=0.0, pos=array([0., 0.]), rgb=UNKNOWN, text=str(...), units='height', win=Window(...), wrapWidth=1)
6.2322 	EXP 	window1: mouseVisible = False
6.2330 	EXP 	Created stim_grayScreen = ImageStim(__class__=<class 'psychopy.visual.image.ImageStim'>, anchor=('center', 'center'), autoLog=True, color=array([0., 0., 0.]), colorSpace='rgb', contrast=1.0, depth=-1.0, draggable=False, flipHoriz=False, flipVert=False, image=None, interpolate=True, mask=None, maskParams=None, name='stim_grayScreen', opacity=1.0, ori=0.0, pos=array([0., 0.]), size=array([1., 1.]), texRes=128.0, units='height', win=Window(...))
6.2330 	EXP 	window1: mouseVisible = False
6.2340 	EXP 	Created stim_grating = GratingStim(__class__=<class 'psychopy.visual.grating.GratingStim'>, anchor='center', autoDraw=False, autoLog=True, blendmode='avg', color=array([1., 1., 1.]), colorSpace='rgb', contrast=1.0, depth=-2.0, draggable=False, interpolate=True, mask=None, maskParams=None, name='stim_grating', opacity=1.0, ori=1.0, phase=array([1., 1.]), pos=array([0., 0.]), rgbPedestal=array([0., 0., 0.]), sf=array([4., 4.]), size=array([2., 2.]), tex='sin', texRes=256.0, units='height', win=Window(...))
0.0361 	INFO 	Keyboard events cleared
0.0359 	EXP 	text_waiting_message: autoDraw = True
1.6748 	DATA 	Keypress: lwindows
1.8392 	DATA 	Keypress: lshift
1.9544 	EXP 	Created sequence: sequential, trialTypes=1, nReps=3, seed=None
1.9545 	EXP 	New trial (rep=0, index=0): None
1.9732 	EXP 	text_waiting_message: autoDraw = False
1.9732 	EXP 	stim_grating: ori = 0.0
1.9732 	EXP 	stim_grayScreen: autoDraw = True
2.0401 	DATA 	Keypress: left
4.9565 	EXP 	stim_grating: autoDraw = True
4.9565 	EXP 	stim_grating: tex = 'sin'
6.9589 	EXP 	New trial (rep=1, index=0): None
6.9736 	EXP 	stim_grayScreen: autoDraw = False
6.9736 	EXP 	stim_grating: autoDraw = False
6.9736 	EXP 	stim_grating: ori = 45.0
6.9736 	EXP 	stim_grayScreen: autoDraw = True
9.9607 	EXP 	stim_grating: autoDraw = True
11.9653 	EXP 	New trial (rep=2, index=0): None
11.9781 	EXP 	stim_grayScreen: autoDraw = False
11.9781 	EXP 	stim_grating: autoDraw = False
11.9781 	EXP 	stim_grating: ori = 90.0
11.9781 	EXP 	stim_grayScreen: autoDraw = True
14.9646 	EXP 	stim_grating: autoDraw = True
16.9886 	INFO 	saved data to C:\dev\sipefield-gratings\PsychoPy\PsychoPy_visual_stimulus\data/01_Gratings_vis_devJG_v0.4_2024-07-16_17h08.13.963trials.csv
17.1005 	EXP 	stim_grayScreen: autoDraw = False
17.1005 	EXP 	stim_grating: autoDraw = False
17.1080 	EXP 	Gratings_vis_devJG_v0.4: status = STOPPED
17.1501 	INFO 	saved data to 'C:\\dev\\sipefield-gratings\\PsychoPy\\PsychoPy_visual_stimulus\\data/01_Gratings_vis_devJG_v0.4_2024-07-16_17h08.13.963.csv'
17.1512 	INFO 	saved data to C:\dev\sipefield-gratings\PsychoPy\PsychoPy_visual_stimulus\data/01_Gratings_vis_devJG_v0.4_2024-07-16_17h08.13.963.psydat
17.1888 	EXP 	window1: mouseVisible = True
17.3217 	DEBUG 	Saving data for Gratings_vis_devJG_v0.4 ExperimentHandler
