4.1463 	DEBUG 	Fullscreen settings ignored as running in pilot mode.
4.1474 	INFO 	Loaded monitor calibration from ['2024_06_26 12:00']
4.2751 	EXP 	Created window1 = Window(allowGUI=True, allowStencil=False, autoLog=True, backendConf=UNKNOWN, backgroundFit=<method-wrapper '__getattribute__' of attributeSetter object at 0x000001CB9DA0BA60>, backgroundImage=<method-wrapper '__getattribute__' of attributeSetter object at 0x000001CB9DA0BA00>, bitsMode=UNKNOWN, blendMode='avg', bpc=(8, 8, 8), color=array([0, 0, 0]), colorSpace='rgb', depthBits=8, fullscr=<method-wrapper '__getattribute__' of attributeSetter object at 0x000001CB9DA0B850>, gamma=None, gammaErrorPolicy='raise', infoMsg=UNKNOWN, lms=UNKNOWN, monitor=<psychopy.monitors.calibTools.Monitor object at 0x000001CB9ED89F70>, multiSample=False, name='window1', numSamples=2, pos=[560.0, 240.0], screen=1, size=array([800, 600]), stencilBits=0, stereo=False, title='PsychoPy', units='height', useFBO=True, useRetina=False, viewOri=0.0, viewPos=None, viewScale=None, waitBlanking=True, winType='pyglet')
4.2752 	EXP 	window1: backgroundImage = ''
4.2752 	EXP 	window1: backgroundFit = 'none'
4.2753 	EXP 	window1: mouseVisible = <method-wrapper '__getattribute__' of attributeSetter object at 0x000001CB9DA0BB80>
4.2754 	EXP 	window1: mouseVisible = <method-wrapper '__getattribute__' of attributeSetter object at 0x000001CB9DA0BB80>
4.2767 	EXP 	window1: mouseVisible = <method-wrapper '__getattribute__' of attributeSetter object at 0x000001CB9DA0BB80>
4.2771 	EXP 	window1: mouseVisible = <method-wrapper '__getattribute__' of attributeSetter object at 0x000001CB9DA0BB80>
4.2798 	DEBUG 	TextBox2 loaded 1 chars with 0 blanks and 1 valid
4.2806 	DEBUG 	TextBox2 loaded 1 chars with 0 blanks and 1 valid
4.2815 	DEBUG 	TextBox2 loaded 1 chars with 0 blanks and 1 valid
4.2824 	DEBUG 	TextBox2 loaded 1 chars with 0 blanks and 1 valid
4.2833 	DEBUG 	TextBox2 loaded 1 chars with 0 blanks and 1 valid
4.2839 	DEBUG 	TextBox2 loaded 1 chars with 0 blanks and 1 valid
4.2847 	DEBUG 	TextBox2 loaded 1 chars with 0 blanks and 1 valid
4.2856 	DEBUG 	TextBox2 loaded 1 chars with 0 blanks and 1 valid
4.2861 	DEBUG 	TextBox2 loaded 1 chars with 0 blanks and 1 valid
4.2867 	DEBUG 	TextBox2 loaded 1 chars with 0 blanks and 1 valid
4.2874 	DEBUG 	TextBox2 loaded 1 chars with 0 blanks and 1 valid
4.2882 	DEBUG 	TextBox2 loaded 1 chars with 0 blanks and 1 valid
4.2890 	DEBUG 	TextBox2 loaded 1 chars with 0 blanks and 1 valid
4.2898 	DEBUG 	TextBox2 loaded 1 chars with 0 blanks and 1 valid
4.2906 	DEBUG 	TextBox2 loaded 1 chars with 0 blanks and 1 valid
4.2913 	DEBUG 	TextBox2 loaded 1 chars with 0 blanks and 1 valid
4.2921 	DEBUG 	TextBox2 loaded 1 chars with 0 blanks and 1 valid
4.2927 	DEBUG 	TextBox2 loaded 1 chars with 0 blanks and 1 valid
4.2934 	DEBUG 	TextBox2 loaded 1 chars with 0 blanks and 1 valid
4.2942 	DEBUG 	TextBox2 loaded 1 chars with 0 blanks and 1 valid
4.2949 	DEBUG 	TextBox2 loaded 1 chars with 0 blanks and 1 valid
4.2952 	DEBUG 	Uploading Texture Font fontname to graphics card
4.2961 	DEBUG 	Upload of Texture Font fontname complete
4.2969 	EXP 	window1: mouseVisible = <method-wrapper '__getattribute__' of attributeSetter object at 0x000001CB9DA0BB80>
4.2970 	EXP 	window1: mouseVisible = <method-wrapper '__getattribute__' of attributeSetter object at 0x000001CB9DA0BB80>
4.2973 	EXP 	window1: mouseVisible = <method-wrapper '__getattribute__' of attributeSetter object at 0x000001CB9DA0BB80>
4.2975 	EXP 	window1: mouseVisible = <method-wrapper '__getattribute__' of attributeSetter object at 0x000001CB9DA0BB80>
4.2996 	DEBUG 	TextBox2 loaded 1 chars with 0 blanks and 1 valid
4.3005 	DEBUG 	TextBox2 loaded 1 chars with 0 blanks and 1 valid
4.3014 	DEBUG 	TextBox2 loaded 1 chars with 0 blanks and 1 valid
4.3016 	DEBUG 	Uploading Texture Font fontname to graphics card
4.3024 	DEBUG 	Upload of Texture Font fontname complete
4.3034 	EXP 	window1: Attempting to measure frame rate of screen (1) ...
4.3034 	EXP 	window1: recordFrameIntervals = False
4.5077 	EXP 	window1: recordFrameIntervals = True
4.6898 	EXP 	Screen (1) actual frame rate measured at 60.07Hz
4.6898 	EXP 	window1: recordFrameIntervals = False
4.6900 	EXP 	window1: mouseVisible = False
4.6903 	EXP 	window1: mouseVisible = False
4.6905 	EXP 	window1: mouseVisible = False
4.6914 	EXP 	window1: mouseVisible = False
4.6921 	EXP 	window1: mouseVisible = False
4.6969 	DEBUG 	TextBox2 loaded 1 chars with 0 blanks and 1 valid
4.6983 	DEBUG 	TextBox2 loaded 1 chars with 0 blanks and 1 valid
4.6999 	DEBUG 	TextBox2 loaded 1 chars with 0 blanks and 1 valid
4.7017 	DEBUG 	TextBox2 loaded 1 chars with 0 blanks and 1 valid
4.7034 	DEBUG 	TextBox2 loaded 1 chars with 0 blanks and 1 valid
4.7052 	DEBUG 	TextBox2 loaded 1 chars with 0 blanks and 1 valid
4.7066 	DEBUG 	TextBox2 loaded 1 chars with 0 blanks and 1 valid
4.7083 	DEBUG 	TextBox2 loaded 1 chars with 0 blanks and 1 valid
4.7101 	DEBUG 	TextBox2 loaded 1 chars with 0 blanks and 1 valid
4.7119 	DEBUG 	TextBox2 loaded 1 chars with 0 blanks and 1 valid
4.7123 	DEBUG 	Uploading Texture Font fontname to graphics card
4.7132 	DEBUG 	Upload of Texture Font fontname complete
4.7149 	EXP 	window1: mouseVisible = False
4.7150 	EXP 	window1: mouseVisible = False
4.7157 	EXP 	window1: mouseVisible = False
4.7164 	EXP 	window1: mouseVisible = False
4.7247 	WARNING 	launchHubServer: If using the iohub mouse or eyetracker devices, fullScr should be True.
6.0888 	INFO 	keyboard.Keyboard is using iohub backend.
6.0888 	INFO 	keyboard.Keyboard is using iohub backend.
6.0888 	EXP 	Gratings_vis_devJG_v0.4: status = STARTED
6.0890 	EXP 	window1: mouseVisible = False
6.1135 	EXP 	Created text_waiting_message = TextStim(__class__=<class 'psychopy.visual.text.TextStim'>, alignHoriz=method-wrapper(...), alignText='center', alignVert=method-wrapper(...), anchorHoriz='center', anchorVert='center', antialias=True, autoDraw=False, autoLog=True, bold=False, color=array([1., 1., 1.]), colorSpace='rgb', contrast=1.0, depth=0.0, draggable=False, flipHoriz=False, flipVert=False, font='Arial', fontFiles=[], height=0.05, italic=False, languageStyle='LTR', name='text_waiting_message', opacity=1.0, ori=0.0, pos=array([0., 0.]), rgb=UNKNOWN, text=str(...), units='height', win=Window(...), wrapWidth=1)
6.1150 	EXP 	window1: mouseVisible = False
6.1159 	EXP 	Created stim_grayScreen = ImageStim(__class__=<class 'psychopy.visual.image.ImageStim'>, anchor=('center', 'center'), autoLog=True, color=array([0., 0., 0.]), colorSpace='rgb', contrast=1.0, depth=-1.0, draggable=False, flipHoriz=False, flipVert=False, image=None, interpolate=True, mask=None, maskParams=None, name='stim_grayScreen', opacity=1.0, ori=0.0, pos=array([0., 0.]), size=array([1., 1.]), texRes=128.0, units='height', win=Window(...))
6.1159 	EXP 	window1: mouseVisible = False
6.1166 	EXP 	Created stim_grating = GratingStim(__class__=<class 'psychopy.visual.grating.GratingStim'>, anchor='center', autoDraw=False, autoLog=True, blendmode='avg', color=array([1., 1., 1.]), colorSpace='rgb', contrast=1.0, depth=-2.0, draggable=False, interpolate=True, mask=None, maskParams=None, name='stim_grating', opacity=1.0, ori=1.0, phase=array([1., 1.]), pos=array([0., 0.]), rgbPedestal=array([0., 0., 0.]), sf=array([4., 4.]), size=array([2., 2.]), tex='sin', texRes=256.0, units='height', win=Window(...))
0.0262 	INFO 	Keyboard events cleared
0.0260 	EXP 	text_waiting_message: autoDraw = True
6.1894 	EXP 	window1: mouseVisible = True
6.1903 	DEBUG 	Saving data for Gratings_vis_devJG_v0.4 ExperimentHandler
6.1910 	INFO 	saved data to C:\dev\sipefield-gratings\PsychoPy\PsychoPy_visual_stimulus\data/01_Gratings_vis_devJG_v0.4_2024-07-16_15h24.56.907.psydat
6.1918 	INFO 	saved data to 'C:\\dev\\sipefield-gratings\\PsychoPy\\PsychoPy_visual_stimulus\\data/01_Gratings_vis_devJG_v0.4_2024-07-16_15h24.56.907.csv'
