5.3108 	DEBUG 	Fullscreen settings ignored as running in pilot mode.
5.3116 	INFO 	Loaded monitor calibration from ['2024_06_26 12:00']
5.4366 	EXP 	Created window1 = Window(allowGUI=True, allowStencil=False, autoLog=True, backendConf=UNKNOWN, backgroundFit=<method-wrapper '__getattribute__' of attributeSetter object at 0x0000019FDAEAAA90>, backgroundImage=<method-wrapper '__getattribute__' of attributeSetter object at 0x0000019FDAEAAA30>, bitsMode=UNKNOWN, blendMode='avg', bpc=(8, 8, 8), color=array([0, 0, 0]), colorSpace='rgb', depthBits=8, fullscr=<method-wrapper '__getattribute__' of attributeSetter object at 0x0000019FDAEAA880>, gamma=None, gammaErrorPolicy='raise', infoMsg=UNKNOWN, lms=UNKNOWN, monitor=<psychopy.monitors.calibTools.Monitor object at 0x0000019FDC22F250>, multiSample=False, name='window1', numSamples=2, pos=[560.0, 240.0], screen=1, size=array([800, 600]), stencilBits=0, stereo=False, title='PsychoPy', units='height', useFBO=True, useRetina=False, viewOri=0.0, viewPos=None, viewScale=None, waitBlanking=True, winType='pyglet')
5.4367 	EXP 	window1: backgroundImage = ''
5.4367 	EXP 	window1: backgroundFit = 'none'
5.4368 	EXP 	window1: mouseVisible = <method-wrapper '__getattribute__' of attributeSetter object at 0x0000019FDAEAABB0>
5.4369 	EXP 	window1: mouseVisible = <method-wrapper '__getattribute__' of attributeSetter object at 0x0000019FDAEAABB0>
5.4381 	EXP 	window1: mouseVisible = <method-wrapper '__getattribute__' of attributeSetter object at 0x0000019FDAEAABB0>
5.4385 	EXP 	window1: mouseVisible = <method-wrapper '__getattribute__' of attributeSetter object at 0x0000019FDAEAABB0>
5.4413 	DEBUG 	TextBox2 loaded 1 chars with 0 blanks and 1 valid
5.4421 	DEBUG 	TextBox2 loaded 1 chars with 0 blanks and 1 valid
5.4429 	DEBUG 	TextBox2 loaded 1 chars with 0 blanks and 1 valid
5.4438 	DEBUG 	TextBox2 loaded 1 chars with 0 blanks and 1 valid
5.4447 	DEBUG 	TextBox2 loaded 1 chars with 0 blanks and 1 valid
5.4454 	DEBUG 	TextBox2 loaded 1 chars with 0 blanks and 1 valid
5.4461 	DEBUG 	TextBox2 loaded 1 chars with 0 blanks and 1 valid
5.4471 	DEBUG 	TextBox2 loaded 1 chars with 0 blanks and 1 valid
5.4477 	DEBUG 	TextBox2 loaded 1 chars with 0 blanks and 1 valid
5.4485 	DEBUG 	TextBox2 loaded 1 chars with 0 blanks and 1 valid
5.4494 	DEBUG 	TextBox2 loaded 1 chars with 0 blanks and 1 valid
5.4503 	DEBUG 	TextBox2 loaded 1 chars with 0 blanks and 1 valid
5.4510 	DEBUG 	TextBox2 loaded 1 chars with 0 blanks and 1 valid
5.4518 	DEBUG 	TextBox2 loaded 1 chars with 0 blanks and 1 valid
5.4526 	DEBUG 	TextBox2 loaded 1 chars with 0 blanks and 1 valid
5.4534 	DEBUG 	TextBox2 loaded 1 chars with 0 blanks and 1 valid
5.4543 	DEBUG 	TextBox2 loaded 1 chars with 0 blanks and 1 valid
5.4551 	DEBUG 	TextBox2 loaded 1 chars with 0 blanks and 1 valid
5.4558 	DEBUG 	TextBox2 loaded 1 chars with 0 blanks and 1 valid
5.4567 	DEBUG 	TextBox2 loaded 1 chars with 0 blanks and 1 valid
5.4573 	DEBUG 	TextBox2 loaded 1 chars with 0 blanks and 1 valid
5.4577 	DEBUG 	Uploading Texture Font fontname to graphics card
5.4596 	DEBUG 	Upload of Texture Font fontname complete
5.4605 	EXP 	window1: mouseVisible = <method-wrapper '__getattribute__' of attributeSetter object at 0x0000019FDAEAABB0>
5.4606 	EXP 	window1: mouseVisible = <method-wrapper '__getattribute__' of attributeSetter object at 0x0000019FDAEAABB0>
5.4609 	EXP 	window1: mouseVisible = <method-wrapper '__getattribute__' of attributeSetter object at 0x0000019FDAEAABB0>
5.4612 	EXP 	window1: mouseVisible = <method-wrapper '__getattribute__' of attributeSetter object at 0x0000019FDAEAABB0>
5.4634 	DEBUG 	TextBox2 loaded 1 chars with 0 blanks and 1 valid
5.4644 	DEBUG 	TextBox2 loaded 1 chars with 0 blanks and 1 valid
5.4654 	DEBUG 	TextBox2 loaded 1 chars with 0 blanks and 1 valid
5.4655 	DEBUG 	Uploading Texture Font fontname to graphics card
5.4664 	DEBUG 	Upload of Texture Font fontname complete
5.4674 	EXP 	window1: Attempting to measure frame rate of screen (1) ...
5.4675 	EXP 	window1: recordFrameIntervals = False
5.6764 	EXP 	window1: recordFrameIntervals = True
5.9464 	WARNING 	t of last frame was 23.11ms (=1/43)
6.1239 	EXP 	Screen (1) actual frame rate measured at 59.81Hz
6.1239 	EXP 	window1: recordFrameIntervals = False
6.1241 	EXP 	window1: mouseVisible = False
6.1245 	EXP 	window1: mouseVisible = False
6.1246 	EXP 	window1: mouseVisible = False
6.1250 	EXP 	window1: mouseVisible = False
6.1253 	EXP 	window1: mouseVisible = False
6.1277 	DEBUG 	TextBox2 loaded 1 chars with 0 blanks and 1 valid
6.1285 	DEBUG 	TextBox2 loaded 1 chars with 0 blanks and 1 valid
6.1294 	DEBUG 	TextBox2 loaded 1 chars with 0 blanks and 1 valid
6.1303 	DEBUG 	TextBox2 loaded 1 chars with 0 blanks and 1 valid
6.1316 	DEBUG 	TextBox2 loaded 1 chars with 0 blanks and 1 valid
6.1326 	DEBUG 	TextBox2 loaded 1 chars with 0 blanks and 1 valid
6.1333 	DEBUG 	TextBox2 loaded 1 chars with 0 blanks and 1 valid
6.1342 	DEBUG 	TextBox2 loaded 1 chars with 0 blanks and 1 valid
6.1351 	DEBUG 	TextBox2 loaded 1 chars with 0 blanks and 1 valid
6.1360 	DEBUG 	TextBox2 loaded 1 chars with 0 blanks and 1 valid
6.1362 	DEBUG 	Uploading Texture Font fontname to graphics card
6.1371 	DEBUG 	Upload of Texture Font fontname complete
6.1380 	EXP 	window1: mouseVisible = False
6.1380 	EXP 	window1: mouseVisible = False
6.1383 	EXP 	window1: mouseVisible = False
6.1386 	EXP 	window1: mouseVisible = False
6.1430 	WARNING 	launchHubServer: If using the iohub mouse or eyetracker devices, fullScr should be True.
7.4256 	INFO 	keyboard.Keyboard is using iohub backend.
7.4256 	INFO 	keyboard.Keyboard is using iohub backend.
7.4256 	EXP 	Gratings_vis_devJG_v0.4: status = STARTED
7.4259 	EXP 	window1: mouseVisible = False
7.4589 	EXP 	Created text_waiting_message = TextStim(__class__=<class 'psychopy.visual.text.TextStim'>, alignHoriz=method-wrapper(...), alignText='center', alignVert=method-wrapper(...), anchorHoriz='center', anchorVert='center', antialias=True, autoDraw=False, autoLog=True, bold=False, color=array([1., 1., 1.]), colorSpace='rgb', contrast=1.0, depth=0.0, draggable=False, flipHoriz=False, flipVert=False, font='Arial', fontFiles=[], height=0.05, italic=False, languageStyle='LTR', name='text_waiting_message', opacity=1.0, ori=0.0, pos=array([0., 0.]), rgb=UNKNOWN, text=str(...), units='height', win=Window(...), wrapWidth=1)
7.4590 	EXP 	window1: mouseVisible = False
7.4598 	EXP 	Created stim_grayScreen = ImageStim(__class__=<class 'psychopy.visual.image.ImageStim'>, anchor=('center', 'center'), autoLog=True, color=array([0., 0., 0.]), colorSpace='rgb', contrast=1.0, depth=-1.0, draggable=False, flipHoriz=False, flipVert=False, image=None, interpolate=True, mask=None, maskParams=None, name='stim_grayScreen', opacity=1.0, ori=0.0, pos=array([0., 0.]), size=array([1., 1.]), texRes=128.0, units='height', win=Window(...))
7.4599 	EXP 	window1: mouseVisible = False
7.4605 	EXP 	Created stim_grating = GratingStim(__class__=<class 'psychopy.visual.grating.GratingStim'>, anchor='center', autoDraw=False, autoLog=True, blendmode='avg', color=array([1., 1., 1.]), colorSpace='rgb', contrast=1.0, depth=-2.0, draggable=False, interpolate=True, mask=None, maskParams=None, name='stim_grating', opacity=1.0, ori=1.0, phase=array([1., 1.]), pos=array([0., 0.]), rgbPedestal=array([0., 0., 0.]), sf=array([4., 4.]), size=array([2., 2.]), tex='sin', texRes=256.0, units='height', win=Window(...))
0.0627 	INFO 	Keyboard events cleared
0.0626 	EXP 	text_waiting_message: autoDraw = True
1.6412 	DATA 	Keypress: lwindows
1.7696 	EXP 	Created sequence: sequential, trialTypes=1, nReps=3, seed=None
1.7698 	EXP 	New trial (rep=0, index=0): None
1.7705 	DATA 	Keypress: lshift
1.7842 	EXP 	text_waiting_message: autoDraw = False
1.7842 	EXP 	stim_grating: ori = 0.0
1.7842 	EXP 	stim_grayScreen: autoDraw = True
1.8509 	DATA 	Keypress: left
4.7850 	EXP 	stim_grating: autoDraw = True
4.7850 	EXP 	stim_grating: tex = 'sin'
6.7744 	EXP 	New trial (rep=1, index=0): None
6.7863 	EXP 	stim_grayScreen: autoDraw = False
6.7863 	EXP 	stim_grating: autoDraw = False
6.7863 	EXP 	stim_grating: ori = 45.0
6.7863 	EXP 	stim_grayScreen: autoDraw = True
9.7724 	EXP 	stim_grating: autoDraw = True
11.7763 	EXP 	New trial (rep=2, index=0): None
11.7897 	EXP 	stim_grayScreen: autoDraw = False
11.7897 	EXP 	stim_grating: autoDraw = False
11.7897 	EXP 	stim_grating: ori = 90.0
11.7897 	EXP 	stim_grayScreen: autoDraw = True
14.7763 	EXP 	stim_grating: autoDraw = True
16.7923 	INFO 	saved data to C:\dev\sipefield-gratings\PsychoPy\PsychoPy_visual_stimulus\data/01_Gratings_vis_devJG_v0.4_2024-07-16_17h12.50.395trials.csv
16.8952 	EXP 	stim_grayScreen: autoDraw = False
16.8952 	EXP 	stim_grating: autoDraw = False
16.9016 	EXP 	Gratings_vis_devJG_v0.4: status = STOPPED
16.9045 	INFO 	saved data to 'C:\\dev\\sipefield-gratings\\PsychoPy\\PsychoPy_visual_stimulus\\data/01_Gratings_vis_devJG_v0.4_2024-07-16_17h12.50.395.csv'
16.9054 	INFO 	saved data to C:\dev\sipefield-gratings\PsychoPy\PsychoPy_visual_stimulus\data/01_Gratings_vis_devJG_v0.4_2024-07-16_17h12.50.395.psydat
16.9362 	EXP 	window1: mouseVisible = True
17.4237 	DEBUG 	Saving data for Gratings_vis_devJG_v0.4 ExperimentHandler
