4.8869 	DEBUG 	Fullscreen settings ignored as running in pilot mode.
4.8883 	INFO 	Loaded monitor calibration from ['2024_06_26 12:00']
5.0129 	EXP 	Created window1 = Window(allowGUI=True, allowStencil=False, autoLog=True, backendConf=UNKNOWN, backgroundFit=<method-wrapper '__getattribute__' of attributeSetter object at 0x0000024028E67B20>, backgroundImage=<method-wrapper '__getattribute__' of attributeSetter object at 0x0000024028E67AC0>, bitsMode=UNKNOWN, blendMode='avg', bpc=(8, 8, 8), color=array([0, 0, 0]), colorSpace='rgb', depthBits=8, fullscr=<method-wrapper '__getattribute__' of attributeSetter object at 0x0000024028E67910>, gamma=None, gammaErrorPolicy='raise', infoMsg=UNKNOWN, lms=UNKNOWN, monitor=<psychopy.monitors.calibTools.Monitor object at 0x000002402A1EF0A0>, multiSample=False, name='window1', numSamples=2, pos=[560.0, 240.0], screen=1, size=array([800, 600]), stencilBits=0, stereo=False, title='PsychoPy', units='height', useFBO=True, useRetina=False, viewOri=0.0, viewPos=None, viewScale=None, waitBlanking=True, winType='pyglet')
5.0130 	EXP 	window1: backgroundImage = ''
5.0130 	EXP 	window1: backgroundFit = 'none'
5.0131 	EXP 	window1: mouseVisible = <method-wrapper '__getattribute__' of attributeSetter object at 0x0000024028E67C40>
5.0132 	EXP 	window1: mouseVisible = <method-wrapper '__getattribute__' of attributeSetter object at 0x0000024028E67C40>
5.0144 	EXP 	window1: mouseVisible = <method-wrapper '__getattribute__' of attributeSetter object at 0x0000024028E67C40>
5.0147 	EXP 	window1: mouseVisible = <method-wrapper '__getattribute__' of attributeSetter object at 0x0000024028E67C40>
5.0174 	DEBUG 	TextBox2 loaded 1 chars with 0 blanks and 1 valid
5.0182 	DEBUG 	TextBox2 loaded 1 chars with 0 blanks and 1 valid
5.0191 	DEBUG 	TextBox2 loaded 1 chars with 0 blanks and 1 valid
5.0200 	DEBUG 	TextBox2 loaded 1 chars with 0 blanks and 1 valid
5.0209 	DEBUG 	TextBox2 loaded 1 chars with 0 blanks and 1 valid
5.0216 	DEBUG 	TextBox2 loaded 1 chars with 0 blanks and 1 valid
5.0224 	DEBUG 	TextBox2 loaded 1 chars with 0 blanks and 1 valid
5.0233 	DEBUG 	TextBox2 loaded 1 chars with 0 blanks and 1 valid
5.0239 	DEBUG 	TextBox2 loaded 1 chars with 0 blanks and 1 valid
5.0244 	DEBUG 	TextBox2 loaded 1 chars with 0 blanks and 1 valid
5.0253 	DEBUG 	TextBox2 loaded 1 chars with 0 blanks and 1 valid
5.0262 	DEBUG 	TextBox2 loaded 1 chars with 0 blanks and 1 valid
5.0270 	DEBUG 	TextBox2 loaded 1 chars with 0 blanks and 1 valid
5.0278 	DEBUG 	TextBox2 loaded 1 chars with 0 blanks and 1 valid
5.0286 	DEBUG 	TextBox2 loaded 1 chars with 0 blanks and 1 valid
5.0294 	DEBUG 	TextBox2 loaded 1 chars with 0 blanks and 1 valid
5.0302 	DEBUG 	TextBox2 loaded 1 chars with 0 blanks and 1 valid
5.0308 	DEBUG 	TextBox2 loaded 1 chars with 0 blanks and 1 valid
5.0315 	DEBUG 	TextBox2 loaded 1 chars with 0 blanks and 1 valid
5.0324 	DEBUG 	TextBox2 loaded 1 chars with 0 blanks and 1 valid
5.0330 	DEBUG 	TextBox2 loaded 1 chars with 0 blanks and 1 valid
5.0333 	DEBUG 	Uploading Texture Font fontname to graphics card
5.0342 	DEBUG 	Upload of Texture Font fontname complete
5.0350 	EXP 	window1: mouseVisible = <method-wrapper '__getattribute__' of attributeSetter object at 0x0000024028E67C40>
5.0351 	EXP 	window1: mouseVisible = <method-wrapper '__getattribute__' of attributeSetter object at 0x0000024028E67C40>
5.0355 	EXP 	window1: mouseVisible = <method-wrapper '__getattribute__' of attributeSetter object at 0x0000024028E67C40>
5.0357 	EXP 	window1: mouseVisible = <method-wrapper '__getattribute__' of attributeSetter object at 0x0000024028E67C40>
5.0378 	DEBUG 	TextBox2 loaded 1 chars with 0 blanks and 1 valid
5.0387 	DEBUG 	TextBox2 loaded 1 chars with 0 blanks and 1 valid
5.0396 	DEBUG 	TextBox2 loaded 1 chars with 0 blanks and 1 valid
5.0398 	DEBUG 	Uploading Texture Font fontname to graphics card
5.0409 	DEBUG 	Upload of Texture Font fontname complete
5.0419 	EXP 	window1: Attempting to measure frame rate of screen (1) ...
5.0419 	EXP 	window1: recordFrameIntervals = False
5.2378 	EXP 	window1: recordFrameIntervals = True
5.4215 	EXP 	Screen (1) actual frame rate measured at 60.08Hz
5.4216 	EXP 	window1: recordFrameIntervals = False
5.4217 	EXP 	window1: mouseVisible = False
5.4225 	EXP 	window1: mouseVisible = False
5.4228 	EXP 	window1: mouseVisible = False
5.4242 	EXP 	window1: mouseVisible = False
5.4253 	EXP 	window1: mouseVisible = False
5.4312 	DEBUG 	TextBox2 loaded 1 chars with 0 blanks and 1 valid
5.4324 	DEBUG 	TextBox2 loaded 1 chars with 0 blanks and 1 valid
5.4339 	DEBUG 	TextBox2 loaded 1 chars with 0 blanks and 1 valid
5.4357 	DEBUG 	TextBox2 loaded 1 chars with 0 blanks and 1 valid
5.4374 	DEBUG 	TextBox2 loaded 1 chars with 0 blanks and 1 valid
5.4390 	DEBUG 	TextBox2 loaded 1 chars with 0 blanks and 1 valid
5.4403 	DEBUG 	TextBox2 loaded 1 chars with 0 blanks and 1 valid
5.4421 	DEBUG 	TextBox2 loaded 1 chars with 0 blanks and 1 valid
5.4438 	DEBUG 	TextBox2 loaded 1 chars with 0 blanks and 1 valid
5.4454 	DEBUG 	TextBox2 loaded 1 chars with 0 blanks and 1 valid
5.4457 	DEBUG 	Uploading Texture Font fontname to graphics card
5.4466 	DEBUG 	Upload of Texture Font fontname complete
5.4482 	EXP 	window1: mouseVisible = False
5.4483 	EXP 	window1: mouseVisible = False
5.4490 	EXP 	window1: mouseVisible = False
5.4496 	EXP 	window1: mouseVisible = False
5.4577 	WARNING 	launchHubServer: If using the iohub mouse or eyetracker devices, fullScr should be True.
6.8251 	INFO 	keyboard.Keyboard is using iohub backend.
6.8252 	INFO 	keyboard.Keyboard is using iohub backend.
6.8252 	EXP 	Gratings_vis_devJG_v0.4: status = STARTED
6.8255 	EXP 	window1: mouseVisible = False
6.8573 	EXP 	Created text_waiting_message = TextStim(__class__=<class 'psychopy.visual.text.TextStim'>, alignHoriz=method-wrapper(...), alignText='center', alignVert=method-wrapper(...), anchorHoriz='center', anchorVert='center', antialias=True, autoDraw=False, autoLog=True, bold=False, color=array([1., 1., 1.]), colorSpace='rgb', contrast=1.0, depth=0.0, draggable=False, flipHoriz=False, flipVert=False, font='Arial', fontFiles=[], height=0.05, italic=False, languageStyle='LTR', name='text_waiting_message', opacity=1.0, ori=0.0, pos=array([0., 0.]), rgb=UNKNOWN, text=str(...), units='height', win=Window(...), wrapWidth=1)
6.8573 	EXP 	window1: mouseVisible = False
6.8582 	EXP 	Created stim_grayScreen = ImageStim(__class__=<class 'psychopy.visual.image.ImageStim'>, anchor=('center', 'center'), autoLog=True, color=array([0., 0., 0.]), colorSpace='rgb', contrast=1.0, depth=-1.0, draggable=False, flipHoriz=False, flipVert=False, image=None, interpolate=True, mask=None, maskParams=None, name='stim_grayScreen', opacity=1.0, ori=0.0, pos=array([0., 0.]), size=array([1., 1.]), texRes=128.0, units='height', win=Window(...))
6.8582 	EXP 	window1: mouseVisible = False
6.8588 	EXP 	Created stim_grating = GratingStim(__class__=<class 'psychopy.visual.grating.GratingStim'>, anchor='center', autoDraw=False, autoLog=True, blendmode='avg', color=array([1., 1., 1.]), colorSpace='rgb', contrast=1.0, depth=-2.0, draggable=False, interpolate=True, mask=None, maskParams=None, name='stim_grating', opacity=1.0, ori=1.0, phase=array([1., 1.]), pos=array([0., 0.]), rgbPedestal=array([0., 0., 0.]), sf=array([4., 4.]), size=array([2., 2.]), tex='sin', texRes=256.0, units='height', win=Window(...))
6.8708 	EXP 	window1: mouseVisible = True
6.8733 	DEBUG 	Saving data for Gratings_vis_devJG_v0.4 ExperimentHandler
6.8741 	INFO 	saved data to C:\dev\sipefield-gratings\PsychoPy\PsychoPy_visual_stimulus\data/01_Gratings_vis_devJG_v0.4_2024-07-16_15h18.38.928.psydat
6.8747 	INFO 	saved data to 'C:\\dev\\sipefield-gratings\\PsychoPy\\PsychoPy_visual_stimulus\\data/01_Gratings_vis_devJG_v0.4_2024-07-16_15h18.38.928.csv'
