4.2250 	DEBUG 	Fullscreen settings ignored as running in pilot mode.
4.2260 	INFO 	Loaded monitor calibration from ['2024_06_26 12:00']
4.3480 	EXP 	Created window1 = Window(allowGUI=True, allowStencil=False, autoLog=True, backendConf=UNKNOWN, backgroundFit=<method-wrapper '__getattribute__' of attributeSetter object at 0x00000244B71EAA30>, backgroundImage=<method-wrapper '__getattribute__' of attributeSetter object at 0x00000244B71EA9D0>, bitsMode=UNKNOWN, blendMode='avg', bpc=(8, 8, 8), color=array([0, 0, 0]), colorSpace='rgb', depthBits=8, fullscr=<method-wrapper '__getattribute__' of attributeSetter object at 0x00000244B71EA820>, gamma=None, gammaErrorPolicy='raise', infoMsg=UNKNOWN, lms=UNKNOWN, monitor=<psychopy.monitors.calibTools.Monitor object at 0x00000244B855BF70>, multiSample=False, name='window1', numSamples=2, pos=[560.0, 240.0], screen=1, size=array([800, 600]), stencilBits=0, stereo=False, title='PsychoPy', units='height', useFBO=True, useRetina=False, viewOri=0.0, viewPos=None, viewScale=None, waitBlanking=True, winType='pyglet')
4.3481 	EXP 	window1: backgroundImage = ''
4.3481 	EXP 	window1: backgroundFit = 'none'
4.3482 	EXP 	window1: mouseVisible = <method-wrapper '__getattribute__' of attributeSetter object at 0x00000244B71EAB50>
4.3483 	EXP 	window1: mouseVisible = <method-wrapper '__getattribute__' of attributeSetter object at 0x00000244B71EAB50>
4.3495 	EXP 	window1: mouseVisible = <method-wrapper '__getattribute__' of attributeSetter object at 0x00000244B71EAB50>
4.3498 	EXP 	window1: mouseVisible = <method-wrapper '__getattribute__' of attributeSetter object at 0x00000244B71EAB50>
4.3529 	DEBUG 	TextBox2 loaded 1 chars with 0 blanks and 1 valid
4.3540 	DEBUG 	TextBox2 loaded 1 chars with 0 blanks and 1 valid
4.3549 	DEBUG 	TextBox2 loaded 1 chars with 0 blanks and 1 valid
4.3560 	DEBUG 	TextBox2 loaded 1 chars with 0 blanks and 1 valid
4.3570 	DEBUG 	TextBox2 loaded 1 chars with 0 blanks and 1 valid
4.3577 	DEBUG 	TextBox2 loaded 1 chars with 0 blanks and 1 valid
4.3587 	DEBUG 	TextBox2 loaded 1 chars with 0 blanks and 1 valid
4.3599 	DEBUG 	TextBox2 loaded 1 chars with 0 blanks and 1 valid
4.3606 	DEBUG 	TextBox2 loaded 1 chars with 0 blanks and 1 valid
4.3613 	DEBUG 	TextBox2 loaded 1 chars with 0 blanks and 1 valid
4.3622 	DEBUG 	TextBox2 loaded 1 chars with 0 blanks and 1 valid
4.3631 	DEBUG 	TextBox2 loaded 1 chars with 0 blanks and 1 valid
4.3639 	DEBUG 	TextBox2 loaded 1 chars with 0 blanks and 1 valid
4.3649 	DEBUG 	TextBox2 loaded 1 chars with 0 blanks and 1 valid
4.3657 	DEBUG 	TextBox2 loaded 1 chars with 0 blanks and 1 valid
4.3665 	DEBUG 	TextBox2 loaded 1 chars with 0 blanks and 1 valid
4.3674 	DEBUG 	TextBox2 loaded 1 chars with 0 blanks and 1 valid
4.3680 	DEBUG 	TextBox2 loaded 1 chars with 0 blanks and 1 valid
4.3689 	DEBUG 	TextBox2 loaded 1 chars with 0 blanks and 1 valid
4.3700 	DEBUG 	TextBox2 loaded 1 chars with 0 blanks and 1 valid
4.3710 	DEBUG 	TextBox2 loaded 1 chars with 0 blanks and 1 valid
4.3714 	DEBUG 	Uploading Texture Font fontname to graphics card
4.3727 	DEBUG 	Upload of Texture Font fontname complete
4.3736 	EXP 	window1: mouseVisible = <method-wrapper '__getattribute__' of attributeSetter object at 0x00000244B71EAB50>
4.3737 	EXP 	window1: mouseVisible = <method-wrapper '__getattribute__' of attributeSetter object at 0x00000244B71EAB50>
4.3741 	EXP 	window1: mouseVisible = <method-wrapper '__getattribute__' of attributeSetter object at 0x00000244B71EAB50>
4.3743 	EXP 	window1: mouseVisible = <method-wrapper '__getattribute__' of attributeSetter object at 0x00000244B71EAB50>
4.3764 	DEBUG 	TextBox2 loaded 1 chars with 0 blanks and 1 valid
4.3774 	DEBUG 	TextBox2 loaded 1 chars with 0 blanks and 1 valid
4.3785 	DEBUG 	TextBox2 loaded 1 chars with 0 blanks and 1 valid
4.3787 	DEBUG 	Uploading Texture Font fontname to graphics card
4.3795 	DEBUG 	Upload of Texture Font fontname complete
4.3806 	EXP 	window1: Attempting to measure frame rate of screen (1) ...
4.3806 	EXP 	window1: recordFrameIntervals = False
4.5788 	EXP 	window1: recordFrameIntervals = True
4.7626 	EXP 	Screen (1) actual frame rate measured at 60.43Hz
4.7626 	EXP 	window1: recordFrameIntervals = False
4.7627 	EXP 	window1: mouseVisible = False
4.7635 	EXP 	window1: mouseVisible = False
4.7637 	EXP 	window1: mouseVisible = False
4.7651 	EXP 	window1: mouseVisible = False
4.7663 	EXP 	window1: mouseVisible = False
4.7719 	DEBUG 	TextBox2 loaded 1 chars with 0 blanks and 1 valid
4.7733 	DEBUG 	TextBox2 loaded 1 chars with 0 blanks and 1 valid
4.7749 	DEBUG 	TextBox2 loaded 1 chars with 0 blanks and 1 valid
4.7767 	DEBUG 	TextBox2 loaded 1 chars with 0 blanks and 1 valid
4.7784 	DEBUG 	TextBox2 loaded 1 chars with 0 blanks and 1 valid
4.7802 	DEBUG 	TextBox2 loaded 1 chars with 0 blanks and 1 valid
4.7816 	DEBUG 	TextBox2 loaded 1 chars with 0 blanks and 1 valid
4.7833 	DEBUG 	TextBox2 loaded 1 chars with 0 blanks and 1 valid
4.7851 	DEBUG 	TextBox2 loaded 1 chars with 0 blanks and 1 valid
4.7868 	DEBUG 	TextBox2 loaded 1 chars with 0 blanks and 1 valid
4.7872 	DEBUG 	Uploading Texture Font fontname to graphics card
4.7881 	DEBUG 	Upload of Texture Font fontname complete
4.7898 	EXP 	window1: mouseVisible = False
4.7900 	EXP 	window1: mouseVisible = False
4.7907 	EXP 	window1: mouseVisible = False
4.7914 	EXP 	window1: mouseVisible = False
4.8001 	WARNING 	launchHubServer: If using the iohub mouse or eyetracker devices, fullScr should be True.
6.1606 	INFO 	keyboard.Keyboard is using iohub backend.
6.1606 	INFO 	keyboard.Keyboard is using iohub backend.
6.1606 	EXP 	Gratings_vis_devJG_v0.4: status = STARTED
6.1608 	EXP 	window1: mouseVisible = False
6.1831 	EXP 	Created text_waiting_message = TextStim(__class__=<class 'psychopy.visual.text.TextStim'>, alignHoriz=method-wrapper(...), alignText='center', alignVert=method-wrapper(...), anchorHoriz='center', anchorVert='center', antialias=True, autoDraw=False, autoLog=True, bold=False, color=array([1., 1., 1.]), colorSpace='rgb', contrast=1.0, depth=0.0, draggable=False, flipHoriz=False, flipVert=False, font='Arial', fontFiles=[], height=0.05, italic=False, languageStyle='LTR', name='text_waiting_message', opacity=1.0, ori=0.0, pos=array([0., 0.]), rgb=UNKNOWN, text=str(...), units='height', win=Window(...), wrapWidth=1)
6.1831 	EXP 	window1: mouseVisible = False
6.1840 	EXP 	Created stim_grayScreen = ImageStim(__class__=<class 'psychopy.visual.image.ImageStim'>, anchor=('center', 'center'), autoLog=True, color=array([0., 0., 0.]), colorSpace='rgb', contrast=1.0, depth=-1.0, draggable=False, flipHoriz=False, flipVert=False, image=None, interpolate=True, mask=None, maskParams=None, name='stim_grayScreen', opacity=1.0, ori=0.0, pos=array([0., 0.]), size=array([1., 1.]), texRes=128.0, units='height', win=Window(...))
6.1841 	EXP 	window1: mouseVisible = False
6.1847 	EXP 	Created stim_grating = GratingStim(__class__=<class 'psychopy.visual.grating.GratingStim'>, anchor='center', autoDraw=False, autoLog=True, blendmode='avg', color=array([1., 1., 1.]), colorSpace='rgb', contrast=1.0, depth=-2.0, draggable=False, interpolate=True, mask=None, maskParams=None, name='stim_grating', opacity=1.0, ori=1.0, phase=array([1., 1.]), pos=array([0., 0.]), rgbPedestal=array([0., 0., 0.]), sf=array([4., 4.]), size=array([2., 2.]), tex='sin', texRes=256.0, units='height', win=Window(...))
0.0289 	INFO 	Keyboard events cleared
0.0287 	EXP 	text_waiting_message: autoDraw = True
1.9234 	DATA 	Keypress: lwindows
1.9681 	DATA 	Keypress: lshift
2.4364 	EXP 	Created sequence: sequential, trialTypes=1, nReps=10, seed=None
2.4367 	EXP 	New trial (rep=0, index=0): None
2.4549 	EXP 	text_waiting_message: autoDraw = False
2.4549 	EXP 	stim_grating: ori = 0.0
2.4549 	EXP 	stim_grayScreen: autoDraw = True
2.5176 	DATA 	Keypress: left
5.4513 	EXP 	stim_grating: autoDraw = True
5.4513 	EXP 	stim_grating: tex = 'sin'
6.2785 	EXP 	window1: mouseVisible = True
6.2799 	DEBUG 	Saving data for Gratings_vis_devJG_v0.4 ExperimentHandler
6.2810 	INFO 	saved data to C:\dev\sipefield-gratings\PsychoPy\PsychoPy_visual_stimulus\data/01_Gratings_vis_devJG_v0.4_2024-07-16_15h49.40.419.psydat
6.2821 	INFO 	saved data to 'C:\\dev\\sipefield-gratings\\PsychoPy\\PsychoPy_visual_stimulus\\data/01_Gratings_vis_devJG_v0.4_2024-07-16_15h49.40.419.csv'
