5.7948 	DEBUG 	Fullscreen settings ignored as running in pilot mode.
5.7962 	INFO 	Loaded monitor calibration from ['2024_06_26 12:00']
5.9395 	EXP 	Created window1 = Window(allowGUI=True, allowStencil=False, autoLog=True, backendConf=UNKNOWN, backgroundFit=<method-wrapper '__getattribute__' of attributeSetter object at 0x000002119F010A90>, backgroundImage=<method-wrapper '__getattribute__' of attributeSetter object at 0x000002119F010A30>, bitsMode=UNKNOWN, blendMode='avg', bpc=(8, 8, 8), color=array([0, 0, 0]), colorSpace='rgb', depthBits=8, fullscr=<method-wrapper '__getattribute__' of attributeSetter object at 0x000002119F010880>, gamma=None, gammaErrorPolicy='raise', infoMsg=UNKNOWN, lms=UNKNOWN, monitor=<psychopy.monitors.calibTools.Monitor object at 0x000002119F819BE0>, multiSample=False, name='window1', numSamples=2, pos=[560.0, 240.0], screen=1, size=array([800, 600]), stencilBits=0, stereo=False, title='PsychoPy', units='height', useFBO=True, useRetina=False, viewOri=0.0, viewPos=None, viewScale=None, waitBlanking=True, winType='pyglet')
5.9395 	EXP 	window1: backgroundImage = ''
5.9395 	EXP 	window1: backgroundFit = 'none'
5.9397 	EXP 	window1: mouseVisible = <method-wrapper '__getattribute__' of attributeSetter object at 0x000002119F010BB0>
5.9398 	EXP 	window1: mouseVisible = <method-wrapper '__getattribute__' of attributeSetter object at 0x000002119F010BB0>
5.9412 	EXP 	window1: mouseVisible = <method-wrapper '__getattribute__' of attributeSetter object at 0x000002119F010BB0>
5.9415 	EXP 	window1: mouseVisible = <method-wrapper '__getattribute__' of attributeSetter object at 0x000002119F010BB0>
5.9448 	DEBUG 	TextBox2 loaded 1 chars with 0 blanks and 1 valid
5.9458 	DEBUG 	TextBox2 loaded 1 chars with 0 blanks and 1 valid
5.9467 	DEBUG 	TextBox2 loaded 1 chars with 0 blanks and 1 valid
5.9478 	DEBUG 	TextBox2 loaded 1 chars with 0 blanks and 1 valid
5.9488 	DEBUG 	TextBox2 loaded 1 chars with 0 blanks and 1 valid
5.9496 	DEBUG 	TextBox2 loaded 1 chars with 0 blanks and 1 valid
5.9506 	DEBUG 	TextBox2 loaded 1 chars with 0 blanks and 1 valid
5.9516 	DEBUG 	TextBox2 loaded 1 chars with 0 blanks and 1 valid
5.9523 	DEBUG 	TextBox2 loaded 1 chars with 0 blanks and 1 valid
5.9531 	DEBUG 	TextBox2 loaded 1 chars with 0 blanks and 1 valid
5.9541 	DEBUG 	TextBox2 loaded 1 chars with 0 blanks and 1 valid
5.9551 	DEBUG 	TextBox2 loaded 1 chars with 0 blanks and 1 valid
5.9560 	DEBUG 	TextBox2 loaded 1 chars with 0 blanks and 1 valid
5.9569 	DEBUG 	TextBox2 loaded 1 chars with 0 blanks and 1 valid
5.9578 	DEBUG 	TextBox2 loaded 1 chars with 0 blanks and 1 valid
5.9588 	DEBUG 	TextBox2 loaded 1 chars with 0 blanks and 1 valid
5.9597 	DEBUG 	TextBox2 loaded 1 chars with 0 blanks and 1 valid
5.9605 	DEBUG 	TextBox2 loaded 1 chars with 0 blanks and 1 valid
5.9613 	DEBUG 	TextBox2 loaded 1 chars with 0 blanks and 1 valid
5.9624 	DEBUG 	TextBox2 loaded 1 chars with 0 blanks and 1 valid
5.9633 	DEBUG 	TextBox2 loaded 1 chars with 0 blanks and 1 valid
5.9637 	DEBUG 	Uploading Texture Font fontname to graphics card
5.9656 	DEBUG 	Upload of Texture Font fontname complete
5.9665 	EXP 	window1: mouseVisible = <method-wrapper '__getattribute__' of attributeSetter object at 0x000002119F010BB0>
5.9666 	EXP 	window1: mouseVisible = <method-wrapper '__getattribute__' of attributeSetter object at 0x000002119F010BB0>
5.9671 	EXP 	window1: mouseVisible = <method-wrapper '__getattribute__' of attributeSetter object at 0x000002119F010BB0>
5.9675 	EXP 	window1: mouseVisible = <method-wrapper '__getattribute__' of attributeSetter object at 0x000002119F010BB0>
5.9699 	DEBUG 	TextBox2 loaded 1 chars with 0 blanks and 1 valid
5.9711 	DEBUG 	TextBox2 loaded 1 chars with 0 blanks and 1 valid
5.9721 	DEBUG 	TextBox2 loaded 1 chars with 0 blanks and 1 valid
5.9723 	DEBUG 	Uploading Texture Font fontname to graphics card
5.9732 	DEBUG 	Upload of Texture Font fontname complete
5.9743 	EXP 	window1: Attempting to measure frame rate of screen (1) ...
5.9743 	EXP 	window1: recordFrameIntervals = False
6.1798 	EXP 	window1: recordFrameIntervals = True
6.3631 	EXP 	Screen (1) actual frame rate measured at 60.03Hz
6.3631 	EXP 	window1: recordFrameIntervals = False
6.3631 	EXP 	window1: mouseVisible = False
6.3633 	EXP 	window1: mouseVisible = False
6.3634 	EXP 	window1: mouseVisible = False
6.3638 	EXP 	window1: mouseVisible = False
6.3641 	EXP 	window1: mouseVisible = False
6.3664 	DEBUG 	TextBox2 loaded 1 chars with 0 blanks and 1 valid
6.3673 	DEBUG 	TextBox2 loaded 1 chars with 0 blanks and 1 valid
6.3683 	DEBUG 	TextBox2 loaded 1 chars with 0 blanks and 1 valid
6.3694 	DEBUG 	TextBox2 loaded 1 chars with 0 blanks and 1 valid
6.3704 	DEBUG 	TextBox2 loaded 1 chars with 0 blanks and 1 valid
6.3714 	DEBUG 	TextBox2 loaded 1 chars with 0 blanks and 1 valid
6.3722 	DEBUG 	TextBox2 loaded 1 chars with 0 blanks and 1 valid
6.3732 	DEBUG 	TextBox2 loaded 1 chars with 0 blanks and 1 valid
6.3743 	DEBUG 	TextBox2 loaded 1 chars with 0 blanks and 1 valid
6.3754 	DEBUG 	TextBox2 loaded 1 chars with 0 blanks and 1 valid
6.3756 	DEBUG 	Uploading Texture Font fontname to graphics card
6.3761 	DEBUG 	Upload of Texture Font fontname complete
6.3769 	EXP 	window1: mouseVisible = False
6.3770 	EXP 	window1: mouseVisible = False
6.3773 	EXP 	window1: mouseVisible = False
6.3776 	EXP 	window1: mouseVisible = False
6.3895 	WARNING 	launchHubServer: If using the iohub mouse or eyetracker devices, fullScr should be True.
8.7638 	INFO 	keyboard.Keyboard is using iohub backend.
8.7638 	EXP 	Gratings_vis_stim_devJG_v0.3: status = STARTED
8.7639 	EXP 	window1: mouseVisible = False
8.7658 	EXP 	Created stim_grayScreen = ImageStim(__class__=<class 'psychopy.visual.image.ImageStim'>, anchor=('center', 'center'), autoLog=True, color=array([0., 0., 0.]), colorSpace='rgb', contrast=1.0, depth=-1.0, draggable=False, flipHoriz=False, flipVert=False, image=None, interpolate=True, mask=None, maskParams=None, name='stim_grayScreen', opacity=1.0, ori=0.0, pos=array([0., 0.]), size=array([1., 1.]), texRes=128.0, units='height', win=Window(...))
8.7658 	EXP 	window1: mouseVisible = False
8.7665 	EXP 	Created stim_grating = GratingStim(__class__=<class 'psychopy.visual.grating.GratingStim'>, anchor='center', autoDraw=False, autoLog=True, blendmode='avg', color=array([1., 1., 1.]), colorSpace='rgb', contrast=1.0, depth=-2.0, draggable=False, interpolate=True, mask=None, maskParams=None, name='stim_grating', opacity=1.0, ori=1.0, phase=array([1., 1.]), pos=array([0., 0.]), rgbPedestal=array([0., 0., 0.]), sf=array([4., 4.]), size=array([2., 2.]), tex='sin', texRes=256.0, units='height', win=Window(...))
8.9845 	EXP 	window1: mouseVisible = True
8.9852 	DEBUG 	Saving data for Gratings_vis_stim_devJG_v0.3 ExperimentHandler
8.9859 	INFO 	saved data to C:\dev\PsychoPy\PsychoPy_visual_stimulus\data/118045_Gratings_vis_stim_devJG_v0.3_2024-07-10_22h04.20.402.psydat
8.9865 	INFO 	saved data to 'C:\\dev\\PsychoPy\\PsychoPy_visual_stimulus\\data/118045_Gratings_vis_stim_devJG_v0.3_2024-07-10_22h04.20.402.csv'
