6.8631 	DEBUG 	Fullscreen settings ignored as running in pilot mode.
6.8641 	INFO 	Loaded monitor calibration from ['2024_06_20 20:44']
7.0341 	EXP 	Created window1 = Window(allowGUI=True, allowStencil=False, autoLog=True, backendConf=UNKNOWN, backgroundFit=<method-wrapper '__getattribute__' of attributeSetter object at 0x000001DDEE1BE850>, backgroundImage=<method-wrapper '__getattribute__' of attributeSetter object at 0x000001DDEE1BE7F0>, bitsMode=UNKNOWN, blendMode='avg', bpc=(8, 8, 8), color=array([0, 0, 0]), colorSpace='rgb', depthBits=8, fullscr=<method-wrapper '__getattribute__' of attributeSetter object at 0x000001DDEE1BE640>, gamma=None, gammaErrorPolicy='raise', infoMsg=UNKNOWN, lms=UNKNOWN, monitor=<psychopy.monitors.calibTools.Monitor object at 0x000001DDF10AC520>, multiSample=False, name='window1', numSamples=2, pos=[880.0, 420.0], screen=0, size=array([800, 600]), stencilBits=0, stereo=False, title='PsychoPy', units='height', useFBO=True, useRetina=False, viewOri=0.0, viewPos=None, viewScale=None, waitBlanking=True, winType='pyglet')
7.0342 	EXP 	window1: backgroundImage = ''
7.0342 	EXP 	window1: backgroundFit = 'none'
7.0343 	EXP 	window1: mouseVisible = <method-wrapper '__getattribute__' of attributeSetter object at 0x000001DDEE1BE970>
7.0344 	EXP 	window1: mouseVisible = <method-wrapper '__getattribute__' of attributeSetter object at 0x000001DDEE1BE970>
7.0357 	EXP 	window1: mouseVisible = <method-wrapper '__getattribute__' of attributeSetter object at 0x000001DDEE1BE970>
7.0361 	EXP 	window1: mouseVisible = <method-wrapper '__getattribute__' of attributeSetter object at 0x000001DDEE1BE970>
7.0391 	DEBUG 	TextBox2 loaded 1 chars with 0 blanks and 1 valid
7.0401 	DEBUG 	TextBox2 loaded 1 chars with 0 blanks and 1 valid
7.0410 	DEBUG 	TextBox2 loaded 1 chars with 0 blanks and 1 valid
7.0421 	DEBUG 	TextBox2 loaded 1 chars with 0 blanks and 1 valid
7.0432 	DEBUG 	TextBox2 loaded 1 chars with 0 blanks and 1 valid
7.0439 	DEBUG 	TextBox2 loaded 1 chars with 0 blanks and 1 valid
7.0449 	DEBUG 	TextBox2 loaded 1 chars with 0 blanks and 1 valid
7.0459 	DEBUG 	TextBox2 loaded 1 chars with 0 blanks and 1 valid
7.0467 	DEBUG 	TextBox2 loaded 1 chars with 0 blanks and 1 valid
7.0474 	DEBUG 	TextBox2 loaded 1 chars with 0 blanks and 1 valid
7.0484 	DEBUG 	TextBox2 loaded 1 chars with 0 blanks and 1 valid
7.0493 	DEBUG 	TextBox2 loaded 1 chars with 0 blanks and 1 valid
7.0502 	DEBUG 	TextBox2 loaded 1 chars with 0 blanks and 1 valid
7.0511 	DEBUG 	TextBox2 loaded 1 chars with 0 blanks and 1 valid
7.0520 	DEBUG 	TextBox2 loaded 1 chars with 0 blanks and 1 valid
7.0530 	DEBUG 	TextBox2 loaded 1 chars with 0 blanks and 1 valid
7.0539 	DEBUG 	TextBox2 loaded 1 chars with 0 blanks and 1 valid
7.0547 	DEBUG 	TextBox2 loaded 1 chars with 0 blanks and 1 valid
7.0555 	DEBUG 	TextBox2 loaded 1 chars with 0 blanks and 1 valid
7.0566 	DEBUG 	TextBox2 loaded 1 chars with 0 blanks and 1 valid
7.0574 	DEBUG 	TextBox2 loaded 1 chars with 0 blanks and 1 valid
7.0578 	DEBUG 	Uploading Texture Font fontname to graphics card
7.0594 	DEBUG 	Upload of Texture Font fontname complete
7.0603 	EXP 	window1: mouseVisible = <method-wrapper '__getattribute__' of attributeSetter object at 0x000001DDEE1BE970>
7.0604 	EXP 	window1: mouseVisible = <method-wrapper '__getattribute__' of attributeSetter object at 0x000001DDEE1BE970>
7.0608 	EXP 	window1: mouseVisible = <method-wrapper '__getattribute__' of attributeSetter object at 0x000001DDEE1BE970>
7.0611 	EXP 	window1: mouseVisible = <method-wrapper '__getattribute__' of attributeSetter object at 0x000001DDEE1BE970>
7.0643 	DEBUG 	TextBox2 loaded 1 chars with 0 blanks and 1 valid
7.0654 	DEBUG 	TextBox2 loaded 1 chars with 0 blanks and 1 valid
7.0665 	DEBUG 	TextBox2 loaded 1 chars with 0 blanks and 1 valid
7.0667 	DEBUG 	Uploading Texture Font fontname to graphics card
7.0675 	DEBUG 	Upload of Texture Font fontname complete
7.0686 	EXP 	window1: Attempting to measure frame rate of screen (0) ...
7.0686 	EXP 	window1: recordFrameIntervals = False
7.2751 	EXP 	window1: recordFrameIntervals = True
7.4599 	EXP 	Screen (0) actual frame rate measured at 59.97Hz
7.4599 	EXP 	window1: recordFrameIntervals = False
7.4600 	EXP 	window1: mouseVisible = False
7.4602 	EXP 	window1: mouseVisible = False
7.4603 	EXP 	window1: mouseVisible = False
7.4606 	EXP 	window1: mouseVisible = False
7.4609 	EXP 	window1: mouseVisible = False
7.4633 	DEBUG 	TextBox2 loaded 1 chars with 0 blanks and 1 valid
7.4642 	DEBUG 	TextBox2 loaded 1 chars with 0 blanks and 1 valid
7.4652 	DEBUG 	TextBox2 loaded 1 chars with 0 blanks and 1 valid
7.4663 	DEBUG 	TextBox2 loaded 1 chars with 0 blanks and 1 valid
7.4674 	DEBUG 	TextBox2 loaded 1 chars with 0 blanks and 1 valid
7.4685 	DEBUG 	TextBox2 loaded 1 chars with 0 blanks and 1 valid
7.4693 	DEBUG 	TextBox2 loaded 1 chars with 0 blanks and 1 valid
7.4704 	DEBUG 	TextBox2 loaded 1 chars with 0 blanks and 1 valid
7.4715 	DEBUG 	TextBox2 loaded 1 chars with 0 blanks and 1 valid
7.4726 	DEBUG 	TextBox2 loaded 1 chars with 0 blanks and 1 valid
7.4728 	DEBUG 	Uploading Texture Font fontname to graphics card
7.4732 	DEBUG 	Upload of Texture Font fontname complete
7.4742 	EXP 	window1: mouseVisible = False
7.4742 	EXP 	window1: mouseVisible = False
7.4746 	EXP 	window1: mouseVisible = False
7.4749 	EXP 	window1: mouseVisible = False
7.4863 	WARNING 	launchHubServer: If using the iohub mouse or eyetracker devices, fullScr should be True.
9.8622 	INFO 	keyboard.Keyboard is using iohub backend.
9.8623 	EXP 	Gratings_vis_stim_devJG_v0.2: status = STARTED
9.8624 	EXP 	window1: mouseVisible = False
9.8639 	EXP 	Created stim_grating = GratingStim(__class__=<class 'psychopy.visual.grating.GratingStim'>, anchor='center', autoDraw=False, autoLog=True, blendmode='avg', color=array([1., 1., 1.]), colorSpace='rgb', contrast=1.0, depth=-1.0, draggable=False, interpolate=True, mask=None, maskParams=None, name='stim_grating', opacity=1.0, ori=1.0, phase=array([1., 1.]), pos=array([0., 0.]), rgbPedestal=array([0., 0., 0.]), sf=array([1., 1.]), size=array([1., 1.]), tex='sin', texRes=128.0, units='height', win=Window(...))
9.8639 	EXP 	window1: mouseVisible = False
9.8651 	EXP 	Created stim_grayScreen = ImageStim(__class__=<class 'psychopy.visual.image.ImageStim'>, anchor=('center', 'center'), autoLog=True, color=array([0., 0., 0.]), colorSpace='rgb', contrast=1.0, depth=-2.0, draggable=False, flipHoriz=False, flipVert=False, image=None, interpolate=True, mask=None, maskParams=None, name='stim_grayScreen', opacity=1.0, ori=0.0, pos=array([0., 0.]), size=array([1., 1.]), texRes=128.0, units='height', win=Window(...))
0.1766 	EXP 	window1: mouseVisible = True
0.1775 	DEBUG 	Saving data for Gratings_vis_stim_devJG_v0.2 ExperimentHandler
0.1784 	INFO 	saved data to C:\dev\PsychoPy\Gratings_vis_stim_devJG_v0.2\data/141436_Gratings_vis_stim_devJG_v0.2_2024-06-27_13h57.12.632.psydat
0.1791 	INFO 	saved data to 'C:\\dev\\PsychoPy\\Gratings_vis_stim_devJG_v0.2\\data/141436_Gratings_vis_stim_devJG_v0.2_2024-06-27_13h57.12.632.csv'
