7.1191 	DEBUG 	Fullscreen settings ignored as running in pilot mode.
7.1200 	INFO 	Loaded monitor calibration from ['2024_06_20 20:44']
7.2762 	EXP 	Created window1 = Window(allowGUI=True, allowStencil=False, autoLog=True, backendConf=UNKNOWN, backgroundFit=<method-wrapper '__getattribute__' of attributeSetter object at 0x000001FF5E6B9820>, backgroundImage=<method-wrapper '__getattribute__' of attributeSetter object at 0x000001FF5E6B97C0>, bitsMode=UNKNOWN, blendMode='avg', bpc=(8, 8, 8), color=array([0, 0, 0]), colorSpace='rgb', depthBits=8, fullscr=<method-wrapper '__getattribute__' of attributeSetter object at 0x000001FF5E6B9610>, gamma=None, gammaErrorPolicy='raise', infoMsg=UNKNOWN, lms=UNKNOWN, monitor=<psychopy.monitors.calibTools.Monitor object at 0x000001FF608668E0>, multiSample=False, name='window1', numSamples=2, pos=[880.0, 420.0], screen=0, size=array([800, 600]), stencilBits=0, stereo=False, title='PsychoPy', units='height', useFBO=True, useRetina=False, viewOri=0.0, viewPos=None, viewScale=None, waitBlanking=True, winType='pyglet')
7.2762 	EXP 	window1: backgroundImage = ''
7.2763 	EXP 	window1: backgroundFit = 'none'
7.2764 	EXP 	window1: mouseVisible = <method-wrapper '__getattribute__' of attributeSetter object at 0x000001FF5E6B9940>
7.2765 	EXP 	window1: mouseVisible = <method-wrapper '__getattribute__' of attributeSetter object at 0x000001FF5E6B9940>
7.2778 	EXP 	window1: mouseVisible = <method-wrapper '__getattribute__' of attributeSetter object at 0x000001FF5E6B9940>
7.2781 	EXP 	window1: mouseVisible = <method-wrapper '__getattribute__' of attributeSetter object at 0x000001FF5E6B9940>
7.2813 	DEBUG 	TextBox2 loaded 1 chars with 0 blanks and 1 valid
7.2822 	DEBUG 	TextBox2 loaded 1 chars with 0 blanks and 1 valid
7.2832 	DEBUG 	TextBox2 loaded 1 chars with 0 blanks and 1 valid
7.2842 	DEBUG 	TextBox2 loaded 1 chars with 0 blanks and 1 valid
7.2853 	DEBUG 	TextBox2 loaded 1 chars with 0 blanks and 1 valid
7.2861 	DEBUG 	TextBox2 loaded 1 chars with 0 blanks and 1 valid
7.2870 	DEBUG 	TextBox2 loaded 1 chars with 0 blanks and 1 valid
7.2880 	DEBUG 	TextBox2 loaded 1 chars with 0 blanks and 1 valid
7.2887 	DEBUG 	TextBox2 loaded 1 chars with 0 blanks and 1 valid
7.2894 	DEBUG 	TextBox2 loaded 1 chars with 0 blanks and 1 valid
7.2904 	DEBUG 	TextBox2 loaded 1 chars with 0 blanks and 1 valid
7.2913 	DEBUG 	TextBox2 loaded 1 chars with 0 blanks and 1 valid
7.2922 	DEBUG 	TextBox2 loaded 1 chars with 0 blanks and 1 valid
7.2932 	DEBUG 	TextBox2 loaded 1 chars with 0 blanks and 1 valid
7.2941 	DEBUG 	TextBox2 loaded 1 chars with 0 blanks and 1 valid
7.2950 	DEBUG 	TextBox2 loaded 1 chars with 0 blanks and 1 valid
7.2960 	DEBUG 	TextBox2 loaded 1 chars with 0 blanks and 1 valid
7.2968 	DEBUG 	TextBox2 loaded 1 chars with 0 blanks and 1 valid
7.2976 	DEBUG 	TextBox2 loaded 1 chars with 0 blanks and 1 valid
7.2986 	DEBUG 	TextBox2 loaded 1 chars with 0 blanks and 1 valid
7.2994 	DEBUG 	TextBox2 loaded 1 chars with 0 blanks and 1 valid
7.2998 	DEBUG 	Uploading Texture Font fontname to graphics card
7.3016 	DEBUG 	Upload of Texture Font fontname complete
7.3025 	EXP 	window1: mouseVisible = <method-wrapper '__getattribute__' of attributeSetter object at 0x000001FF5E6B9940>
7.3026 	EXP 	window1: mouseVisible = <method-wrapper '__getattribute__' of attributeSetter object at 0x000001FF5E6B9940>
7.3029 	EXP 	window1: mouseVisible = <method-wrapper '__getattribute__' of attributeSetter object at 0x000001FF5E6B9940>
7.3032 	EXP 	window1: mouseVisible = <method-wrapper '__getattribute__' of attributeSetter object at 0x000001FF5E6B9940>
7.3058 	DEBUG 	TextBox2 loaded 1 chars with 0 blanks and 1 valid
7.3068 	DEBUG 	TextBox2 loaded 1 chars with 0 blanks and 1 valid
7.3079 	DEBUG 	TextBox2 loaded 1 chars with 0 blanks and 1 valid
7.3081 	DEBUG 	Uploading Texture Font fontname to graphics card
7.3088 	DEBUG 	Upload of Texture Font fontname complete
7.3100 	EXP 	window1: Attempting to measure frame rate of screen (0) ...
7.3100 	EXP 	window1: recordFrameIntervals = False
7.5183 	EXP 	window1: recordFrameIntervals = True
7.9530 	EXP 	Screen (0) actual frame rate measured at 59.48Hz
7.9530 	EXP 	window1: recordFrameIntervals = False
7.9531 	EXP 	window1: mouseVisible = False
7.9532 	EXP 	window1: mouseVisible = False
7.9533 	EXP 	window1: mouseVisible = False
7.9537 	EXP 	window1: mouseVisible = False
7.9540 	EXP 	window1: mouseVisible = False
7.9564 	DEBUG 	TextBox2 loaded 1 chars with 0 blanks and 1 valid
7.9573 	DEBUG 	TextBox2 loaded 1 chars with 0 blanks and 1 valid
7.9583 	DEBUG 	TextBox2 loaded 1 chars with 0 blanks and 1 valid
7.9595 	DEBUG 	TextBox2 loaded 1 chars with 0 blanks and 1 valid
7.9605 	DEBUG 	TextBox2 loaded 1 chars with 0 blanks and 1 valid
7.9616 	DEBUG 	TextBox2 loaded 1 chars with 0 blanks and 1 valid
7.9625 	DEBUG 	TextBox2 loaded 1 chars with 0 blanks and 1 valid
7.9635 	DEBUG 	TextBox2 loaded 1 chars with 0 blanks and 1 valid
7.9646 	DEBUG 	TextBox2 loaded 1 chars with 0 blanks and 1 valid
7.9656 	DEBUG 	TextBox2 loaded 1 chars with 0 blanks and 1 valid
7.9659 	DEBUG 	Uploading Texture Font fontname to graphics card
7.9666 	DEBUG 	Upload of Texture Font fontname complete
7.9677 	EXP 	window1: mouseVisible = False
7.9678 	EXP 	window1: mouseVisible = False
7.9681 	EXP 	window1: mouseVisible = False
7.9683 	EXP 	window1: mouseVisible = False
7.9814 	WARNING 	launchHubServer: If using the iohub mouse or eyetracker devices, fullScr should be True.
10.2556 	INFO 	keyboard.Keyboard is using iohub backend.
10.2556 	EXP 	Gratings_vis_stim_devJG_v0.2: status = STARTED
10.2557 	EXP 	window1: mouseVisible = False
10.2570 	EXP 	Created stim_grating = GratingStim(__class__=<class 'psychopy.visual.grating.GratingStim'>, anchor='center', autoDraw=False, autoLog=True, blendmode='avg', color=array([1., 1., 1.]), colorSpace='rgb', contrast=1.0, depth=-1.0, draggable=False, interpolate=True, mask=None, maskParams=None, name='stim_grating', opacity=1.0, ori=1.0, phase=array([1., 1.]), pos=array([0., 0.]), rgbPedestal=array([0., 0., 0.]), sf=array([1., 1.]), size=array([1., 1.]), tex='sin', texRes=128.0, units='height', win=Window(...))
10.2571 	EXP 	window1: mouseVisible = False
10.2581 	EXP 	Created stim_grayScreen = ImageStim(__class__=<class 'psychopy.visual.image.ImageStim'>, anchor=('center', 'center'), autoLog=True, color=array([0., 0., 0.]), colorSpace='rgb', contrast=1.0, depth=-2.0, draggable=False, flipHoriz=False, flipVert=False, image=None, interpolate=True, mask=None, maskParams=None, name='stim_grayScreen', opacity=1.0, ori=0.0, pos=array([0., 0.]), size=array([1., 1.]), texRes=128.0, units='height', win=Window(...))
0.0134 	EXP 	Created sequence: sequential, trialTypes=1, nReps=5, seed=None
0.0135 	EXP 	New trial (rep=0, index=0): None
0.0296 	EXP 	stim_grating: ori = 70.0
0.0296 	EXP 	stim_grating: autoDraw = True
0.0296 	EXP 	stim_grating: tex = 'sin'
1.6969 	EXP 	stim_grating: autoDraw = False
1.6969 	EXP 	stim_grayScreen: autoDraw = True
3.3497 	EXP 	New trial (rep=1, index=0): None
3.3655 	EXP 	stim_grayScreen: autoDraw = False
3.3655 	EXP 	stim_grating: autoDraw = False
3.3655 	EXP 	stim_grayScreen: autoDraw = False
3.3655 	EXP 	stim_grating: ori = 0.0
3.3655 	EXP 	stim_grating: autoDraw = True
5.0327 	EXP 	stim_grating: autoDraw = False
5.0327 	EXP 	stim_grayScreen: autoDraw = True
6.6856 	EXP 	New trial (rep=2, index=0): None
6.7013 	EXP 	stim_grayScreen: autoDraw = False
6.7013 	EXP 	stim_grating: autoDraw = False
6.7013 	EXP 	stim_grayScreen: autoDraw = False
6.7013 	EXP 	stim_grating: ori = 40.0
6.7013 	EXP 	stim_grating: autoDraw = True
8.3689 	EXP 	stim_grating: autoDraw = False
8.3689 	EXP 	stim_grayScreen: autoDraw = True
10.0217 	EXP 	New trial (rep=3, index=0): None
10.0376 	EXP 	stim_grayScreen: autoDraw = False
10.0376 	EXP 	stim_grating: autoDraw = False
10.0376 	EXP 	stim_grayScreen: autoDraw = False
10.0376 	EXP 	stim_grating: ori = 0.0
10.0376 	EXP 	stim_grating: autoDraw = True
11.7050 	EXP 	stim_grating: autoDraw = False
11.7050 	EXP 	stim_grayScreen: autoDraw = True
13.3578 	EXP 	New trial (rep=4, index=0): None
13.3736 	EXP 	stim_grayScreen: autoDraw = False
13.3736 	EXP 	stim_grating: autoDraw = False
13.3736 	EXP 	stim_grayScreen: autoDraw = False
13.3736 	EXP 	stim_grating: ori = 20.0
13.3736 	EXP 	stim_grating: autoDraw = True
15.0410 	EXP 	stim_grating: autoDraw = False
15.0410 	EXP 	stim_grayScreen: autoDraw = True
16.7090 	EXP 	stim_grayScreen: autoDraw = False
16.7090 	EXP 	stim_grating: autoDraw = False
16.7090 	EXP 	stim_grayScreen: autoDraw = False
16.7101 	EXP 	Gratings_vis_stim_devJG_v0.2: status = STOPPED
16.7131 	INFO 	saved data to 'C:\\dev\\PsychoPy\\Gratings_vis_stim_devJG_v0.2\\data/182303_Gratings_vis_stim_devJG_v0.2_2024-06-27_19h04.26.434.csv'
16.7138 	INFO 	saved data to C:\dev\PsychoPy\Gratings_vis_stim_devJG_v0.2\data/182303_Gratings_vis_stim_devJG_v0.2_2024-06-27_19h04.26.434.psydat
16.7386 	EXP 	window1: mouseVisible = True
16.9348 	DEBUG 	Saving data for Gratings_vis_stim_devJG_v0.2 ExperimentHandler
