26.1157 	DEBUG 	Fullscreen settings ignored as running in pilot mode.
26.1169 	INFO 	Loaded monitor calibration from ['2024_06_20 20:44']
26.2592 	EXP 	Created window1 = Window(allowGUI=True, allowStencil=False, autoLog=True, backendConf=UNKNOWN, backgroundFit=<method-wrapper '__getattribute__' of attributeSetter object at 0x0000020C2CA4F880>, backgroundImage=<method-wrapper '__getattribute__' of attributeSetter object at 0x0000020C2CA4F820>, bitsMode=UNKNOWN, blendMode='avg', bpc=(8, 8, 8), color=array([0, 0, 0]), colorSpace='rgb', depthBits=8, fullscr=<method-wrapper '__getattribute__' of attributeSetter object at 0x0000020C2CA4F670>, gamma=None, gammaErrorPolicy='raise', infoMsg=UNKNOWN, lms=UNKNOWN, monitor=<psychopy.monitors.calibTools.Monitor object at 0x0000020C2DCCC550>, multiSample=False, name='window1', numSamples=2, pos=[880.0, 420.0], screen=0, size=array([800, 600]), stencilBits=0, stereo=False, title='PsychoPy', units='height', useFBO=True, useRetina=False, viewOri=0.0, viewPos=None, viewScale=None, waitBlanking=True, winType='pyglet')
26.2593 	EXP 	window1: backgroundImage = ''
26.2593 	EXP 	window1: backgroundFit = 'none'
26.2594 	EXP 	window1: mouseVisible = <method-wrapper '__getattribute__' of attributeSetter object at 0x0000020C2CA4F9A0>
26.2595 	EXP 	window1: mouseVisible = <method-wrapper '__getattribute__' of attributeSetter object at 0x0000020C2CA4F9A0>
26.2608 	EXP 	window1: mouseVisible = <method-wrapper '__getattribute__' of attributeSetter object at 0x0000020C2CA4F9A0>
26.2612 	EXP 	window1: mouseVisible = <method-wrapper '__getattribute__' of attributeSetter object at 0x0000020C2CA4F9A0>
26.2642 	DEBUG 	TextBox2 loaded 1 chars with 0 blanks and 1 valid
26.2651 	DEBUG 	TextBox2 loaded 1 chars with 0 blanks and 1 valid
26.2660 	DEBUG 	TextBox2 loaded 1 chars with 0 blanks and 1 valid
26.2670 	DEBUG 	TextBox2 loaded 1 chars with 0 blanks and 1 valid
26.2680 	DEBUG 	TextBox2 loaded 1 chars with 0 blanks and 1 valid
26.2688 	DEBUG 	TextBox2 loaded 1 chars with 0 blanks and 1 valid
26.2697 	DEBUG 	TextBox2 loaded 1 chars with 0 blanks and 1 valid
26.2708 	DEBUG 	TextBox2 loaded 1 chars with 0 blanks and 1 valid
26.2714 	DEBUG 	TextBox2 loaded 1 chars with 0 blanks and 1 valid
26.2722 	DEBUG 	TextBox2 loaded 1 chars with 0 blanks and 1 valid
26.2731 	DEBUG 	TextBox2 loaded 1 chars with 0 blanks and 1 valid
26.2740 	DEBUG 	TextBox2 loaded 1 chars with 0 blanks and 1 valid
26.2753 	DEBUG 	TextBox2 loaded 1 chars with 0 blanks and 1 valid
26.2763 	DEBUG 	TextBox2 loaded 1 chars with 0 blanks and 1 valid
26.2771 	DEBUG 	TextBox2 loaded 1 chars with 0 blanks and 1 valid
26.2781 	DEBUG 	TextBox2 loaded 1 chars with 0 blanks and 1 valid
26.2790 	DEBUG 	TextBox2 loaded 1 chars with 0 blanks and 1 valid
26.2798 	DEBUG 	TextBox2 loaded 1 chars with 0 blanks and 1 valid
26.2806 	DEBUG 	TextBox2 loaded 1 chars with 0 blanks and 1 valid
26.2816 	DEBUG 	TextBox2 loaded 1 chars with 0 blanks and 1 valid
26.2824 	DEBUG 	TextBox2 loaded 1 chars with 0 blanks and 1 valid
26.2828 	DEBUG 	Uploading Texture Font fontname to graphics card
26.2841 	DEBUG 	Upload of Texture Font fontname complete
26.2849 	EXP 	window1: mouseVisible = <method-wrapper '__getattribute__' of attributeSetter object at 0x0000020C2CA4F9A0>
26.2850 	EXP 	window1: mouseVisible = <method-wrapper '__getattribute__' of attributeSetter object at 0x0000020C2CA4F9A0>
26.2854 	EXP 	window1: mouseVisible = <method-wrapper '__getattribute__' of attributeSetter object at 0x0000020C2CA4F9A0>
26.2857 	EXP 	window1: mouseVisible = <method-wrapper '__getattribute__' of attributeSetter object at 0x0000020C2CA4F9A0>
26.2887 	DEBUG 	TextBox2 loaded 1 chars with 0 blanks and 1 valid
26.2897 	DEBUG 	TextBox2 loaded 1 chars with 0 blanks and 1 valid
26.2907 	DEBUG 	TextBox2 loaded 1 chars with 0 blanks and 1 valid
26.2909 	DEBUG 	Uploading Texture Font fontname to graphics card
26.2919 	DEBUG 	Upload of Texture Font fontname complete
26.2930 	EXP 	window1: Attempting to measure frame rate of screen (0) ...
26.2931 	EXP 	window1: recordFrameIntervals = False
26.5107 	EXP 	window1: recordFrameIntervals = True
26.6942 	EXP 	Screen (0) actual frame rate measured at 60.12Hz
26.6943 	EXP 	window1: recordFrameIntervals = False
26.6944 	EXP 	window1: mouseVisible = False
26.6946 	EXP 	window1: mouseVisible = False
26.6947 	EXP 	window1: mouseVisible = False
26.6951 	EXP 	window1: mouseVisible = False
26.6953 	EXP 	window1: mouseVisible = False
26.6981 	DEBUG 	TextBox2 loaded 1 chars with 0 blanks and 1 valid
26.6989 	DEBUG 	TextBox2 loaded 1 chars with 0 blanks and 1 valid
26.6999 	DEBUG 	TextBox2 loaded 1 chars with 0 blanks and 1 valid
26.7011 	DEBUG 	TextBox2 loaded 1 chars with 0 blanks and 1 valid
26.7021 	DEBUG 	TextBox2 loaded 1 chars with 0 blanks and 1 valid
26.7032 	DEBUG 	TextBox2 loaded 1 chars with 0 blanks and 1 valid
26.7040 	DEBUG 	TextBox2 loaded 1 chars with 0 blanks and 1 valid
26.7050 	DEBUG 	TextBox2 loaded 1 chars with 0 blanks and 1 valid
26.7062 	DEBUG 	TextBox2 loaded 1 chars with 0 blanks and 1 valid
26.7072 	DEBUG 	TextBox2 loaded 1 chars with 0 blanks and 1 valid
26.7074 	DEBUG 	Uploading Texture Font fontname to graphics card
26.7079 	DEBUG 	Upload of Texture Font fontname complete
26.7088 	EXP 	window1: mouseVisible = False
26.7089 	EXP 	window1: mouseVisible = False
26.7092 	EXP 	window1: mouseVisible = False
26.7095 	EXP 	window1: mouseVisible = False
26.7207 	WARNING 	launchHubServer: If using the iohub mouse or eyetracker devices, fullScr should be True.
28.8975 	INFO 	keyboard.Keyboard is using iohub backend.
28.8975 	EXP 	Gratings_vis_stim_devJG_v0.2: status = STARTED
28.8976 	EXP 	window1: mouseVisible = False
28.8990 	EXP 	Created stim_grating = GratingStim(__class__=<class 'psychopy.visual.grating.GratingStim'>, anchor='center', autoDraw=False, autoLog=True, blendmode='avg', color=array([1., 1., 1.]), colorSpace='rgb', contrast=1.0, depth=0.0, draggable=False, interpolate=True, mask=None, maskParams=None, name='stim_grating', opacity=1.0, ori=0.0, phase=array([1., 1.]), pos=array([0., 0.]), rgbPedestal=array([0., 0., 0.]), sf=array([1., 1.]), size=array([1., 1.]), tex='sin', texRes=128.0, units='height', win=Window(...))
28.8991 	EXP 	window1: mouseVisible = False
28.9001 	EXP 	Created stim_grayScreen = ImageStim(__class__=<class 'psychopy.visual.image.ImageStim'>, anchor=('center', 'center'), autoLog=True, color=array([0., 0., 0.]), colorSpace='rgb', contrast=1.0, depth=-1.0, draggable=False, flipHoriz=False, flipVert=False, image=None, interpolate=True, mask=None, maskParams=None, name='stim_grayScreen', opacity=1.0, ori=0.0, pos=array([0., 0.]), size=array([1., 1.]), texRes=128.0, units='height', win=Window(...))
0.1237 	EXP 	Created sequence: sequential, trialTypes=1, nReps=5, seed=None
0.1239 	EXP 	New trial (rep=0, index=0): None
0.1509 	EXP 	stim_grating: autoDraw = True
0.1509 	EXP 	stim_grayScreen: autoDraw = True
0.1509 	EXP 	stim_grating: tex = 'sin'
0.5154 	EXP 	New trial (rep=1, index=0): None
0.5305 	EXP 	stim_grating: autoDraw = False
0.5305 	EXP 	stim_grayScreen: autoDraw = False
0.5305 	EXP 	stim_grating: autoDraw = False
0.5305 	EXP 	stim_grayScreen: autoDraw = False
0.5305 	EXP 	stim_grating: autoDraw = True
0.5305 	EXP 	stim_grayScreen: autoDraw = True
0.8488 	EXP 	New trial (rep=2, index=0): None
0.8640 	EXP 	stim_grating: autoDraw = False
0.8640 	EXP 	stim_grayScreen: autoDraw = False
0.8640 	EXP 	stim_grating: autoDraw = False
0.8640 	EXP 	stim_grayScreen: autoDraw = False
0.8640 	EXP 	stim_grating: autoDraw = True
0.8640 	EXP 	stim_grayScreen: autoDraw = True
1.1825 	EXP 	New trial (rep=3, index=0): None
1.1976 	EXP 	stim_grating: autoDraw = False
1.1976 	EXP 	stim_grayScreen: autoDraw = False
1.1976 	EXP 	stim_grating: autoDraw = False
1.1976 	EXP 	stim_grayScreen: autoDraw = False
1.1976 	EXP 	stim_grating: autoDraw = True
1.1976 	EXP 	stim_grayScreen: autoDraw = True
1.5161 	EXP 	New trial (rep=4, index=0): None
1.5312 	EXP 	stim_grating: autoDraw = False
1.5312 	EXP 	stim_grayScreen: autoDraw = False
1.5312 	EXP 	stim_grating: autoDraw = False
1.5312 	EXP 	stim_grayScreen: autoDraw = False
1.5312 	EXP 	stim_grating: autoDraw = True
1.5312 	EXP 	stim_grayScreen: autoDraw = True
1.8642 	EXP 	stim_grating: autoDraw = False
1.8642 	EXP 	stim_grayScreen: autoDraw = False
1.8642 	EXP 	stim_grating: autoDraw = False
1.8642 	EXP 	stim_grayScreen: autoDraw = False
1.8653 	EXP 	Gratings_vis_stim_devJG_v0.2: status = STOPPED
1.8671 	INFO 	saved data to 'C:\\dev\\PsychoPy\\Gratings_vis_stim_devJG_v0.2\\data/206994_Gratings_vis_stim_devJG_v0.2_2024-06-26_16h53.58.387.csv'
1.8677 	INFO 	saved data to C:\dev\PsychoPy\Gratings_vis_stim_devJG_v0.2\data/206994_Gratings_vis_stim_devJG_v0.2_2024-06-26_16h53.58.387.psydat
1.8936 	EXP 	window1: mouseVisible = True
2.4712 	DEBUG 	Saving data for Gratings_vis_stim_devJG_v0.2 ExperimentHandler
