92.6060 	DEBUG 	Fullscreen settings ignored as running in pilot mode.
92.6069 	INFO 	Loaded monitor calibration from ['2024_06_20 20:44']
92.7394 	EXP 	Created window1 = Window(allowGUI=True, allowStencil=False, autoLog=True, backendConf=UNKNOWN, backgroundFit=<method-wrapper '__getattribute__' of attributeSetter object at 0x0000016DFFBDD760>, backgroundImage=<method-wrapper '__getattribute__' of attributeSetter object at 0x0000016DFFBDD700>, bitsMode=UNKNOWN, blendMode='avg', bpc=(8, 8, 8), color=array([0, 0, 0]), colorSpace='rgb', depthBits=8, fullscr=<method-wrapper '__getattribute__' of attributeSetter object at 0x0000016DFFBDD550>, gamma=None, gammaErrorPolicy='raise', infoMsg=UNKNOWN, lms=UNKNOWN, monitor=<psychopy.monitors.calibTools.Monitor object at 0x0000016D87E71820>, multiSample=False, name='window1', numSamples=2, pos=[880.0, 420.0], screen=0, size=array([800, 600]), stencilBits=0, stereo=False, title='PsychoPy', units='height', useFBO=True, useRetina=False, viewOri=0.0, viewPos=None, viewScale=None, waitBlanking=True, winType='pyglet')
92.7394 	EXP 	window1: backgroundImage = ''
92.7394 	EXP 	window1: backgroundFit = 'none'
92.7395 	EXP 	window1: mouseVisible = <method-wrapper '__getattribute__' of attributeSetter object at 0x0000016DFFBDD880>
92.7397 	EXP 	window1: mouseVisible = <method-wrapper '__getattribute__' of attributeSetter object at 0x0000016DFFBDD880>
92.7410 	EXP 	window1: mouseVisible = <method-wrapper '__getattribute__' of attributeSetter object at 0x0000016DFFBDD880>
92.7413 	EXP 	window1: mouseVisible = <method-wrapper '__getattribute__' of attributeSetter object at 0x0000016DFFBDD880>
92.7443 	DEBUG 	TextBox2 loaded 1 chars with 0 blanks and 1 valid
92.7453 	DEBUG 	TextBox2 loaded 1 chars with 0 blanks and 1 valid
92.7462 	DEBUG 	TextBox2 loaded 1 chars with 0 blanks and 1 valid
92.7472 	DEBUG 	TextBox2 loaded 1 chars with 0 blanks and 1 valid
92.7483 	DEBUG 	TextBox2 loaded 1 chars with 0 blanks and 1 valid
92.7491 	DEBUG 	TextBox2 loaded 1 chars with 0 blanks and 1 valid
92.7500 	DEBUG 	TextBox2 loaded 1 chars with 0 blanks and 1 valid
92.7511 	DEBUG 	TextBox2 loaded 1 chars with 0 blanks and 1 valid
92.7518 	DEBUG 	TextBox2 loaded 1 chars with 0 blanks and 1 valid
92.7525 	DEBUG 	TextBox2 loaded 1 chars with 0 blanks and 1 valid
92.7534 	DEBUG 	TextBox2 loaded 1 chars with 0 blanks and 1 valid
92.7543 	DEBUG 	TextBox2 loaded 1 chars with 0 blanks and 1 valid
92.7552 	DEBUG 	TextBox2 loaded 1 chars with 0 blanks and 1 valid
92.7561 	DEBUG 	TextBox2 loaded 1 chars with 0 blanks and 1 valid
92.7570 	DEBUG 	TextBox2 loaded 1 chars with 0 blanks and 1 valid
92.7580 	DEBUG 	TextBox2 loaded 1 chars with 0 blanks and 1 valid
92.7589 	DEBUG 	TextBox2 loaded 1 chars with 0 blanks and 1 valid
92.7596 	DEBUG 	TextBox2 loaded 1 chars with 0 blanks and 1 valid
92.7604 	DEBUG 	TextBox2 loaded 1 chars with 0 blanks and 1 valid
92.7615 	DEBUG 	TextBox2 loaded 1 chars with 0 blanks and 1 valid
92.7623 	DEBUG 	TextBox2 loaded 1 chars with 0 blanks and 1 valid
92.7627 	DEBUG 	Uploading Texture Font fontname to graphics card
92.7644 	DEBUG 	Upload of Texture Font fontname complete
92.7653 	EXP 	window1: mouseVisible = <method-wrapper '__getattribute__' of attributeSetter object at 0x0000016DFFBDD880>
92.7654 	EXP 	window1: mouseVisible = <method-wrapper '__getattribute__' of attributeSetter object at 0x0000016DFFBDD880>
92.7658 	EXP 	window1: mouseVisible = <method-wrapper '__getattribute__' of attributeSetter object at 0x0000016DFFBDD880>
92.7661 	EXP 	window1: mouseVisible = <method-wrapper '__getattribute__' of attributeSetter object at 0x0000016DFFBDD880>
92.7684 	DEBUG 	TextBox2 loaded 1 chars with 0 blanks and 1 valid
92.7694 	DEBUG 	TextBox2 loaded 1 chars with 0 blanks and 1 valid
92.7705 	DEBUG 	TextBox2 loaded 1 chars with 0 blanks and 1 valid
92.7707 	DEBUG 	Uploading Texture Font fontname to graphics card
92.7715 	DEBUG 	Upload of Texture Font fontname complete
92.7725 	EXP 	window1: Attempting to measure frame rate of screen (0) ...
92.7726 	EXP 	window1: recordFrameIntervals = False
92.9830 	EXP 	window1: recordFrameIntervals = True
93.1636 	EXP 	Screen (0) actual frame rate measured at 61.03Hz
93.1636 	EXP 	window1: recordFrameIntervals = False
93.1636 	EXP 	window1: mouseVisible = False
93.1638 	EXP 	window1: mouseVisible = False
93.1639 	EXP 	window1: mouseVisible = False
93.1643 	EXP 	window1: mouseVisible = False
93.1646 	EXP 	window1: mouseVisible = False
93.1670 	DEBUG 	TextBox2 loaded 1 chars with 0 blanks and 1 valid
93.1679 	DEBUG 	TextBox2 loaded 1 chars with 0 blanks and 1 valid
93.1689 	DEBUG 	TextBox2 loaded 1 chars with 0 blanks and 1 valid
93.1700 	DEBUG 	TextBox2 loaded 1 chars with 0 blanks and 1 valid
93.1711 	DEBUG 	TextBox2 loaded 1 chars with 0 blanks and 1 valid
93.1722 	DEBUG 	TextBox2 loaded 1 chars with 0 blanks and 1 valid
93.1730 	DEBUG 	TextBox2 loaded 1 chars with 0 blanks and 1 valid
93.1740 	DEBUG 	TextBox2 loaded 1 chars with 0 blanks and 1 valid
93.1751 	DEBUG 	TextBox2 loaded 1 chars with 0 blanks and 1 valid
93.1762 	DEBUG 	TextBox2 loaded 1 chars with 0 blanks and 1 valid
93.1764 	DEBUG 	Uploading Texture Font fontname to graphics card
93.1768 	DEBUG 	Upload of Texture Font fontname complete
93.1777 	EXP 	window1: mouseVisible = False
93.1778 	EXP 	window1: mouseVisible = False
93.1781 	EXP 	window1: mouseVisible = False
93.1784 	EXP 	window1: mouseVisible = False
93.1907 	WARNING 	launchHubServer: If using the iohub mouse or eyetracker devices, fullScr should be True.
95.4679 	INFO 	keyboard.Keyboard is using iohub backend.
95.4679 	EXP 	Gratings_vis_stim_devJG_v0.2: status = STARTED
95.4680 	EXP 	window1: mouseVisible = False
95.4693 	EXP 	Created stim_grating = GratingStim(__class__=<class 'psychopy.visual.grating.GratingStim'>, anchor='center', autoDraw=False, autoLog=True, blendmode='avg', color=array([1., 1., 1.]), colorSpace='rgb', contrast=1.0, depth=0.0, draggable=False, interpolate=True, mask=None, maskParams=None, name='stim_grating', opacity=1.0, ori=0.0, phase=array([1., 1.]), pos=array([0., 0.]), rgbPedestal=array([0., 0., 0.]), sf=array([1., 1.]), size=array([1., 1.]), tex='sin', texRes=128.0, units='height', win=Window(...))
95.4693 	EXP 	window1: mouseVisible = False
95.4705 	EXP 	Created stim_grayScreen = ImageStim(__class__=<class 'psychopy.visual.image.ImageStim'>, anchor=('center', 'center'), autoLog=True, color=array([0., 0., 0.]), colorSpace='rgb', contrast=1.0, depth=-1.0, draggable=False, flipHoriz=False, flipVert=False, image=None, interpolate=True, mask=None, maskParams=None, name='stim_grayScreen', opacity=1.0, ori=0.0, pos=array([0., 0.]), size=array([1., 1.]), texRes=128.0, units='height', win=Window(...))
0.0136 	EXP 	Created sequence: sequential, trialTypes=1, nReps=5, seed=None
0.0137 	EXP 	New trial (rep=0, index=0): None
0.0295 	EXP 	stim_grating: autoDraw = True
0.0295 	EXP 	stim_grayScreen: autoDraw = True
0.0295 	EXP 	stim_grating: tex = 'sin'
0.3476 	EXP 	New trial (rep=1, index=0): None
0.3627 	EXP 	stim_grating: autoDraw = False
0.3627 	EXP 	stim_grayScreen: autoDraw = False
0.3627 	EXP 	stim_grating: autoDraw = False
0.3627 	EXP 	stim_grayScreen: autoDraw = False
0.3627 	EXP 	stim_grating: autoDraw = True
0.3627 	EXP 	stim_grayScreen: autoDraw = True
0.6811 	EXP 	New trial (rep=2, index=0): None
0.6963 	EXP 	stim_grating: autoDraw = False
0.6963 	EXP 	stim_grayScreen: autoDraw = False
0.6963 	EXP 	stim_grating: autoDraw = False
0.6963 	EXP 	stim_grayScreen: autoDraw = False
0.6963 	EXP 	stim_grating: autoDraw = True
0.6963 	EXP 	stim_grayScreen: autoDraw = True
1.0148 	EXP 	New trial (rep=3, index=0): None
1.0299 	EXP 	stim_grating: autoDraw = False
1.0299 	EXP 	stim_grayScreen: autoDraw = False
1.0299 	EXP 	stim_grating: autoDraw = False
1.0299 	EXP 	stim_grayScreen: autoDraw = False
1.0299 	EXP 	stim_grating: autoDraw = True
1.0299 	EXP 	stim_grayScreen: autoDraw = True
1.3484 	EXP 	New trial (rep=4, index=0): None
1.3635 	EXP 	stim_grating: autoDraw = False
1.3635 	EXP 	stim_grayScreen: autoDraw = False
1.3635 	EXP 	stim_grating: autoDraw = False
1.3635 	EXP 	stim_grayScreen: autoDraw = False
1.3635 	EXP 	stim_grating: autoDraw = True
1.3635 	EXP 	stim_grayScreen: autoDraw = True
1.6965 	EXP 	stim_grating: autoDraw = False
1.6965 	EXP 	stim_grayScreen: autoDraw = False
1.6965 	EXP 	stim_grating: autoDraw = False
1.6965 	EXP 	stim_grayScreen: autoDraw = False
1.6977 	EXP 	Gratings_vis_stim_devJG_v0.2: status = STOPPED
1.7006 	INFO 	saved data to 'C:\\dev\\PsychoPy\\Gratings_vis_stim_devJG_v0.2\\data/217776_Gratings_vis_stim_devJG_v0.2_2024-06-26_16h00.50.689.csv'
1.7013 	INFO 	saved data to C:\dev\PsychoPy\Gratings_vis_stim_devJG_v0.2\data/217776_Gratings_vis_stim_devJG_v0.2_2024-06-26_16h00.50.689.psydat
1.7252 	EXP 	window1: mouseVisible = True
1.9402 	DEBUG 	Saving data for Gratings_vis_stim_devJG_v0.2 ExperimentHandler
