5.8846 	DEBUG 	Fullscreen settings ignored as running in pilot mode.
5.8854 	INFO 	Loaded monitor calibration from ['2024_06_20 20:44']
6.0423 	EXP 	Created window1 = Window(allowGUI=True, allowStencil=False, autoLog=True, backendConf=UNKNOWN, backgroundFit=<method-wrapper '__getattribute__' of attributeSetter object at 0x00000194624BD7F0>, backgroundImage=<method-wrapper '__getattribute__' of attributeSetter object at 0x00000194624BD790>, bitsMode=UNKNOWN, blendMode='avg', bpc=(8, 8, 8), color=array([0, 0, 0]), colorSpace='rgb', depthBits=8, fullscr=<method-wrapper '__getattribute__' of attributeSetter object at 0x00000194624BD5E0>, gamma=None, gammaErrorPolicy='raise', infoMsg=UNKNOWN, lms=UNKNOWN, monitor=<psychopy.monitors.calibTools.Monitor object at 0x0000019464B948E0>, multiSample=False, name='window1', numSamples=2, pos=[880.0, 420.0], screen=0, size=array([800, 600]), stencilBits=0, stereo=False, title='PsychoPy', units='height', useFBO=True, useRetina=False, viewOri=0.0, viewPos=None, viewScale=None, waitBlanking=True, winType='pyglet')
6.0424 	EXP 	window1: backgroundImage = ''
6.0424 	EXP 	window1: backgroundFit = 'none'
6.0425 	EXP 	window1: mouseVisible = <method-wrapper '__getattribute__' of attributeSetter object at 0x00000194624BD910>
6.0426 	EXP 	window1: mouseVisible = <method-wrapper '__getattribute__' of attributeSetter object at 0x00000194624BD910>
6.0440 	EXP 	window1: mouseVisible = <method-wrapper '__getattribute__' of attributeSetter object at 0x00000194624BD910>
6.0444 	EXP 	window1: mouseVisible = <method-wrapper '__getattribute__' of attributeSetter object at 0x00000194624BD910>
6.0474 	DEBUG 	TextBox2 loaded 1 chars with 0 blanks and 1 valid
6.0484 	DEBUG 	TextBox2 loaded 1 chars with 0 blanks and 1 valid
6.0493 	DEBUG 	TextBox2 loaded 1 chars with 0 blanks and 1 valid
6.0503 	DEBUG 	TextBox2 loaded 1 chars with 0 blanks and 1 valid
6.0513 	DEBUG 	TextBox2 loaded 1 chars with 0 blanks and 1 valid
6.0521 	DEBUG 	TextBox2 loaded 1 chars with 0 blanks and 1 valid
6.0530 	DEBUG 	TextBox2 loaded 1 chars with 0 blanks and 1 valid
6.0541 	DEBUG 	TextBox2 loaded 1 chars with 0 blanks and 1 valid
6.0548 	DEBUG 	TextBox2 loaded 1 chars with 0 blanks and 1 valid
6.0555 	DEBUG 	TextBox2 loaded 1 chars with 0 blanks and 1 valid
6.0564 	DEBUG 	TextBox2 loaded 1 chars with 0 blanks and 1 valid
6.0574 	DEBUG 	TextBox2 loaded 1 chars with 0 blanks and 1 valid
6.0583 	DEBUG 	TextBox2 loaded 1 chars with 0 blanks and 1 valid
6.0592 	DEBUG 	TextBox2 loaded 1 chars with 0 blanks and 1 valid
6.0600 	DEBUG 	TextBox2 loaded 1 chars with 0 blanks and 1 valid
6.0610 	DEBUG 	TextBox2 loaded 1 chars with 0 blanks and 1 valid
6.0619 	DEBUG 	TextBox2 loaded 1 chars with 0 blanks and 1 valid
6.0627 	DEBUG 	TextBox2 loaded 1 chars with 0 blanks and 1 valid
6.0635 	DEBUG 	TextBox2 loaded 1 chars with 0 blanks and 1 valid
6.0645 	DEBUG 	TextBox2 loaded 1 chars with 0 blanks and 1 valid
6.0653 	DEBUG 	TextBox2 loaded 1 chars with 0 blanks and 1 valid
6.0656 	DEBUG 	Uploading Texture Font fontname to graphics card
6.0672 	DEBUG 	Upload of Texture Font fontname complete
6.0681 	EXP 	window1: mouseVisible = <method-wrapper '__getattribute__' of attributeSetter object at 0x00000194624BD910>
6.0682 	EXP 	window1: mouseVisible = <method-wrapper '__getattribute__' of attributeSetter object at 0x00000194624BD910>
6.0685 	EXP 	window1: mouseVisible = <method-wrapper '__getattribute__' of attributeSetter object at 0x00000194624BD910>
6.0689 	EXP 	window1: mouseVisible = <method-wrapper '__getattribute__' of attributeSetter object at 0x00000194624BD910>
6.0711 	DEBUG 	TextBox2 loaded 1 chars with 0 blanks and 1 valid
6.0721 	DEBUG 	TextBox2 loaded 1 chars with 0 blanks and 1 valid
6.0732 	DEBUG 	TextBox2 loaded 1 chars with 0 blanks and 1 valid
6.0735 	DEBUG 	Uploading Texture Font fontname to graphics card
6.0744 	DEBUG 	Upload of Texture Font fontname complete
6.0756 	EXP 	window1: Attempting to measure frame rate of screen (0) ...
6.0756 	EXP 	window1: recordFrameIntervals = False
6.2901 	EXP 	window1: recordFrameIntervals = True
6.4741 	EXP 	Screen (0) actual frame rate measured at 59.93Hz
6.4741 	EXP 	window1: recordFrameIntervals = False
6.4742 	EXP 	window1: mouseVisible = False
6.4744 	EXP 	window1: mouseVisible = False
6.4745 	EXP 	window1: mouseVisible = False
6.4749 	EXP 	window1: mouseVisible = False
6.4752 	EXP 	window1: mouseVisible = False
6.4777 	DEBUG 	TextBox2 loaded 1 chars with 0 blanks and 1 valid
6.4786 	DEBUG 	TextBox2 loaded 1 chars with 0 blanks and 1 valid
6.4796 	DEBUG 	TextBox2 loaded 1 chars with 0 blanks and 1 valid
6.4807 	DEBUG 	TextBox2 loaded 1 chars with 0 blanks and 1 valid
6.4818 	DEBUG 	TextBox2 loaded 1 chars with 0 blanks and 1 valid
6.4828 	DEBUG 	TextBox2 loaded 1 chars with 0 blanks and 1 valid
6.4837 	DEBUG 	TextBox2 loaded 1 chars with 0 blanks and 1 valid
6.4847 	DEBUG 	TextBox2 loaded 1 chars with 0 blanks and 1 valid
6.4858 	DEBUG 	TextBox2 loaded 1 chars with 0 blanks and 1 valid
6.4869 	DEBUG 	TextBox2 loaded 1 chars with 0 blanks and 1 valid
6.4871 	DEBUG 	Uploading Texture Font fontname to graphics card
6.4876 	DEBUG 	Upload of Texture Font fontname complete
6.4885 	EXP 	window1: mouseVisible = False
6.4885 	EXP 	window1: mouseVisible = False
6.4889 	EXP 	window1: mouseVisible = False
6.4893 	EXP 	window1: mouseVisible = False
6.5015 	WARNING 	launchHubServer: If using the iohub mouse or eyetracker devices, fullScr should be True.
8.6744 	INFO 	keyboard.Keyboard is using iohub backend.
8.6744 	EXP 	Gratings_vis_stim_devJG_v0.2: status = STARTED
8.6745 	EXP 	window1: mouseVisible = False
8.6760 	EXP 	Created stim_grating = GratingStim(__class__=<class 'psychopy.visual.grating.GratingStim'>, anchor='center', autoDraw=False, autoLog=True, blendmode='avg', color=array([1., 1., 1.]), colorSpace='rgb', contrast=1.0, depth=-1.0, draggable=False, interpolate=True, mask=None, maskParams=None, name='stim_grating', opacity=1.0, ori=1.0, phase=array([1., 1.]), pos=array([0., 0.]), rgbPedestal=array([0., 0., 0.]), sf=array([4., 4.]), size=array([2., 2.]), tex='sin', texRes=128.0, units='height', win=Window(...))
8.6760 	EXP 	window1: mouseVisible = False
8.6770 	EXP 	Created stim_grayScreen = ImageStim(__class__=<class 'psychopy.visual.image.ImageStim'>, anchor=('center', 'center'), autoLog=True, color=array([0., 0., 0.]), colorSpace='rgb', contrast=1.0, depth=-2.0, draggable=False, flipHoriz=False, flipVert=False, image=None, interpolate=True, mask=None, maskParams=None, name='stim_grayScreen', opacity=1.0, ori=0.0, pos=array([0., 0.]), size=array([1., 1.]), texRes=128.0, units='height', win=Window(...))
0.0168 	EXP 	Created sequence: sequential, trialTypes=1, nReps=5, seed=None
0.0169 	EXP 	New trial (rep=0, index=0): None
0.0341 	EXP 	stim_grating: ori = 20.0
0.0341 	EXP 	stim_grating: autoDraw = True
0.0341 	EXP 	stim_grating: tex = 'sin'
1.7012 	EXP 	stim_grating: autoDraw = False
1.7012 	EXP 	stim_grayScreen: autoDraw = True
3.3542 	EXP 	New trial (rep=1, index=0): None
3.3701 	EXP 	stim_grayScreen: autoDraw = False
3.3701 	EXP 	stim_grating: autoDraw = False
3.3701 	EXP 	stim_grayScreen: autoDraw = False
3.3701 	EXP 	stim_grating: ori = 90.0
3.3701 	EXP 	stim_grating: autoDraw = True
5.0372 	EXP 	stim_grating: autoDraw = False
5.0372 	EXP 	stim_grayScreen: autoDraw = True
6.6900 	EXP 	New trial (rep=2, index=0): None
6.7061 	EXP 	stim_grayScreen: autoDraw = False
6.7061 	EXP 	stim_grating: autoDraw = False
6.7061 	EXP 	stim_grayScreen: autoDraw = False
6.7061 	EXP 	stim_grating: ori = 40.0
6.7061 	EXP 	stim_grating: autoDraw = True
8.3732 	EXP 	stim_grating: autoDraw = False
8.3732 	EXP 	stim_grayScreen: autoDraw = True
10.0259 	EXP 	New trial (rep=3, index=0): None
10.0421 	EXP 	stim_grayScreen: autoDraw = False
10.0421 	EXP 	stim_grating: autoDraw = False
10.0421 	EXP 	stim_grayScreen: autoDraw = False
10.0421 	EXP 	stim_grating: ori = 20.0
10.0421 	EXP 	stim_grating: autoDraw = True
11.7091 	EXP 	stim_grating: autoDraw = False
11.7091 	EXP 	stim_grayScreen: autoDraw = True
13.3619 	EXP 	New trial (rep=4, index=0): None
13.3781 	EXP 	stim_grayScreen: autoDraw = False
13.3781 	EXP 	stim_grating: autoDraw = False
13.3781 	EXP 	stim_grayScreen: autoDraw = False
13.3781 	EXP 	stim_grating: ori = 0.0
13.3781 	EXP 	stim_grating: autoDraw = True
15.0451 	EXP 	stim_grating: autoDraw = False
15.0451 	EXP 	stim_grayScreen: autoDraw = True
16.7133 	EXP 	stim_grayScreen: autoDraw = False
16.7133 	EXP 	stim_grating: autoDraw = False
16.7133 	EXP 	stim_grayScreen: autoDraw = False
16.7145 	EXP 	Gratings_vis_stim_devJG_v0.2: status = STOPPED
16.7175 	INFO 	saved data to 'C:\\dev\\PsychoPy\\Gratings_vis_stim_devJG_v0.2\\data/230547_Gratings_vis_stim_devJG_v0.2_2024-06-27_19h07.41.744.csv'
16.7182 	INFO 	saved data to C:\dev\PsychoPy\Gratings_vis_stim_devJG_v0.2\data/230547_Gratings_vis_stim_devJG_v0.2_2024-06-27_19h07.41.744.psydat
16.7428 	EXP 	window1: mouseVisible = True
16.9789 	DEBUG 	Saving data for Gratings_vis_stim_devJG_v0.2 ExperimentHandler
