10.0403 	DEBUG 	Fullscreen settings ignored as running in pilot mode.
10.0411 	INFO 	Loaded monitor calibration from ['2024_06_20 20:44']
10.2173 	EXP 	Created window1 = Window(allowGUI=True, allowStencil=False, autoLog=True, backendConf=UNKNOWN, backgroundFit=<method-wrapper '__getattribute__' of attributeSetter object at 0x000001C996B7A7F0>, backgroundImage=<method-wrapper '__getattribute__' of attributeSetter object at 0x000001C996B7A790>, bitsMode=UNKNOWN, blendMode='avg', bpc=(8, 8, 8), color=array([0, 0, 0]), colorSpace='rgb', depthBits=8, fullscr=<method-wrapper '__getattribute__' of attributeSetter object at 0x000001C996B7A5E0>, gamma=None, gammaErrorPolicy='raise', infoMsg=UNKNOWN, lms=UNKNOWN, monitor=<psychopy.monitors.calibTools.Monitor object at 0x000001C9997538B0>, multiSample=False, name='window1', numSamples=2, pos=[880.0, 420.0], screen=0, size=array([800, 600]), stencilBits=0, stereo=False, title='PsychoPy', units='height', useFBO=True, useRetina=False, viewOri=0.0, viewPos=None, viewScale=None, waitBlanking=True, winType='pyglet')
10.2173 	EXP 	window1: backgroundImage = ''
10.2173 	EXP 	window1: backgroundFit = 'none'
10.2174 	EXP 	window1: mouseVisible = <method-wrapper '__getattribute__' of attributeSetter object at 0x000001C996B7A910>
10.2176 	EXP 	window1: mouseVisible = <method-wrapper '__getattribute__' of attributeSetter object at 0x000001C996B7A910>
10.2189 	EXP 	window1: mouseVisible = <method-wrapper '__getattribute__' of attributeSetter object at 0x000001C996B7A910>
10.2193 	EXP 	window1: mouseVisible = <method-wrapper '__getattribute__' of attributeSetter object at 0x000001C996B7A910>
10.2224 	DEBUG 	TextBox2 loaded 1 chars with 0 blanks and 1 valid
10.2233 	DEBUG 	TextBox2 loaded 1 chars with 0 blanks and 1 valid
10.2243 	DEBUG 	TextBox2 loaded 1 chars with 0 blanks and 1 valid
10.2253 	DEBUG 	TextBox2 loaded 1 chars with 0 blanks and 1 valid
10.2263 	DEBUG 	TextBox2 loaded 1 chars with 0 blanks and 1 valid
10.2271 	DEBUG 	TextBox2 loaded 1 chars with 0 blanks and 1 valid
10.2281 	DEBUG 	TextBox2 loaded 1 chars with 0 blanks and 1 valid
10.2294 	DEBUG 	TextBox2 loaded 1 chars with 0 blanks and 1 valid
10.2301 	DEBUG 	TextBox2 loaded 1 chars with 0 blanks and 1 valid
10.2309 	DEBUG 	TextBox2 loaded 1 chars with 0 blanks and 1 valid
10.2318 	DEBUG 	TextBox2 loaded 1 chars with 0 blanks and 1 valid
10.2328 	DEBUG 	TextBox2 loaded 1 chars with 0 blanks and 1 valid
10.2337 	DEBUG 	TextBox2 loaded 1 chars with 0 blanks and 1 valid
10.2346 	DEBUG 	TextBox2 loaded 1 chars with 0 blanks and 1 valid
10.2356 	DEBUG 	TextBox2 loaded 1 chars with 0 blanks and 1 valid
10.2366 	DEBUG 	TextBox2 loaded 1 chars with 0 blanks and 1 valid
10.2376 	DEBUG 	TextBox2 loaded 1 chars with 0 blanks and 1 valid
10.2384 	DEBUG 	TextBox2 loaded 1 chars with 0 blanks and 1 valid
10.2392 	DEBUG 	TextBox2 loaded 1 chars with 0 blanks and 1 valid
10.2402 	DEBUG 	TextBox2 loaded 1 chars with 0 blanks and 1 valid
10.2410 	DEBUG 	TextBox2 loaded 1 chars with 0 blanks and 1 valid
10.2414 	DEBUG 	Uploading Texture Font fontname to graphics card
10.2428 	DEBUG 	Upload of Texture Font fontname complete
10.2437 	EXP 	window1: mouseVisible = <method-wrapper '__getattribute__' of attributeSetter object at 0x000001C996B7A910>
10.2438 	EXP 	window1: mouseVisible = <method-wrapper '__getattribute__' of attributeSetter object at 0x000001C996B7A910>
10.2442 	EXP 	window1: mouseVisible = <method-wrapper '__getattribute__' of attributeSetter object at 0x000001C996B7A910>
10.2445 	EXP 	window1: mouseVisible = <method-wrapper '__getattribute__' of attributeSetter object at 0x000001C996B7A910>
10.2469 	DEBUG 	TextBox2 loaded 1 chars with 0 blanks and 1 valid
10.2480 	DEBUG 	TextBox2 loaded 1 chars with 0 blanks and 1 valid
10.2491 	DEBUG 	TextBox2 loaded 1 chars with 0 blanks and 1 valid
10.2493 	DEBUG 	Uploading Texture Font fontname to graphics card
10.2501 	DEBUG 	Upload of Texture Font fontname complete
10.2514 	EXP 	window1: Attempting to measure frame rate of screen (0) ...
10.2514 	EXP 	window1: recordFrameIntervals = False
10.4703 	EXP 	window1: recordFrameIntervals = True
10.6548 	EXP 	Screen (0) actual frame rate measured at 59.79Hz
10.6548 	EXP 	window1: recordFrameIntervals = False
10.6549 	EXP 	window1: mouseVisible = False
10.6551 	EXP 	window1: mouseVisible = False
10.6552 	EXP 	window1: mouseVisible = False
10.6556 	EXP 	window1: mouseVisible = False
10.6558 	EXP 	window1: mouseVisible = False
10.6584 	DEBUG 	TextBox2 loaded 1 chars with 0 blanks and 1 valid
10.6594 	DEBUG 	TextBox2 loaded 1 chars with 0 blanks and 1 valid
10.6604 	DEBUG 	TextBox2 loaded 1 chars with 0 blanks and 1 valid
10.6616 	DEBUG 	TextBox2 loaded 1 chars with 0 blanks and 1 valid
10.6628 	DEBUG 	TextBox2 loaded 1 chars with 0 blanks and 1 valid
10.6639 	DEBUG 	TextBox2 loaded 1 chars with 0 blanks and 1 valid
10.6648 	DEBUG 	TextBox2 loaded 1 chars with 0 blanks and 1 valid
10.6659 	DEBUG 	TextBox2 loaded 1 chars with 0 blanks and 1 valid
10.6671 	DEBUG 	TextBox2 loaded 1 chars with 0 blanks and 1 valid
10.6682 	DEBUG 	TextBox2 loaded 1 chars with 0 blanks and 1 valid
10.6685 	DEBUG 	Uploading Texture Font fontname to graphics card
10.6689 	DEBUG 	Upload of Texture Font fontname complete
10.6700 	EXP 	window1: mouseVisible = False
10.6700 	EXP 	window1: mouseVisible = False
10.6703 	EXP 	window1: mouseVisible = False
10.6706 	EXP 	window1: mouseVisible = False
10.6830 	WARNING 	launchHubServer: If using the iohub mouse or eyetracker devices, fullScr should be True.
13.2001 	INFO 	keyboard.Keyboard is using iohub backend.
13.2001 	EXP 	Gratings_vis_stim_devJG_v0.2: status = STARTED
13.2002 	EXP 	window1: mouseVisible = False
13.2016 	EXP 	Created stim_grating = GratingStim(__class__=<class 'psychopy.visual.grating.GratingStim'>, anchor='center', autoDraw=False, autoLog=True, blendmode='avg', color=array([1., 1., 1.]), colorSpace='rgb', contrast=1.0, depth=-1.0, draggable=False, interpolate=True, mask=None, maskParams=None, name='stim_grating', opacity=1.0, ori=1.0, phase=array([1., 1.]), pos=array([0., 0.]), rgbPedestal=array([0., 0., 0.]), sf=array([4., 4.]), size=array([2., 2.]), tex='sin', texRes=128.0, units='height', win=Window(...))
13.2016 	EXP 	window1: mouseVisible = False
13.2027 	EXP 	Created stim_grayScreen = ImageStim(__class__=<class 'psychopy.visual.image.ImageStim'>, anchor=('center', 'center'), autoLog=True, color=array([0., 0., 0.]), colorSpace='rgb', contrast=1.0, depth=-2.0, draggable=False, flipHoriz=False, flipVert=False, image=None, interpolate=True, mask=None, maskParams=None, name='stim_grayScreen', opacity=1.0, ori=0.0, pos=array([0., 0.]), size=array([1., 1.]), texRes=128.0, units='height', win=Window(...))
0.0209 	EXP 	Created sequence: sequential, trialTypes=1, nReps=5, seed=None
0.0210 	EXP 	New trial (rep=0, index=0): None
0.0377 	EXP 	stim_grating: ori = 40.0
0.0377 	EXP 	stim_grating: autoDraw = True
0.0377 	EXP 	stim_grating: tex = 'sin'
1.7045 	EXP 	stim_grating: autoDraw = False
1.7045 	EXP 	stim_grayScreen: autoDraw = True
3.3575 	EXP 	New trial (rep=1, index=0): None
3.3734 	EXP 	stim_grayScreen: autoDraw = False
3.3734 	EXP 	stim_grating: autoDraw = False
3.3734 	EXP 	stim_grayScreen: autoDraw = False
3.3734 	EXP 	stim_grating: ori = 0.0
3.3734 	EXP 	stim_grating: autoDraw = True
5.0405 	EXP 	stim_grating: autoDraw = False
5.0405 	EXP 	stim_grayScreen: autoDraw = True
6.6933 	EXP 	New trial (rep=2, index=0): None
6.7094 	EXP 	stim_grayScreen: autoDraw = False
6.7094 	EXP 	stim_grating: autoDraw = False
6.7094 	EXP 	stim_grayScreen: autoDraw = False
6.7094 	EXP 	stim_grating: ori = 1.0
6.7094 	EXP 	stim_grating: autoDraw = True
8.3765 	EXP 	stim_grating: autoDraw = False
8.3765 	EXP 	stim_grayScreen: autoDraw = True
10.0292 	EXP 	New trial (rep=3, index=0): None
10.0453 	EXP 	stim_grayScreen: autoDraw = False
10.0453 	EXP 	stim_grating: autoDraw = False
10.0453 	EXP 	stim_grayScreen: autoDraw = False
10.0453 	EXP 	stim_grating: ori = 40.0
10.0453 	EXP 	stim_grating: autoDraw = True
11.7123 	EXP 	stim_grating: autoDraw = False
11.7123 	EXP 	stim_grayScreen: autoDraw = True
13.3654 	EXP 	New trial (rep=4, index=0): None
13.3815 	EXP 	stim_grayScreen: autoDraw = False
13.3815 	EXP 	stim_grating: autoDraw = False
13.3815 	EXP 	stim_grayScreen: autoDraw = False
13.3815 	EXP 	stim_grating: ori = 70.0
13.3815 	EXP 	stim_grating: autoDraw = True
15.0486 	EXP 	stim_grating: autoDraw = False
15.0486 	EXP 	stim_grayScreen: autoDraw = True
16.7166 	EXP 	stim_grayScreen: autoDraw = False
16.7166 	EXP 	stim_grating: autoDraw = False
16.7166 	EXP 	stim_grayScreen: autoDraw = False
16.7179 	EXP 	Gratings_vis_stim_devJG_v0.2: status = STOPPED
16.7208 	INFO 	saved data to 'C:\\dev\\PsychoPy\\Gratings_vis_stim_devJG_v0.2\\data/245428_Gratings_vis_stim_devJG_v0.2_2024-06-27_19h17.09.357.csv'
16.7214 	INFO 	saved data to C:\dev\PsychoPy\Gratings_vis_stim_devJG_v0.2\data/245428_Gratings_vis_stim_devJG_v0.2_2024-06-27_19h17.09.357.psydat
16.7455 	EXP 	window1: mouseVisible = True
16.8949 	DEBUG 	Saving data for Gratings_vis_stim_devJG_v0.2 ExperimentHandler
