5.6058 	DEBUG 	Fullscreen settings ignored as running in pilot mode.
5.6069 	INFO 	Loaded monitor calibration from ['2024_06_26 12:00']
5.7500 	EXP 	Created window1 = Window(allowGUI=True, allowStencil=False, autoLog=True, backendConf=UNKNOWN, backgroundFit=<method-wrapper '__getattribute__' of attributeSetter object at 0x000002C4A950E850>, backgroundImage=<method-wrapper '__getattribute__' of attributeSetter object at 0x000002C4A950E7F0>, bitsMode=UNKNOWN, blendMode='avg', bpc=(8, 8, 8), color=array([0, 0, 0]), colorSpace='rgb', depthBits=8, fullscr=<method-wrapper '__getattribute__' of attributeSetter object at 0x000002C4A950E640>, gamma=None, gammaErrorPolicy='raise', infoMsg=UNKNOWN, lms=UNKNOWN, monitor=<psychopy.monitors.calibTools.Monitor object at 0x000002C4A9F688E0>, multiSample=False, name='window1', numSamples=2, pos=[560.0, 240.0], screen=1, size=array([800, 600]), stencilBits=0, stereo=False, title='PsychoPy', units='height', useFBO=True, useRetina=False, viewOri=0.0, viewPos=None, viewScale=None, waitBlanking=True, winType='pyglet')
5.7500 	EXP 	window1: backgroundImage = ''
5.7500 	EXP 	window1: backgroundFit = 'none'
5.7501 	EXP 	window1: mouseVisible = <method-wrapper '__getattribute__' of attributeSetter object at 0x000002C4A950E970>
5.7503 	EXP 	window1: mouseVisible = <method-wrapper '__getattribute__' of attributeSetter object at 0x000002C4A950E970>
5.7514 	EXP 	window1: mouseVisible = <method-wrapper '__getattribute__' of attributeSetter object at 0x000002C4A950E970>
5.7518 	EXP 	window1: mouseVisible = <method-wrapper '__getattribute__' of attributeSetter object at 0x000002C4A950E970>
5.7545 	DEBUG 	TextBox2 loaded 1 chars with 0 blanks and 1 valid
5.7553 	DEBUG 	TextBox2 loaded 1 chars with 0 blanks and 1 valid
5.7561 	DEBUG 	TextBox2 loaded 1 chars with 0 blanks and 1 valid
5.7570 	DEBUG 	TextBox2 loaded 1 chars with 0 blanks and 1 valid
5.7579 	DEBUG 	TextBox2 loaded 1 chars with 0 blanks and 1 valid
5.7586 	DEBUG 	TextBox2 loaded 1 chars with 0 blanks and 1 valid
5.7593 	DEBUG 	TextBox2 loaded 1 chars with 0 blanks and 1 valid
5.7602 	DEBUG 	TextBox2 loaded 1 chars with 0 blanks and 1 valid
5.7607 	DEBUG 	TextBox2 loaded 1 chars with 0 blanks and 1 valid
5.7613 	DEBUG 	TextBox2 loaded 1 chars with 0 blanks and 1 valid
5.7621 	DEBUG 	TextBox2 loaded 1 chars with 0 blanks and 1 valid
5.7629 	DEBUG 	TextBox2 loaded 1 chars with 0 blanks and 1 valid
5.7636 	DEBUG 	TextBox2 loaded 1 chars with 0 blanks and 1 valid
5.7644 	DEBUG 	TextBox2 loaded 1 chars with 0 blanks and 1 valid
5.7651 	DEBUG 	TextBox2 loaded 1 chars with 0 blanks and 1 valid
5.7660 	DEBUG 	TextBox2 loaded 1 chars with 0 blanks and 1 valid
5.7669 	DEBUG 	TextBox2 loaded 1 chars with 0 blanks and 1 valid
5.7676 	DEBUG 	TextBox2 loaded 1 chars with 0 blanks and 1 valid
5.7684 	DEBUG 	TextBox2 loaded 1 chars with 0 blanks and 1 valid
5.7693 	DEBUG 	TextBox2 loaded 1 chars with 0 blanks and 1 valid
5.7700 	DEBUG 	TextBox2 loaded 1 chars with 0 blanks and 1 valid
5.7704 	DEBUG 	Uploading Texture Font fontname to graphics card
5.7731 	DEBUG 	Upload of Texture Font fontname complete
5.7739 	EXP 	window1: mouseVisible = <method-wrapper '__getattribute__' of attributeSetter object at 0x000002C4A950E970>
5.7740 	EXP 	window1: mouseVisible = <method-wrapper '__getattribute__' of attributeSetter object at 0x000002C4A950E970>
5.7744 	EXP 	window1: mouseVisible = <method-wrapper '__getattribute__' of attributeSetter object at 0x000002C4A950E970>
5.7747 	EXP 	window1: mouseVisible = <method-wrapper '__getattribute__' of attributeSetter object at 0x000002C4A950E970>
5.7768 	DEBUG 	TextBox2 loaded 1 chars with 0 blanks and 1 valid
5.7778 	DEBUG 	TextBox2 loaded 1 chars with 0 blanks and 1 valid
5.7787 	DEBUG 	TextBox2 loaded 1 chars with 0 blanks and 1 valid
5.7789 	DEBUG 	Uploading Texture Font fontname to graphics card
5.7795 	DEBUG 	Upload of Texture Font fontname complete
5.7805 	EXP 	window1: Attempting to measure frame rate of screen (1) ...
5.7806 	EXP 	window1: recordFrameIntervals = False
5.9836 	EXP 	window1: recordFrameIntervals = True
6.1674 	EXP 	Screen (1) actual frame rate measured at 59.96Hz
6.1674 	EXP 	window1: recordFrameIntervals = False
6.1675 	EXP 	window1: mouseVisible = False
6.1678 	EXP 	window1: mouseVisible = False
6.1680 	EXP 	window1: mouseVisible = False
6.1688 	EXP 	window1: mouseVisible = False
6.1696 	EXP 	window1: mouseVisible = False
6.1746 	DEBUG 	TextBox2 loaded 1 chars with 0 blanks and 1 valid
6.1760 	DEBUG 	TextBox2 loaded 1 chars with 0 blanks and 1 valid
6.1777 	DEBUG 	TextBox2 loaded 1 chars with 0 blanks and 1 valid
6.1796 	DEBUG 	TextBox2 loaded 1 chars with 0 blanks and 1 valid
6.1814 	DEBUG 	TextBox2 loaded 1 chars with 0 blanks and 1 valid
6.1832 	DEBUG 	TextBox2 loaded 1 chars with 0 blanks and 1 valid
6.1845 	DEBUG 	TextBox2 loaded 1 chars with 0 blanks and 1 valid
6.1862 	DEBUG 	TextBox2 loaded 1 chars with 0 blanks and 1 valid
6.1880 	DEBUG 	TextBox2 loaded 1 chars with 0 blanks and 1 valid
6.1896 	DEBUG 	TextBox2 loaded 1 chars with 0 blanks and 1 valid
6.1900 	DEBUG 	Uploading Texture Font fontname to graphics card
6.1908 	DEBUG 	Upload of Texture Font fontname complete
6.1926 	EXP 	window1: mouseVisible = False
6.1927 	EXP 	window1: mouseVisible = False
6.1934 	EXP 	window1: mouseVisible = False
6.1941 	EXP 	window1: mouseVisible = False
6.2076 	WARNING 	launchHubServer: If using the iohub mouse or eyetracker devices, fullScr should be True.
8.3084 	INFO 	keyboard.Keyboard is using iohub backend.
8.3084 	EXP 	Gratings_vis_stim_devJG_v0.3: status = STARTED
8.3086 	EXP 	window1: mouseVisible = False
8.3111 	EXP 	Created stim_grating = GratingStim(__class__=<class 'psychopy.visual.grating.GratingStim'>, anchor='center', autoDraw=False, autoLog=True, blendmode='avg', color=array([1., 1., 1.]), colorSpace='rgb', contrast=1.0, depth=-1.0, draggable=False, interpolate=True, mask=None, maskParams=None, name='stim_grating', opacity=1.0, ori=1.0, phase=array([1., 1.]), pos=array([0., 0.]), rgbPedestal=array([0., 0., 0.]), sf=array([2., 2.]), size=array([2., 2.]), tex='sin', texRes=256.0, units='height', win=Window(...))
8.3112 	EXP 	window1: mouseVisible = False
8.3131 	EXP 	Created stim_grayScreen = ImageStim(__class__=<class 'psychopy.visual.image.ImageStim'>, anchor=('center', 'center'), autoLog=True, color=array([0., 0., 0.]), colorSpace='rgb', contrast=1.0, depth=-2.0, draggable=False, flipHoriz=False, flipVert=False, image=None, interpolate=True, mask=None, maskParams=None, name='stim_grayScreen', opacity=1.0, ori=0.0, pos=array([0., 0.]), size=array([1., 1.]), texRes=128.0, units='height', win=Window(...))
0.0124 	EXP 	Created sequence: sequential, trialTypes=1, nReps=128, seed=None
0.0130 	EXP 	New trial (rep=0, index=0): None
0.0278 	EXP 	window1: mouseVisible = True
0.0308 	DEBUG 	Saving data for Gratings_vis_stim_devJG_v0.3 ExperimentHandler
0.0320 	INFO 	saved data to C:\dev\PsychoPy\Gratings_vis_stim_devJG_v0.2\data/300422_Gratings_vis_stim_devJG_v0.3_2024-07-02_18h28.59.990.psydat
0.0330 	INFO 	saved data to 'C:\\dev\\PsychoPy\\Gratings_vis_stim_devJG_v0.2\\data/300422_Gratings_vis_stim_devJG_v0.3_2024-07-02_18h28.59.990.csv'
