6.1247 	DEBUG 	Fullscreen settings ignored as running in pilot mode.
6.1255 	INFO 	Loaded monitor calibration from ['2024_06_20 20:44']
6.2695 	EXP 	Created window1 = Window(allowGUI=True, allowStencil=False, autoLog=True, backendConf=UNKNOWN, backgroundFit=<method-wrapper '__getattribute__' of attributeSetter object at 0x000001D49D62E7C0>, backgroundImage=<method-wrapper '__getattribute__' of attributeSetter object at 0x000001D49D62E760>, bitsMode=UNKNOWN, blendMode='avg', bpc=(8, 8, 8), color=array([0, 0, 0]), colorSpace='rgb', depthBits=8, fullscr=<method-wrapper '__getattribute__' of attributeSetter object at 0x000001D49D62E5B0>, gamma=None, gammaErrorPolicy='raise', infoMsg=UNKNOWN, lms=UNKNOWN, monitor=<psychopy.monitors.calibTools.Monitor object at 0x000001D49FBC5880>, multiSample=False, name='window1', numSamples=2, pos=[880.0, 420.0], screen=0, size=array([800, 600]), stencilBits=0, stereo=False, title='PsychoPy', units='height', useFBO=True, useRetina=False, viewOri=0.0, viewPos=None, viewScale=None, waitBlanking=True, winType='pyglet')
6.2695 	EXP 	window1: backgroundImage = ''
6.2695 	EXP 	window1: backgroundFit = 'none'
6.2696 	EXP 	window1: mouseVisible = <method-wrapper '__getattribute__' of attributeSetter object at 0x000001D49D62E8E0>
6.2697 	EXP 	window1: mouseVisible = <method-wrapper '__getattribute__' of attributeSetter object at 0x000001D49D62E8E0>
6.2710 	EXP 	window1: mouseVisible = <method-wrapper '__getattribute__' of attributeSetter object at 0x000001D49D62E8E0>
6.2715 	EXP 	window1: mouseVisible = <method-wrapper '__getattribute__' of attributeSetter object at 0x000001D49D62E8E0>
6.2747 	DEBUG 	TextBox2 loaded 1 chars with 0 blanks and 1 valid
6.2757 	DEBUG 	TextBox2 loaded 1 chars with 0 blanks and 1 valid
6.2767 	DEBUG 	TextBox2 loaded 1 chars with 0 blanks and 1 valid
6.2778 	DEBUG 	TextBox2 loaded 1 chars with 0 blanks and 1 valid
6.2788 	DEBUG 	TextBox2 loaded 1 chars with 0 blanks and 1 valid
6.2797 	DEBUG 	TextBox2 loaded 1 chars with 0 blanks and 1 valid
6.2807 	DEBUG 	TextBox2 loaded 1 chars with 0 blanks and 1 valid
6.2818 	DEBUG 	TextBox2 loaded 1 chars with 0 blanks and 1 valid
6.2825 	DEBUG 	TextBox2 loaded 1 chars with 0 blanks and 1 valid
6.2832 	DEBUG 	TextBox2 loaded 1 chars with 0 blanks and 1 valid
6.2841 	DEBUG 	TextBox2 loaded 1 chars with 0 blanks and 1 valid
6.2850 	DEBUG 	TextBox2 loaded 1 chars with 0 blanks and 1 valid
6.2859 	DEBUG 	TextBox2 loaded 1 chars with 0 blanks and 1 valid
6.2868 	DEBUG 	TextBox2 loaded 1 chars with 0 blanks and 1 valid
6.2876 	DEBUG 	TextBox2 loaded 1 chars with 0 blanks and 1 valid
6.2886 	DEBUG 	TextBox2 loaded 1 chars with 0 blanks and 1 valid
6.2896 	DEBUG 	TextBox2 loaded 1 chars with 0 blanks and 1 valid
6.2903 	DEBUG 	TextBox2 loaded 1 chars with 0 blanks and 1 valid
6.2911 	DEBUG 	TextBox2 loaded 1 chars with 0 blanks and 1 valid
6.2922 	DEBUG 	TextBox2 loaded 1 chars with 0 blanks and 1 valid
6.2929 	DEBUG 	TextBox2 loaded 1 chars with 0 blanks and 1 valid
6.2933 	DEBUG 	Uploading Texture Font fontname to graphics card
6.2952 	DEBUG 	Upload of Texture Font fontname complete
6.2961 	EXP 	window1: mouseVisible = <method-wrapper '__getattribute__' of attributeSetter object at 0x000001D49D62E8E0>
6.2962 	EXP 	window1: mouseVisible = <method-wrapper '__getattribute__' of attributeSetter object at 0x000001D49D62E8E0>
6.2965 	EXP 	window1: mouseVisible = <method-wrapper '__getattribute__' of attributeSetter object at 0x000001D49D62E8E0>
6.2968 	EXP 	window1: mouseVisible = <method-wrapper '__getattribute__' of attributeSetter object at 0x000001D49D62E8E0>
6.2990 	DEBUG 	TextBox2 loaded 1 chars with 0 blanks and 1 valid
6.3001 	DEBUG 	TextBox2 loaded 1 chars with 0 blanks and 1 valid
6.3011 	DEBUG 	TextBox2 loaded 1 chars with 0 blanks and 1 valid
6.3013 	DEBUG 	Uploading Texture Font fontname to graphics card
6.3024 	DEBUG 	Upload of Texture Font fontname complete
6.3037 	EXP 	window1: Attempting to measure frame rate of screen (0) ...
6.3037 	EXP 	window1: recordFrameIntervals = False
6.5239 	EXP 	window1: recordFrameIntervals = True
6.7073 	EXP 	Screen (0) actual frame rate measured at 59.63Hz
6.7074 	EXP 	window1: recordFrameIntervals = False
6.7074 	EXP 	window1: mouseVisible = False
6.7077 	EXP 	window1: mouseVisible = False
6.7078 	EXP 	window1: mouseVisible = False
6.7082 	EXP 	window1: mouseVisible = False
6.7084 	EXP 	window1: mouseVisible = False
6.7108 	DEBUG 	TextBox2 loaded 1 chars with 0 blanks and 1 valid
6.7117 	DEBUG 	TextBox2 loaded 1 chars with 0 blanks and 1 valid
6.7127 	DEBUG 	TextBox2 loaded 1 chars with 0 blanks and 1 valid
6.7138 	DEBUG 	TextBox2 loaded 1 chars with 0 blanks and 1 valid
6.7149 	DEBUG 	TextBox2 loaded 1 chars with 0 blanks and 1 valid
6.7159 	DEBUG 	TextBox2 loaded 1 chars with 0 blanks and 1 valid
6.7167 	DEBUG 	TextBox2 loaded 1 chars with 0 blanks and 1 valid
6.7177 	DEBUG 	TextBox2 loaded 1 chars with 0 blanks and 1 valid
6.7188 	DEBUG 	TextBox2 loaded 1 chars with 0 blanks and 1 valid
6.7198 	DEBUG 	TextBox2 loaded 1 chars with 0 blanks and 1 valid
6.7200 	DEBUG 	Uploading Texture Font fontname to graphics card
6.7205 	DEBUG 	Upload of Texture Font fontname complete
6.7213 	EXP 	window1: mouseVisible = False
6.7214 	EXP 	window1: mouseVisible = False
6.7217 	EXP 	window1: mouseVisible = False
6.7220 	EXP 	window1: mouseVisible = False
6.7340 	WARNING 	launchHubServer: If using the iohub mouse or eyetracker devices, fullScr should be True.
8.9077 	INFO 	keyboard.Keyboard is using iohub backend.
8.9077 	EXP 	Gratings_vis_stim_devJG_v0.2: status = STARTED
8.9078 	EXP 	window1: mouseVisible = False
8.9091 	EXP 	Created stim_grating = GratingStim(__class__=<class 'psychopy.visual.grating.GratingStim'>, anchor='center', autoDraw=False, autoLog=True, blendmode='avg', color=array([1., 1., 1.]), colorSpace='rgb', contrast=1.0, depth=-1.0, draggable=False, interpolate=True, mask=None, maskParams=None, name='stim_grating', opacity=1.0, ori=1.0, phase=array([1., 1.]), pos=array([0., 0.]), rgbPedestal=array([0., 0., 0.]), sf=array([1., 1.]), size=array([1., 1.]), tex='sin', texRes=128.0, units='height', win=Window(...))
8.9092 	EXP 	window1: mouseVisible = False
8.9101 	EXP 	Created stim_grayScreen = ImageStim(__class__=<class 'psychopy.visual.image.ImageStim'>, anchor=('center', 'center'), autoLog=True, color=array([0., 0., 0.]), colorSpace='rgb', contrast=1.0, depth=-2.0, draggable=False, flipHoriz=False, flipVert=False, image=None, interpolate=True, mask=None, maskParams=None, name='stim_grayScreen', opacity=1.0, ori=0.0, pos=array([0., 0.]), size=array([1., 1.]), texRes=128.0, units='height', win=Window(...))
0.0162 	EXP 	Created sequence: sequential, trialTypes=1, nReps=5, seed=None
0.0163 	EXP 	New trial (rep=0, index=0): None
0.0332 	EXP 	stim_grating: ori = 0.7
0.0332 	EXP 	stim_grating: autoDraw = True
0.0332 	EXP 	stim_grayScreen: autoDraw = True
0.0332 	EXP 	stim_grating: tex = 'sin'
0.3514 	EXP 	New trial (rep=1, index=0): None
0.3666 	EXP 	stim_grating: autoDraw = False
0.3666 	EXP 	stim_grayScreen: autoDraw = False
0.3666 	EXP 	stim_grating: autoDraw = False
0.3666 	EXP 	stim_grayScreen: autoDraw = False
0.3666 	EXP 	stim_grating: ori = 0.1
0.3666 	EXP 	stim_grating: autoDraw = True
0.3666 	EXP 	stim_grayScreen: autoDraw = True
0.6850 	EXP 	New trial (rep=2, index=0): None
0.7002 	EXP 	stim_grating: autoDraw = False
0.7002 	EXP 	stim_grayScreen: autoDraw = False
0.7002 	EXP 	stim_grating: autoDraw = False
0.7002 	EXP 	stim_grayScreen: autoDraw = False
0.7002 	EXP 	stim_grating: ori = 0.9
0.7002 	EXP 	stim_grating: autoDraw = True
0.7002 	EXP 	stim_grayScreen: autoDraw = True
1.0185 	EXP 	New trial (rep=3, index=0): None
1.0338 	EXP 	stim_grating: autoDraw = False
1.0338 	EXP 	stim_grayScreen: autoDraw = False
1.0338 	EXP 	stim_grating: autoDraw = False
1.0338 	EXP 	stim_grayScreen: autoDraw = False
1.0338 	EXP 	stim_grating: ori = 0.7
1.0338 	EXP 	stim_grating: autoDraw = True
1.0338 	EXP 	stim_grayScreen: autoDraw = True
1.3521 	EXP 	New trial (rep=4, index=0): None
1.3674 	EXP 	stim_grating: autoDraw = False
1.3674 	EXP 	stim_grayScreen: autoDraw = False
1.3674 	EXP 	stim_grating: autoDraw = False
1.3674 	EXP 	stim_grayScreen: autoDraw = False
1.3674 	EXP 	stim_grating: ori = 1.0
1.3674 	EXP 	stim_grating: autoDraw = True
1.3674 	EXP 	stim_grayScreen: autoDraw = True
1.7005 	EXP 	stim_grating: autoDraw = False
1.7005 	EXP 	stim_grayScreen: autoDraw = False
1.7005 	EXP 	stim_grating: autoDraw = False
1.7005 	EXP 	stim_grayScreen: autoDraw = False
1.7016 	EXP 	Gratings_vis_stim_devJG_v0.2: status = STOPPED
1.7035 	INFO 	saved data to 'C:\\dev\\PsychoPy\\Gratings_vis_stim_devJG_v0.2\\data/301601_Gratings_vis_stim_devJG_v0.2_2024-06-26_17h04.49.918.csv'
1.7042 	INFO 	saved data to C:\dev\PsychoPy\Gratings_vis_stim_devJG_v0.2\data/301601_Gratings_vis_stim_devJG_v0.2_2024-06-26_17h04.49.918.psydat
1.7290 	EXP 	window1: mouseVisible = True
1.9729 	DEBUG 	Saving data for Gratings_vis_stim_devJG_v0.2 ExperimentHandler
