6.0050 	DEBUG 	Fullscreen settings ignored as running in pilot mode.
6.0057 	INFO 	Loaded monitor calibration from ['2024_06_20 20:44']
6.1353 	EXP 	Created window1 = Window(allowGUI=True, allowStencil=False, autoLog=True, backendConf=UNKNOWN, backgroundFit=<method-wrapper '__getattribute__' of attributeSetter object at 0x000001B0C7B8E850>, backgroundImage=<method-wrapper '__getattribute__' of attributeSetter object at 0x000001B0C7B8E7F0>, bitsMode=UNKNOWN, blendMode='avg', bpc=(8, 8, 8), color=array([0, 0, 0]), colorSpace='rgb', depthBits=8, fullscr=<method-wrapper '__getattribute__' of attributeSetter object at 0x000001B0C7B8E640>, gamma=None, gammaErrorPolicy='raise', infoMsg=UNKNOWN, lms=UNKNOWN, monitor=<psychopy.monitors.calibTools.Monitor object at 0x000001B0D12738E0>, multiSample=False, name='window1', numSamples=2, pos=[880.0, 420.0], screen=0, size=array([800, 600]), stencilBits=0, stereo=False, title='PsychoPy', units='height', useFBO=True, useRetina=False, viewOri=0.0, viewPos=None, viewScale=None, waitBlanking=True, winType='pyglet')
6.1353 	EXP 	window1: backgroundImage = ''
6.1353 	EXP 	window1: backgroundFit = 'none'
6.1355 	EXP 	window1: mouseVisible = <method-wrapper '__getattribute__' of attributeSetter object at 0x000001B0C7B8E970>
6.1356 	EXP 	window1: mouseVisible = <method-wrapper '__getattribute__' of attributeSetter object at 0x000001B0C7B8E970>
6.1369 	EXP 	window1: mouseVisible = <method-wrapper '__getattribute__' of attributeSetter object at 0x000001B0C7B8E970>
6.1372 	EXP 	window1: mouseVisible = <method-wrapper '__getattribute__' of attributeSetter object at 0x000001B0C7B8E970>
6.1401 	DEBUG 	TextBox2 loaded 1 chars with 0 blanks and 1 valid
6.1411 	DEBUG 	TextBox2 loaded 1 chars with 0 blanks and 1 valid
6.1420 	DEBUG 	TextBox2 loaded 1 chars with 0 blanks and 1 valid
6.1430 	DEBUG 	TextBox2 loaded 1 chars with 0 blanks and 1 valid
6.1440 	DEBUG 	TextBox2 loaded 1 chars with 0 blanks and 1 valid
6.1448 	DEBUG 	TextBox2 loaded 1 chars with 0 blanks and 1 valid
6.1459 	DEBUG 	TextBox2 loaded 1 chars with 0 blanks and 1 valid
6.1470 	DEBUG 	TextBox2 loaded 1 chars with 0 blanks and 1 valid
6.1477 	DEBUG 	TextBox2 loaded 1 chars with 0 blanks and 1 valid
6.1484 	DEBUG 	TextBox2 loaded 1 chars with 0 blanks and 1 valid
6.1493 	DEBUG 	TextBox2 loaded 1 chars with 0 blanks and 1 valid
6.1503 	DEBUG 	TextBox2 loaded 1 chars with 0 blanks and 1 valid
6.1512 	DEBUG 	TextBox2 loaded 1 chars with 0 blanks and 1 valid
6.1521 	DEBUG 	TextBox2 loaded 1 chars with 0 blanks and 1 valid
6.1529 	DEBUG 	TextBox2 loaded 1 chars with 0 blanks and 1 valid
6.1539 	DEBUG 	TextBox2 loaded 1 chars with 0 blanks and 1 valid
6.1548 	DEBUG 	TextBox2 loaded 1 chars with 0 blanks and 1 valid
6.1555 	DEBUG 	TextBox2 loaded 1 chars with 0 blanks and 1 valid
6.1563 	DEBUG 	TextBox2 loaded 1 chars with 0 blanks and 1 valid
6.1574 	DEBUG 	TextBox2 loaded 1 chars with 0 blanks and 1 valid
6.1581 	DEBUG 	TextBox2 loaded 1 chars with 0 blanks and 1 valid
6.1585 	DEBUG 	Uploading Texture Font fontname to graphics card
6.1606 	DEBUG 	Upload of Texture Font fontname complete
6.1615 	EXP 	window1: mouseVisible = <method-wrapper '__getattribute__' of attributeSetter object at 0x000001B0C7B8E970>
6.1616 	EXP 	window1: mouseVisible = <method-wrapper '__getattribute__' of attributeSetter object at 0x000001B0C7B8E970>
6.1619 	EXP 	window1: mouseVisible = <method-wrapper '__getattribute__' of attributeSetter object at 0x000001B0C7B8E970>
6.1622 	EXP 	window1: mouseVisible = <method-wrapper '__getattribute__' of attributeSetter object at 0x000001B0C7B8E970>
6.1647 	DEBUG 	TextBox2 loaded 1 chars with 0 blanks and 1 valid
6.1658 	DEBUG 	TextBox2 loaded 1 chars with 0 blanks and 1 valid
6.1668 	DEBUG 	TextBox2 loaded 1 chars with 0 blanks and 1 valid
6.1670 	DEBUG 	Uploading Texture Font fontname to graphics card
6.1679 	DEBUG 	Upload of Texture Font fontname complete
6.1689 	EXP 	window1: Attempting to measure frame rate of screen (0) ...
6.1689 	EXP 	window1: recordFrameIntervals = False
6.3795 	EXP 	window1: recordFrameIntervals = True
6.5631 	EXP 	Screen (0) actual frame rate measured at 59.91Hz
6.5632 	EXP 	window1: recordFrameIntervals = False
6.5632 	EXP 	window1: mouseVisible = False
6.5634 	EXP 	window1: mouseVisible = False
6.5635 	EXP 	window1: mouseVisible = False
6.5638 	EXP 	window1: mouseVisible = False
6.5641 	EXP 	window1: mouseVisible = False
6.5665 	DEBUG 	TextBox2 loaded 1 chars with 0 blanks and 1 valid
6.5674 	DEBUG 	TextBox2 loaded 1 chars with 0 blanks and 1 valid
6.5684 	DEBUG 	TextBox2 loaded 1 chars with 0 blanks and 1 valid
6.5695 	DEBUG 	TextBox2 loaded 1 chars with 0 blanks and 1 valid
6.5706 	DEBUG 	TextBox2 loaded 1 chars with 0 blanks and 1 valid
6.5716 	DEBUG 	TextBox2 loaded 1 chars with 0 blanks and 1 valid
6.5724 	DEBUG 	TextBox2 loaded 1 chars with 0 blanks and 1 valid
6.5734 	DEBUG 	TextBox2 loaded 1 chars with 0 blanks and 1 valid
6.5745 	DEBUG 	TextBox2 loaded 1 chars with 0 blanks and 1 valid
6.5756 	DEBUG 	TextBox2 loaded 1 chars with 0 blanks and 1 valid
6.5758 	DEBUG 	Uploading Texture Font fontname to graphics card
6.5763 	DEBUG 	Upload of Texture Font fontname complete
6.5771 	EXP 	window1: mouseVisible = False
6.5772 	EXP 	window1: mouseVisible = False
6.5775 	EXP 	window1: mouseVisible = False
6.5778 	EXP 	window1: mouseVisible = False
6.5902 	WARNING 	launchHubServer: If using the iohub mouse or eyetracker devices, fullScr should be True.
8.8658 	INFO 	keyboard.Keyboard is using iohub backend.
8.8658 	EXP 	Gratings_vis_stim_devJG_v0.2: status = STARTED
8.8659 	EXP 	window1: mouseVisible = False
8.8672 	EXP 	Created stim_grating = GratingStim(__class__=<class 'psychopy.visual.grating.GratingStim'>, anchor='center', autoDraw=False, autoLog=True, blendmode='avg', color=array([1., 1., 1.]), colorSpace='rgb', contrast=1.0, depth=0.0, draggable=False, interpolate=True, mask=None, maskParams=None, name='stim_grating', opacity=1.0, ori=0.0, phase=array([1., 1.]), pos=array([0., 0.]), rgbPedestal=array([0., 0., 0.]), sf=array([1., 1.]), size=array([1., 1.]), tex='sin', texRes=128.0, units='height', win=Window(...))
8.8673 	EXP 	window1: mouseVisible = False
8.8683 	EXP 	Created stim_grayScreen = ImageStim(__class__=<class 'psychopy.visual.image.ImageStim'>, anchor=('center', 'center'), autoLog=True, color=array([0., 0., 0.]), colorSpace='rgb', contrast=1.0, depth=-1.0, draggable=False, flipHoriz=False, flipVert=False, image=None, interpolate=True, mask=None, maskParams=None, name='stim_grayScreen', opacity=1.0, ori=0.0, pos=array([0., 0.]), size=array([1., 1.]), texRes=128.0, units='height', win=Window(...))
0.0164 	EXP 	Created sequence: sequential, trialTypes=1, nReps=5, seed=None
0.0165 	EXP 	New trial (rep=0, index=0): None
0.0321 	EXP 	stim_grating: autoDraw = True
0.0321 	EXP 	stim_grayScreen: autoDraw = True
0.0321 	EXP 	stim_grating: tex = 'sin'
0.3505 	EXP 	New trial (rep=1, index=0): None
0.3657 	EXP 	stim_grating: autoDraw = False
0.3657 	EXP 	stim_grayScreen: autoDraw = False
0.3657 	EXP 	stim_grating: autoDraw = False
0.3657 	EXP 	stim_grayScreen: autoDraw = False
0.3657 	EXP 	stim_grating: autoDraw = True
0.3657 	EXP 	stim_grayScreen: autoDraw = True
0.6842 	EXP 	New trial (rep=2, index=0): None
0.6993 	EXP 	stim_grating: autoDraw = False
0.6993 	EXP 	stim_grayScreen: autoDraw = False
0.6993 	EXP 	stim_grating: autoDraw = False
0.6993 	EXP 	stim_grayScreen: autoDraw = False
0.6993 	EXP 	stim_grating: autoDraw = True
0.6993 	EXP 	stim_grayScreen: autoDraw = True
1.0178 	EXP 	New trial (rep=3, index=0): None
1.0329 	EXP 	stim_grating: autoDraw = False
1.0329 	EXP 	stim_grayScreen: autoDraw = False
1.0329 	EXP 	stim_grating: autoDraw = False
1.0329 	EXP 	stim_grayScreen: autoDraw = False
1.0329 	EXP 	stim_grating: autoDraw = True
1.0329 	EXP 	stim_grayScreen: autoDraw = True
1.3514 	EXP 	New trial (rep=4, index=0): None
1.3666 	EXP 	stim_grating: autoDraw = False
1.3666 	EXP 	stim_grayScreen: autoDraw = False
1.3666 	EXP 	stim_grating: autoDraw = False
1.3666 	EXP 	stim_grayScreen: autoDraw = False
1.3666 	EXP 	stim_grating: autoDraw = True
1.3666 	EXP 	stim_grayScreen: autoDraw = True
1.6996 	EXP 	stim_grating: autoDraw = False
1.6996 	EXP 	stim_grayScreen: autoDraw = False
1.6996 	EXP 	stim_grating: autoDraw = False
1.6996 	EXP 	stim_grayScreen: autoDraw = False
1.7007 	EXP 	Gratings_vis_stim_devJG_v0.2: status = STOPPED
1.7025 	INFO 	saved data to 'C:\\dev\\PsychoPy\\Gratings_vis_stim_devJG_v0.2\\data/419209_Gratings_vis_stim_devJG_v0.2_2024-06-26_16h05.10.727.csv'
1.7031 	INFO 	saved data to C:\dev\PsychoPy\Gratings_vis_stim_devJG_v0.2\data/419209_Gratings_vis_stim_devJG_v0.2_2024-06-26_16h05.10.727.psydat
1.7289 	EXP 	window1: mouseVisible = True
1.9433 	DEBUG 	Saving data for Gratings_vis_stim_devJG_v0.2 ExperimentHandler
