5.6159 	DEBUG 	Fullscreen settings ignored as running in pilot mode.
5.6168 	INFO 	Loaded monitor calibration from ['2024_06_20 20:44']
5.7574 	EXP 	Created window1 = Window(allowGUI=True, allowStencil=False, autoLog=True, backendConf=UNKNOWN, backgroundFit=<method-wrapper '__getattribute__' of attributeSetter object at 0x000002D7A751D850>, backgroundImage=<method-wrapper '__getattribute__' of attributeSetter object at 0x000002D7A751D7F0>, bitsMode=UNKNOWN, blendMode='avg', bpc=(8, 8, 8), color=array([0, 0, 0]), colorSpace='rgb', depthBits=8, fullscr=<method-wrapper '__getattribute__' of attributeSetter object at 0x000002D7A751D640>, gamma=None, gammaErrorPolicy='raise', infoMsg=UNKNOWN, lms=UNKNOWN, monitor=<psychopy.monitors.calibTools.Monitor object at 0x000002D7A87AC520>, multiSample=False, name='window1', numSamples=2, pos=[880.0, 420.0], screen=0, size=array([800, 600]), stencilBits=0, stereo=False, title='PsychoPy', units='height', useFBO=True, useRetina=False, viewOri=0.0, viewPos=None, viewScale=None, waitBlanking=True, winType='pyglet')
5.7575 	EXP 	window1: backgroundImage = ''
5.7575 	EXP 	window1: backgroundFit = 'none'
5.7576 	EXP 	window1: mouseVisible = <method-wrapper '__getattribute__' of attributeSetter object at 0x000002D7A751D970>
5.7577 	EXP 	window1: mouseVisible = <method-wrapper '__getattribute__' of attributeSetter object at 0x000002D7A751D970>
5.7589 	EXP 	window1: mouseVisible = <method-wrapper '__getattribute__' of attributeSetter object at 0x000002D7A751D970>
5.7592 	EXP 	window1: mouseVisible = <method-wrapper '__getattribute__' of attributeSetter object at 0x000002D7A751D970>
5.7619 	DEBUG 	TextBox2 loaded 1 chars with 0 blanks and 1 valid
5.7628 	DEBUG 	TextBox2 loaded 1 chars with 0 blanks and 1 valid
5.7637 	DEBUG 	TextBox2 loaded 1 chars with 0 blanks and 1 valid
5.7647 	DEBUG 	TextBox2 loaded 1 chars with 0 blanks and 1 valid
5.7655 	DEBUG 	TextBox2 loaded 1 chars with 0 blanks and 1 valid
5.7662 	DEBUG 	TextBox2 loaded 1 chars with 0 blanks and 1 valid
5.7671 	DEBUG 	TextBox2 loaded 1 chars with 0 blanks and 1 valid
5.7680 	DEBUG 	TextBox2 loaded 1 chars with 0 blanks and 1 valid
5.7686 	DEBUG 	TextBox2 loaded 1 chars with 0 blanks and 1 valid
5.7692 	DEBUG 	TextBox2 loaded 1 chars with 0 blanks and 1 valid
5.7701 	DEBUG 	TextBox2 loaded 1 chars with 0 blanks and 1 valid
5.7710 	DEBUG 	TextBox2 loaded 1 chars with 0 blanks and 1 valid
5.7719 	DEBUG 	TextBox2 loaded 1 chars with 0 blanks and 1 valid
5.7727 	DEBUG 	TextBox2 loaded 1 chars with 0 blanks and 1 valid
5.7735 	DEBUG 	TextBox2 loaded 1 chars with 0 blanks and 1 valid
5.7743 	DEBUG 	TextBox2 loaded 1 chars with 0 blanks and 1 valid
5.7752 	DEBUG 	TextBox2 loaded 1 chars with 0 blanks and 1 valid
5.7758 	DEBUG 	TextBox2 loaded 1 chars with 0 blanks and 1 valid
5.7765 	DEBUG 	TextBox2 loaded 1 chars with 0 blanks and 1 valid
5.7774 	DEBUG 	TextBox2 loaded 1 chars with 0 blanks and 1 valid
5.7781 	DEBUG 	TextBox2 loaded 1 chars with 0 blanks and 1 valid
5.7784 	DEBUG 	Uploading Texture Font fontname to graphics card
5.7822 	DEBUG 	Upload of Texture Font fontname complete
5.7830 	EXP 	window1: mouseVisible = <method-wrapper '__getattribute__' of attributeSetter object at 0x000002D7A751D970>
5.7832 	EXP 	window1: mouseVisible = <method-wrapper '__getattribute__' of attributeSetter object at 0x000002D7A751D970>
5.7836 	EXP 	window1: mouseVisible = <method-wrapper '__getattribute__' of attributeSetter object at 0x000002D7A751D970>
5.7840 	EXP 	window1: mouseVisible = <method-wrapper '__getattribute__' of attributeSetter object at 0x000002D7A751D970>
5.7871 	DEBUG 	TextBox2 loaded 1 chars with 0 blanks and 1 valid
5.7882 	DEBUG 	TextBox2 loaded 1 chars with 0 blanks and 1 valid
5.7892 	DEBUG 	TextBox2 loaded 1 chars with 0 blanks and 1 valid
5.7895 	DEBUG 	Uploading Texture Font fontname to graphics card
5.7903 	DEBUG 	Upload of Texture Font fontname complete
5.7914 	EXP 	window1: Attempting to measure frame rate of screen (0) ...
5.7914 	EXP 	window1: recordFrameIntervals = False
6.0120 	EXP 	window1: recordFrameIntervals = True
6.1973 	EXP 	Screen (0) actual frame rate measured at 59.61Hz
6.1974 	EXP 	window1: recordFrameIntervals = False
6.1974 	EXP 	window1: mouseVisible = False
6.1976 	EXP 	window1: mouseVisible = False
6.1977 	EXP 	window1: mouseVisible = False
6.1980 	EXP 	window1: mouseVisible = False
6.1983 	EXP 	window1: mouseVisible = False
6.2006 	DEBUG 	TextBox2 loaded 1 chars with 0 blanks and 1 valid
6.2014 	DEBUG 	TextBox2 loaded 1 chars with 0 blanks and 1 valid
6.2023 	DEBUG 	TextBox2 loaded 1 chars with 0 blanks and 1 valid
6.2033 	DEBUG 	TextBox2 loaded 1 chars with 0 blanks and 1 valid
6.2042 	DEBUG 	TextBox2 loaded 1 chars with 0 blanks and 1 valid
6.2052 	DEBUG 	TextBox2 loaded 1 chars with 0 blanks and 1 valid
6.2059 	DEBUG 	TextBox2 loaded 1 chars with 0 blanks and 1 valid
6.2068 	DEBUG 	TextBox2 loaded 1 chars with 0 blanks and 1 valid
6.2078 	DEBUG 	TextBox2 loaded 1 chars with 0 blanks and 1 valid
6.2087 	DEBUG 	TextBox2 loaded 1 chars with 0 blanks and 1 valid
6.2089 	DEBUG 	Uploading Texture Font fontname to graphics card
6.2093 	DEBUG 	Upload of Texture Font fontname complete
6.2101 	EXP 	window1: mouseVisible = False
6.2102 	EXP 	window1: mouseVisible = False
6.2105 	EXP 	window1: mouseVisible = False
6.2108 	EXP 	window1: mouseVisible = False
6.2215 	WARNING 	launchHubServer: If using the iohub mouse or eyetracker devices, fullScr should be True.
8.2918 	INFO 	keyboard.Keyboard is using iohub backend.
8.2918 	EXP 	Gratings_vis_stim_devJG_v0.2: status = STARTED
8.2919 	EXP 	window1: mouseVisible = False
8.2933 	EXP 	Created stim_grating = GratingStim(__class__=<class 'psychopy.visual.grating.GratingStim'>, anchor='center', autoDraw=False, autoLog=True, blendmode='avg', color=array([1., 1., 1.]), colorSpace='rgb', contrast=1.0, depth=0.0, draggable=False, interpolate=True, mask=None, maskParams=None, name='stim_grating', opacity=1.0, ori=0.0, phase=array([1., 1.]), pos=array([0., 0.]), rgbPedestal=array([0., 0., 0.]), sf=array([1., 1.]), size=array([1., 1.]), tex='sin', texRes=128.0, units='height', win=Window(...))
8.2933 	EXP 	window1: mouseVisible = False
8.2943 	EXP 	Created stim_grayScreen = ImageStim(__class__=<class 'psychopy.visual.image.ImageStim'>, anchor=('center', 'center'), autoLog=True, color=array([0., 0., 0.]), colorSpace='rgb', contrast=1.0, depth=-1.0, draggable=False, flipHoriz=False, flipVert=False, image=None, interpolate=True, mask=None, maskParams=None, name='stim_grayScreen', opacity=1.0, ori=0.0, pos=array([0., 0.]), size=array([1., 1.]), texRes=128.0, units='height', win=Window(...))
4.7566 	EXP 	Created sequence: sequential, trialTypes=1, nReps=5, seed=None
4.7567 	EXP 	New trial (rep=0, index=0): None
4.8230 	EXP 	stim_grating: autoDraw = True
4.8230 	EXP 	stim_grayScreen: autoDraw = True
4.8230 	EXP 	stim_grating: tex = 'sin'
5.1432 	EXP 	New trial (rep=1, index=0): None
5.1584 	EXP 	stim_grating: autoDraw = False
5.1584 	EXP 	stim_grayScreen: autoDraw = False
5.1584 	EXP 	stim_grating: autoDraw = False
5.1584 	EXP 	stim_grayScreen: autoDraw = False
5.1584 	EXP 	stim_grating: autoDraw = True
5.1584 	EXP 	stim_grayScreen: autoDraw = True
5.4766 	EXP 	New trial (rep=2, index=0): None
5.4919 	EXP 	stim_grating: autoDraw = False
5.4919 	EXP 	stim_grayScreen: autoDraw = False
5.4919 	EXP 	stim_grating: autoDraw = False
5.4919 	EXP 	stim_grayScreen: autoDraw = False
5.4919 	EXP 	stim_grating: autoDraw = True
5.4919 	EXP 	stim_grayScreen: autoDraw = True
5.8104 	EXP 	New trial (rep=3, index=0): None
5.8256 	EXP 	stim_grating: autoDraw = False
5.8256 	EXP 	stim_grayScreen: autoDraw = False
5.8256 	EXP 	stim_grating: autoDraw = False
5.8256 	EXP 	stim_grayScreen: autoDraw = False
5.8256 	EXP 	stim_grating: autoDraw = True
5.8256 	EXP 	stim_grayScreen: autoDraw = True
6.1435 	EXP 	New trial (rep=4, index=0): None
6.1589 	EXP 	stim_grating: autoDraw = False
6.1589 	EXP 	stim_grayScreen: autoDraw = False
6.1589 	EXP 	stim_grating: autoDraw = False
6.1589 	EXP 	stim_grayScreen: autoDraw = False
6.1589 	EXP 	stim_grating: autoDraw = True
6.1589 	EXP 	stim_grayScreen: autoDraw = True
6.4921 	EXP 	stim_grating: autoDraw = False
6.4921 	EXP 	stim_grayScreen: autoDraw = False
6.4921 	EXP 	stim_grating: autoDraw = False
6.4921 	EXP 	stim_grayScreen: autoDraw = False
6.4931 	EXP 	Gratings_vis_stim_devJG_v0.2: status = STOPPED
6.4948 	INFO 	saved data to 'C:\\dev\\PsychoPy\\Gratings_vis_stim_devJG_v0.2\\data/421776_Gratings_vis_stim_devJG_v0.2_2024-06-26_17h00.15.399.csv'
6.4952 	INFO 	saved data to C:\dev\PsychoPy\Gratings_vis_stim_devJG_v0.2\data/421776_Gratings_vis_stim_devJG_v0.2_2024-06-26_17h00.15.399.psydat
6.5278 	EXP 	window1: mouseVisible = True
6.9124 	DEBUG 	Saving data for Gratings_vis_stim_devJG_v0.2 ExperimentHandler
