7.1074 	DEBUG 	Fullscreen settings ignored as running in pilot mode.
7.1081 	INFO 	Loaded monitor calibration from ['2024_06_20 20:44']
7.2808 	EXP 	Created window1 = Window(allowGUI=True, allowStencil=False, autoLog=True, backendConf=UNKNOWN, backgroundFit=<method-wrapper '__getattribute__' of attributeSetter object at 0x0000012F7777F790>, backgroundImage=<method-wrapper '__getattribute__' of attributeSetter object at 0x0000012F7777F730>, bitsMode=UNKNOWN, blendMode='avg', bpc=(8, 8, 8), color=array([0, 0, 0]), colorSpace='rgb', depthBits=8, fullscr=<method-wrapper '__getattribute__' of attributeSetter object at 0x0000012F7777F580>, gamma=None, gammaErrorPolicy='raise', infoMsg=UNKNOWN, lms=UNKNOWN, monitor=<psychopy.monitors.calibTools.Monitor object at 0x0000012F79572880>, multiSample=False, name='window1', numSamples=2, pos=[880.0, 420.0], screen=0, size=array([800, 600]), stencilBits=0, stereo=False, title='PsychoPy', units='height', useFBO=True, useRetina=False, viewOri=0.0, viewPos=None, viewScale=None, waitBlanking=True, winType='pyglet')
7.2809 	EXP 	window1: backgroundImage = ''
7.2809 	EXP 	window1: backgroundFit = 'none'
7.2810 	EXP 	window1: mouseVisible = <method-wrapper '__getattribute__' of attributeSetter object at 0x0000012F7777F8B0>
7.2811 	EXP 	window1: mouseVisible = <method-wrapper '__getattribute__' of attributeSetter object at 0x0000012F7777F8B0>
7.2824 	EXP 	window1: mouseVisible = <method-wrapper '__getattribute__' of attributeSetter object at 0x0000012F7777F8B0>
7.2828 	EXP 	window1: mouseVisible = <method-wrapper '__getattribute__' of attributeSetter object at 0x0000012F7777F8B0>
7.2861 	DEBUG 	TextBox2 loaded 1 chars with 0 blanks and 1 valid
7.2872 	DEBUG 	TextBox2 loaded 1 chars with 0 blanks and 1 valid
7.2881 	DEBUG 	TextBox2 loaded 1 chars with 0 blanks and 1 valid
7.2891 	DEBUG 	TextBox2 loaded 1 chars with 0 blanks and 1 valid
7.2902 	DEBUG 	TextBox2 loaded 1 chars with 0 blanks and 1 valid
7.2910 	DEBUG 	TextBox2 loaded 1 chars with 0 blanks and 1 valid
7.2919 	DEBUG 	TextBox2 loaded 1 chars with 0 blanks and 1 valid
7.2930 	DEBUG 	TextBox2 loaded 1 chars with 0 blanks and 1 valid
7.2938 	DEBUG 	TextBox2 loaded 1 chars with 0 blanks and 1 valid
7.2945 	DEBUG 	TextBox2 loaded 1 chars with 0 blanks and 1 valid
7.2954 	DEBUG 	TextBox2 loaded 1 chars with 0 blanks and 1 valid
7.2963 	DEBUG 	TextBox2 loaded 1 chars with 0 blanks and 1 valid
7.2972 	DEBUG 	TextBox2 loaded 1 chars with 0 blanks and 1 valid
7.2982 	DEBUG 	TextBox2 loaded 1 chars with 0 blanks and 1 valid
7.2991 	DEBUG 	TextBox2 loaded 1 chars with 0 blanks and 1 valid
7.3001 	DEBUG 	TextBox2 loaded 1 chars with 0 blanks and 1 valid
7.3011 	DEBUG 	TextBox2 loaded 1 chars with 0 blanks and 1 valid
7.3019 	DEBUG 	TextBox2 loaded 1 chars with 0 blanks and 1 valid
7.3027 	DEBUG 	TextBox2 loaded 1 chars with 0 blanks and 1 valid
7.3037 	DEBUG 	TextBox2 loaded 1 chars with 0 blanks and 1 valid
7.3045 	DEBUG 	TextBox2 loaded 1 chars with 0 blanks and 1 valid
7.3049 	DEBUG 	Uploading Texture Font fontname to graphics card
7.3065 	DEBUG 	Upload of Texture Font fontname complete
7.3074 	EXP 	window1: mouseVisible = <method-wrapper '__getattribute__' of attributeSetter object at 0x0000012F7777F8B0>
7.3075 	EXP 	window1: mouseVisible = <method-wrapper '__getattribute__' of attributeSetter object at 0x0000012F7777F8B0>
7.3079 	EXP 	window1: mouseVisible = <method-wrapper '__getattribute__' of attributeSetter object at 0x0000012F7777F8B0>
7.3082 	EXP 	window1: mouseVisible = <method-wrapper '__getattribute__' of attributeSetter object at 0x0000012F7777F8B0>
7.3105 	DEBUG 	TextBox2 loaded 1 chars with 0 blanks and 1 valid
7.3116 	DEBUG 	TextBox2 loaded 1 chars with 0 blanks and 1 valid
7.3127 	DEBUG 	TextBox2 loaded 1 chars with 0 blanks and 1 valid
7.3129 	DEBUG 	Uploading Texture Font fontname to graphics card
7.3140 	DEBUG 	Upload of Texture Font fontname complete
7.3151 	EXP 	window1: Attempting to measure frame rate of screen (0) ...
7.3151 	EXP 	window1: recordFrameIntervals = False
7.5363 	EXP 	window1: recordFrameIntervals = True
8.1545 	EXP 	Screen (0) actual frame rate measured at 59.99Hz
8.1545 	EXP 	window1: recordFrameIntervals = False
8.1546 	EXP 	window1: mouseVisible = False
8.1548 	EXP 	window1: mouseVisible = False
8.1549 	EXP 	window1: mouseVisible = False
8.1553 	EXP 	window1: mouseVisible = False
8.1556 	EXP 	window1: mouseVisible = False
8.1580 	DEBUG 	TextBox2 loaded 1 chars with 0 blanks and 1 valid
8.1589 	DEBUG 	TextBox2 loaded 1 chars with 0 blanks and 1 valid
8.1600 	DEBUG 	TextBox2 loaded 1 chars with 0 blanks and 1 valid
8.1611 	DEBUG 	TextBox2 loaded 1 chars with 0 blanks and 1 valid
8.1622 	DEBUG 	TextBox2 loaded 1 chars with 0 blanks and 1 valid
8.1633 	DEBUG 	TextBox2 loaded 1 chars with 0 blanks and 1 valid
8.1641 	DEBUG 	TextBox2 loaded 1 chars with 0 blanks and 1 valid
8.1651 	DEBUG 	TextBox2 loaded 1 chars with 0 blanks and 1 valid
8.1662 	DEBUG 	TextBox2 loaded 1 chars with 0 blanks and 1 valid
8.1674 	DEBUG 	TextBox2 loaded 1 chars with 0 blanks and 1 valid
8.1677 	DEBUG 	Uploading Texture Font fontname to graphics card
8.1682 	DEBUG 	Upload of Texture Font fontname complete
8.1692 	EXP 	window1: mouseVisible = False
8.1693 	EXP 	window1: mouseVisible = False
8.1696 	EXP 	window1: mouseVisible = False
8.1699 	EXP 	window1: mouseVisible = False
8.1824 	WARNING 	launchHubServer: If using the iohub mouse or eyetracker devices, fullScr should be True.
10.4635 	INFO 	keyboard.Keyboard is using iohub backend.
10.4635 	EXP 	Gratings_vis_stim_devJG_v0.2: status = STARTED
10.4637 	EXP 	window1: mouseVisible = False
10.4653 	EXP 	Created stim_grating = GratingStim(__class__=<class 'psychopy.visual.grating.GratingStim'>, anchor='center', autoDraw=False, autoLog=True, blendmode='avg', color=array([1., 1., 1.]), colorSpace='rgb', contrast=1.0, depth=-1.0, draggable=False, interpolate=True, mask=None, maskParams=None, name='stim_grating', opacity=1.0, ori=1.0, phase=array([1., 1.]), pos=array([0., 0.]), rgbPedestal=array([0., 0., 0.]), sf=array([1., 1.]), size=array([1., 1.]), tex='sin', texRes=128.0, units='height', win=Window(...))
10.4654 	EXP 	window1: mouseVisible = False
10.4667 	EXP 	Created stim_grayScreen = ImageStim(__class__=<class 'psychopy.visual.image.ImageStim'>, anchor=('center', 'center'), autoLog=True, color=array([0., 0., 0.]), colorSpace='rgb', contrast=1.0, depth=-2.0, draggable=False, flipHoriz=False, flipVert=False, image=None, interpolate=True, mask=None, maskParams=None, name='stim_grayScreen', opacity=1.0, ori=0.0, pos=array([0., 0.]), size=array([1., 1.]), texRes=128.0, units='height', win=Window(...))
0.0069 	EXP 	Created sequence: sequential, trialTypes=1, nReps=5, seed=None
0.0070 	EXP 	New trial (rep=0, index=0): None
0.0228 	EXP 	stim_grating: ori = 20.0
0.0228 	EXP 	stim_grating: autoDraw = True
0.0228 	EXP 	stim_grayScreen: autoDraw = True
0.0228 	EXP 	stim_grating: tex = 'sin'
0.3562 	EXP 	stim_grayScreen: autoDraw = False
1.6754 	EXP 	New trial (rep=1, index=0): None
1.6906 	EXP 	stim_grating: autoDraw = False
1.6906 	EXP 	stim_grating: autoDraw = False
1.6906 	EXP 	stim_grayScreen: autoDraw = False
1.6906 	EXP 	stim_grating: ori = 70.0
1.6906 	EXP 	stim_grating: autoDraw = True
1.6906 	EXP 	stim_grayScreen: autoDraw = True
2.0242 	EXP 	stim_grayScreen: autoDraw = False
3.3434 	EXP 	New trial (rep=2, index=0): None
3.3586 	EXP 	stim_grating: autoDraw = False
3.3586 	EXP 	stim_grating: autoDraw = False
3.3586 	EXP 	stim_grayScreen: autoDraw = False
3.3586 	EXP 	stim_grating: ori = 90.0
3.3586 	EXP 	stim_grating: autoDraw = True
3.3586 	EXP 	stim_grayScreen: autoDraw = True
3.6923 	EXP 	stim_grayScreen: autoDraw = False
5.0118 	EXP 	New trial (rep=3, index=0): None
5.0267 	EXP 	stim_grating: autoDraw = False
5.0267 	EXP 	stim_grating: autoDraw = False
5.0267 	EXP 	stim_grayScreen: autoDraw = False
5.0267 	EXP 	stim_grating: ori = 70.0
5.0267 	EXP 	stim_grating: autoDraw = True
5.0267 	EXP 	stim_grayScreen: autoDraw = True
5.3602 	EXP 	stim_grayScreen: autoDraw = False
6.6799 	EXP 	New trial (rep=4, index=0): None
6.6949 	EXP 	stim_grating: autoDraw = False
6.6949 	EXP 	stim_grating: autoDraw = False
6.6949 	EXP 	stim_grayScreen: autoDraw = False
6.6949 	EXP 	stim_grating: ori = 20.0
6.6949 	EXP 	stim_grating: autoDraw = True
6.6949 	EXP 	stim_grayScreen: autoDraw = True
7.0283 	EXP 	stim_grayScreen: autoDraw = False
8.4622 	EXP 	stim_grating: autoDraw = False
8.4622 	EXP 	stim_grating: autoDraw = False
8.4622 	EXP 	stim_grayScreen: autoDraw = False
8.4633 	EXP 	Gratings_vis_stim_devJG_v0.2: status = STOPPED
8.4663 	INFO 	saved data to 'C:\\dev\\PsychoPy\\Gratings_vis_stim_devJG_v0.2\\data/428633_Gratings_vis_stim_devJG_v0.2_2024-06-27_13h56.32.950.csv'
8.4669 	INFO 	saved data to C:\dev\PsychoPy\Gratings_vis_stim_devJG_v0.2\data/428633_Gratings_vis_stim_devJG_v0.2_2024-06-27_13h56.32.950.psydat
8.4905 	EXP 	window1: mouseVisible = True
8.9796 	DEBUG 	Saving data for Gratings_vis_stim_devJG_v0.2 ExperimentHandler
