6.3802 	DEBUG 	Fullscreen settings ignored as running in pilot mode.
6.3812 	INFO 	Loaded monitor calibration from ['2024_06_20 20:44']
6.5363 	EXP 	Created window1 = Window(allowGUI=True, allowStencil=False, autoLog=True, backendConf=UNKNOWN, backgroundFit=<method-wrapper '__getattribute__' of attributeSetter object at 0x0000020D2186E850>, backgroundImage=<method-wrapper '__getattribute__' of attributeSetter object at 0x0000020D2186E7F0>, bitsMode=UNKNOWN, blendMode='avg', bpc=(8, 8, 8), color=array([0, 0, 0]), colorSpace='rgb', depthBits=8, fullscr=<method-wrapper '__getattribute__' of attributeSetter object at 0x0000020D2186E640>, gamma=None, gammaErrorPolicy='raise', infoMsg=UNKNOWN, lms=UNKNOWN, monitor=<psychopy.monitors.calibTools.Monitor object at 0x0000020D299CC520>, multiSample=False, name='window1', numSamples=2, pos=[880.0, 420.0], screen=0, size=array([800, 600]), stencilBits=0, stereo=False, title='PsychoPy', units='height', useFBO=True, useRetina=False, viewOri=0.0, viewPos=None, viewScale=None, waitBlanking=True, winType='pyglet')
6.5364 	EXP 	window1: backgroundImage = ''
6.5364 	EXP 	window1: backgroundFit = 'none'
6.5365 	EXP 	window1: mouseVisible = <method-wrapper '__getattribute__' of attributeSetter object at 0x0000020D2186E970>
6.5366 	EXP 	window1: mouseVisible = <method-wrapper '__getattribute__' of attributeSetter object at 0x0000020D2186E970>
6.5379 	EXP 	window1: mouseVisible = <method-wrapper '__getattribute__' of attributeSetter object at 0x0000020D2186E970>
6.5383 	EXP 	window1: mouseVisible = <method-wrapper '__getattribute__' of attributeSetter object at 0x0000020D2186E970>
6.5413 	DEBUG 	TextBox2 loaded 1 chars with 0 blanks and 1 valid
6.5422 	DEBUG 	TextBox2 loaded 1 chars with 0 blanks and 1 valid
6.5432 	DEBUG 	TextBox2 loaded 1 chars with 0 blanks and 1 valid
6.5442 	DEBUG 	TextBox2 loaded 1 chars with 0 blanks and 1 valid
6.5452 	DEBUG 	TextBox2 loaded 1 chars with 0 blanks and 1 valid
6.5460 	DEBUG 	TextBox2 loaded 1 chars with 0 blanks and 1 valid
6.5470 	DEBUG 	TextBox2 loaded 1 chars with 0 blanks and 1 valid
6.5480 	DEBUG 	TextBox2 loaded 1 chars with 0 blanks and 1 valid
6.5488 	DEBUG 	TextBox2 loaded 1 chars with 0 blanks and 1 valid
6.5499 	DEBUG 	TextBox2 loaded 1 chars with 0 blanks and 1 valid
6.5508 	DEBUG 	TextBox2 loaded 1 chars with 0 blanks and 1 valid
6.5518 	DEBUG 	TextBox2 loaded 1 chars with 0 blanks and 1 valid
6.5527 	DEBUG 	TextBox2 loaded 1 chars with 0 blanks and 1 valid
6.5536 	DEBUG 	TextBox2 loaded 1 chars with 0 blanks and 1 valid
6.5545 	DEBUG 	TextBox2 loaded 1 chars with 0 blanks and 1 valid
6.5555 	DEBUG 	TextBox2 loaded 1 chars with 0 blanks and 1 valid
6.5565 	DEBUG 	TextBox2 loaded 1 chars with 0 blanks and 1 valid
6.5573 	DEBUG 	TextBox2 loaded 1 chars with 0 blanks and 1 valid
6.5581 	DEBUG 	TextBox2 loaded 1 chars with 0 blanks and 1 valid
6.5591 	DEBUG 	TextBox2 loaded 1 chars with 0 blanks and 1 valid
6.5599 	DEBUG 	TextBox2 loaded 1 chars with 0 blanks and 1 valid
6.5603 	DEBUG 	Uploading Texture Font fontname to graphics card
6.5623 	DEBUG 	Upload of Texture Font fontname complete
6.5631 	EXP 	window1: mouseVisible = <method-wrapper '__getattribute__' of attributeSetter object at 0x0000020D2186E970>
6.5632 	EXP 	window1: mouseVisible = <method-wrapper '__getattribute__' of attributeSetter object at 0x0000020D2186E970>
6.5636 	EXP 	window1: mouseVisible = <method-wrapper '__getattribute__' of attributeSetter object at 0x0000020D2186E970>
6.5639 	EXP 	window1: mouseVisible = <method-wrapper '__getattribute__' of attributeSetter object at 0x0000020D2186E970>
6.5671 	DEBUG 	TextBox2 loaded 1 chars with 0 blanks and 1 valid
6.5683 	DEBUG 	TextBox2 loaded 1 chars with 0 blanks and 1 valid
6.5694 	DEBUG 	TextBox2 loaded 1 chars with 0 blanks and 1 valid
6.5696 	DEBUG 	Uploading Texture Font fontname to graphics card
6.5704 	DEBUG 	Upload of Texture Font fontname complete
6.5715 	EXP 	window1: Attempting to measure frame rate of screen (0) ...
6.5715 	EXP 	window1: recordFrameIntervals = False
6.7842 	EXP 	window1: recordFrameIntervals = True
6.9670 	EXP 	Screen (0) actual frame rate measured at 60.26Hz
6.9670 	EXP 	window1: recordFrameIntervals = False
6.9671 	EXP 	window1: mouseVisible = False
6.9673 	EXP 	window1: mouseVisible = False
6.9673 	EXP 	window1: mouseVisible = False
6.9677 	EXP 	window1: mouseVisible = False
6.9680 	EXP 	window1: mouseVisible = False
6.9706 	DEBUG 	TextBox2 loaded 1 chars with 0 blanks and 1 valid
6.9715 	DEBUG 	TextBox2 loaded 1 chars with 0 blanks and 1 valid
6.9726 	DEBUG 	TextBox2 loaded 1 chars with 0 blanks and 1 valid
6.9738 	DEBUG 	TextBox2 loaded 1 chars with 0 blanks and 1 valid
6.9749 	DEBUG 	TextBox2 loaded 1 chars with 0 blanks and 1 valid
6.9760 	DEBUG 	TextBox2 loaded 1 chars with 0 blanks and 1 valid
6.9769 	DEBUG 	TextBox2 loaded 1 chars with 0 blanks and 1 valid
6.9779 	DEBUG 	TextBox2 loaded 1 chars with 0 blanks and 1 valid
6.9790 	DEBUG 	TextBox2 loaded 1 chars with 0 blanks and 1 valid
6.9801 	DEBUG 	TextBox2 loaded 1 chars with 0 blanks and 1 valid
6.9804 	DEBUG 	Uploading Texture Font fontname to graphics card
6.9808 	DEBUG 	Upload of Texture Font fontname complete
6.9817 	EXP 	window1: mouseVisible = False
6.9818 	EXP 	window1: mouseVisible = False
6.9822 	EXP 	window1: mouseVisible = False
6.9825 	EXP 	window1: mouseVisible = False
6.9943 	WARNING 	launchHubServer: If using the iohub mouse or eyetracker devices, fullScr should be True.
9.2745 	INFO 	keyboard.Keyboard is using iohub backend.
9.2745 	EXP 	Gratings_vis_stim_devJG_v0.2: status = STARTED
9.2747 	EXP 	window1: mouseVisible = False
9.3106 	EXP 	Created text_waiting_message = TextStim(__class__=<class 'psychopy.visual.text.TextStim'>, alignHoriz=method-wrapper(...), alignText='center', alignVert=method-wrapper(...), anchorHoriz='center', anchorVert='center', antialias=True, autoDraw=False, autoLog=True, bold=False, color=array([1., 1., 1.]), colorSpace='rgb', contrast=1.0, depth=0.0, draggable=False, flipHoriz=False, flipVert=False, font='Arial', fontFiles=[], height=0.05, italic=False, languageStyle='LTR', name='text_waiting_message', opacity=1.0, ori=0.0, pos=array([0., 0.]), rgb=UNKNOWN, text=str(...), units='height', win=Window(...), wrapWidth=1)
9.3107 	EXP 	window1: mouseVisible = False
9.3113 	EXP 	Created stim_grating = GratingStim(__class__=<class 'psychopy.visual.grating.GratingStim'>, anchor='center', autoDraw=False, autoLog=True, blendmode='avg', color=array([1., 1., 1.]), colorSpace='rgb', contrast=1.0, depth=-1.0, draggable=False, interpolate=True, mask=None, maskParams=None, name='stim_grating', opacity=1.0, ori=1.0, phase=array([1., 1.]), pos=array([0., 0.]), rgbPedestal=array([0., 0., 0.]), sf=array([4., 4.]), size=array([2., 2.]), tex='sin', texRes=128.0, units='height', win=Window(...))
9.3114 	EXP 	window1: mouseVisible = False
9.3121 	EXP 	Created stim_grayScreen = ImageStim(__class__=<class 'psychopy.visual.image.ImageStim'>, anchor=('center', 'center'), autoLog=True, color=array([0., 0., 0.]), colorSpace='rgb', contrast=1.0, depth=-2.0, draggable=False, flipHoriz=False, flipVert=False, image=None, interpolate=True, mask=None, maskParams=None, name='stim_grayScreen', opacity=1.0, ori=0.0, pos=array([0., 0.]), size=array([1., 1.]), texRes=128.0, units='height', win=Window(...))
295.2828 	EXP 	Created sequence: sequential, trialTypes=1, nReps=5, seed=None
295.2829 	EXP 	New trial (rep=0, index=0): None
295.2972 	EXP 	text_waiting_message: autoDraw = True
295.2972 	EXP 	text_waiting_message: autoDraw = False
295.2972 	EXP 	text_waiting_message: autoDraw = False
295.2972 	EXP 	stim_grating: ori = 20.0
295.2972 	EXP 	stim_grating: autoDraw = True
295.2972 	EXP 	stim_grating: tex = 'sin'
297.0146 	EXP 	stim_grating: autoDraw = False
297.0146 	EXP 	stim_grayScreen: autoDraw = True
298.6675 	EXP 	New trial (rep=1, index=0): None
298.6837 	EXP 	stim_grayScreen: autoDraw = False
298.6837 	EXP 	stim_grating: autoDraw = False
298.6837 	EXP 	stim_grayScreen: autoDraw = False
298.6837 	EXP 	stim_grating: ori = 0.0
298.6837 	EXP 	stim_grating: autoDraw = True
300.3507 	EXP 	stim_grating: autoDraw = False
300.3507 	EXP 	stim_grayScreen: autoDraw = True
302.0036 	EXP 	New trial (rep=2, index=0): None
302.0197 	EXP 	stim_grayScreen: autoDraw = False
302.0197 	EXP 	stim_grating: autoDraw = False
302.0197 	EXP 	stim_grayScreen: autoDraw = False
302.0197 	EXP 	stim_grating: ori = 40.0
302.0197 	EXP 	stim_grating: autoDraw = True
303.6876 	EXP 	stim_grating: autoDraw = False
303.6876 	EXP 	stim_grayScreen: autoDraw = True
304.3891 	EXP 	Gratings_vis_stim_devJG_v0.2: status = STOPPED
304.4044 	EXP 	stim_grayScreen: autoDraw = False
304.4058 	EXP 	Gratings_vis_stim_devJG_v0.2: status = STOPPED
304.4077 	INFO 	saved data to 'C:\\dev\\PsychoPy\\Gratings_vis_stim_devJG_v0.2\\data/458105_Gratings_vis_stim_devJG_v0.2_2024-06-27_20h00.05.587.csv'
304.4084 	INFO 	saved data to C:\dev\PsychoPy\Gratings_vis_stim_devJG_v0.2\data/458105_Gratings_vis_stim_devJG_v0.2_2024-06-27_20h00.05.587.psydat
304.4279 	EXP 	window1: mouseVisible = True
304.9954 	DEBUG 	Saving data for Gratings_vis_stim_devJG_v0.2 ExperimentHandler
