6.1476 	DEBUG 	Fullscreen settings ignored as running in pilot mode.
6.1491 	INFO 	Loaded monitor calibration from ['2024_06_20 20:44']
6.2910 	EXP 	Created window1 = Window(allowGUI=True, allowStencil=False, autoLog=True, backendConf=UNKNOWN, backgroundFit=<method-wrapper '__getattribute__' of attributeSetter object at 0x000001700B430820>, backgroundImage=<method-wrapper '__getattribute__' of attributeSetter object at 0x000001700B4307C0>, bitsMode=UNKNOWN, blendMode='avg', bpc=(8, 8, 8), color=array([0, 0, 0]), colorSpace='rgb', depthBits=8, fullscr=<method-wrapper '__getattribute__' of attributeSetter object at 0x000001700B430610>, gamma=None, gammaErrorPolicy='raise', infoMsg=UNKNOWN, lms=UNKNOWN, monitor=<psychopy.monitors.calibTools.Monitor object at 0x000001701166B4F0>, multiSample=False, name='window1', numSamples=2, pos=[880.0, 420.0], screen=0, size=array([800, 600]), stencilBits=0, stereo=False, title='PsychoPy', units='height', useFBO=True, useRetina=False, viewOri=0.0, viewPos=None, viewScale=None, waitBlanking=True, winType='pyglet')
6.2910 	EXP 	window1: backgroundImage = ''
6.2910 	EXP 	window1: backgroundFit = 'none'
6.2911 	EXP 	window1: mouseVisible = <method-wrapper '__getattribute__' of attributeSetter object at 0x000001700B430940>
6.2912 	EXP 	window1: mouseVisible = <method-wrapper '__getattribute__' of attributeSetter object at 0x000001700B430940>
6.2926 	EXP 	window1: mouseVisible = <method-wrapper '__getattribute__' of attributeSetter object at 0x000001700B430940>
6.2929 	EXP 	window1: mouseVisible = <method-wrapper '__getattribute__' of attributeSetter object at 0x000001700B430940>
6.2959 	DEBUG 	TextBox2 loaded 1 chars with 0 blanks and 1 valid
6.2969 	DEBUG 	TextBox2 loaded 1 chars with 0 blanks and 1 valid
6.2978 	DEBUG 	TextBox2 loaded 1 chars with 0 blanks and 1 valid
6.2989 	DEBUG 	TextBox2 loaded 1 chars with 0 blanks and 1 valid
6.3000 	DEBUG 	TextBox2 loaded 1 chars with 0 blanks and 1 valid
6.3008 	DEBUG 	TextBox2 loaded 1 chars with 0 blanks and 1 valid
6.3018 	DEBUG 	TextBox2 loaded 1 chars with 0 blanks and 1 valid
6.3028 	DEBUG 	TextBox2 loaded 1 chars with 0 blanks and 1 valid
6.3035 	DEBUG 	TextBox2 loaded 1 chars with 0 blanks and 1 valid
6.3042 	DEBUG 	TextBox2 loaded 1 chars with 0 blanks and 1 valid
6.3051 	DEBUG 	TextBox2 loaded 1 chars with 0 blanks and 1 valid
6.3061 	DEBUG 	TextBox2 loaded 1 chars with 0 blanks and 1 valid
6.3070 	DEBUG 	TextBox2 loaded 1 chars with 0 blanks and 1 valid
6.3079 	DEBUG 	TextBox2 loaded 1 chars with 0 blanks and 1 valid
6.3088 	DEBUG 	TextBox2 loaded 1 chars with 0 blanks and 1 valid
6.3098 	DEBUG 	TextBox2 loaded 1 chars with 0 blanks and 1 valid
6.3107 	DEBUG 	TextBox2 loaded 1 chars with 0 blanks and 1 valid
6.3115 	DEBUG 	TextBox2 loaded 1 chars with 0 blanks and 1 valid
6.3123 	DEBUG 	TextBox2 loaded 1 chars with 0 blanks and 1 valid
6.3133 	DEBUG 	TextBox2 loaded 1 chars with 0 blanks and 1 valid
6.3141 	DEBUG 	TextBox2 loaded 1 chars with 0 blanks and 1 valid
6.3145 	DEBUG 	Uploading Texture Font fontname to graphics card
6.3161 	DEBUG 	Upload of Texture Font fontname complete
6.3170 	EXP 	window1: mouseVisible = <method-wrapper '__getattribute__' of attributeSetter object at 0x000001700B430940>
6.3171 	EXP 	window1: mouseVisible = <method-wrapper '__getattribute__' of attributeSetter object at 0x000001700B430940>
6.3175 	EXP 	window1: mouseVisible = <method-wrapper '__getattribute__' of attributeSetter object at 0x000001700B430940>
6.3177 	EXP 	window1: mouseVisible = <method-wrapper '__getattribute__' of attributeSetter object at 0x000001700B430940>
6.3208 	DEBUG 	TextBox2 loaded 1 chars with 0 blanks and 1 valid
6.3220 	DEBUG 	TextBox2 loaded 1 chars with 0 blanks and 1 valid
6.3231 	DEBUG 	TextBox2 loaded 1 chars with 0 blanks and 1 valid
6.3233 	DEBUG 	Uploading Texture Font fontname to graphics card
6.3243 	DEBUG 	Upload of Texture Font fontname complete
6.3253 	EXP 	window1: Attempting to measure frame rate of screen (0) ...
6.3254 	EXP 	window1: recordFrameIntervals = False
6.5327 	EXP 	window1: recordFrameIntervals = True
6.7166 	EXP 	Screen (0) actual frame rate measured at 59.96Hz
6.7166 	EXP 	window1: recordFrameIntervals = False
6.7167 	EXP 	window1: mouseVisible = False
6.7169 	EXP 	window1: mouseVisible = False
6.7171 	EXP 	window1: mouseVisible = False
6.7175 	EXP 	window1: mouseVisible = False
6.7178 	EXP 	window1: mouseVisible = False
6.7203 	DEBUG 	TextBox2 loaded 1 chars with 0 blanks and 1 valid
6.7212 	DEBUG 	TextBox2 loaded 1 chars with 0 blanks and 1 valid
6.7222 	DEBUG 	TextBox2 loaded 1 chars with 0 blanks and 1 valid
6.7233 	DEBUG 	TextBox2 loaded 1 chars with 0 blanks and 1 valid
6.7244 	DEBUG 	TextBox2 loaded 1 chars with 0 blanks and 1 valid
6.7255 	DEBUG 	TextBox2 loaded 1 chars with 0 blanks and 1 valid
6.7263 	DEBUG 	TextBox2 loaded 1 chars with 0 blanks and 1 valid
6.7272 	DEBUG 	TextBox2 loaded 1 chars with 0 blanks and 1 valid
6.7283 	DEBUG 	TextBox2 loaded 1 chars with 0 blanks and 1 valid
6.7294 	DEBUG 	TextBox2 loaded 1 chars with 0 blanks and 1 valid
6.7296 	DEBUG 	Uploading Texture Font fontname to graphics card
6.7301 	DEBUG 	Upload of Texture Font fontname complete
6.7309 	EXP 	window1: mouseVisible = False
6.7310 	EXP 	window1: mouseVisible = False
6.7313 	EXP 	window1: mouseVisible = False
6.7316 	EXP 	window1: mouseVisible = False
6.7427 	WARNING 	launchHubServer: If using the iohub mouse or eyetracker devices, fullScr should be True.
9.0183 	INFO 	keyboard.Keyboard is using iohub backend.
9.0183 	EXP 	Gratings_vis_stim_devJG_v0.2: status = STARTED
9.0185 	EXP 	window1: mouseVisible = False
9.0538 	EXP 	Created text_waiting_message = TextStim(__class__=<class 'psychopy.visual.text.TextStim'>, alignHoriz=method-wrapper(...), alignText='center', alignVert=method-wrapper(...), anchorHoriz='center', anchorVert='center', antialias=True, autoDraw=False, autoLog=True, bold=False, color=array([1., 1., 1.]), colorSpace='rgb', contrast=1.0, depth=0.0, draggable=False, flipHoriz=False, flipVert=False, font='Arial', fontFiles=[], height=0.05, italic=False, languageStyle='LTR', name='text_waiting_message', opacity=1.0, ori=0.0, pos=array([0., 0.]), rgb=UNKNOWN, text='Waiting for nidaq-trigger', units='height', win=Window(...), wrapWidth=1)
9.0539 	EXP 	window1: mouseVisible = False
9.0560 	EXP 	Created test_trigger_received = TextStim(__class__=<class 'psychopy.visual.text.TextStim'>, alignHoriz=method-wrapper(...), alignText='center', alignVert=method-wrapper(...), anchorHoriz='center', anchorVert='center', antialias=True, autoDraw=False, autoLog=True, bold=False, color=array([1., 1., 1.]), colorSpace='rgb', contrast=1.0, depth=-2.0, draggable=False, flipHoriz=False, flipVert=False, font='Arial', fontFiles=[], height=0.05, italic=False, languageStyle='LTR', name='test_trigger_received', opacity=1.0, ori=0.0, pos=array([0., 0.]), rgb=UNKNOWN, text='nidaq trigger received', units='height', win=Window(...), wrapWidth=1)
9.0561 	EXP 	window1: mouseVisible = False
9.0568 	EXP 	Created stim_grating = GratingStim(__class__=<class 'psychopy.visual.grating.GratingStim'>, anchor='center', autoDraw=False, autoLog=True, blendmode='avg', color=array([1., 1., 1.]), colorSpace='rgb', contrast=1.0, depth=0.0, draggable=False, interpolate=True, mask=None, maskParams=None, name='stim_grating', opacity=1.0, ori=0.0, phase=array([1., 1.]), pos=array([0., 0.]), rgbPedestal=array([0., 0., 0.]), sf=array([1., 1.]), size=array([1., 1.]), tex='sin', texRes=128.0, units='height', win=Window(...))
9.0568 	EXP 	window1: mouseVisible = False
9.0576 	EXP 	Created stim_grayScreen = ImageStim(__class__=<class 'psychopy.visual.image.ImageStim'>, anchor=('center', 'center'), autoLog=True, color=array([0., 0., 0.]), colorSpace='rgb', contrast=1.0, depth=-1.0, draggable=False, flipHoriz=False, flipVert=False, image=None, interpolate=True, mask=None, maskParams=None, name='stim_grayScreen', opacity=1.0, ori=0.0, pos=array([0., 0.]), size=array([1., 1.]), texRes=128.0, units='height', win=Window(...))
0.1540 	EXP 	window1: mouseVisible = True
0.1552 	DEBUG 	Saving data for Gratings_vis_stim_devJG_v0.2 ExperimentHandler
0.1558 	INFO 	saved data to C:\dev\PsychoPy\Gratings_vis_stim_devJG_v0.2\data/516146_Gratings_vis_stim_devJG_v0.2_2024-06-26_16h40.52.227.psydat
0.1567 	INFO 	saved data to 'C:\\dev\\PsychoPy\\Gratings_vis_stim_devJG_v0.2\\data/516146_Gratings_vis_stim_devJG_v0.2_2024-06-26_16h40.52.227.csv'
