6.1247 	DEBUG 	Fullscreen settings ignored as running in pilot mode.
6.1258 	INFO 	Loaded monitor calibration from ['2024_06_26 12:00']
6.2900 	EXP 	Created window1 = Window(allowGUI=True, allowStencil=False, autoLog=True, backendConf=UNKNOWN, backgroundFit=<method-wrapper '__getattribute__' of attributeSetter object at 0x000001E06ECDA820>, backgroundImage=<method-wrapper '__getattribute__' of attributeSetter object at 0x000001E06ECDA7C0>, bitsMode=UNKNOWN, blendMode='avg', bpc=(8, 8, 8), color=array([0, 0, 0]), colorSpace='rgb', depthBits=8, fullscr=<method-wrapper '__getattribute__' of attributeSetter object at 0x000001E06ECDA610>, gamma=None, gammaErrorPolicy='raise', infoMsg=UNKNOWN, lms=UNKNOWN, monitor=<psychopy.monitors.calibTools.Monitor object at 0x000001E0718028B0>, multiSample=False, name='window1', numSamples=2, pos=[560.0, 240.0], screen=1, size=array([800, 600]), stencilBits=0, stereo=False, title='PsychoPy', units='height', useFBO=True, useRetina=False, viewOri=0.0, viewPos=None, viewScale=None, waitBlanking=True, winType='pyglet')
6.2900 	EXP 	window1: backgroundImage = ''
6.2900 	EXP 	window1: backgroundFit = 'none'
6.2901 	EXP 	window1: mouseVisible = <method-wrapper '__getattribute__' of attributeSetter object at 0x000001E06ECDA940>
6.2903 	EXP 	window1: mouseVisible = <method-wrapper '__getattribute__' of attributeSetter object at 0x000001E06ECDA940>
6.2915 	EXP 	window1: mouseVisible = <method-wrapper '__getattribute__' of attributeSetter object at 0x000001E06ECDA940>
6.2918 	EXP 	window1: mouseVisible = <method-wrapper '__getattribute__' of attributeSetter object at 0x000001E06ECDA940>
6.2945 	DEBUG 	TextBox2 loaded 1 chars with 0 blanks and 1 valid
6.2953 	DEBUG 	TextBox2 loaded 1 chars with 0 blanks and 1 valid
6.2962 	DEBUG 	TextBox2 loaded 1 chars with 0 blanks and 1 valid
6.2971 	DEBUG 	TextBox2 loaded 1 chars with 0 blanks and 1 valid
6.2980 	DEBUG 	TextBox2 loaded 1 chars with 0 blanks and 1 valid
6.2992 	DEBUG 	TextBox2 loaded 1 chars with 0 blanks and 1 valid
6.3004 	DEBUG 	TextBox2 loaded 1 chars with 0 blanks and 1 valid
6.3014 	DEBUG 	TextBox2 loaded 1 chars with 0 blanks and 1 valid
6.3021 	DEBUG 	TextBox2 loaded 1 chars with 0 blanks and 1 valid
6.3027 	DEBUG 	TextBox2 loaded 1 chars with 0 blanks and 1 valid
6.3035 	DEBUG 	TextBox2 loaded 1 chars with 0 blanks and 1 valid
6.3044 	DEBUG 	TextBox2 loaded 1 chars with 0 blanks and 1 valid
6.3052 	DEBUG 	TextBox2 loaded 1 chars with 0 blanks and 1 valid
6.3060 	DEBUG 	TextBox2 loaded 1 chars with 0 blanks and 1 valid
6.3068 	DEBUG 	TextBox2 loaded 1 chars with 0 blanks and 1 valid
6.3076 	DEBUG 	TextBox2 loaded 1 chars with 0 blanks and 1 valid
6.3084 	DEBUG 	TextBox2 loaded 1 chars with 0 blanks and 1 valid
6.3090 	DEBUG 	TextBox2 loaded 1 chars with 0 blanks and 1 valid
6.3096 	DEBUG 	TextBox2 loaded 1 chars with 0 blanks and 1 valid
6.3105 	DEBUG 	TextBox2 loaded 1 chars with 0 blanks and 1 valid
6.3112 	DEBUG 	TextBox2 loaded 1 chars with 0 blanks and 1 valid
6.3115 	DEBUG 	Uploading Texture Font fontname to graphics card
6.3124 	DEBUG 	Upload of Texture Font fontname complete
6.3132 	EXP 	window1: mouseVisible = <method-wrapper '__getattribute__' of attributeSetter object at 0x000001E06ECDA940>
6.3133 	EXP 	window1: mouseVisible = <method-wrapper '__getattribute__' of attributeSetter object at 0x000001E06ECDA940>
6.3137 	EXP 	window1: mouseVisible = <method-wrapper '__getattribute__' of attributeSetter object at 0x000001E06ECDA940>
6.3139 	EXP 	window1: mouseVisible = <method-wrapper '__getattribute__' of attributeSetter object at 0x000001E06ECDA940>
6.3160 	DEBUG 	TextBox2 loaded 1 chars with 0 blanks and 1 valid
6.3169 	DEBUG 	TextBox2 loaded 1 chars with 0 blanks and 1 valid
6.3178 	DEBUG 	TextBox2 loaded 1 chars with 0 blanks and 1 valid
6.3179 	DEBUG 	Uploading Texture Font fontname to graphics card
6.3187 	DEBUG 	Upload of Texture Font fontname complete
6.3197 	EXP 	window1: Attempting to measure frame rate of screen (1) ...
6.3197 	EXP 	window1: recordFrameIntervals = False
6.5212 	EXP 	window1: recordFrameIntervals = True
6.7051 	EXP 	Screen (1) actual frame rate measured at 59.91Hz
6.7051 	EXP 	window1: recordFrameIntervals = False
6.7052 	EXP 	window1: mouseVisible = False
6.7056 	EXP 	window1: mouseVisible = False
6.7058 	EXP 	window1: mouseVisible = False
6.7068 	EXP 	window1: mouseVisible = False
6.7076 	EXP 	window1: mouseVisible = False
6.7127 	DEBUG 	TextBox2 loaded 1 chars with 0 blanks and 1 valid
6.7141 	DEBUG 	TextBox2 loaded 1 chars with 0 blanks and 1 valid
6.7157 	DEBUG 	TextBox2 loaded 1 chars with 0 blanks and 1 valid
6.7176 	DEBUG 	TextBox2 loaded 1 chars with 0 blanks and 1 valid
6.7194 	DEBUG 	TextBox2 loaded 1 chars with 0 blanks and 1 valid
6.7208 	DEBUG 	TextBox2 loaded 1 chars with 0 blanks and 1 valid
6.7216 	DEBUG 	TextBox2 loaded 1 chars with 0 blanks and 1 valid
6.7230 	DEBUG 	TextBox2 loaded 1 chars with 0 blanks and 1 valid
6.7246 	DEBUG 	TextBox2 loaded 1 chars with 0 blanks and 1 valid
6.7264 	DEBUG 	TextBox2 loaded 1 chars with 0 blanks and 1 valid
6.7267 	DEBUG 	Uploading Texture Font fontname to graphics card
6.7276 	DEBUG 	Upload of Texture Font fontname complete
6.7286 	EXP 	window1: mouseVisible = False
6.7289 	EXP 	window1: mouseVisible = False
6.7293 	EXP 	window1: mouseVisible = False
6.7301 	EXP 	window1: mouseVisible = False
6.7450 	WARNING 	launchHubServer: If using the iohub mouse or eyetracker devices, fullScr should be True.
8.9370 	INFO 	keyboard.Keyboard is using iohub backend.
8.9370 	EXP 	Gratings_vis_stim_devJG_v0.3: status = STARTED
8.9509 	EXP 	window1: mouseVisible = True
8.9529 	DEBUG 	Saving data for Gratings_vis_stim_devJG_v0.3 ExperimentHandler
8.9539 	INFO 	saved data to C:\dev\PsychoPy\Gratings_vis_stim_devJG_v0.2\data/526537_Gratings_vis_stim_devJG_v0.3_2024-07-03_19h01.55.620.psydat
8.9549 	INFO 	saved data to 'C:\\dev\\PsychoPy\\Gratings_vis_stim_devJG_v0.2\\data/526537_Gratings_vis_stim_devJG_v0.3_2024-07-03_19h01.55.620.csv'
