6.3495 	DEBUG 	Fullscreen settings ignored as running in pilot mode.
6.3507 	INFO 	Loaded monitor calibration from ['2024_06_26 12:00']
6.4934 	EXP 	Created window1 = Window(allowGUI=True, allowStencil=False, autoLog=True, backendConf=UNKNOWN, backgroundFit=<method-wrapper '__getattribute__' of attributeSetter object at 0x000001C13073F880>, backgroundImage=<method-wrapper '__getattribute__' of attributeSetter object at 0x000001C13073F820>, bitsMode=UNKNOWN, blendMode='avg', bpc=(8, 8, 8), color=array([0, 0, 0]), colorSpace='rgb', depthBits=8, fullscr=<method-wrapper '__getattribute__' of attributeSetter object at 0x000001C13073F670>, gamma=None, gammaErrorPolicy='raise', infoMsg=UNKNOWN, lms=UNKNOWN, monitor=<psychopy.monitors.calibTools.Monitor object at 0x000001C132999910>, multiSample=False, name='window1', numSamples=2, pos=[560.0, 240.0], screen=1, size=array([800, 600]), stencilBits=0, stereo=False, title='PsychoPy', units='height', useFBO=True, useRetina=False, viewOri=0.0, viewPos=None, viewScale=None, waitBlanking=True, winType='pyglet')
6.4935 	EXP 	window1: backgroundImage = ''
6.4935 	EXP 	window1: backgroundFit = 'none'
6.4936 	EXP 	window1: mouseVisible = <method-wrapper '__getattribute__' of attributeSetter object at 0x000001C13073F9A0>
6.4937 	EXP 	window1: mouseVisible = <method-wrapper '__getattribute__' of attributeSetter object at 0x000001C13073F9A0>
6.4950 	EXP 	window1: mouseVisible = <method-wrapper '__getattribute__' of attributeSetter object at 0x000001C13073F9A0>
6.4953 	EXP 	window1: mouseVisible = <method-wrapper '__getattribute__' of attributeSetter object at 0x000001C13073F9A0>
6.4984 	DEBUG 	TextBox2 loaded 1 chars with 0 blanks and 1 valid
6.4993 	DEBUG 	TextBox2 loaded 1 chars with 0 blanks and 1 valid
6.5001 	DEBUG 	TextBox2 loaded 1 chars with 0 blanks and 1 valid
6.5010 	DEBUG 	TextBox2 loaded 1 chars with 0 blanks and 1 valid
6.5018 	DEBUG 	TextBox2 loaded 1 chars with 0 blanks and 1 valid
6.5025 	DEBUG 	TextBox2 loaded 1 chars with 0 blanks and 1 valid
6.5033 	DEBUG 	TextBox2 loaded 1 chars with 0 blanks and 1 valid
6.5041 	DEBUG 	TextBox2 loaded 1 chars with 0 blanks and 1 valid
6.5047 	DEBUG 	TextBox2 loaded 1 chars with 0 blanks and 1 valid
6.5053 	DEBUG 	TextBox2 loaded 1 chars with 0 blanks and 1 valid
6.5061 	DEBUG 	TextBox2 loaded 1 chars with 0 blanks and 1 valid
6.5068 	DEBUG 	TextBox2 loaded 1 chars with 0 blanks and 1 valid
6.5076 	DEBUG 	TextBox2 loaded 1 chars with 0 blanks and 1 valid
6.5084 	DEBUG 	TextBox2 loaded 1 chars with 0 blanks and 1 valid
6.5091 	DEBUG 	TextBox2 loaded 1 chars with 0 blanks and 1 valid
6.5099 	DEBUG 	TextBox2 loaded 1 chars with 0 blanks and 1 valid
6.5106 	DEBUG 	TextBox2 loaded 1 chars with 0 blanks and 1 valid
6.5114 	DEBUG 	TextBox2 loaded 1 chars with 0 blanks and 1 valid
6.5121 	DEBUG 	TextBox2 loaded 1 chars with 0 blanks and 1 valid
6.5130 	DEBUG 	TextBox2 loaded 1 chars with 0 blanks and 1 valid
6.5136 	DEBUG 	TextBox2 loaded 1 chars with 0 blanks and 1 valid
6.5139 	DEBUG 	Uploading Texture Font fontname to graphics card
6.5165 	DEBUG 	Upload of Texture Font fontname complete
6.5173 	EXP 	window1: mouseVisible = <method-wrapper '__getattribute__' of attributeSetter object at 0x000001C13073F9A0>
6.5174 	EXP 	window1: mouseVisible = <method-wrapper '__getattribute__' of attributeSetter object at 0x000001C13073F9A0>
6.5177 	EXP 	window1: mouseVisible = <method-wrapper '__getattribute__' of attributeSetter object at 0x000001C13073F9A0>
6.5180 	EXP 	window1: mouseVisible = <method-wrapper '__getattribute__' of attributeSetter object at 0x000001C13073F9A0>
6.5202 	DEBUG 	TextBox2 loaded 1 chars with 0 blanks and 1 valid
6.5212 	DEBUG 	TextBox2 loaded 1 chars with 0 blanks and 1 valid
6.5221 	DEBUG 	TextBox2 loaded 1 chars with 0 blanks and 1 valid
6.5223 	DEBUG 	Uploading Texture Font fontname to graphics card
6.5233 	DEBUG 	Upload of Texture Font fontname complete
6.5244 	EXP 	window1: Attempting to measure frame rate of screen (1) ...
6.5244 	EXP 	window1: recordFrameIntervals = False
6.7134 	EXP 	window1: recordFrameIntervals = True
6.8969 	EXP 	Screen (1) actual frame rate measured at 59.94Hz
6.8970 	EXP 	window1: recordFrameIntervals = False
6.8971 	EXP 	window1: mouseVisible = False
6.8976 	EXP 	window1: mouseVisible = False
6.8979 	EXP 	window1: mouseVisible = False
6.8989 	EXP 	window1: mouseVisible = False
6.8997 	EXP 	window1: mouseVisible = False
6.9046 	DEBUG 	TextBox2 loaded 1 chars with 0 blanks and 1 valid
6.9059 	DEBUG 	TextBox2 loaded 1 chars with 0 blanks and 1 valid
6.9075 	DEBUG 	TextBox2 loaded 1 chars with 0 blanks and 1 valid
6.9093 	DEBUG 	TextBox2 loaded 1 chars with 0 blanks and 1 valid
6.9110 	DEBUG 	TextBox2 loaded 1 chars with 0 blanks and 1 valid
6.9130 	DEBUG 	TextBox2 loaded 1 chars with 0 blanks and 1 valid
6.9143 	DEBUG 	TextBox2 loaded 1 chars with 0 blanks and 1 valid
6.9159 	DEBUG 	TextBox2 loaded 1 chars with 0 blanks and 1 valid
6.9178 	DEBUG 	TextBox2 loaded 1 chars with 0 blanks and 1 valid
6.9194 	DEBUG 	TextBox2 loaded 1 chars with 0 blanks and 1 valid
6.9198 	DEBUG 	Uploading Texture Font fontname to graphics card
6.9207 	DEBUG 	Upload of Texture Font fontname complete
6.9224 	EXP 	window1: mouseVisible = False
6.9225 	EXP 	window1: mouseVisible = False
6.9232 	EXP 	window1: mouseVisible = False
6.9239 	EXP 	window1: mouseVisible = False
6.9448 	WARNING 	launchHubServer: If using the iohub mouse or eyetracker devices, fullScr should be True.
9.1339 	INFO 	keyboard.Keyboard is using iohub backend.
9.1339 	EXP 	Gratings_vis_stim_devJG_v0.3: status = STARTED
9.1341 	EXP 	window1: mouseVisible = False
9.1363 	EXP 	Created stim_grating = GratingStim(__class__=<class 'psychopy.visual.grating.GratingStim'>, anchor='center', autoDraw=False, autoLog=True, blendmode='avg', color=array([1., 1., 1.]), colorSpace='rgb', contrast=1.0, depth=-1.0, draggable=False, interpolate=True, mask=None, maskParams=None, name='stim_grating', opacity=1.0, ori=1.0, phase=array([1., 1.]), pos=array([0., 0.]), rgbPedestal=array([0., 0., 0.]), sf=array([2., 2.]), size=array([2., 2.]), tex='sin', texRes=256.0, units='height', win=Window(...))
9.1364 	EXP 	window1: mouseVisible = False
9.1378 	EXP 	Created stim_grayScreen = ImageStim(__class__=<class 'psychopy.visual.image.ImageStim'>, anchor=('center', 'center'), autoLog=True, color=array([0., 0., 0.]), colorSpace='rgb', contrast=1.0, depth=-2.0, draggable=False, flipHoriz=False, flipVert=False, image=None, interpolate=True, mask=None, maskParams=None, name='stim_grayScreen', opacity=1.0, ori=0.0, pos=array([0., 0.]), size=array([1., 1.]), texRes=128.0, units='height', win=Window(...))
0.0141 	EXP 	Created sequence: sequential, trialTypes=1, nReps=128, seed=None
0.0144 	EXP 	New trial (rep=0, index=0): None
0.0284 	EXP 	window1: mouseVisible = True
0.0304 	DEBUG 	Saving data for Gratings_vis_stim_devJG_v0.3 ExperimentHandler
0.0313 	INFO 	saved data to C:\dev\PsychoPy\Gratings_vis_stim_devJG_v0.2\data/583201_Gratings_vis_stim_devJG_v0.3_2024-07-02_18h27.51.528.psydat
0.0319 	INFO 	saved data to 'C:\\dev\\PsychoPy\\Gratings_vis_stim_devJG_v0.2\\data/583201_Gratings_vis_stim_devJG_v0.3_2024-07-02_18h27.51.528.csv'
