5.8992 	DEBUG 	Fullscreen settings ignored as running in pilot mode.
5.9005 	INFO 	Loaded monitor calibration from ['2024_06_26 12:00']
6.0688 	EXP 	Created window1 = Window(allowGUI=True, allowStencil=False, autoLog=True, backendConf=UNKNOWN, backgroundFit=<method-wrapper '__getattribute__' of attributeSetter object at 0x0000019DCC59A850>, backgroundImage=<method-wrapper '__getattribute__' of attributeSetter object at 0x0000019DCC59A7F0>, bitsMode=UNKNOWN, blendMode='avg', bpc=(8, 8, 8), color=array([0, 0, 0]), colorSpace='rgb', depthBits=8, fullscr=<method-wrapper '__getattribute__' of attributeSetter object at 0x0000019DCC59A640>, gamma=None, gammaErrorPolicy='raise', infoMsg=UNKNOWN, lms=UNKNOWN, monitor=<psychopy.monitors.calibTools.Monitor object at 0x0000019DCEFF78E0>, multiSample=False, name='window1', numSamples=2, pos=[560.0, 240.0], screen=1, size=array([800, 600]), stencilBits=0, stereo=False, title='PsychoPy', units='height', useFBO=True, useRetina=False, viewOri=0.0, viewPos=None, viewScale=None, waitBlanking=True, winType='pyglet')
6.0688 	EXP 	window1: backgroundImage = ''
6.0688 	EXP 	window1: backgroundFit = 'none'
6.0689 	EXP 	window1: mouseVisible = <method-wrapper '__getattribute__' of attributeSetter object at 0x0000019DCC59A970>
6.0691 	EXP 	window1: mouseVisible = <method-wrapper '__getattribute__' of attributeSetter object at 0x0000019DCC59A970>
6.0702 	EXP 	window1: mouseVisible = <method-wrapper '__getattribute__' of attributeSetter object at 0x0000019DCC59A970>
6.0706 	EXP 	window1: mouseVisible = <method-wrapper '__getattribute__' of attributeSetter object at 0x0000019DCC59A970>
6.0738 	DEBUG 	TextBox2 loaded 1 chars with 0 blanks and 1 valid
6.0747 	DEBUG 	TextBox2 loaded 1 chars with 0 blanks and 1 valid
6.0756 	DEBUG 	TextBox2 loaded 1 chars with 0 blanks and 1 valid
6.0765 	DEBUG 	TextBox2 loaded 1 chars with 0 blanks and 1 valid
6.0774 	DEBUG 	TextBox2 loaded 1 chars with 0 blanks and 1 valid
6.0782 	DEBUG 	TextBox2 loaded 1 chars with 0 blanks and 1 valid
6.0790 	DEBUG 	TextBox2 loaded 1 chars with 0 blanks and 1 valid
6.0799 	DEBUG 	TextBox2 loaded 1 chars with 0 blanks and 1 valid
6.0805 	DEBUG 	TextBox2 loaded 1 chars with 0 blanks and 1 valid
6.0811 	DEBUG 	TextBox2 loaded 1 chars with 0 blanks and 1 valid
6.0819 	DEBUG 	TextBox2 loaded 1 chars with 0 blanks and 1 valid
6.0827 	DEBUG 	TextBox2 loaded 1 chars with 0 blanks and 1 valid
6.0835 	DEBUG 	TextBox2 loaded 1 chars with 0 blanks and 1 valid
6.0843 	DEBUG 	TextBox2 loaded 1 chars with 0 blanks and 1 valid
6.0851 	DEBUG 	TextBox2 loaded 1 chars with 0 blanks and 1 valid
6.0860 	DEBUG 	TextBox2 loaded 1 chars with 0 blanks and 1 valid
6.0868 	DEBUG 	TextBox2 loaded 1 chars with 0 blanks and 1 valid
6.0874 	DEBUG 	TextBox2 loaded 1 chars with 0 blanks and 1 valid
6.0881 	DEBUG 	TextBox2 loaded 1 chars with 0 blanks and 1 valid
6.0890 	DEBUG 	TextBox2 loaded 1 chars with 0 blanks and 1 valid
6.0899 	DEBUG 	TextBox2 loaded 1 chars with 0 blanks and 1 valid
6.0903 	DEBUG 	Uploading Texture Font fontname to graphics card
6.0922 	DEBUG 	Upload of Texture Font fontname complete
6.0930 	EXP 	window1: mouseVisible = <method-wrapper '__getattribute__' of attributeSetter object at 0x0000019DCC59A970>
6.0931 	EXP 	window1: mouseVisible = <method-wrapper '__getattribute__' of attributeSetter object at 0x0000019DCC59A970>
6.0935 	EXP 	window1: mouseVisible = <method-wrapper '__getattribute__' of attributeSetter object at 0x0000019DCC59A970>
6.0938 	EXP 	window1: mouseVisible = <method-wrapper '__getattribute__' of attributeSetter object at 0x0000019DCC59A970>
6.0960 	DEBUG 	TextBox2 loaded 1 chars with 0 blanks and 1 valid
6.0969 	DEBUG 	TextBox2 loaded 1 chars with 0 blanks and 1 valid
6.0978 	DEBUG 	TextBox2 loaded 1 chars with 0 blanks and 1 valid
6.0980 	DEBUG 	Uploading Texture Font fontname to graphics card
6.0989 	DEBUG 	Upload of Texture Font fontname complete
6.1000 	EXP 	window1: Attempting to measure frame rate of screen (1) ...
6.1000 	EXP 	window1: recordFrameIntervals = False
6.2905 	EXP 	window1: recordFrameIntervals = True
6.4744 	EXP 	Screen (1) actual frame rate measured at 59.86Hz
6.4744 	EXP 	window1: recordFrameIntervals = False
6.4744 	EXP 	window1: mouseVisible = False
6.4748 	EXP 	window1: mouseVisible = False
6.4750 	EXP 	window1: mouseVisible = False
6.4753 	EXP 	window1: mouseVisible = False
6.4756 	EXP 	window1: mouseVisible = False
6.4792 	DEBUG 	TextBox2 loaded 1 chars with 0 blanks and 1 valid
6.4804 	DEBUG 	TextBox2 loaded 1 chars with 0 blanks and 1 valid
6.4820 	DEBUG 	TextBox2 loaded 1 chars with 0 blanks and 1 valid
6.4832 	DEBUG 	TextBox2 loaded 1 chars with 0 blanks and 1 valid
6.4845 	DEBUG 	TextBox2 loaded 1 chars with 0 blanks and 1 valid
6.4856 	DEBUG 	TextBox2 loaded 1 chars with 0 blanks and 1 valid
6.4864 	DEBUG 	TextBox2 loaded 1 chars with 0 blanks and 1 valid
6.4873 	DEBUG 	TextBox2 loaded 1 chars with 0 blanks and 1 valid
6.4883 	DEBUG 	TextBox2 loaded 1 chars with 0 blanks and 1 valid
6.4893 	DEBUG 	TextBox2 loaded 1 chars with 0 blanks and 1 valid
6.4895 	DEBUG 	Uploading Texture Font fontname to graphics card
6.4903 	DEBUG 	Upload of Texture Font fontname complete
6.4912 	EXP 	window1: mouseVisible = False
6.4913 	EXP 	window1: mouseVisible = False
6.4916 	EXP 	window1: mouseVisible = False
6.4919 	EXP 	window1: mouseVisible = False
6.5045 	WARNING 	launchHubServer: If using the iohub mouse or eyetracker devices, fullScr should be True.
8.6955 	INFO 	keyboard.Keyboard is using iohub backend.
8.6955 	EXP 	Gratings_vis_stim_devJG_v0.3: status = STARTED
8.6956 	EXP 	window1: mouseVisible = False
8.6979 	EXP 	Created stim_grating = GratingStim(__class__=<class 'psychopy.visual.grating.GratingStim'>, anchor='center', autoDraw=False, autoLog=True, blendmode='avg', color=array([1., 1., 1.]), colorSpace='rgb', contrast=1.0, depth=-1.0, draggable=False, interpolate=True, mask=None, maskParams=None, name='stim_grating', opacity=1.0, ori=1.0, phase=array([1., 1.]), pos=array([0., 0.]), rgbPedestal=array([0., 0., 0.]), sf=array([2., 2.]), size=array([2., 2.]), tex='sin', texRes=256.0, units='height', win=Window(...))
8.6980 	EXP 	window1: mouseVisible = False
8.6997 	EXP 	Created stim_grayScreen = ImageStim(__class__=<class 'psychopy.visual.image.ImageStim'>, anchor=('center', 'center'), autoLog=True, color=array([0., 0., 0.]), colorSpace='rgb', contrast=1.0, depth=-2.0, draggable=False, flipHoriz=False, flipVert=False, image=None, interpolate=True, mask=None, maskParams=None, name='stim_grayScreen', opacity=1.0, ori=0.0, pos=array([0., 0.]), size=array([1., 1.]), texRes=128.0, units='height', win=Window(...))
0.0128 	EXP 	Created sequence: sequential, trialTypes=1, nReps=128, seed=None
0.0130 	EXP 	New trial (rep=0, index=0): None
0.0287 	EXP 	stim_grating: ori = 45.0
0.0287 	EXP 	stim_grating: autoDraw = True
0.0287 	EXP 	stim_grating: tex = 'sin'
2.0292 	EXP 	stim_grating: autoDraw = False
2.0292 	EXP 	stim_grayScreen: autoDraw = True
4.3537 	DATA 	Keypress: lshift
4.5843 	DATA 	Keypress: lwindows
4.9847 	DATA 	Keypress: left
5.0015 	EXP 	New trial (rep=1, index=0): None
5.0161 	EXP 	stim_grating: autoDraw = False
5.0161 	EXP 	stim_grayScreen: autoDraw = False
5.0161 	EXP 	stim_grating: ori = 90.0
5.0161 	EXP 	stim_grating: autoDraw = True
7.0166 	EXP 	stim_grating: autoDraw = False
7.0166 	EXP 	stim_grayScreen: autoDraw = True
10.0071 	EXP 	New trial (rep=2, index=0): None
10.0204 	EXP 	stim_grating: autoDraw = False
10.0204 	EXP 	stim_grayScreen: autoDraw = False
10.0204 	EXP 	stim_grating: ori = 135.0
10.0204 	EXP 	stim_grating: autoDraw = True
12.0209 	EXP 	stim_grating: autoDraw = False
12.0209 	EXP 	stim_grayScreen: autoDraw = True
15.0107 	EXP 	New trial (rep=3, index=0): None
15.0243 	EXP 	stim_grating: autoDraw = False
15.0243 	EXP 	stim_grayScreen: autoDraw = False
15.0243 	EXP 	stim_grating: ori = 180.0
15.0243 	EXP 	stim_grating: autoDraw = True
17.0248 	EXP 	stim_grating: autoDraw = False
17.0248 	EXP 	stim_grayScreen: autoDraw = True
20.0140 	EXP 	New trial (rep=4, index=0): None
20.0284 	EXP 	stim_grating: autoDraw = False
20.0284 	EXP 	stim_grayScreen: autoDraw = False
20.0284 	EXP 	stim_grating: ori = 225.0
20.0284 	EXP 	stim_grating: autoDraw = True
22.0288 	EXP 	stim_grating: autoDraw = False
22.0288 	EXP 	stim_grayScreen: autoDraw = True
25.0017 	EXP 	New trial (rep=5, index=0): None
25.0155 	EXP 	stim_grating: autoDraw = False
25.0155 	EXP 	stim_grayScreen: autoDraw = False
25.0155 	EXP 	stim_grating: ori = 270.0
25.0155 	EXP 	stim_grating: autoDraw = True
27.0163 	EXP 	stim_grating: autoDraw = False
27.0163 	EXP 	stim_grayScreen: autoDraw = True
30.0055 	EXP 	New trial (rep=6, index=0): None
30.0199 	EXP 	stim_grating: autoDraw = False
30.0199 	EXP 	stim_grayScreen: autoDraw = False
30.0199 	EXP 	stim_grating: ori = 315.0
30.0199 	EXP 	stim_grating: autoDraw = True
32.0202 	EXP 	stim_grating: autoDraw = False
32.0202 	EXP 	stim_grayScreen: autoDraw = True
35.0090 	EXP 	New trial (rep=7, index=0): None
35.0235 	EXP 	stim_grating: autoDraw = False
35.0235 	EXP 	stim_grayScreen: autoDraw = False
35.0235 	EXP 	stim_grating: ori = 360.0
35.0235 	EXP 	stim_grating: autoDraw = True
37.0242 	EXP 	stim_grating: autoDraw = False
37.0242 	EXP 	stim_grayScreen: autoDraw = True
40.0127 	EXP 	New trial (rep=8, index=0): None
40.0369 	EXP 	window1: mouseVisible = True
40.0400 	DEBUG 	Saving data for Gratings_vis_stim_devJG_v0.3 ExperimentHandler
40.0411 	INFO 	saved data to C:\dev\PsychoPy\Gratings_vis_stim_devJG_v0.2\data/586581_Gratings_vis_stim_devJG_v0.3_2024-07-02_18h55.36.286.psydat
40.0423 	INFO 	saved data to 'C:\\dev\\PsychoPy\\Gratings_vis_stim_devJG_v0.2\\data/586581_Gratings_vis_stim_devJG_v0.3_2024-07-02_18h55.36.286.csv'
