6.2091 	DEBUG 	Fullscreen settings ignored as running in pilot mode.
6.2101 	INFO 	Loaded monitor calibration from ['2024_06_20 20:44']
6.3469 	EXP 	Created window1 = Window(allowGUI=True, allowStencil=False, autoLog=True, backendConf=UNKNOWN, backgroundFit=<method-wrapper '__getattribute__' of attributeSetter object at 0x0000028EBCCFF850>, backgroundImage=<method-wrapper '__getattribute__' of attributeSetter object at 0x0000028EBCCFF7F0>, bitsMode=UNKNOWN, blendMode='avg', bpc=(8, 8, 8), color=array([0, 0, 0]), colorSpace='rgb', depthBits=8, fullscr=<method-wrapper '__getattribute__' of attributeSetter object at 0x0000028EBCCFF640>, gamma=None, gammaErrorPolicy='raise', infoMsg=UNKNOWN, lms=UNKNOWN, monitor=<psychopy.monitors.calibTools.Monitor object at 0x0000028EC4C1C520>, multiSample=False, name='window1', numSamples=2, pos=[880.0, 420.0], screen=0, size=array([800, 600]), stencilBits=0, stereo=False, title='PsychoPy', units='height', useFBO=True, useRetina=False, viewOri=0.0, viewPos=None, viewScale=None, waitBlanking=True, winType='pyglet')
6.3470 	EXP 	window1: backgroundImage = ''
6.3470 	EXP 	window1: backgroundFit = 'none'
6.3471 	EXP 	window1: mouseVisible = <method-wrapper '__getattribute__' of attributeSetter object at 0x0000028EBCCFF970>
6.3473 	EXP 	window1: mouseVisible = <method-wrapper '__getattribute__' of attributeSetter object at 0x0000028EBCCFF970>
6.3486 	EXP 	window1: mouseVisible = <method-wrapper '__getattribute__' of attributeSetter object at 0x0000028EBCCFF970>
6.3489 	EXP 	window1: mouseVisible = <method-wrapper '__getattribute__' of attributeSetter object at 0x0000028EBCCFF970>
6.3519 	DEBUG 	TextBox2 loaded 1 chars with 0 blanks and 1 valid
6.3528 	DEBUG 	TextBox2 loaded 1 chars with 0 blanks and 1 valid
6.3538 	DEBUG 	TextBox2 loaded 1 chars with 0 blanks and 1 valid
6.3549 	DEBUG 	TextBox2 loaded 1 chars with 0 blanks and 1 valid
6.3559 	DEBUG 	TextBox2 loaded 1 chars with 0 blanks and 1 valid
6.3567 	DEBUG 	TextBox2 loaded 1 chars with 0 blanks and 1 valid
6.3576 	DEBUG 	TextBox2 loaded 1 chars with 0 blanks and 1 valid
6.3586 	DEBUG 	TextBox2 loaded 1 chars with 0 blanks and 1 valid
6.3594 	DEBUG 	TextBox2 loaded 1 chars with 0 blanks and 1 valid
6.3601 	DEBUG 	TextBox2 loaded 1 chars with 0 blanks and 1 valid
6.3611 	DEBUG 	TextBox2 loaded 1 chars with 0 blanks and 1 valid
6.3620 	DEBUG 	TextBox2 loaded 1 chars with 0 blanks and 1 valid
6.3629 	DEBUG 	TextBox2 loaded 1 chars with 0 blanks and 1 valid
6.3638 	DEBUG 	TextBox2 loaded 1 chars with 0 blanks and 1 valid
6.3647 	DEBUG 	TextBox2 loaded 1 chars with 0 blanks and 1 valid
6.3656 	DEBUG 	TextBox2 loaded 1 chars with 0 blanks and 1 valid
6.3666 	DEBUG 	TextBox2 loaded 1 chars with 0 blanks and 1 valid
6.3673 	DEBUG 	TextBox2 loaded 1 chars with 0 blanks and 1 valid
6.3681 	DEBUG 	TextBox2 loaded 1 chars with 0 blanks and 1 valid
6.3691 	DEBUG 	TextBox2 loaded 1 chars with 0 blanks and 1 valid
6.3699 	DEBUG 	TextBox2 loaded 1 chars with 0 blanks and 1 valid
6.3703 	DEBUG 	Uploading Texture Font fontname to graphics card
6.3718 	DEBUG 	Upload of Texture Font fontname complete
6.3726 	EXP 	window1: mouseVisible = <method-wrapper '__getattribute__' of attributeSetter object at 0x0000028EBCCFF970>
6.3727 	EXP 	window1: mouseVisible = <method-wrapper '__getattribute__' of attributeSetter object at 0x0000028EBCCFF970>
6.3731 	EXP 	window1: mouseVisible = <method-wrapper '__getattribute__' of attributeSetter object at 0x0000028EBCCFF970>
6.3734 	EXP 	window1: mouseVisible = <method-wrapper '__getattribute__' of attributeSetter object at 0x0000028EBCCFF970>
6.3764 	DEBUG 	TextBox2 loaded 1 chars with 0 blanks and 1 valid
6.3775 	DEBUG 	TextBox2 loaded 1 chars with 0 blanks and 1 valid
6.3786 	DEBUG 	TextBox2 loaded 1 chars with 0 blanks and 1 valid
6.3788 	DEBUG 	Uploading Texture Font fontname to graphics card
6.3797 	DEBUG 	Upload of Texture Font fontname complete
6.3808 	EXP 	window1: Attempting to measure frame rate of screen (0) ...
6.3808 	EXP 	window1: recordFrameIntervals = False
6.5933 	EXP 	window1: recordFrameIntervals = True
6.7779 	EXP 	Screen (0) actual frame rate measured at 59.41Hz
6.7779 	EXP 	window1: recordFrameIntervals = False
6.7779 	EXP 	window1: mouseVisible = False
6.7781 	EXP 	window1: mouseVisible = False
6.7782 	EXP 	window1: mouseVisible = False
6.7786 	EXP 	window1: mouseVisible = False
6.7788 	EXP 	window1: mouseVisible = False
6.7813 	DEBUG 	TextBox2 loaded 1 chars with 0 blanks and 1 valid
6.7822 	DEBUG 	TextBox2 loaded 1 chars with 0 blanks and 1 valid
6.7832 	DEBUG 	TextBox2 loaded 1 chars with 0 blanks and 1 valid
6.7843 	DEBUG 	TextBox2 loaded 1 chars with 0 blanks and 1 valid
6.7854 	DEBUG 	TextBox2 loaded 1 chars with 0 blanks and 1 valid
6.7864 	DEBUG 	TextBox2 loaded 1 chars with 0 blanks and 1 valid
6.7872 	DEBUG 	TextBox2 loaded 1 chars with 0 blanks and 1 valid
6.7882 	DEBUG 	TextBox2 loaded 1 chars with 0 blanks and 1 valid
6.7893 	DEBUG 	TextBox2 loaded 1 chars with 0 blanks and 1 valid
6.7903 	DEBUG 	TextBox2 loaded 1 chars with 0 blanks and 1 valid
6.7905 	DEBUG 	Uploading Texture Font fontname to graphics card
6.7910 	DEBUG 	Upload of Texture Font fontname complete
6.7918 	EXP 	window1: mouseVisible = False
6.7919 	EXP 	window1: mouseVisible = False
6.7922 	EXP 	window1: mouseVisible = False
6.7925 	EXP 	window1: mouseVisible = False
6.8038 	WARNING 	launchHubServer: If using the iohub mouse or eyetracker devices, fullScr should be True.
8.9772 	INFO 	keyboard.Keyboard is using iohub backend.
8.9773 	EXP 	Gratings_vis_stim_devJG_v0.2: status = STARTED
9.0779 	EXP 	window1: mouseVisible = False
9.0793 	EXP 	Created stim_grating = GratingStim(__class__=<class 'psychopy.visual.grating.GratingStim'>, anchor='center', autoDraw=False, autoLog=True, blendmode='avg', color=array([1., 1., 1.]), colorSpace='rgb', contrast=1.0, depth=0.0, draggable=False, interpolate=True, mask=None, maskParams=None, name='stim_grating', opacity=1.0, ori=0.0, phase=array([1., 1.]), pos=array([0., 0.]), rgbPedestal=array([0., 0., 0.]), sf=array([1., 1.]), size=array([1., 1.]), tex='sin', texRes=128.0, units='height', win=Window(...))
9.0793 	EXP 	window1: mouseVisible = False
9.0803 	EXP 	Created stim_grayScreen = ImageStim(__class__=<class 'psychopy.visual.image.ImageStim'>, anchor=('center', 'center'), autoLog=True, color=array([0., 0., 0.]), colorSpace='rgb', contrast=1.0, depth=-1.0, draggable=False, flipHoriz=False, flipVert=False, image=None, interpolate=True, mask=None, maskParams=None, name='stim_grayScreen', opacity=1.0, ori=0.0, pos=array([0., 0.]), size=array([1., 1.]), texRes=128.0, units='height', win=Window(...))
0.0172 	EXP 	Created sequence: sequential, trialTypes=1, nReps=5, seed=None
0.0173 	EXP 	New trial (rep=0, index=0): None
0.0340 	EXP 	stim_grating: autoDraw = True
0.0340 	EXP 	stim_grayScreen: autoDraw = True
0.0340 	EXP 	stim_grating: tex = 'sin'
0.4023 	EXP 	New trial (rep=1, index=0): None
0.4173 	EXP 	stim_grating: autoDraw = False
0.4173 	EXP 	stim_grayScreen: autoDraw = False
0.4173 	EXP 	stim_grating: autoDraw = False
0.4173 	EXP 	stim_grayScreen: autoDraw = False
0.4173 	EXP 	stim_grating: autoDraw = True
0.4173 	EXP 	stim_grayScreen: autoDraw = True
0.7356 	EXP 	New trial (rep=2, index=0): None
0.7508 	EXP 	stim_grating: autoDraw = False
0.7508 	EXP 	stim_grayScreen: autoDraw = False
0.7508 	EXP 	stim_grating: autoDraw = False
0.7508 	EXP 	stim_grayScreen: autoDraw = False
0.7508 	EXP 	stim_grating: autoDraw = True
0.7508 	EXP 	stim_grayScreen: autoDraw = True
1.0693 	EXP 	New trial (rep=3, index=0): None
1.0844 	EXP 	stim_grating: autoDraw = False
1.0844 	EXP 	stim_grayScreen: autoDraw = False
1.0844 	EXP 	stim_grating: autoDraw = False
1.0844 	EXP 	stim_grayScreen: autoDraw = False
1.0844 	EXP 	stim_grating: autoDraw = True
1.0844 	EXP 	stim_grayScreen: autoDraw = True
1.4031 	EXP 	New trial (rep=4, index=0): None
1.4181 	EXP 	stim_grating: autoDraw = False
1.4181 	EXP 	stim_grayScreen: autoDraw = False
1.4181 	EXP 	stim_grating: autoDraw = False
1.4181 	EXP 	stim_grayScreen: autoDraw = False
1.4181 	EXP 	stim_grating: autoDraw = True
1.4181 	EXP 	stim_grayScreen: autoDraw = True
1.7511 	EXP 	stim_grating: autoDraw = False
1.7511 	EXP 	stim_grayScreen: autoDraw = False
1.7511 	EXP 	stim_grating: autoDraw = False
1.7511 	EXP 	stim_grayScreen: autoDraw = False
1.7521 	EXP 	Gratings_vis_stim_devJG_v0.2: status = STOPPED
1.7549 	INFO 	saved data to 'C:\\dev\\PsychoPy\\Gratings_vis_stim_devJG_v0.2\\data/622123_Gratings_vis_stim_devJG_v0.2_2024-06-26_16h55.40.634.csv'
1.7555 	INFO 	saved data to C:\dev\PsychoPy\Gratings_vis_stim_devJG_v0.2\data/622123_Gratings_vis_stim_devJG_v0.2_2024-06-26_16h55.40.634.psydat
1.7804 	EXP 	window1: mouseVisible = True
2.3482 	DEBUG 	Saving data for Gratings_vis_stim_devJG_v0.2 ExperimentHandler
