6.0159 	DEBUG 	Fullscreen settings ignored as running in pilot mode.
6.0167 	INFO 	Loaded monitor calibration from ['2024_06_20 20:44']
6.1623 	EXP 	Created window1 = Window(allowGUI=True, allowStencil=False, autoLog=True, backendConf=UNKNOWN, backgroundFit=<method-wrapper '__getattribute__' of attributeSetter object at 0x0000027D5685C7F0>, backgroundImage=<method-wrapper '__getattribute__' of attributeSetter object at 0x0000027D5685C790>, bitsMode=UNKNOWN, blendMode='avg', bpc=(8, 8, 8), color=array([0, 0, 0]), colorSpace='rgb', depthBits=8, fullscr=<method-wrapper '__getattribute__' of attributeSetter object at 0x0000027D5685C5E0>, gamma=None, gammaErrorPolicy='raise', infoMsg=UNKNOWN, lms=UNKNOWN, monitor=<psychopy.monitors.calibTools.Monitor object at 0x0000027D5970C4F0>, multiSample=False, name='window1', numSamples=2, pos=[880.0, 420.0], screen=0, size=array([800, 600]), stencilBits=0, stereo=False, title='PsychoPy', units='height', useFBO=True, useRetina=False, viewOri=0.0, viewPos=None, viewScale=None, waitBlanking=True, winType='pyglet')
6.1623 	EXP 	window1: backgroundImage = ''
6.1623 	EXP 	window1: backgroundFit = 'none'
6.1625 	EXP 	window1: mouseVisible = <method-wrapper '__getattribute__' of attributeSetter object at 0x0000027D5685C910>
6.1626 	EXP 	window1: mouseVisible = <method-wrapper '__getattribute__' of attributeSetter object at 0x0000027D5685C910>
6.1639 	EXP 	window1: mouseVisible = <method-wrapper '__getattribute__' of attributeSetter object at 0x0000027D5685C910>
6.1643 	EXP 	window1: mouseVisible = <method-wrapper '__getattribute__' of attributeSetter object at 0x0000027D5685C910>
6.1673 	DEBUG 	TextBox2 loaded 1 chars with 0 blanks and 1 valid
6.1683 	DEBUG 	TextBox2 loaded 1 chars with 0 blanks and 1 valid
6.1692 	DEBUG 	TextBox2 loaded 1 chars with 0 blanks and 1 valid
6.1702 	DEBUG 	TextBox2 loaded 1 chars with 0 blanks and 1 valid
6.1712 	DEBUG 	TextBox2 loaded 1 chars with 0 blanks and 1 valid
6.1720 	DEBUG 	TextBox2 loaded 1 chars with 0 blanks and 1 valid
6.1730 	DEBUG 	TextBox2 loaded 1 chars with 0 blanks and 1 valid
6.1740 	DEBUG 	TextBox2 loaded 1 chars with 0 blanks and 1 valid
6.1748 	DEBUG 	TextBox2 loaded 1 chars with 0 blanks and 1 valid
6.1756 	DEBUG 	TextBox2 loaded 1 chars with 0 blanks and 1 valid
6.1765 	DEBUG 	TextBox2 loaded 1 chars with 0 blanks and 1 valid
6.1774 	DEBUG 	TextBox2 loaded 1 chars with 0 blanks and 1 valid
6.1783 	DEBUG 	TextBox2 loaded 1 chars with 0 blanks and 1 valid
6.1792 	DEBUG 	TextBox2 loaded 1 chars with 0 blanks and 1 valid
6.1801 	DEBUG 	TextBox2 loaded 1 chars with 0 blanks and 1 valid
6.1810 	DEBUG 	TextBox2 loaded 1 chars with 0 blanks and 1 valid
6.1820 	DEBUG 	TextBox2 loaded 1 chars with 0 blanks and 1 valid
6.1828 	DEBUG 	TextBox2 loaded 1 chars with 0 blanks and 1 valid
6.1836 	DEBUG 	TextBox2 loaded 1 chars with 0 blanks and 1 valid
6.1847 	DEBUG 	TextBox2 loaded 1 chars with 0 blanks and 1 valid
6.1854 	DEBUG 	TextBox2 loaded 1 chars with 0 blanks and 1 valid
6.1857 	DEBUG 	Uploading Texture Font fontname to graphics card
6.1872 	DEBUG 	Upload of Texture Font fontname complete
6.1880 	EXP 	window1: mouseVisible = <method-wrapper '__getattribute__' of attributeSetter object at 0x0000027D5685C910>
6.1881 	EXP 	window1: mouseVisible = <method-wrapper '__getattribute__' of attributeSetter object at 0x0000027D5685C910>
6.1885 	EXP 	window1: mouseVisible = <method-wrapper '__getattribute__' of attributeSetter object at 0x0000027D5685C910>
6.1888 	EXP 	window1: mouseVisible = <method-wrapper '__getattribute__' of attributeSetter object at 0x0000027D5685C910>
6.1918 	DEBUG 	TextBox2 loaded 1 chars with 0 blanks and 1 valid
6.1929 	DEBUG 	TextBox2 loaded 1 chars with 0 blanks and 1 valid
6.1939 	DEBUG 	TextBox2 loaded 1 chars with 0 blanks and 1 valid
6.1941 	DEBUG 	Uploading Texture Font fontname to graphics card
6.1950 	DEBUG 	Upload of Texture Font fontname complete
6.1960 	EXP 	window1: Attempting to measure frame rate of screen (0) ...
6.1961 	EXP 	window1: recordFrameIntervals = False
6.4091 	EXP 	window1: recordFrameIntervals = True
6.5927 	EXP 	Screen (0) actual frame rate measured at 59.95Hz
6.5927 	EXP 	window1: recordFrameIntervals = False
6.5928 	EXP 	window1: mouseVisible = False
6.5930 	EXP 	window1: mouseVisible = False
6.5931 	EXP 	window1: mouseVisible = False
6.5935 	EXP 	window1: mouseVisible = False
6.5938 	EXP 	window1: mouseVisible = False
6.5961 	DEBUG 	TextBox2 loaded 1 chars with 0 blanks and 1 valid
6.5970 	DEBUG 	TextBox2 loaded 1 chars with 0 blanks and 1 valid
6.5980 	DEBUG 	TextBox2 loaded 1 chars with 0 blanks and 1 valid
6.5991 	DEBUG 	TextBox2 loaded 1 chars with 0 blanks and 1 valid
6.6001 	DEBUG 	TextBox2 loaded 1 chars with 0 blanks and 1 valid
6.6012 	DEBUG 	TextBox2 loaded 1 chars with 0 blanks and 1 valid
6.6020 	DEBUG 	TextBox2 loaded 1 chars with 0 blanks and 1 valid
6.6030 	DEBUG 	TextBox2 loaded 1 chars with 0 blanks and 1 valid
6.6041 	DEBUG 	TextBox2 loaded 1 chars with 0 blanks and 1 valid
6.6051 	DEBUG 	TextBox2 loaded 1 chars with 0 blanks and 1 valid
6.6054 	DEBUG 	Uploading Texture Font fontname to graphics card
6.6058 	DEBUG 	Upload of Texture Font fontname complete
6.6067 	EXP 	window1: mouseVisible = False
6.6067 	EXP 	window1: mouseVisible = False
6.6070 	EXP 	window1: mouseVisible = False
6.6073 	EXP 	window1: mouseVisible = False
6.6186 	WARNING 	launchHubServer: If using the iohub mouse or eyetracker devices, fullScr should be True.
8.8939 	INFO 	keyboard.Keyboard is using iohub backend.
8.8939 	EXP 	Gratings_vis_stim_devJG_v0.2: status = STARTED
8.8940 	EXP 	window1: mouseVisible = False
8.8953 	EXP 	Created stim_grating = GratingStim(__class__=<class 'psychopy.visual.grating.GratingStim'>, anchor='center', autoDraw=False, autoLog=True, blendmode='avg', color=array([1., 1., 1.]), colorSpace='rgb', contrast=1.0, depth=0.0, draggable=False, interpolate=True, mask=None, maskParams=None, name='stim_grating', opacity=1.0, ori=1.0, phase=array([1., 1.]), pos=array([0., 0.]), rgbPedestal=array([0., 0., 0.]), sf=array([1., 1.]), size=array([1., 1.]), tex='sin', texRes=128.0, units='height', win=Window(...))
8.8954 	EXP 	window1: mouseVisible = False
8.8963 	EXP 	Created stim_grayScreen = ImageStim(__class__=<class 'psychopy.visual.image.ImageStim'>, anchor=('center', 'center'), autoLog=True, color=array([0., 0., 0.]), colorSpace='rgb', contrast=1.0, depth=-1.0, draggable=False, flipHoriz=False, flipVert=False, image=None, interpolate=True, mask=None, maskParams=None, name='stim_grayScreen', opacity=1.0, ori=0.0, pos=array([0., 0.]), size=array([1., 1.]), texRes=128.0, units='height', win=Window(...))
5.1102 	EXP 	Created sequence: sequential, trialTypes=1, nReps=5, seed=None
5.1103 	EXP 	New trial (rep=0, index=0): None
5.1196 	EXP 	stim_grating: ori = 0.9
5.1196 	EXP 	stim_grating: autoDraw = True
5.1196 	EXP 	stim_grayScreen: autoDraw = True
5.1196 	EXP 	stim_grating: tex = 'sin'
5.4887 	EXP 	New trial (rep=1, index=0): None
5.5040 	EXP 	stim_grating: autoDraw = False
5.5040 	EXP 	stim_grayScreen: autoDraw = False
5.5040 	EXP 	stim_grating: autoDraw = False
5.5040 	EXP 	stim_grayScreen: autoDraw = False
5.5040 	EXP 	stim_grating: ori = 0.9
5.5040 	EXP 	stim_grating: autoDraw = True
5.5040 	EXP 	stim_grayScreen: autoDraw = True
5.8223 	EXP 	New trial (rep=2, index=0): None
5.8374 	EXP 	stim_grating: autoDraw = False
5.8374 	EXP 	stim_grayScreen: autoDraw = False
5.8374 	EXP 	stim_grating: autoDraw = False
5.8374 	EXP 	stim_grayScreen: autoDraw = False
5.8374 	EXP 	stim_grating: ori = 0.9
5.8374 	EXP 	stim_grating: autoDraw = True
5.8374 	EXP 	stim_grayScreen: autoDraw = True
6.1558 	EXP 	New trial (rep=3, index=0): None
6.1711 	EXP 	stim_grating: autoDraw = False
6.1711 	EXP 	stim_grayScreen: autoDraw = False
6.1711 	EXP 	stim_grating: autoDraw = False
6.1711 	EXP 	stim_grayScreen: autoDraw = False
6.1711 	EXP 	stim_grating: ori = 0.9
6.1711 	EXP 	stim_grating: autoDraw = True
6.1711 	EXP 	stim_grayScreen: autoDraw = True
6.4894 	EXP 	New trial (rep=4, index=0): None
6.5048 	EXP 	stim_grating: autoDraw = False
6.5048 	EXP 	stim_grayScreen: autoDraw = False
6.5048 	EXP 	stim_grating: autoDraw = False
6.5048 	EXP 	stim_grayScreen: autoDraw = False
6.5048 	EXP 	stim_grating: ori = 0.9
6.5048 	EXP 	stim_grating: autoDraw = True
6.5048 	EXP 	stim_grayScreen: autoDraw = True
6.8377 	EXP 	stim_grating: autoDraw = False
6.8377 	EXP 	stim_grayScreen: autoDraw = False
6.8377 	EXP 	stim_grating: autoDraw = False
6.8377 	EXP 	stim_grayScreen: autoDraw = False
6.8387 	EXP 	Gratings_vis_stim_devJG_v0.2: status = STOPPED
6.8417 	INFO 	saved data to 'C:\\dev\\PsychoPy\\Gratings_vis_stim_devJG_v0.2\\data/710066_Gratings_vis_stim_devJG_v0.2_2024-06-26_17h02.41.569.csv'
6.8423 	INFO 	saved data to C:\dev\PsychoPy\Gratings_vis_stim_devJG_v0.2\data/710066_Gratings_vis_stim_devJG_v0.2_2024-06-26_17h02.41.569.psydat
6.8669 	EXP 	window1: mouseVisible = True
7.4153 	DEBUG 	Saving data for Gratings_vis_stim_devJG_v0.2 ExperimentHandler
