6.2506 	DEBUG 	Fullscreen settings ignored as running in pilot mode.
6.2514 	INFO 	Loaded monitor calibration from ['2024_06_20 20:44']
6.3930 	EXP 	Created window1 = Window(allowGUI=True, allowStencil=False, autoLog=True, backendConf=UNKNOWN, backgroundFit=<method-wrapper '__getattribute__' of attributeSetter object at 0x000002A4CD84E8B0>, backgroundImage=<method-wrapper '__getattribute__' of attributeSetter object at 0x000002A4CD84E850>, bitsMode=UNKNOWN, blendMode='avg', bpc=(8, 8, 8), color=array([0, 0, 0]), colorSpace='rgb', depthBits=8, fullscr=<method-wrapper '__getattribute__' of attributeSetter object at 0x000002A4CD84E6A0>, gamma=None, gammaErrorPolicy='raise', infoMsg=UNKNOWN, lms=UNKNOWN, monitor=<psychopy.monitors.calibTools.Monitor object at 0x000002A4D04FB580>, multiSample=False, name='window1', numSamples=2, pos=[880.0, 420.0], screen=0, size=array([800, 600]), stencilBits=0, stereo=False, title='PsychoPy', units='height', useFBO=True, useRetina=False, viewOri=0.0, viewPos=None, viewScale=None, waitBlanking=True, winType='pyglet')
6.3930 	EXP 	window1: backgroundImage = ''
6.3930 	EXP 	window1: backgroundFit = 'none'
6.3932 	EXP 	window1: mouseVisible = <method-wrapper '__getattribute__' of attributeSetter object at 0x000002A4CD84E9D0>
6.3933 	EXP 	window1: mouseVisible = <method-wrapper '__getattribute__' of attributeSetter object at 0x000002A4CD84E9D0>
6.3945 	EXP 	window1: mouseVisible = <method-wrapper '__getattribute__' of attributeSetter object at 0x000002A4CD84E9D0>
6.3949 	EXP 	window1: mouseVisible = <method-wrapper '__getattribute__' of attributeSetter object at 0x000002A4CD84E9D0>
6.3982 	DEBUG 	TextBox2 loaded 1 chars with 0 blanks and 1 valid
6.3991 	DEBUG 	TextBox2 loaded 1 chars with 0 blanks and 1 valid
6.4001 	DEBUG 	TextBox2 loaded 1 chars with 0 blanks and 1 valid
6.4011 	DEBUG 	TextBox2 loaded 1 chars with 0 blanks and 1 valid
6.4021 	DEBUG 	TextBox2 loaded 1 chars with 0 blanks and 1 valid
6.4029 	DEBUG 	TextBox2 loaded 1 chars with 0 blanks and 1 valid
6.4039 	DEBUG 	TextBox2 loaded 1 chars with 0 blanks and 1 valid
6.4049 	DEBUG 	TextBox2 loaded 1 chars with 0 blanks and 1 valid
6.4055 	DEBUG 	TextBox2 loaded 1 chars with 0 blanks and 1 valid
6.4063 	DEBUG 	TextBox2 loaded 1 chars with 0 blanks and 1 valid
6.4072 	DEBUG 	TextBox2 loaded 1 chars with 0 blanks and 1 valid
6.4081 	DEBUG 	TextBox2 loaded 1 chars with 0 blanks and 1 valid
6.4090 	DEBUG 	TextBox2 loaded 1 chars with 0 blanks and 1 valid
6.4099 	DEBUG 	TextBox2 loaded 1 chars with 0 blanks and 1 valid
6.4107 	DEBUG 	TextBox2 loaded 1 chars with 0 blanks and 1 valid
6.4116 	DEBUG 	TextBox2 loaded 1 chars with 0 blanks and 1 valid
6.4126 	DEBUG 	TextBox2 loaded 1 chars with 0 blanks and 1 valid
6.4134 	DEBUG 	TextBox2 loaded 1 chars with 0 blanks and 1 valid
6.4142 	DEBUG 	TextBox2 loaded 1 chars with 0 blanks and 1 valid
6.4153 	DEBUG 	TextBox2 loaded 1 chars with 0 blanks and 1 valid
6.4160 	DEBUG 	TextBox2 loaded 1 chars with 0 blanks and 1 valid
6.4164 	DEBUG 	Uploading Texture Font fontname to graphics card
6.4178 	DEBUG 	Upload of Texture Font fontname complete
6.4186 	EXP 	window1: mouseVisible = <method-wrapper '__getattribute__' of attributeSetter object at 0x000002A4CD84E9D0>
6.4187 	EXP 	window1: mouseVisible = <method-wrapper '__getattribute__' of attributeSetter object at 0x000002A4CD84E9D0>
6.4191 	EXP 	window1: mouseVisible = <method-wrapper '__getattribute__' of attributeSetter object at 0x000002A4CD84E9D0>
6.4194 	EXP 	window1: mouseVisible = <method-wrapper '__getattribute__' of attributeSetter object at 0x000002A4CD84E9D0>
6.4224 	DEBUG 	TextBox2 loaded 1 chars with 0 blanks and 1 valid
6.4235 	DEBUG 	TextBox2 loaded 1 chars with 0 blanks and 1 valid
6.4245 	DEBUG 	TextBox2 loaded 1 chars with 0 blanks and 1 valid
6.4247 	DEBUG 	Uploading Texture Font fontname to graphics card
6.4257 	DEBUG 	Upload of Texture Font fontname complete
6.4268 	EXP 	window1: Attempting to measure frame rate of screen (0) ...
6.4268 	EXP 	window1: recordFrameIntervals = False
6.6462 	EXP 	window1: recordFrameIntervals = True
6.8301 	EXP 	Screen (0) actual frame rate measured at 59.99Hz
6.8301 	EXP 	window1: recordFrameIntervals = False
6.8302 	EXP 	window1: mouseVisible = False
6.8304 	EXP 	window1: mouseVisible = False
6.8305 	EXP 	window1: mouseVisible = False
6.8308 	EXP 	window1: mouseVisible = False
6.8311 	EXP 	window1: mouseVisible = False
6.8337 	DEBUG 	TextBox2 loaded 1 chars with 0 blanks and 1 valid
6.8346 	DEBUG 	TextBox2 loaded 1 chars with 0 blanks and 1 valid
6.8356 	DEBUG 	TextBox2 loaded 1 chars with 0 blanks and 1 valid
6.8367 	DEBUG 	TextBox2 loaded 1 chars with 0 blanks and 1 valid
6.8378 	DEBUG 	TextBox2 loaded 1 chars with 0 blanks and 1 valid
6.8388 	DEBUG 	TextBox2 loaded 1 chars with 0 blanks and 1 valid
6.8396 	DEBUG 	TextBox2 loaded 1 chars with 0 blanks and 1 valid
6.8406 	DEBUG 	TextBox2 loaded 1 chars with 0 blanks and 1 valid
6.8417 	DEBUG 	TextBox2 loaded 1 chars with 0 blanks and 1 valid
6.8427 	DEBUG 	TextBox2 loaded 1 chars with 0 blanks and 1 valid
6.8429 	DEBUG 	Uploading Texture Font fontname to graphics card
6.8434 	DEBUG 	Upload of Texture Font fontname complete
6.8442 	EXP 	window1: mouseVisible = False
6.8443 	EXP 	window1: mouseVisible = False
6.8446 	EXP 	window1: mouseVisible = False
6.8449 	EXP 	window1: mouseVisible = False
6.8560 	WARNING 	launchHubServer: If using the iohub mouse or eyetracker devices, fullScr should be True.
9.1306 	INFO 	keyboard.Keyboard is using iohub backend.
9.1307 	EXP 	Gratings_vis_stim_devJG_v0.2: status = STARTED
9.1308 	EXP 	window1: mouseVisible = False
9.1667 	EXP 	Created text_waiting_message = TextStim(__class__=<class 'psychopy.visual.text.TextStim'>, alignHoriz=method-wrapper(...), alignText='center', alignVert=method-wrapper(...), anchorHoriz='center', anchorVert='center', antialias=True, autoDraw=False, autoLog=True, bold=False, color=array([1., 1., 1.]), colorSpace='rgb', contrast=1.0, depth=0.0, draggable=False, flipHoriz=False, flipVert=False, font='Arial', fontFiles=[], height=0.05, italic=False, languageStyle='LTR', name='text_waiting_message', opacity=1.0, ori=0.0, pos=array([0., 0.]), rgb=UNKNOWN, text='Waiting for nidaq-trigger', units='height', win=Window(...), wrapWidth=1)
9.1668 	EXP 	window1: mouseVisible = False
9.1689 	EXP 	Created test_trigger_received = TextStim(__class__=<class 'psychopy.visual.text.TextStim'>, alignHoriz=method-wrapper(...), alignText='center', alignVert=method-wrapper(...), anchorHoriz='center', anchorVert='center', antialias=True, autoDraw=False, autoLog=True, bold=False, color=array([1., 1., 1.]), colorSpace='rgb', contrast=1.0, depth=-2.0, draggable=False, flipHoriz=False, flipVert=False, font='Arial', fontFiles=[], height=0.05, italic=False, languageStyle='LTR', name='test_trigger_received', opacity=1.0, ori=0.0, pos=array([0., 0.]), rgb=UNKNOWN, text='nidaq trigger received', units='height', win=Window(...), wrapWidth=1)
9.1690 	EXP 	window1: mouseVisible = False
9.1696 	EXP 	Created stim_grating = GratingStim(__class__=<class 'psychopy.visual.grating.GratingStim'>, anchor='center', autoDraw=False, autoLog=True, blendmode='avg', color=array([1., 1., 1.]), colorSpace='rgb', contrast=1.0, depth=0.0, draggable=False, interpolate=True, mask=None, maskParams=None, name='stim_grating', opacity=1.0, ori=0.0, phase=array([1., 1.]), pos=array([0., 0.]), rgbPedestal=array([0., 0., 0.]), sf=array([1., 1.]), size=array([1., 1.]), tex='sin', texRes=128.0, units='height', win=Window(...))
9.1697 	EXP 	window1: mouseVisible = False
9.1705 	EXP 	Created stim_grayScreen = ImageStim(__class__=<class 'psychopy.visual.image.ImageStim'>, anchor=('center', 'center'), autoLog=True, color=array([0., 0., 0.]), colorSpace='rgb', contrast=1.0, depth=-1.0, draggable=False, flipHoriz=False, flipVert=False, image=None, interpolate=True, mask=None, maskParams=None, name='stim_grayScreen', opacity=1.0, ori=0.0, pos=array([0., 0.]), size=array([1., 1.]), texRes=128.0, units='height', win=Window(...))
0.1547 	EXP 	window1: mouseVisible = True
0.1554 	DEBUG 	Saving data for Gratings_vis_stim_devJG_v0.2 ExperimentHandler
0.1562 	INFO 	saved data to C:\dev\PsychoPy\Gratings_vis_stim_devJG_v0.2\data/796444_Gratings_vis_stim_devJG_v0.2_2024-06-26_16h43.23.786.psydat
0.1571 	INFO 	saved data to 'C:\\dev\\PsychoPy\\Gratings_vis_stim_devJG_v0.2\\data/796444_Gratings_vis_stim_devJG_v0.2_2024-06-26_16h43.23.786.csv'
