6.0088 	DEBUG 	Fullscreen settings ignored as running in pilot mode.
6.0096 	INFO 	Loaded monitor calibration from ['2024_06_20 20:44']
6.1660 	EXP 	Created window1 = Window(allowGUI=True, allowStencil=False, autoLog=True, backendConf=UNKNOWN, backgroundFit=<method-wrapper '__getattribute__' of attributeSetter object at 0x000001969CE1E7F0>, backgroundImage=<method-wrapper '__getattribute__' of attributeSetter object at 0x000001969CE1E790>, bitsMode=UNKNOWN, blendMode='avg', bpc=(8, 8, 8), color=array([0, 0, 0]), colorSpace='rgb', depthBits=8, fullscr=<method-wrapper '__getattribute__' of attributeSetter object at 0x000001969CE1E5E0>, gamma=None, gammaErrorPolicy='raise', infoMsg=UNKNOWN, lms=UNKNOWN, monitor=<psychopy.monitors.calibTools.Monitor object at 0x000001969FCB38B0>, multiSample=False, name='window1', numSamples=2, pos=[880.0, 420.0], screen=0, size=array([800, 600]), stencilBits=0, stereo=False, title='PsychoPy', units='height', useFBO=True, useRetina=False, viewOri=0.0, viewPos=None, viewScale=None, waitBlanking=True, winType='pyglet')
6.1660 	EXP 	window1: backgroundImage = ''
6.1660 	EXP 	window1: backgroundFit = 'none'
6.1661 	EXP 	window1: mouseVisible = <method-wrapper '__getattribute__' of attributeSetter object at 0x000001969CE1E910>
6.1662 	EXP 	window1: mouseVisible = <method-wrapper '__getattribute__' of attributeSetter object at 0x000001969CE1E910>
6.1676 	EXP 	window1: mouseVisible = <method-wrapper '__getattribute__' of attributeSetter object at 0x000001969CE1E910>
6.1680 	EXP 	window1: mouseVisible = <method-wrapper '__getattribute__' of attributeSetter object at 0x000001969CE1E910>
6.1708 	DEBUG 	TextBox2 loaded 1 chars with 0 blanks and 1 valid
6.1717 	DEBUG 	TextBox2 loaded 1 chars with 0 blanks and 1 valid
6.1726 	DEBUG 	TextBox2 loaded 1 chars with 0 blanks and 1 valid
6.1737 	DEBUG 	TextBox2 loaded 1 chars with 0 blanks and 1 valid
6.1747 	DEBUG 	TextBox2 loaded 1 chars with 0 blanks and 1 valid
6.1756 	DEBUG 	TextBox2 loaded 1 chars with 0 blanks and 1 valid
6.1765 	DEBUG 	TextBox2 loaded 1 chars with 0 blanks and 1 valid
6.1775 	DEBUG 	TextBox2 loaded 1 chars with 0 blanks and 1 valid
6.1782 	DEBUG 	TextBox2 loaded 1 chars with 0 blanks and 1 valid
6.1789 	DEBUG 	TextBox2 loaded 1 chars with 0 blanks and 1 valid
6.1798 	DEBUG 	TextBox2 loaded 1 chars with 0 blanks and 1 valid
6.1807 	DEBUG 	TextBox2 loaded 1 chars with 0 blanks and 1 valid
6.1816 	DEBUG 	TextBox2 loaded 1 chars with 0 blanks and 1 valid
6.1825 	DEBUG 	TextBox2 loaded 1 chars with 0 blanks and 1 valid
6.1834 	DEBUG 	TextBox2 loaded 1 chars with 0 blanks and 1 valid
6.1844 	DEBUG 	TextBox2 loaded 1 chars with 0 blanks and 1 valid
6.1853 	DEBUG 	TextBox2 loaded 1 chars with 0 blanks and 1 valid
6.1861 	DEBUG 	TextBox2 loaded 1 chars with 0 blanks and 1 valid
6.1868 	DEBUG 	TextBox2 loaded 1 chars with 0 blanks and 1 valid
6.1878 	DEBUG 	TextBox2 loaded 1 chars with 0 blanks and 1 valid
6.1886 	DEBUG 	TextBox2 loaded 1 chars with 0 blanks and 1 valid
6.1889 	DEBUG 	Uploading Texture Font fontname to graphics card
6.1903 	DEBUG 	Upload of Texture Font fontname complete
6.1912 	EXP 	window1: mouseVisible = <method-wrapper '__getattribute__' of attributeSetter object at 0x000001969CE1E910>
6.1913 	EXP 	window1: mouseVisible = <method-wrapper '__getattribute__' of attributeSetter object at 0x000001969CE1E910>
6.1917 	EXP 	window1: mouseVisible = <method-wrapper '__getattribute__' of attributeSetter object at 0x000001969CE1E910>
6.1920 	EXP 	window1: mouseVisible = <method-wrapper '__getattribute__' of attributeSetter object at 0x000001969CE1E910>
6.1945 	DEBUG 	TextBox2 loaded 1 chars with 0 blanks and 1 valid
6.1956 	DEBUG 	TextBox2 loaded 1 chars with 0 blanks and 1 valid
6.1966 	DEBUG 	TextBox2 loaded 1 chars with 0 blanks and 1 valid
6.1968 	DEBUG 	Uploading Texture Font fontname to graphics card
6.1976 	DEBUG 	Upload of Texture Font fontname complete
6.1987 	EXP 	window1: Attempting to measure frame rate of screen (0) ...
6.1987 	EXP 	window1: recordFrameIntervals = False
6.4078 	EXP 	window1: recordFrameIntervals = True
6.5925 	EXP 	Screen (0) actual frame rate measured at 59.92Hz
6.5925 	EXP 	window1: recordFrameIntervals = False
6.5926 	EXP 	window1: mouseVisible = False
6.5928 	EXP 	window1: mouseVisible = False
6.5929 	EXP 	window1: mouseVisible = False
6.5932 	EXP 	window1: mouseVisible = False
6.5935 	EXP 	window1: mouseVisible = False
6.5960 	DEBUG 	TextBox2 loaded 1 chars with 0 blanks and 1 valid
6.5969 	DEBUG 	TextBox2 loaded 1 chars with 0 blanks and 1 valid
6.5979 	DEBUG 	TextBox2 loaded 1 chars with 0 blanks and 1 valid
6.5990 	DEBUG 	TextBox2 loaded 1 chars with 0 blanks and 1 valid
6.6001 	DEBUG 	TextBox2 loaded 1 chars with 0 blanks and 1 valid
6.6011 	DEBUG 	TextBox2 loaded 1 chars with 0 blanks and 1 valid
6.6019 	DEBUG 	TextBox2 loaded 1 chars with 0 blanks and 1 valid
6.6029 	DEBUG 	TextBox2 loaded 1 chars with 0 blanks and 1 valid
6.6040 	DEBUG 	TextBox2 loaded 1 chars with 0 blanks and 1 valid
6.6051 	DEBUG 	TextBox2 loaded 1 chars with 0 blanks and 1 valid
6.6053 	DEBUG 	Uploading Texture Font fontname to graphics card
6.6057 	DEBUG 	Upload of Texture Font fontname complete
6.6069 	EXP 	window1: mouseVisible = False
6.6069 	EXP 	window1: mouseVisible = False
6.6072 	EXP 	window1: mouseVisible = False
6.6075 	EXP 	window1: mouseVisible = False
6.6194 	WARNING 	launchHubServer: If using the iohub mouse or eyetracker devices, fullScr should be True.
8.8949 	INFO 	keyboard.Keyboard is using iohub backend.
8.8950 	EXP 	Gratings_vis_stim_devJG_v0.2: status = STARTED
8.8951 	EXP 	window1: mouseVisible = False
8.8965 	EXP 	Created stim_grating = GratingStim(__class__=<class 'psychopy.visual.grating.GratingStim'>, anchor='center', autoDraw=False, autoLog=True, blendmode='avg', color=array([1., 1., 1.]), colorSpace='rgb', contrast=1.0, depth=-1.0, draggable=False, interpolate=True, mask=None, maskParams=None, name='stim_grating', opacity=1.0, ori=1.0, phase=array([1., 1.]), pos=array([0., 0.]), rgbPedestal=array([0., 0., 0.]), sf=array([1., 1.]), size=array([0.5, 0.5]), tex='sin', texRes=128.0, units='height', win=Window(...))
8.8965 	EXP 	window1: mouseVisible = False
8.8976 	EXP 	Created stim_grayScreen = ImageStim(__class__=<class 'psychopy.visual.image.ImageStim'>, anchor=('center', 'center'), autoLog=True, color=array([0., 0., 0.]), colorSpace='rgb', contrast=1.0, depth=-2.0, draggable=False, flipHoriz=False, flipVert=False, image=None, interpolate=True, mask=None, maskParams=None, name='stim_grayScreen', opacity=1.0, ori=0.0, pos=array([0., 0.]), size=array([1., 1.]), texRes=128.0, units='height', win=Window(...))
0.0149 	EXP 	Created sequence: sequential, trialTypes=1, nReps=5, seed=None
0.0150 	EXP 	New trial (rep=0, index=0): None
0.0306 	EXP 	stim_grating: ori = 90.0
0.0306 	EXP 	stim_grating: autoDraw = True
0.0306 	EXP 	stim_grating: tex = 'sin'
1.6981 	EXP 	stim_grating: autoDraw = False
1.6981 	EXP 	stim_grayScreen: autoDraw = True
3.3510 	EXP 	New trial (rep=1, index=0): None
3.3662 	EXP 	stim_grayScreen: autoDraw = False
3.3662 	EXP 	stim_grating: autoDraw = False
3.3662 	EXP 	stim_grayScreen: autoDraw = False
3.3662 	EXP 	stim_grating: ori = 0.0
3.3662 	EXP 	stim_grating: autoDraw = True
5.0342 	EXP 	stim_grating: autoDraw = False
5.0342 	EXP 	stim_grayScreen: autoDraw = True
5.5888 	DATA 	Keypress: escape
5.7028 	EXP 	Gratings_vis_stim_devJG_v0.2: status = STOPPED
5.7180 	EXP 	stim_grayScreen: autoDraw = False
5.7192 	EXP 	Gratings_vis_stim_devJG_v0.2: status = STOPPED
5.7220 	INFO 	saved data to 'C:\\dev\\PsychoPy\\Gratings_vis_stim_devJG_v0.2\\data/822690_Gratings_vis_stim_devJG_v0.2_2024-06-27_19h06.37.868.csv'
5.7226 	INFO 	saved data to C:\dev\PsychoPy\Gratings_vis_stim_devJG_v0.2\data/822690_Gratings_vis_stim_devJG_v0.2_2024-06-27_19h06.37.868.psydat
5.7473 	EXP 	window1: mouseVisible = True
5.8954 	DEBUG 	Saving data for Gratings_vis_stim_devJG_v0.2 ExperimentHandler
