6.1311 	DEBUG 	Fullscreen settings ignored as running in pilot mode.
6.1319 	INFO 	Loaded monitor calibration from ['2024_06_20 20:44']
6.2759 	EXP 	Created window1 = Window(allowGUI=True, allowStencil=False, autoLog=True, backendConf=UNKNOWN, backgroundFit=<method-wrapper '__getattribute__' of attributeSetter object at 0x000001F670CCF880>, backgroundImage=<method-wrapper '__getattribute__' of attributeSetter object at 0x000001F670CCF820>, bitsMode=UNKNOWN, blendMode='avg', bpc=(8, 8, 8), color=array([0, 0, 0]), colorSpace='rgb', depthBits=8, fullscr=<method-wrapper '__getattribute__' of attributeSetter object at 0x000001F670CCF670>, gamma=None, gammaErrorPolicy='raise', infoMsg=UNKNOWN, lms=UNKNOWN, monitor=<psychopy.monitors.calibTools.Monitor object at 0x000001F67397B550>, multiSample=False, name='window1', numSamples=2, pos=[880.0, 420.0], screen=0, size=array([800, 600]), stencilBits=0, stereo=False, title='PsychoPy', units='height', useFBO=True, useRetina=False, viewOri=0.0, viewPos=None, viewScale=None, waitBlanking=True, winType='pyglet')
6.2759 	EXP 	window1: backgroundImage = ''
6.2759 	EXP 	window1: backgroundFit = 'none'
6.2760 	EXP 	window1: mouseVisible = <method-wrapper '__getattribute__' of attributeSetter object at 0x000001F670CCF9A0>
6.2762 	EXP 	window1: mouseVisible = <method-wrapper '__getattribute__' of attributeSetter object at 0x000001F670CCF9A0>
6.2776 	EXP 	window1: mouseVisible = <method-wrapper '__getattribute__' of attributeSetter object at 0x000001F670CCF9A0>
6.2779 	EXP 	window1: mouseVisible = <method-wrapper '__getattribute__' of attributeSetter object at 0x000001F670CCF9A0>
6.2811 	DEBUG 	TextBox2 loaded 1 chars with 0 blanks and 1 valid
6.2821 	DEBUG 	TextBox2 loaded 1 chars with 0 blanks and 1 valid
6.2831 	DEBUG 	TextBox2 loaded 1 chars with 0 blanks and 1 valid
6.2842 	DEBUG 	TextBox2 loaded 1 chars with 0 blanks and 1 valid
6.2852 	DEBUG 	TextBox2 loaded 1 chars with 0 blanks and 1 valid
6.2861 	DEBUG 	TextBox2 loaded 1 chars with 0 blanks and 1 valid
6.2871 	DEBUG 	TextBox2 loaded 1 chars with 0 blanks and 1 valid
6.2882 	DEBUG 	TextBox2 loaded 1 chars with 0 blanks and 1 valid
6.2889 	DEBUG 	TextBox2 loaded 1 chars with 0 blanks and 1 valid
6.2897 	DEBUG 	TextBox2 loaded 1 chars with 0 blanks and 1 valid
6.2907 	DEBUG 	TextBox2 loaded 1 chars with 0 blanks and 1 valid
6.2917 	DEBUG 	TextBox2 loaded 1 chars with 0 blanks and 1 valid
6.2926 	DEBUG 	TextBox2 loaded 1 chars with 0 blanks and 1 valid
6.2936 	DEBUG 	TextBox2 loaded 1 chars with 0 blanks and 1 valid
6.2945 	DEBUG 	TextBox2 loaded 1 chars with 0 blanks and 1 valid
6.2955 	DEBUG 	TextBox2 loaded 1 chars with 0 blanks and 1 valid
6.2965 	DEBUG 	TextBox2 loaded 1 chars with 0 blanks and 1 valid
6.2973 	DEBUG 	TextBox2 loaded 1 chars with 0 blanks and 1 valid
6.2981 	DEBUG 	TextBox2 loaded 1 chars with 0 blanks and 1 valid
6.2992 	DEBUG 	TextBox2 loaded 1 chars with 0 blanks and 1 valid
6.2999 	DEBUG 	TextBox2 loaded 1 chars with 0 blanks and 1 valid
6.3003 	DEBUG 	Uploading Texture Font fontname to graphics card
6.3022 	DEBUG 	Upload of Texture Font fontname complete
6.3031 	EXP 	window1: mouseVisible = <method-wrapper '__getattribute__' of attributeSetter object at 0x000001F670CCF9A0>
6.3032 	EXP 	window1: mouseVisible = <method-wrapper '__getattribute__' of attributeSetter object at 0x000001F670CCF9A0>
6.3035 	EXP 	window1: mouseVisible = <method-wrapper '__getattribute__' of attributeSetter object at 0x000001F670CCF9A0>
6.3038 	EXP 	window1: mouseVisible = <method-wrapper '__getattribute__' of attributeSetter object at 0x000001F670CCF9A0>
6.3069 	DEBUG 	TextBox2 loaded 1 chars with 0 blanks and 1 valid
6.3080 	DEBUG 	TextBox2 loaded 1 chars with 0 blanks and 1 valid
6.3091 	DEBUG 	TextBox2 loaded 1 chars with 0 blanks and 1 valid
6.3093 	DEBUG 	Uploading Texture Font fontname to graphics card
6.3101 	DEBUG 	Upload of Texture Font fontname complete
6.3111 	EXP 	window1: Attempting to measure frame rate of screen (0) ...
6.3112 	EXP 	window1: recordFrameIntervals = False
6.5187 	EXP 	window1: recordFrameIntervals = True
6.7025 	EXP 	Screen (0) actual frame rate measured at 59.92Hz
6.7025 	EXP 	window1: recordFrameIntervals = False
6.7026 	EXP 	window1: mouseVisible = False
6.7028 	EXP 	window1: mouseVisible = False
6.7029 	EXP 	window1: mouseVisible = False
6.7032 	EXP 	window1: mouseVisible = False
6.7035 	EXP 	window1: mouseVisible = False
6.7061 	DEBUG 	TextBox2 loaded 1 chars with 0 blanks and 1 valid
6.7069 	DEBUG 	TextBox2 loaded 1 chars with 0 blanks and 1 valid
6.7079 	DEBUG 	TextBox2 loaded 1 chars with 0 blanks and 1 valid
6.7090 	DEBUG 	TextBox2 loaded 1 chars with 0 blanks and 1 valid
6.7101 	DEBUG 	TextBox2 loaded 1 chars with 0 blanks and 1 valid
6.7111 	DEBUG 	TextBox2 loaded 1 chars with 0 blanks and 1 valid
6.7120 	DEBUG 	TextBox2 loaded 1 chars with 0 blanks and 1 valid
6.7130 	DEBUG 	TextBox2 loaded 1 chars with 0 blanks and 1 valid
6.7140 	DEBUG 	TextBox2 loaded 1 chars with 0 blanks and 1 valid
6.7151 	DEBUG 	TextBox2 loaded 1 chars with 0 blanks and 1 valid
6.7153 	DEBUG 	Uploading Texture Font fontname to graphics card
6.7158 	DEBUG 	Upload of Texture Font fontname complete
6.7166 	EXP 	window1: mouseVisible = False
6.7167 	EXP 	window1: mouseVisible = False
6.7170 	EXP 	window1: mouseVisible = False
6.7172 	EXP 	window1: mouseVisible = False
6.7285 	WARNING 	launchHubServer: If using the iohub mouse or eyetracker devices, fullScr should be True.
9.0043 	INFO 	keyboard.Keyboard is using iohub backend.
9.0043 	EXP 	Gratings_vis_stim_devJG_v0.2: status = STARTED
9.0045 	EXP 	window1: mouseVisible = False
9.0397 	EXP 	Created text_waiting_message = TextStim(__class__=<class 'psychopy.visual.text.TextStim'>, alignHoriz=method-wrapper(...), alignText='center', alignVert=method-wrapper(...), anchorHoriz='center', anchorVert='center', antialias=True, autoDraw=False, autoLog=True, bold=False, color=array([1., 1., 1.]), colorSpace='rgb', contrast=1.0, depth=0.0, draggable=False, flipHoriz=False, flipVert=False, font='Arial', fontFiles=[], height=0.05, italic=False, languageStyle='LTR', name='text_waiting_message', opacity=1.0, ori=0.0, pos=array([0., 0.]), rgb=UNKNOWN, text='Waiting for nidaq-trigger', units='height', win=Window(...), wrapWidth=1)
9.0398 	EXP 	window1: mouseVisible = False
9.0419 	EXP 	Created test_trigger_received = TextStim(__class__=<class 'psychopy.visual.text.TextStim'>, alignHoriz=method-wrapper(...), alignText='center', alignVert=method-wrapper(...), anchorHoriz='center', anchorVert='center', antialias=True, autoDraw=False, autoLog=True, bold=False, color=array([1., 1., 1.]), colorSpace='rgb', contrast=1.0, depth=-2.0, draggable=False, flipHoriz=False, flipVert=False, font='Arial', fontFiles=[], height=0.05, italic=False, languageStyle='LTR', name='test_trigger_received', opacity=1.0, ori=0.0, pos=array([0., 0.]), rgb=UNKNOWN, text='nidaq trigger received', units='height', win=Window(...), wrapWidth=1)
9.0420 	EXP 	window1: mouseVisible = False
9.0426 	EXP 	Created stim_grating = GratingStim(__class__=<class 'psychopy.visual.grating.GratingStim'>, anchor='center', autoDraw=False, autoLog=True, blendmode='avg', color=array([1., 1., 1.]), colorSpace='rgb', contrast=1.0, depth=0.0, draggable=False, interpolate=True, mask=None, maskParams=None, name='stim_grating', opacity=1.0, ori=0.0, phase=array([1., 1.]), pos=array([0., 0.]), rgbPedestal=array([0., 0., 0.]), sf=array([1., 1.]), size=array([1., 1.]), tex='sin', texRes=128.0, units='height', win=Window(...))
9.0427 	EXP 	window1: mouseVisible = False
9.0435 	EXP 	Created stim_grayScreen = ImageStim(__class__=<class 'psychopy.visual.image.ImageStim'>, anchor=('center', 'center'), autoLog=True, color=array([0., 0., 0.]), colorSpace='rgb', contrast=1.0, depth=-1.0, draggable=False, flipHoriz=False, flipVert=False, image=None, interpolate=True, mask=None, maskParams=None, name='stim_grayScreen', opacity=1.0, ori=0.0, pos=array([0., 0.]), size=array([1., 1.]), texRes=128.0, units='height', win=Window(...))
100.4395 	EXP 	window1: mouseVisible = True
100.4402 	DEBUG 	Saving data for Gratings_vis_stim_devJG_v0.2 ExperimentHandler
100.4409 	INFO 	saved data to C:\dev\PsychoPy\Gratings_vis_stim_devJG_v0.2\data/961082_Gratings_vis_stim_devJG_v0.2_2024-06-26_16h47.20.711.psydat
100.4424 	INFO 	saved data to 'C:\\dev\\PsychoPy\\Gratings_vis_stim_devJG_v0.2\\data/961082_Gratings_vis_stim_devJG_v0.2_2024-06-26_16h47.20.711.csv'
